[1.026s] Invoking command in '/home/ingejohan/Workspaces/ros2_cpp_ws/src/joystick_ros2': PYTHONPATH=/home/ingejohan/Workspaces/ros2_cpp_ws/build/joystick_ros2/prefix_override:/home/ingejohan/Workspaces/ros2_cpp_ws/install/joystick_ros2/lib/python3.10/site-packages:${PYTHONPATH} /usr/bin/python3 setup.py egg_info --egg-base ../../build/joystick_ros2 build --build-base /home/ingejohan/Workspaces/ros2_cpp_ws/build/joystick_ros2/build install --record /home/ingejohan/Workspaces/ros2_cpp_ws/build/joystick_ros2/install.log --install-scripts $base/lib/joystick_ros2 --single-version-externally-managed
[1.231s] /home/ingejohan/.local/lib/python3.10/site-packages/setuptools/dist.py:717: UserWarning: Usage of dash-separated 'script-dir' will not be supported in future versions. Please use the underscore name 'script_dir' instead
[1.231s]   warnings.warn(
[1.257s] running egg_info
[1.258s] creating ../../build/joystick_ros2/joystick_ros2.egg-info
[1.259s] writing ../../build/joystick_ros2/joystick_ros2.egg-info/PKG-INFO
[1.259s] writing dependency_links to ../../build/joystick_ros2/joystick_ros2.egg-info/dependency_links.txt
[1.259s] writing entry points to ../../build/joystick_ros2/joystick_ros2.egg-info/entry_points.txt
[1.260s] writing requirements to ../../build/joystick_ros2/joystick_ros2.egg-info/requires.txt
[1.260s] writing top-level names to ../../build/joystick_ros2/joystick_ros2.egg-info/top_level.txt
[1.260s] writing manifest file '../../build/joystick_ros2/joystick_ros2.egg-info/SOURCES.txt'
[1.261s] reading manifest file '../../build/joystick_ros2/joystick_ros2.egg-info/SOURCES.txt'
[1.261s] adding license file 'LICENSE'
[1.261s] writing manifest file '../../build/joystick_ros2/joystick_ros2.egg-info/SOURCES.txt'
[1.261s] running build
[1.262s] running build_py
[1.262s] creating /home/ingejohan/Workspaces/ros2_cpp_ws/build/joystick_ros2/build
[1.262s] creating /home/ingejohan/Workspaces/ros2_cpp_ws/build/joystick_ros2/build/lib
[1.262s] copying joystick_ros2.py -> /home/ingejohan/Workspaces/ros2_cpp_ws/build/joystick_ros2/build/lib
[1.262s] copying inputs.py -> /home/ingejohan/Workspaces/ros2_cpp_ws/build/joystick_ros2/build/lib
[1.262s] running install
[1.263s] running install_lib
[1.263s] copying /home/ingejohan/Workspaces/ros2_cpp_ws/build/joystick_ros2/build/lib/joystick_ros2.py -> /home/ingejohan/Workspaces/ros2_cpp_ws/install/joystick_ros2/lib/python3.10/site-packages
[1.263s] copying /home/ingejohan/Workspaces/ros2_cpp_ws/build/joystick_ros2/build/lib/inputs.py -> /home/ingejohan/Workspaces/ros2_cpp_ws/install/joystick_ros2/lib/python3.10/site-packages
[1.263s] byte-compiling /home/ingejohan/Workspaces/ros2_cpp_ws/install/joystick_ros2/lib/python3.10/site-packages/joystick_ros2.py to joystick_ros2.cpython-310.pyc
[1.266s] byte-compiling /home/ingejohan/Workspaces/ros2_cpp_ws/install/joystick_ros2/lib/python3.10/site-packages/inputs.py to inputs.cpython-310.pyc
[1.281s] running install_data
[1.282s] creating /home/ingejohan/Workspaces/ros2_cpp_ws/install/joystick_ros2/share/ament_index
[1.282s] creating /home/ingejohan/Workspaces/ros2_cpp_ws/install/joystick_ros2/share/ament_index/resource_index
[1.282s] creating /home/ingejohan/Workspaces/ros2_cpp_ws/install/joystick_ros2/share/ament_index/resource_index/packages
[1.282s] copying resource/joystick_ros2 -> /home/ingejohan/Workspaces/ros2_cpp_ws/install/joystick_ros2/share/ament_index/resource_index/packages
[1.284s] creating /home/ingejohan/Workspaces/ros2_cpp_ws/install/joystick_ros2/shared
[1.284s] creating /home/ingejohan/Workspaces/ros2_cpp_ws/install/joystick_ros2/shared/joystick_ros2
[1.284s] copying package.xml -> /home/ingejohan/Workspaces/ros2_cpp_ws/install/joystick_ros2/shared/joystick_ros2
[1.284s] running install_egg_info
[1.284s] Copying ../../build/joystick_ros2/joystick_ros2.egg-info to /home/ingejohan/Workspaces/ros2_cpp_ws/install/joystick_ros2/lib/python3.10/site-packages/joystick_ros2-0.0.1-py3.10.egg-info
[1.284s] running install_scripts
[1.301s] Installing joystick_ros2 script to /home/ingejohan/Workspaces/ros2_cpp_ws/install/joystick_ros2/lib/joystick_ros2
[1.302s] writing list of installed files to '/home/ingejohan/Workspaces/ros2_cpp_ws/build/joystick_ros2/install.log'
[1.320s] Invoked command in '/home/ingejohan/Workspaces/ros2_cpp_ws/src/joystick_ros2' returned '0': PYTHONPATH=/home/ingejohan/Workspaces/ros2_cpp_ws/build/joystick_ros2/prefix_override:/home/ingejohan/Workspaces/ros2_cpp_ws/install/joystick_ros2/lib/python3.10/site-packages:${PYTHONPATH} /usr/bin/python3 setup.py egg_info --egg-base ../../build/joystick_ros2 build --build-base /home/ingejohan/Workspaces/ros2_cpp_ws/build/joystick_ros2/build install --record /home/ingejohan/Workspaces/ros2_cpp_ws/build/joystick_ros2/install.log --install-scripts $base/lib/joystick_ros2 --single-version-externally-managed
