[0.194s] Invoking command in '/home/ingejohan/Workspaces/ros2_cpp_ws/build/udemy_ros2_pkg': CMAKE_PREFIX_PATH=${CMAKE_PREFIX_PATH}:/home/ingejohan/ros2_ws/install/rover:/home/ingejohan/ros2_ws/install/my_py_pkg:/opt/ros/humble /usr/bin/cmake --build /home/ingejohan/Workspaces/ros2_cpp_ws/build/udemy_ros2_pkg -- -j16 -l16
[0.278s] [  1%] Built target udemy_ros2_pkg__cpp
[0.288s] [ 17%] Built target speed_calc
[0.288s] [ 17%] Built target subscriber
[0.288s] [ 17%] Built target rpm_pub
[0.288s] [ 17%] Built target publisher
[0.289s] [ 20%] Built target udemy_ros2_pkg__rosidl_generator_c
[0.298s] [ 20%] Built target ament_cmake_python_copy_udemy_ros2_pkg
[0.320s] [ 29%] Built target udemy_ros2_pkg__rosidl_typesupport_cpp
[0.320s] [ 35%] Built target udemy_ros2_pkg__rosidl_typesupport_introspection_cpp
[0.324s] [ 43%] Built target udemy_ros2_pkg__rosidl_typesupport_c
[0.325s] [ 52%] Built target udemy_ros2_pkg__rosidl_typesupport_introspection_c
[0.326s] [ 58%] Built target udemy_ros2_pkg__rosidl_typesupport_fastrtps_cpp
[0.328s] [ 65%] Built target udemy_ros2_pkg__rosidl_typesupport_fastrtps_c
[0.362s] [ 68%] Built target service_client
[0.363s] [ 71%] Built target service_server
[0.364s] [ 71%] Built target udemy_ros2_pkg
[0.369s] [ 79%] Built target turn_camera_service
[0.370s] [ 80%] Built target action_server
[0.370s] [ 80%] Built target turn_camera_client
[0.370s] [ 83%] Built target action_client
[0.397s] [ 85%] Built target udemy_ros2_pkg__py
[0.432s] [ 91%] Built target udemy_ros2_pkg__rosidl_generator_py
[0.469s] [ 94%] Built target udemy_ros2_pkg__rosidl_typesupport_fastrtps_c__pyext
[0.469s] [ 97%] Built target udemy_ros2_pkg__rosidl_typesupport_c__pyext
[0.470s] [100%] Built target udemy_ros2_pkg__rosidl_typesupport_introspection_c__pyext
[0.881s] running egg_info
[0.883s] writing udemy_ros2_pkg.egg-info/PKG-INFO
[0.883s] writing dependency_links to udemy_ros2_pkg.egg-info/dependency_links.txt
[0.883s] writing top-level names to udemy_ros2_pkg.egg-info/top_level.txt
[0.887s] reading manifest file 'udemy_ros2_pkg.egg-info/SOURCES.txt'
[0.888s] writing manifest file 'udemy_ros2_pkg.egg-info/SOURCES.txt'
[0.926s] [100%] Built target ament_cmake_python_build_udemy_ros2_pkg_egg
[0.943s] Invoked command in '/home/ingejohan/Workspaces/ros2_cpp_ws/build/udemy_ros2_pkg' returned '0': CMAKE_PREFIX_PATH=${CMAKE_PREFIX_PATH}:/home/ingejohan/ros2_ws/install/rover:/home/ingejohan/ros2_ws/install/my_py_pkg:/opt/ros/humble /usr/bin/cmake --build /home/ingejohan/Workspaces/ros2_cpp_ws/build/udemy_ros2_pkg -- -j16 -l16
[1.124s] Invoking command in '/home/ingejohan/Workspaces/ros2_cpp_ws/build/udemy_ros2_pkg': CMAKE_PREFIX_PATH=${CMAKE_PREFIX_PATH}:/home/ingejohan/ros2_ws/install/rover:/home/ingejohan/ros2_ws/install/my_py_pkg:/opt/ros/humble /usr/bin/cmake --install /home/ingejohan/Workspaces/ros2_cpp_ws/build/udemy_ros2_pkg
[1.137s] -- Install configuration: ""
[1.138s] -- Up-to-date: /home/ingejohan/Workspaces/ros2_cpp_ws/install/udemy_ros2_pkg/share/ament_index/resource_index/rosidl_interfaces/udemy_ros2_pkg
[1.138s] -- Up-to-date: /home/ingejohan/Workspaces/ros2_cpp_ws/install/udemy_ros2_pkg/include/udemy_ros2_pkg/udemy_ros2_pkg
[1.138s] -- Up-to-date: /home/ingejohan/Workspaces/ros2_cpp_ws/install/udemy_ros2_pkg/include/udemy_ros2_pkg/udemy_ros2_pkg/action
[1.138s] -- Up-to-date: /home/ingejohan/Workspaces/ros2_cpp_ws/install/udemy_ros2_pkg/include/udemy_ros2_pkg/udemy_ros2_pkg/action/navigate.h
[1.139s] -- Up-to-date: /home/ingejohan/Workspaces/ros2_cpp_ws/install/udemy_ros2_pkg/include/udemy_ros2_pkg/udemy_ros2_pkg/action/detail
[1.139s] -- Up-to-date: /home/ingejohan/Workspaces/ros2_cpp_ws/install/udemy_ros2_pkg/include/udemy_ros2_pkg/udemy_ros2_pkg/action/detail/navigate__struct.h
[1.139s] -- Up-to-date: /home/ingejohan/Workspaces/ros2_cpp_ws/install/udemy_ros2_pkg/include/udemy_ros2_pkg/udemy_ros2_pkg/action/detail/navigate__functions.h
[1.139s] -- Up-to-date: /home/ingejohan/Workspaces/ros2_cpp_ws/install/udemy_ros2_pkg/include/udemy_ros2_pkg/udemy_ros2_pkg/action/detail/navigate__type_support.h
[1.140s] -- Up-to-date: /home/ingejohan/Workspaces/ros2_cpp_ws/install/udemy_ros2_pkg/include/udemy_ros2_pkg/udemy_ros2_pkg/action/detail/navigate__functions.c
[1.140s] -- Up-to-date: /home/ingejohan/Workspaces/ros2_cpp_ws/install/udemy_ros2_pkg/include/udemy_ros2_pkg/udemy_ros2_pkg/srv
[1.140s] -- Up-to-date: /home/ingejohan/Workspaces/ros2_cpp_ws/install/udemy_ros2_pkg/include/udemy_ros2_pkg/udemy_ros2_pkg/srv/odd_even_check.h
[1.140s] -- Up-to-date: /home/ingejohan/Workspaces/ros2_cpp_ws/install/udemy_ros2_pkg/include/udemy_ros2_pkg/udemy_ros2_pkg/srv/turn_camera.h
[1.140s] -- Up-to-date: /home/ingejohan/Workspaces/ros2_cpp_ws/install/udemy_ros2_pkg/include/udemy_ros2_pkg/udemy_ros2_pkg/srv/detail
[1.140s] -- Up-to-date: /home/ingejohan/Workspaces/ros2_cpp_ws/install/udemy_ros2_pkg/include/udemy_ros2_pkg/udemy_ros2_pkg/srv/detail/odd_even_check__type_support.h
[1.141s] -- Up-to-date: /home/ingejohan/Workspaces/ros2_cpp_ws/install/udemy_ros2_pkg/include/udemy_ros2_pkg/udemy_ros2_pkg/srv/detail/turn_camera__functions.c
[1.141s] -- Up-to-date: /home/ingejohan/Workspaces/ros2_cpp_ws/install/udemy_ros2_pkg/include/udemy_ros2_pkg/udemy_ros2_pkg/srv/detail/turn_camera__type_support.h
[1.141s] -- Up-to-date: /home/ingejohan/Workspaces/ros2_cpp_ws/install/udemy_ros2_pkg/include/udemy_ros2_pkg/udemy_ros2_pkg/srv/detail/odd_even_check__struct.h
[1.142s] -- Up-to-date: /home/ingejohan/Workspaces/ros2_cpp_ws/install/udemy_ros2_pkg/include/udemy_ros2_pkg/udemy_ros2_pkg/srv/detail/turn_camera__functions.h
[1.142s] -- Up-to-date: /home/ingejohan/Workspaces/ros2_cpp_ws/install/udemy_ros2_pkg/include/udemy_ros2_pkg/udemy_ros2_pkg/srv/detail/turn_camera__struct.h
[1.142s] -- Up-to-date: /home/ingejohan/Workspaces/ros2_cpp_ws/install/udemy_ros2_pkg/include/udemy_ros2_pkg/udemy_ros2_pkg/srv/detail/odd_even_check__functions.c
[1.142s] -- Up-to-date: /home/ingejohan/Workspaces/ros2_cpp_ws/install/udemy_ros2_pkg/include/udemy_ros2_pkg/udemy_ros2_pkg/srv/detail/odd_even_check__functions.h
[1.143s] -- Up-to-date: /home/ingejohan/Workspaces/ros2_cpp_ws/install/udemy_ros2_pkg/include/udemy_ros2_pkg/udemy_ros2_pkg/msg
[1.143s] -- Up-to-date: /home/ingejohan/Workspaces/ros2_cpp_ws/install/udemy_ros2_pkg/include/udemy_ros2_pkg/udemy_ros2_pkg/msg/rosidl_generator_c__visibility_control.h
[1.143s] -- Up-to-date: /home/ingejohan/Workspaces/ros2_cpp_ws/install/udemy_ros2_pkg/share/udemy_ros2_pkg/environment/library_path.sh
[1.143s] -- Up-to-date: /home/ingejohan/Workspaces/ros2_cpp_ws/install/udemy_ros2_pkg/share/udemy_ros2_pkg/environment/library_path.dsv
[1.143s] -- Up-to-date: /home/ingejohan/Workspaces/ros2_cpp_ws/install/udemy_ros2_pkg/lib/libudemy_ros2_pkg__rosidl_generator_c.so
[1.144s] -- Up-to-date: /home/ingejohan/Workspaces/ros2_cpp_ws/install/udemy_ros2_pkg/include/udemy_ros2_pkg/udemy_ros2_pkg
[1.144s] -- Up-to-date: /home/ingejohan/Workspaces/ros2_cpp_ws/install/udemy_ros2_pkg/include/udemy_ros2_pkg/udemy_ros2_pkg/action
[1.144s] -- Up-to-date: /home/ingejohan/Workspaces/ros2_cpp_ws/install/udemy_ros2_pkg/include/udemy_ros2_pkg/udemy_ros2_pkg/action/detail
[1.144s] -- Up-to-date: /home/ingejohan/Workspaces/ros2_cpp_ws/install/udemy_ros2_pkg/include/udemy_ros2_pkg/udemy_ros2_pkg/action/detail/navigate__rosidl_typesupport_fastrtps_c.h
[1.144s] -- Up-to-date: /home/ingejohan/Workspaces/ros2_cpp_ws/install/udemy_ros2_pkg/include/udemy_ros2_pkg/udemy_ros2_pkg/srv
[1.145s] -- Up-to-date: /home/ingejohan/Workspaces/ros2_cpp_ws/install/udemy_ros2_pkg/include/udemy_ros2_pkg/udemy_ros2_pkg/srv/detail
[1.145s] -- Up-to-date: /home/ingejohan/Workspaces/ros2_cpp_ws/install/udemy_ros2_pkg/include/udemy_ros2_pkg/udemy_ros2_pkg/srv/detail/turn_camera__rosidl_typesupport_fastrtps_c.h
[1.145s] -- Up-to-date: /home/ingejohan/Workspaces/ros2_cpp_ws/install/udemy_ros2_pkg/include/udemy_ros2_pkg/udemy_ros2_pkg/srv/detail/odd_even_check__rosidl_typesupport_fastrtps_c.h
[1.145s] -- Up-to-date: /home/ingejohan/Workspaces/ros2_cpp_ws/install/udemy_ros2_pkg/include/udemy_ros2_pkg/udemy_ros2_pkg/msg
[1.146s] -- Up-to-date: /home/ingejohan/Workspaces/ros2_cpp_ws/install/udemy_ros2_pkg/include/udemy_ros2_pkg/udemy_ros2_pkg/msg/rosidl_typesupport_fastrtps_c__visibility_control.h
[1.146s] -- Up-to-date: /home/ingejohan/Workspaces/ros2_cpp_ws/install/udemy_ros2_pkg/lib/libudemy_ros2_pkg__rosidl_typesupport_fastrtps_c.so
[1.146s] -- Up-to-date: /home/ingejohan/Workspaces/ros2_cpp_ws/install/udemy_ros2_pkg/include/udemy_ros2_pkg/udemy_ros2_pkg
[1.147s] -- Up-to-date: /home/ingejohan/Workspaces/ros2_cpp_ws/install/udemy_ros2_pkg/include/udemy_ros2_pkg/udemy_ros2_pkg/action
[1.147s] -- Up-to-date: /home/ingejohan/Workspaces/ros2_cpp_ws/install/udemy_ros2_pkg/include/udemy_ros2_pkg/udemy_ros2_pkg/action/navigate.hpp
[1.147s] -- Up-to-date: /home/ingejohan/Workspaces/ros2_cpp_ws/install/udemy_ros2_pkg/include/udemy_ros2_pkg/udemy_ros2_pkg/action/detail
[1.147s] -- Up-to-date: /home/ingejohan/Workspaces/ros2_cpp_ws/install/udemy_ros2_pkg/include/udemy_ros2_pkg/udemy_ros2_pkg/action/detail/navigate__builder.hpp
[1.147s] -- Up-to-date: /home/ingejohan/Workspaces/ros2_cpp_ws/install/udemy_ros2_pkg/include/udemy_ros2_pkg/udemy_ros2_pkg/action/detail/navigate__struct.hpp
[1.147s] -- Up-to-date: /home/ingejohan/Workspaces/ros2_cpp_ws/install/udemy_ros2_pkg/include/udemy_ros2_pkg/udemy_ros2_pkg/action/detail/navigate__traits.hpp
[1.147s] -- Up-to-date: /home/ingejohan/Workspaces/ros2_cpp_ws/install/udemy_ros2_pkg/include/udemy_ros2_pkg/udemy_ros2_pkg/srv
[1.147s] -- Up-to-date: /home/ingejohan/Workspaces/ros2_cpp_ws/install/udemy_ros2_pkg/include/udemy_ros2_pkg/udemy_ros2_pkg/srv/turn_camera.hpp
[1.148s] -- Up-to-date: /home/ingejohan/Workspaces/ros2_cpp_ws/install/udemy_ros2_pkg/include/udemy_ros2_pkg/udemy_ros2_pkg/srv/odd_even_check.hpp
[1.148s] -- Up-to-date: /home/ingejohan/Workspaces/ros2_cpp_ws/install/udemy_ros2_pkg/include/udemy_ros2_pkg/udemy_ros2_pkg/srv/detail
[1.148s] -- Up-to-date: /home/ingejohan/Workspaces/ros2_cpp_ws/install/udemy_ros2_pkg/include/udemy_ros2_pkg/udemy_ros2_pkg/srv/detail/odd_even_check__struct.hpp
[1.148s] -- Up-to-date: /home/ingejohan/Workspaces/ros2_cpp_ws/install/udemy_ros2_pkg/include/udemy_ros2_pkg/udemy_ros2_pkg/srv/detail/odd_even_check__traits.hpp
[1.148s] -- Up-to-date: /home/ingejohan/Workspaces/ros2_cpp_ws/install/udemy_ros2_pkg/include/udemy_ros2_pkg/udemy_ros2_pkg/srv/detail/odd_even_check__builder.hpp
[1.148s] -- Up-to-date: /home/ingejohan/Workspaces/ros2_cpp_ws/install/udemy_ros2_pkg/include/udemy_ros2_pkg/udemy_ros2_pkg/srv/detail/turn_camera__builder.hpp
[1.149s] -- Up-to-date: /home/ingejohan/Workspaces/ros2_cpp_ws/install/udemy_ros2_pkg/include/udemy_ros2_pkg/udemy_ros2_pkg/srv/detail/turn_camera__struct.hpp
[1.149s] -- Up-to-date: /home/ingejohan/Workspaces/ros2_cpp_ws/install/udemy_ros2_pkg/include/udemy_ros2_pkg/udemy_ros2_pkg/srv/detail/turn_camera__traits.hpp
[1.149s] -- Up-to-date: /home/ingejohan/Workspaces/ros2_cpp_ws/install/udemy_ros2_pkg/include/udemy_ros2_pkg/udemy_ros2_pkg
[1.149s] -- Up-to-date: /home/ingejohan/Workspaces/ros2_cpp_ws/install/udemy_ros2_pkg/include/udemy_ros2_pkg/udemy_ros2_pkg/action
[1.149s] -- Up-to-date: /home/ingejohan/Workspaces/ros2_cpp_ws/install/udemy_ros2_pkg/include/udemy_ros2_pkg/udemy_ros2_pkg/action/detail
[1.149s] -- Up-to-date: /home/ingejohan/Workspaces/ros2_cpp_ws/install/udemy_ros2_pkg/include/udemy_ros2_pkg/udemy_ros2_pkg/action/detail/navigate__rosidl_typesupport_fastrtps_cpp.hpp
[1.150s] -- Up-to-date: /home/ingejohan/Workspaces/ros2_cpp_ws/install/udemy_ros2_pkg/include/udemy_ros2_pkg/udemy_ros2_pkg/action/detail/dds_fastrtps
[1.150s] -- Up-to-date: /home/ingejohan/Workspaces/ros2_cpp_ws/install/udemy_ros2_pkg/include/udemy_ros2_pkg/udemy_ros2_pkg/srv
[1.150s] -- Up-to-date: /home/ingejohan/Workspaces/ros2_cpp_ws/install/udemy_ros2_pkg/include/udemy_ros2_pkg/udemy_ros2_pkg/srv/detail
[1.150s] -- Up-to-date: /home/ingejohan/Workspaces/ros2_cpp_ws/install/udemy_ros2_pkg/include/udemy_ros2_pkg/udemy_ros2_pkg/srv/detail/odd_even_check__rosidl_typesupport_fastrtps_cpp.hpp
[1.150s] -- Up-to-date: /home/ingejohan/Workspaces/ros2_cpp_ws/install/udemy_ros2_pkg/include/udemy_ros2_pkg/udemy_ros2_pkg/srv/detail/turn_camera__rosidl_typesupport_fastrtps_cpp.hpp
[1.150s] -- Up-to-date: /home/ingejohan/Workspaces/ros2_cpp_ws/install/udemy_ros2_pkg/include/udemy_ros2_pkg/udemy_ros2_pkg/srv/detail/dds_fastrtps
[1.151s] -- Up-to-date: /home/ingejohan/Workspaces/ros2_cpp_ws/install/udemy_ros2_pkg/include/udemy_ros2_pkg/udemy_ros2_pkg/msg
[1.151s] -- Up-to-date: /home/ingejohan/Workspaces/ros2_cpp_ws/install/udemy_ros2_pkg/include/udemy_ros2_pkg/udemy_ros2_pkg/msg/rosidl_typesupport_fastrtps_cpp__visibility_control.h
[1.151s] -- Up-to-date: /home/ingejohan/Workspaces/ros2_cpp_ws/install/udemy_ros2_pkg/lib/libudemy_ros2_pkg__rosidl_typesupport_fastrtps_cpp.so
[1.151s] -- Up-to-date: /home/ingejohan/Workspaces/ros2_cpp_ws/install/udemy_ros2_pkg/include/udemy_ros2_pkg/udemy_ros2_pkg
[1.151s] -- Up-to-date: /home/ingejohan/Workspaces/ros2_cpp_ws/install/udemy_ros2_pkg/include/udemy_ros2_pkg/udemy_ros2_pkg/action
[1.151s] -- Up-to-date: /home/ingejohan/Workspaces/ros2_cpp_ws/install/udemy_ros2_pkg/include/udemy_ros2_pkg/udemy_ros2_pkg/action/detail
[1.152s] -- Up-to-date: /home/ingejohan/Workspaces/ros2_cpp_ws/install/udemy_ros2_pkg/include/udemy_ros2_pkg/udemy_ros2_pkg/action/detail/navigate__type_support.c
[1.152s] -- Up-to-date: /home/ingejohan/Workspaces/ros2_cpp_ws/install/udemy_ros2_pkg/include/udemy_ros2_pkg/udemy_ros2_pkg/action/detail/navigate__rosidl_typesupport_introspection_c.h
[1.152s] -- Up-to-date: /home/ingejohan/Workspaces/ros2_cpp_ws/install/udemy_ros2_pkg/include/udemy_ros2_pkg/udemy_ros2_pkg/srv
[1.152s] -- Up-to-date: /home/ingejohan/Workspaces/ros2_cpp_ws/install/udemy_ros2_pkg/include/udemy_ros2_pkg/udemy_ros2_pkg/srv/detail
[1.152s] -- Up-to-date: /home/ingejohan/Workspaces/ros2_cpp_ws/install/udemy_ros2_pkg/include/udemy_ros2_pkg/udemy_ros2_pkg/srv/detail/odd_even_check__rosidl_typesupport_introspection_c.h
[1.152s] -- Up-to-date: /home/ingejohan/Workspaces/ros2_cpp_ws/install/udemy_ros2_pkg/include/udemy_ros2_pkg/udemy_ros2_pkg/srv/detail/turn_camera__type_support.c
[1.153s] -- Up-to-date: /home/ingejohan/Workspaces/ros2_cpp_ws/install/udemy_ros2_pkg/include/udemy_ros2_pkg/udemy_ros2_pkg/srv/detail/odd_even_check__type_support.c
[1.153s] -- Up-to-date: /home/ingejohan/Workspaces/ros2_cpp_ws/install/udemy_ros2_pkg/include/udemy_ros2_pkg/udemy_ros2_pkg/srv/detail/turn_camera__rosidl_typesupport_introspection_c.h
[1.153s] -- Up-to-date: /home/ingejohan/Workspaces/ros2_cpp_ws/install/udemy_ros2_pkg/include/udemy_ros2_pkg/udemy_ros2_pkg/msg
[1.153s] -- Up-to-date: /home/ingejohan/Workspaces/ros2_cpp_ws/install/udemy_ros2_pkg/include/udemy_ros2_pkg/udemy_ros2_pkg/msg/rosidl_typesupport_introspection_c__visibility_control.h
[1.153s] -- Up-to-date: /home/ingejohan/Workspaces/ros2_cpp_ws/install/udemy_ros2_pkg/lib/libudemy_ros2_pkg__rosidl_typesupport_introspection_c.so
[1.153s] -- Up-to-date: /home/ingejohan/Workspaces/ros2_cpp_ws/install/udemy_ros2_pkg/lib/libudemy_ros2_pkg__rosidl_typesupport_c.so
[1.153s] -- Up-to-date: /home/ingejohan/Workspaces/ros2_cpp_ws/install/udemy_ros2_pkg/include/udemy_ros2_pkg/udemy_ros2_pkg
[1.154s] -- Up-to-date: /home/ingejohan/Workspaces/ros2_cpp_ws/install/udemy_ros2_pkg/include/udemy_ros2_pkg/udemy_ros2_pkg/action
[1.154s] -- Up-to-date: /home/ingejohan/Workspaces/ros2_cpp_ws/install/udemy_ros2_pkg/include/udemy_ros2_pkg/udemy_ros2_pkg/action/detail
[1.154s] -- Up-to-date: /home/ingejohan/Workspaces/ros2_cpp_ws/install/udemy_ros2_pkg/include/udemy_ros2_pkg/udemy_ros2_pkg/action/detail/navigate__rosidl_typesupport_introspection_cpp.hpp
[1.154s] -- Up-to-date: /home/ingejohan/Workspaces/ros2_cpp_ws/install/udemy_ros2_pkg/include/udemy_ros2_pkg/udemy_ros2_pkg/action/detail/navigate__type_support.cpp
[1.154s] -- Up-to-date: /home/ingejohan/Workspaces/ros2_cpp_ws/install/udemy_ros2_pkg/include/udemy_ros2_pkg/udemy_ros2_pkg/srv
[1.154s] -- Up-to-date: /home/ingejohan/Workspaces/ros2_cpp_ws/install/udemy_ros2_pkg/include/udemy_ros2_pkg/udemy_ros2_pkg/srv/detail
[1.154s] -- Up-to-date: /home/ingejohan/Workspaces/ros2_cpp_ws/install/udemy_ros2_pkg/include/udemy_ros2_pkg/udemy_ros2_pkg/srv/detail/turn_camera__rosidl_typesupport_introspection_cpp.hpp
[1.155s] -- Up-to-date: /home/ingejohan/Workspaces/ros2_cpp_ws/install/udemy_ros2_pkg/include/udemy_ros2_pkg/udemy_ros2_pkg/srv/detail/odd_even_check__type_support.cpp
[1.155s] -- Up-to-date: /home/ingejohan/Workspaces/ros2_cpp_ws/install/udemy_ros2_pkg/include/udemy_ros2_pkg/udemy_ros2_pkg/srv/detail/odd_even_check__rosidl_typesupport_introspection_cpp.hpp
[1.155s] -- Up-to-date: /home/ingejohan/Workspaces/ros2_cpp_ws/install/udemy_ros2_pkg/include/udemy_ros2_pkg/udemy_ros2_pkg/srv/detail/turn_camera__type_support.cpp
[1.155s] -- Up-to-date: /home/ingejohan/Workspaces/ros2_cpp_ws/install/udemy_ros2_pkg/lib/libudemy_ros2_pkg__rosidl_typesupport_introspection_cpp.so
[1.155s] -- Up-to-date: /home/ingejohan/Workspaces/ros2_cpp_ws/install/udemy_ros2_pkg/lib/libudemy_ros2_pkg__rosidl_typesupport_cpp.so
[1.156s] -- Up-to-date: /home/ingejohan/Workspaces/ros2_cpp_ws/install/udemy_ros2_pkg/share/udemy_ros2_pkg/environment/pythonpath.sh
[1.156s] -- Up-to-date: /home/ingejohan/Workspaces/ros2_cpp_ws/install/udemy_ros2_pkg/share/udemy_ros2_pkg/environment/pythonpath.dsv
[1.156s] -- Up-to-date: /home/ingejohan/Workspaces/ros2_cpp_ws/install/udemy_ros2_pkg/local/lib/python3.10/dist-packages/udemy_ros2_pkg-0.0.0-py3.10.egg-info
[1.156s] -- Installing: /home/ingejohan/Workspaces/ros2_cpp_ws/install/udemy_ros2_pkg/local/lib/python3.10/dist-packages/udemy_ros2_pkg-0.0.0-py3.10.egg-info/PKG-INFO
[1.156s] -- Installing: /home/ingejohan/Workspaces/ros2_cpp_ws/install/udemy_ros2_pkg/local/lib/python3.10/dist-packages/udemy_ros2_pkg-0.0.0-py3.10.egg-info/dependency_links.txt
[1.156s] -- Installing: /home/ingejohan/Workspaces/ros2_cpp_ws/install/udemy_ros2_pkg/local/lib/python3.10/dist-packages/udemy_ros2_pkg-0.0.0-py3.10.egg-info/top_level.txt
[1.156s] -- Installing: /home/ingejohan/Workspaces/ros2_cpp_ws/install/udemy_ros2_pkg/local/lib/python3.10/dist-packages/udemy_ros2_pkg-0.0.0-py3.10.egg-info/SOURCES.txt
[1.157s] -- Up-to-date: /home/ingejohan/Workspaces/ros2_cpp_ws/install/udemy_ros2_pkg/local/lib/python3.10/dist-packages/udemy_ros2_pkg
[1.157s] -- Up-to-date: /home/ingejohan/Workspaces/ros2_cpp_ws/install/udemy_ros2_pkg/local/lib/python3.10/dist-packages/udemy_ros2_pkg/udemy_ros2_pkg_s__rosidl_typesupport_introspection_c.cpython-310-x86_64-linux-gnu.so
[1.157s] -- Up-to-date: /home/ingejohan/Workspaces/ros2_cpp_ws/install/udemy_ros2_pkg/local/lib/python3.10/dist-packages/udemy_ros2_pkg/_udemy_ros2_pkg_s.ep.rosidl_typesupport_c.c
[1.157s] -- Up-to-date: /home/ingejohan/Workspaces/ros2_cpp_ws/install/udemy_ros2_pkg/local/lib/python3.10/dist-packages/udemy_ros2_pkg/libudemy_ros2_pkg__rosidl_generator_py.so
[1.157s] -- Up-to-date: /home/ingejohan/Workspaces/ros2_cpp_ws/install/udemy_ros2_pkg/local/lib/python3.10/dist-packages/udemy_ros2_pkg/action
[1.157s] -- Up-to-date: /home/ingejohan/Workspaces/ros2_cpp_ws/install/udemy_ros2_pkg/local/lib/python3.10/dist-packages/udemy_ros2_pkg/action/_navigate_s.c
[1.157s] -- Up-to-date: /home/ingejohan/Workspaces/ros2_cpp_ws/install/udemy_ros2_pkg/local/lib/python3.10/dist-packages/udemy_ros2_pkg/action/_navigate.py
[1.157s] -- Up-to-date: /home/ingejohan/Workspaces/ros2_cpp_ws/install/udemy_ros2_pkg/local/lib/python3.10/dist-packages/udemy_ros2_pkg/action/__init__.py
[1.158s] -- Up-to-date: /home/ingejohan/Workspaces/ros2_cpp_ws/install/udemy_ros2_pkg/local/lib/python3.10/dist-packages/udemy_ros2_pkg/_udemy_ros2_pkg_s.ep.rosidl_typesupport_fastrtps_c.c
[1.158s] -- Up-to-date: /home/ingejohan/Workspaces/ros2_cpp_ws/install/udemy_ros2_pkg/local/lib/python3.10/dist-packages/udemy_ros2_pkg/udemy_ros2_pkg_s__rosidl_typesupport_fastrtps_c.cpython-310-x86_64-linux-gnu.so
[1.158s] -- Up-to-date: /home/ingejohan/Workspaces/ros2_cpp_ws/install/udemy_ros2_pkg/local/lib/python3.10/dist-packages/udemy_ros2_pkg/_udemy_ros2_pkg_s.ep.rosidl_typesupport_introspection_c.c
[1.158s] -- Up-to-date: /home/ingejohan/Workspaces/ros2_cpp_ws/install/udemy_ros2_pkg/local/lib/python3.10/dist-packages/udemy_ros2_pkg/srv
[1.158s] -- Up-to-date: /home/ingejohan/Workspaces/ros2_cpp_ws/install/udemy_ros2_pkg/local/lib/python3.10/dist-packages/udemy_ros2_pkg/srv/_turn_camera.py
[1.158s] -- Up-to-date: /home/ingejohan/Workspaces/ros2_cpp_ws/install/udemy_ros2_pkg/local/lib/python3.10/dist-packages/udemy_ros2_pkg/srv/_odd_even_check_s.c
[1.158s] -- Up-to-date: /home/ingejohan/Workspaces/ros2_cpp_ws/install/udemy_ros2_pkg/local/lib/python3.10/dist-packages/udemy_ros2_pkg/srv/_turn_camera_s.c
[1.159s] -- Up-to-date: /home/ingejohan/Workspaces/ros2_cpp_ws/install/udemy_ros2_pkg/local/lib/python3.10/dist-packages/udemy_ros2_pkg/srv/_odd_even_check.py
[1.159s] -- Up-to-date: /home/ingejohan/Workspaces/ros2_cpp_ws/install/udemy_ros2_pkg/local/lib/python3.10/dist-packages/udemy_ros2_pkg/srv/__init__.py
[1.159s] -- Up-to-date: /home/ingejohan/Workspaces/ros2_cpp_ws/install/udemy_ros2_pkg/local/lib/python3.10/dist-packages/udemy_ros2_pkg/udemy_ros2_pkg_s__rosidl_typesupport_c.cpython-310-x86_64-linux-gnu.so
[1.159s] -- Up-to-date: /home/ingejohan/Workspaces/ros2_cpp_ws/install/udemy_ros2_pkg/local/lib/python3.10/dist-packages/udemy_ros2_pkg/__init__.py
[1.206s] Listing '/home/ingejohan/Workspaces/ros2_cpp_ws/install/udemy_ros2_pkg/local/lib/python3.10/dist-packages/udemy_ros2_pkg'...
[1.206s] Listing '/home/ingejohan/Workspaces/ros2_cpp_ws/install/udemy_ros2_pkg/local/lib/python3.10/dist-packages/udemy_ros2_pkg/action'...
[1.206s] Listing '/home/ingejohan/Workspaces/ros2_cpp_ws/install/udemy_ros2_pkg/local/lib/python3.10/dist-packages/udemy_ros2_pkg/srv'...
[1.212s] -- Up-to-date: /home/ingejohan/Workspaces/ros2_cpp_ws/install/udemy_ros2_pkg/local/lib/python3.10/dist-packages/udemy_ros2_pkg/udemy_ros2_pkg_s__rosidl_typesupport_fastrtps_c.cpython-310-x86_64-linux-gnu.so
[1.213s] -- Up-to-date: /home/ingejohan/Workspaces/ros2_cpp_ws/install/udemy_ros2_pkg/local/lib/python3.10/dist-packages/udemy_ros2_pkg/udemy_ros2_pkg_s__rosidl_typesupport_introspection_c.cpython-310-x86_64-linux-gnu.so
[1.213s] -- Up-to-date: /home/ingejohan/Workspaces/ros2_cpp_ws/install/udemy_ros2_pkg/local/lib/python3.10/dist-packages/udemy_ros2_pkg/udemy_ros2_pkg_s__rosidl_typesupport_c.cpython-310-x86_64-linux-gnu.so
[1.214s] -- Up-to-date: /home/ingejohan/Workspaces/ros2_cpp_ws/install/udemy_ros2_pkg/lib/libudemy_ros2_pkg__rosidl_generator_py.so
[1.214s] -- Up-to-date: /home/ingejohan/Workspaces/ros2_cpp_ws/install/udemy_ros2_pkg/share/udemy_ros2_pkg/srv/OddEvenCheck.idl
[1.214s] -- Up-to-date: /home/ingejohan/Workspaces/ros2_cpp_ws/install/udemy_ros2_pkg/share/udemy_ros2_pkg/srv/TurnCamera.idl
[1.215s] -- Up-to-date: /home/ingejohan/Workspaces/ros2_cpp_ws/install/udemy_ros2_pkg/share/udemy_ros2_pkg/action/Navigate.idl
[1.215s] -- Up-to-date: /home/ingejohan/Workspaces/ros2_cpp_ws/install/udemy_ros2_pkg/share/udemy_ros2_pkg/srv/OddEvenCheck.srv
[1.215s] -- Up-to-date: /home/ingejohan/Workspaces/ros2_cpp_ws/install/udemy_ros2_pkg/share/udemy_ros2_pkg/srv/OddEvenCheck_Request.msg
[1.215s] -- Up-to-date: /home/ingejohan/Workspaces/ros2_cpp_ws/install/udemy_ros2_pkg/share/udemy_ros2_pkg/srv/OddEvenCheck_Response.msg
[1.216s] -- Up-to-date: /home/ingejohan/Workspaces/ros2_cpp_ws/install/udemy_ros2_pkg/share/udemy_ros2_pkg/srv/TurnCamera.srv
[1.216s] -- Up-to-date: /home/ingejohan/Workspaces/ros2_cpp_ws/install/udemy_ros2_pkg/share/udemy_ros2_pkg/srv/TurnCamera_Request.msg
[1.216s] -- Up-to-date: /home/ingejohan/Workspaces/ros2_cpp_ws/install/udemy_ros2_pkg/share/udemy_ros2_pkg/srv/TurnCamera_Response.msg
[1.216s] -- Up-to-date: /home/ingejohan/Workspaces/ros2_cpp_ws/install/udemy_ros2_pkg/share/udemy_ros2_pkg/action/Navigate.action
[1.216s] -- Up-to-date: /home/ingejohan/Workspaces/ros2_cpp_ws/install/udemy_ros2_pkg/lib/udemy_ros2_pkg/obstacle_avoiding.py
[1.216s] -- Up-to-date: /home/ingejohan/Workspaces/ros2_cpp_ws/install/udemy_ros2_pkg/lib/udemy_ros2_pkg/publisher
[1.216s] -- Up-to-date: /home/ingejohan/Workspaces/ros2_cpp_ws/install/udemy_ros2_pkg/lib/udemy_ros2_pkg/subscriber
[1.217s] -- Up-to-date: /home/ingejohan/Workspaces/ros2_cpp_ws/install/udemy_ros2_pkg/lib/udemy_ros2_pkg/rpm_pub
[1.217s] -- Up-to-date: /home/ingejohan/Workspaces/ros2_cpp_ws/install/udemy_ros2_pkg/lib/udemy_ros2_pkg/speed_calc
[1.217s] -- Up-to-date: /home/ingejohan/Workspaces/ros2_cpp_ws/install/udemy_ros2_pkg/lib/udemy_ros2_pkg/service_server
[1.217s] -- Up-to-date: /home/ingejohan/Workspaces/ros2_cpp_ws/install/udemy_ros2_pkg/lib/udemy_ros2_pkg/service_client
[1.218s] -- Up-to-date: /home/ingejohan/Workspaces/ros2_cpp_ws/install/udemy_ros2_pkg/lib/udemy_ros2_pkg/turn_camera_service
[1.218s] -- Up-to-date: /home/ingejohan/Workspaces/ros2_cpp_ws/install/udemy_ros2_pkg/lib/udemy_ros2_pkg/turn_camera_client
[1.218s] -- Up-to-date: /home/ingejohan/Workspaces/ros2_cpp_ws/install/udemy_ros2_pkg/lib/udemy_ros2_pkg/action_server
[1.219s] -- Up-to-date: /home/ingejohan/Workspaces/ros2_cpp_ws/install/udemy_ros2_pkg/lib/udemy_ros2_pkg/action_client
[1.219s] -- Up-to-date: /home/ingejohan/Workspaces/ros2_cpp_ws/install/udemy_ros2_pkg/share/udemy_ros2_pkg//launch
[1.220s] -- Up-to-date: /home/ingejohan/Workspaces/ros2_cpp_ws/install/udemy_ros2_pkg/share/udemy_ros2_pkg//launch/rpm_node.launch.py
[1.220s] -- Up-to-date: /home/ingejohan/Workspaces/ros2_cpp_ws/install/udemy_ros2_pkg/share/udemy_ros2_pkg//launch/robot_model_simulation.launch.py
[1.220s] -- Up-to-date: /home/ingejohan/Workspaces/ros2_cpp_ws/install/udemy_ros2_pkg/share/udemy_ros2_pkg//launch/wheeled_model_simulation.launch.py
[1.221s] -- Up-to-date: /home/ingejohan/Workspaces/ros2_cpp_ws/install/udemy_ros2_pkg/share/udemy_ros2_pkg//launch/launch_project.launch.py
[1.221s] -- Up-to-date: /home/ingejohan/Workspaces/ros2_cpp_ws/install/udemy_ros2_pkg/share/udemy_ros2_pkg//launch/rc.launch.py
[1.222s] -- Up-to-date: /home/ingejohan/Workspaces/ros2_cpp_ws/install/udemy_ros2_pkg/share/udemy_ros2_pkg//world
[1.222s] -- Up-to-date: /home/ingejohan/Workspaces/ros2_cpp_ws/install/udemy_ros2_pkg/share/udemy_ros2_pkg//world/install
[1.222s] -- Up-to-date: /home/ingejohan/Workspaces/ros2_cpp_ws/install/udemy_ros2_pkg/share/udemy_ros2_pkg//world/install/local_setup.ps1
[1.222s] -- Up-to-date: /home/ingejohan/Workspaces/ros2_cpp_ws/install/udemy_ros2_pkg/share/udemy_ros2_pkg//world/install/local_setup.zsh
[1.223s] -- Up-to-date: /home/ingejohan/Workspaces/ros2_cpp_ws/install/udemy_ros2_pkg/share/udemy_ros2_pkg//world/install/.colcon_install_layout
[1.223s] -- Up-to-date: /home/ingejohan/Workspaces/ros2_cpp_ws/install/udemy_ros2_pkg/share/udemy_ros2_pkg//world/install/setup.zsh
[1.223s] -- Up-to-date: /home/ingejohan/Workspaces/ros2_cpp_ws/install/udemy_ros2_pkg/share/udemy_ros2_pkg//world/install/setup.bash
[1.223s] -- Up-to-date: /home/ingejohan/Workspaces/ros2_cpp_ws/install/udemy_ros2_pkg/share/udemy_ros2_pkg//world/install/_local_setup_util_ps1.py
[1.224s] -- Up-to-date: /home/ingejohan/Workspaces/ros2_cpp_ws/install/udemy_ros2_pkg/share/udemy_ros2_pkg//world/install/local_setup.sh
[1.224s] -- Up-to-date: /home/ingejohan/Workspaces/ros2_cpp_ws/install/udemy_ros2_pkg/share/udemy_ros2_pkg//world/install/setup.ps1
[1.224s] -- Up-to-date: /home/ingejohan/Workspaces/ros2_cpp_ws/install/udemy_ros2_pkg/share/udemy_ros2_pkg//world/install/COLCON_IGNORE
[1.224s] -- Up-to-date: /home/ingejohan/Workspaces/ros2_cpp_ws/install/udemy_ros2_pkg/share/udemy_ros2_pkg//world/install/setup.sh
[1.225s] -- Up-to-date: /home/ingejohan/Workspaces/ros2_cpp_ws/install/udemy_ros2_pkg/share/udemy_ros2_pkg//world/install/local_setup.bash
[1.225s] -- Up-to-date: /home/ingejohan/Workspaces/ros2_cpp_ws/install/udemy_ros2_pkg/share/udemy_ros2_pkg//world/install/_local_setup_util_sh.py
[1.225s] -- Up-to-date: /home/ingejohan/Workspaces/ros2_cpp_ws/install/udemy_ros2_pkg/share/udemy_ros2_pkg//world/log
[1.225s] -- Up-to-date: /home/ingejohan/Workspaces/ros2_cpp_ws/install/udemy_ros2_pkg/share/udemy_ros2_pkg//world/log/build_2023-10-03_14-46-04
[1.226s] -- Up-to-date: /home/ingejohan/Workspaces/ros2_cpp_ws/install/udemy_ros2_pkg/share/udemy_ros2_pkg//world/log/build_2023-10-03_14-46-04/events.log
[1.226s] -- Up-to-date: /home/ingejohan/Workspaces/ros2_cpp_ws/install/udemy_ros2_pkg/share/udemy_ros2_pkg//world/log/build_2023-10-03_14-46-04/logger_all.log
[1.226s] -- Up-to-date: /home/ingejohan/Workspaces/ros2_cpp_ws/install/udemy_ros2_pkg/share/udemy_ros2_pkg//world/log/build_2023-10-03_14-31-42
[1.227s] -- Up-to-date: /home/ingejohan/Workspaces/ros2_cpp_ws/install/udemy_ros2_pkg/share/udemy_ros2_pkg//world/log/build_2023-10-03_14-31-42/events.log
[1.227s] -- Up-to-date: /home/ingejohan/Workspaces/ros2_cpp_ws/install/udemy_ros2_pkg/share/udemy_ros2_pkg//world/log/build_2023-10-03_14-31-42/logger_all.log
[1.227s] -- Up-to-date: /home/ingejohan/Workspaces/ros2_cpp_ws/install/udemy_ros2_pkg/share/udemy_ros2_pkg//world/log/build_2023-10-03_14-34-47
[1.227s] -- Up-to-date: /home/ingejohan/Workspaces/ros2_cpp_ws/install/udemy_ros2_pkg/share/udemy_ros2_pkg//world/log/build_2023-10-03_14-34-47/events.log
[1.227s] -- Up-to-date: /home/ingejohan/Workspaces/ros2_cpp_ws/install/udemy_ros2_pkg/share/udemy_ros2_pkg//world/log/build_2023-10-03_14-34-47/logger_all.log
[1.228s] -- Up-to-date: /home/ingejohan/Workspaces/ros2_cpp_ws/install/udemy_ros2_pkg/share/udemy_ros2_pkg//world/log/latest_build
[1.228s] -- Up-to-date: /home/ingejohan/Workspaces/ros2_cpp_ws/install/udemy_ros2_pkg/share/udemy_ros2_pkg//world/log/latest
[1.228s] -- Up-to-date: /home/ingejohan/Workspaces/ros2_cpp_ws/install/udemy_ros2_pkg/share/udemy_ros2_pkg//world/log/build_2023-10-03_14-29-44
[1.228s] -- Up-to-date: /home/ingejohan/Workspaces/ros2_cpp_ws/install/udemy_ros2_pkg/share/udemy_ros2_pkg//world/log/build_2023-10-03_14-29-44/events.log
[1.228s] -- Up-to-date: /home/ingejohan/Workspaces/ros2_cpp_ws/install/udemy_ros2_pkg/share/udemy_ros2_pkg//world/log/build_2023-10-03_14-29-44/logger_all.log
[1.228s] -- Up-to-date: /home/ingejohan/Workspaces/ros2_cpp_ws/install/udemy_ros2_pkg/share/udemy_ros2_pkg//world/log/build_2023-09-27_17-06-55
[1.228s] -- Up-to-date: /home/ingejohan/Workspaces/ros2_cpp_ws/install/udemy_ros2_pkg/share/udemy_ros2_pkg//world/log/build_2023-09-27_17-06-55/events.log
[1.229s] -- Up-to-date: /home/ingejohan/Workspaces/ros2_cpp_ws/install/udemy_ros2_pkg/share/udemy_ros2_pkg//world/log/build_2023-09-27_17-06-55/logger_all.log
[1.229s] -- Up-to-date: /home/ingejohan/Workspaces/ros2_cpp_ws/install/udemy_ros2_pkg/share/udemy_ros2_pkg//world/log/build_2023-10-03_14-37-38
[1.229s] -- Up-to-date: /home/ingejohan/Workspaces/ros2_cpp_ws/install/udemy_ros2_pkg/share/udemy_ros2_pkg//world/log/build_2023-10-03_14-37-38/events.log
[1.229s] -- Up-to-date: /home/ingejohan/Workspaces/ros2_cpp_ws/install/udemy_ros2_pkg/share/udemy_ros2_pkg//world/log/build_2023-10-03_14-37-38/logger_all.log
[1.229s] -- Up-to-date: /home/ingejohan/Workspaces/ros2_cpp_ws/install/udemy_ros2_pkg/share/udemy_ros2_pkg//world/log/build_2023-10-03_14-36-09
[1.229s] -- Up-to-date: /home/ingejohan/Workspaces/ros2_cpp_ws/install/udemy_ros2_pkg/share/udemy_ros2_pkg//world/log/build_2023-10-03_14-36-09/events.log
[1.230s] -- Up-to-date: /home/ingejohan/Workspaces/ros2_cpp_ws/install/udemy_ros2_pkg/share/udemy_ros2_pkg//world/log/build_2023-10-03_14-36-09/logger_all.log
[1.231s] -- Up-to-date: /home/ingejohan/Workspaces/ros2_cpp_ws/install/udemy_ros2_pkg/share/udemy_ros2_pkg//world/log/COLCON_IGNORE
[1.232s] -- Up-to-date: /home/ingejohan/Workspaces/ros2_cpp_ws/install/udemy_ros2_pkg/share/udemy_ros2_pkg//world/log/build_2023-10-03_14-32-18
[1.232s] -- Up-to-date: /home/ingejohan/Workspaces/ros2_cpp_ws/install/udemy_ros2_pkg/share/udemy_ros2_pkg//world/log/build_2023-10-03_14-32-18/events.log
[1.232s] -- Up-to-date: /home/ingejohan/Workspaces/ros2_cpp_ws/install/udemy_ros2_pkg/share/udemy_ros2_pkg//world/log/build_2023-10-03_14-32-18/logger_all.log
[1.233s] -- Up-to-date: /home/ingejohan/Workspaces/ros2_cpp_ws/install/udemy_ros2_pkg/share/udemy_ros2_pkg//world/wheeled_model_world.sdf
[1.233s] -- Up-to-date: /home/ingejohan/Workspaces/ros2_cpp_ws/install/udemy_ros2_pkg/share/udemy_ros2_pkg//world/test_world.sdf
[1.233s] -- Up-to-date: /home/ingejohan/Workspaces/ros2_cpp_ws/install/udemy_ros2_pkg/share/udemy_ros2_pkg//world/robot_model_world.sdf
[1.234s] -- Up-to-date: /home/ingejohan/Workspaces/ros2_cpp_ws/install/udemy_ros2_pkg/share/udemy_ros2_pkg//world/build
[1.234s] -- Up-to-date: /home/ingejohan/Workspaces/ros2_cpp_ws/install/udemy_ros2_pkg/share/udemy_ros2_pkg//world/build/.built_by
[1.234s] -- Up-to-date: /home/ingejohan/Workspaces/ros2_cpp_ws/install/udemy_ros2_pkg/share/udemy_ros2_pkg//world/build/COLCON_IGNORE
[1.234s] -- Up-to-date: /home/ingejohan/Workspaces/ros2_cpp_ws/install/udemy_ros2_pkg/share/udemy_ros2_pkg//models
[1.235s] -- Up-to-date: /home/ingejohan/Workspaces/ros2_cpp_ws/install/udemy_ros2_pkg/share/udemy_ros2_pkg//models/test
[1.235s] -- Up-to-date: /home/ingejohan/Workspaces/ros2_cpp_ws/install/udemy_ros2_pkg/share/udemy_ros2_pkg//models/test/model.config
[1.235s] -- Up-to-date: /home/ingejohan/Workspaces/ros2_cpp_ws/install/udemy_ros2_pkg/share/udemy_ros2_pkg//models/test/model.sdf
[1.236s] -- Up-to-date: /home/ingejohan/Workspaces/ros2_cpp_ws/install/udemy_ros2_pkg/share/udemy_ros2_pkg//models/project_robot
[1.236s] -- Up-to-date: /home/ingejohan/Workspaces/ros2_cpp_ws/install/udemy_ros2_pkg/share/udemy_ros2_pkg//models/project_robot/model.config
[1.236s] -- Up-to-date: /home/ingejohan/Workspaces/ros2_cpp_ws/install/udemy_ros2_pkg/share/udemy_ros2_pkg//models/project_robot/model.sdf
[1.236s] -- Up-to-date: /home/ingejohan/Workspaces/ros2_cpp_ws/install/udemy_ros2_pkg/share/udemy_ros2_pkg//models/car_blue
[1.237s] -- Up-to-date: /home/ingejohan/Workspaces/ros2_cpp_ws/install/udemy_ros2_pkg/share/udemy_ros2_pkg//models/car_blue/model.config
[1.237s] -- Up-to-date: /home/ingejohan/Workspaces/ros2_cpp_ws/install/udemy_ros2_pkg/share/udemy_ros2_pkg//models/car_blue/car_blue.sdf
[1.237s] -- Up-to-date: /home/ingejohan/Workspaces/ros2_cpp_ws/install/udemy_ros2_pkg/share/udemy_ros2_pkg//models/RC
[1.237s] -- Up-to-date: /home/ingejohan/Workspaces/ros2_cpp_ws/install/udemy_ros2_pkg/share/udemy_ros2_pkg//models/RC/TopReduced.dae
[1.237s] -- Up-to-date: /home/ingejohan/Workspaces/ros2_cpp_ws/install/udemy_ros2_pkg/share/udemy_ros2_pkg//models/RC/model.config
[1.237s] -- Up-to-date: /home/ingejohan/Workspaces/ros2_cpp_ws/install/udemy_ros2_pkg/share/udemy_ros2_pkg//models/RC/3.png
[1.238s] -- Up-to-date: /home/ingejohan/Workspaces/ros2_cpp_ws/install/udemy_ros2_pkg/share/udemy_ros2_pkg//models/RC/5.png
[1.238s] -- Up-to-date: /home/ingejohan/Workspaces/ros2_cpp_ws/install/udemy_ros2_pkg/share/udemy_ros2_pkg//models/RC/1.png
[1.238s] -- Up-to-date: /home/ingejohan/Workspaces/ros2_cpp_ws/install/udemy_ros2_pkg/share/udemy_ros2_pkg//models/RC/BaseReduced.dae
[1.238s] -- Up-to-date: /home/ingejohan/Workspaces/ros2_cpp_ws/install/udemy_ros2_pkg/share/udemy_ros2_pkg//models/RC/4.png
[1.238s] -- Up-to-date: /home/ingejohan/Workspaces/ros2_cpp_ws/install/udemy_ros2_pkg/share/udemy_ros2_pkg//models/RC/2.png
[1.239s] -- Up-to-date: /home/ingejohan/Workspaces/ros2_cpp_ws/install/udemy_ros2_pkg/share/udemy_ros2_pkg//models/RC/Wheel.dae
[1.239s] -- Installing: /home/ingejohan/Workspaces/ros2_cpp_ws/install/udemy_ros2_pkg/share/udemy_ros2_pkg//models/RC/model.sdf
[1.239s] -- Up-to-date: /home/ingejohan/Workspaces/ros2_cpp_ws/install/udemy_ros2_pkg/share/udemy_ros2_pkg//models/wheeled_model
[1.239s] -- Up-to-date: /home/ingejohan/Workspaces/ros2_cpp_ws/install/udemy_ros2_pkg/share/udemy_ros2_pkg//models/wheeled_model/model.config
[1.239s] -- Up-to-date: /home/ingejohan/Workspaces/ros2_cpp_ws/install/udemy_ros2_pkg/share/udemy_ros2_pkg//models/wheeled_model/model.sdf
[1.239s] -- Up-to-date: /home/ingejohan/Workspaces/ros2_cpp_ws/install/udemy_ros2_pkg/share/udemy_ros2_pkg//models/ground_plane
[1.240s] -- Up-to-date: /home/ingejohan/Workspaces/ros2_cpp_ws/install/udemy_ros2_pkg/share/udemy_ros2_pkg//models/ground_plane/model.config
[1.240s] -- Up-to-date: /home/ingejohan/Workspaces/ros2_cpp_ws/install/udemy_ros2_pkg/share/udemy_ros2_pkg//models/ground_plane/ground_plane.sdf
[1.240s] -- Up-to-date: /home/ingejohan/Workspaces/ros2_cpp_ws/install/udemy_ros2_pkg/share/ament_index/resource_index/package_run_dependencies/udemy_ros2_pkg
[1.240s] -- Up-to-date: /home/ingejohan/Workspaces/ros2_cpp_ws/install/udemy_ros2_pkg/share/ament_index/resource_index/parent_prefix_path/udemy_ros2_pkg
[1.240s] -- Up-to-date: /home/ingejohan/Workspaces/ros2_cpp_ws/install/udemy_ros2_pkg/share/udemy_ros2_pkg/environment/ament_prefix_path.sh
[1.240s] -- Up-to-date: /home/ingejohan/Workspaces/ros2_cpp_ws/install/udemy_ros2_pkg/share/udemy_ros2_pkg/environment/ament_prefix_path.dsv
[1.241s] -- Up-to-date: /home/ingejohan/Workspaces/ros2_cpp_ws/install/udemy_ros2_pkg/share/udemy_ros2_pkg/environment/path.sh
[1.241s] -- Up-to-date: /home/ingejohan/Workspaces/ros2_cpp_ws/install/udemy_ros2_pkg/share/udemy_ros2_pkg/environment/path.dsv
[1.241s] -- Up-to-date: /home/ingejohan/Workspaces/ros2_cpp_ws/install/udemy_ros2_pkg/share/udemy_ros2_pkg/local_setup.bash
[1.242s] -- Up-to-date: /home/ingejohan/Workspaces/ros2_cpp_ws/install/udemy_ros2_pkg/share/udemy_ros2_pkg/local_setup.sh
[1.242s] -- Up-to-date: /home/ingejohan/Workspaces/ros2_cpp_ws/install/udemy_ros2_pkg/share/udemy_ros2_pkg/local_setup.zsh
[1.242s] -- Up-to-date: /home/ingejohan/Workspaces/ros2_cpp_ws/install/udemy_ros2_pkg/share/udemy_ros2_pkg/local_setup.dsv
[1.242s] -- Installing: /home/ingejohan/Workspaces/ros2_cpp_ws/install/udemy_ros2_pkg/share/udemy_ros2_pkg/package.dsv
[1.243s] -- Up-to-date: /home/ingejohan/Workspaces/ros2_cpp_ws/install/udemy_ros2_pkg/share/ament_index/resource_index/packages/udemy_ros2_pkg
[1.243s] -- Up-to-date: /home/ingejohan/Workspaces/ros2_cpp_ws/install/udemy_ros2_pkg/share/udemy_ros2_pkg/cmake/export_udemy_ros2_pkg__rosidl_generator_cExport.cmake
[1.243s] -- Up-to-date: /home/ingejohan/Workspaces/ros2_cpp_ws/install/udemy_ros2_pkg/share/udemy_ros2_pkg/cmake/export_udemy_ros2_pkg__rosidl_generator_cExport-noconfig.cmake
[1.244s] -- Up-to-date: /home/ingejohan/Workspaces/ros2_cpp_ws/install/udemy_ros2_pkg/share/udemy_ros2_pkg/cmake/export_udemy_ros2_pkg__rosidl_typesupport_fastrtps_cExport.cmake
[1.245s] -- Up-to-date: /home/ingejohan/Workspaces/ros2_cpp_ws/install/udemy_ros2_pkg/share/udemy_ros2_pkg/cmake/export_udemy_ros2_pkg__rosidl_typesupport_fastrtps_cExport-noconfig.cmake
[1.245s] -- Up-to-date: /home/ingejohan/Workspaces/ros2_cpp_ws/install/udemy_ros2_pkg/share/udemy_ros2_pkg/cmake/export_udemy_ros2_pkg__rosidl_generator_cppExport.cmake
[1.245s] -- Up-to-date: /home/ingejohan/Workspaces/ros2_cpp_ws/install/udemy_ros2_pkg/share/udemy_ros2_pkg/cmake/export_udemy_ros2_pkg__rosidl_typesupport_fastrtps_cppExport.cmake
[1.246s] -- Up-to-date: /home/ingejohan/Workspaces/ros2_cpp_ws/install/udemy_ros2_pkg/share/udemy_ros2_pkg/cmake/export_udemy_ros2_pkg__rosidl_typesupport_fastrtps_cppExport-noconfig.cmake
[1.246s] -- Up-to-date: /home/ingejohan/Workspaces/ros2_cpp_ws/install/udemy_ros2_pkg/share/udemy_ros2_pkg/cmake/udemy_ros2_pkg__rosidl_typesupport_introspection_cExport.cmake
[1.246s] -- Up-to-date: /home/ingejohan/Workspaces/ros2_cpp_ws/install/udemy_ros2_pkg/share/udemy_ros2_pkg/cmake/udemy_ros2_pkg__rosidl_typesupport_introspection_cExport-noconfig.cmake
[1.247s] -- Up-to-date: /home/ingejohan/Workspaces/ros2_cpp_ws/install/udemy_ros2_pkg/share/udemy_ros2_pkg/cmake/udemy_ros2_pkg__rosidl_typesupport_cExport.cmake
[1.247s] -- Up-to-date: /home/ingejohan/Workspaces/ros2_cpp_ws/install/udemy_ros2_pkg/share/udemy_ros2_pkg/cmake/udemy_ros2_pkg__rosidl_typesupport_cExport-noconfig.cmake
[1.247s] -- Up-to-date: /home/ingejohan/Workspaces/ros2_cpp_ws/install/udemy_ros2_pkg/share/udemy_ros2_pkg/cmake/udemy_ros2_pkg__rosidl_typesupport_introspection_cppExport.cmake
[1.247s] -- Up-to-date: /home/ingejohan/Workspaces/ros2_cpp_ws/install/udemy_ros2_pkg/share/udemy_ros2_pkg/cmake/udemy_ros2_pkg__rosidl_typesupport_introspection_cppExport-noconfig.cmake
[1.248s] -- Up-to-date: /home/ingejohan/Workspaces/ros2_cpp_ws/install/udemy_ros2_pkg/share/udemy_ros2_pkg/cmake/udemy_ros2_pkg__rosidl_typesupport_cppExport.cmake
[1.248s] -- Up-to-date: /home/ingejohan/Workspaces/ros2_cpp_ws/install/udemy_ros2_pkg/share/udemy_ros2_pkg/cmake/udemy_ros2_pkg__rosidl_typesupport_cppExport-noconfig.cmake
[1.248s] -- Up-to-date: /home/ingejohan/Workspaces/ros2_cpp_ws/install/udemy_ros2_pkg/share/udemy_ros2_pkg/cmake/export_udemy_ros2_pkg__rosidl_generator_pyExport.cmake
[1.248s] -- Up-to-date: /home/ingejohan/Workspaces/ros2_cpp_ws/install/udemy_ros2_pkg/share/udemy_ros2_pkg/cmake/export_udemy_ros2_pkg__rosidl_generator_pyExport-noconfig.cmake
[1.249s] -- Up-to-date: /home/ingejohan/Workspaces/ros2_cpp_ws/install/udemy_ros2_pkg/share/udemy_ros2_pkg/cmake/rosidl_cmake-extras.cmake
[1.249s] -- Up-to-date: /home/ingejohan/Workspaces/ros2_cpp_ws/install/udemy_ros2_pkg/share/udemy_ros2_pkg/cmake/ament_cmake_export_dependencies-extras.cmake
[1.249s] -- Up-to-date: /home/ingejohan/Workspaces/ros2_cpp_ws/install/udemy_ros2_pkg/share/udemy_ros2_pkg/cmake/ament_cmake_export_include_directories-extras.cmake
[1.249s] -- Up-to-date: /home/ingejohan/Workspaces/ros2_cpp_ws/install/udemy_ros2_pkg/share/udemy_ros2_pkg/cmake/ament_cmake_export_libraries-extras.cmake
[1.249s] -- Up-to-date: /home/ingejohan/Workspaces/ros2_cpp_ws/install/udemy_ros2_pkg/share/udemy_ros2_pkg/cmake/ament_cmake_export_targets-extras.cmake
[1.249s] -- Up-to-date: /home/ingejohan/Workspaces/ros2_cpp_ws/install/udemy_ros2_pkg/share/udemy_ros2_pkg/cmake/rosidl_cmake_export_typesupport_targets-extras.cmake
[1.249s] -- Up-to-date: /home/ingejohan/Workspaces/ros2_cpp_ws/install/udemy_ros2_pkg/share/udemy_ros2_pkg/cmake/rosidl_cmake_export_typesupport_libraries-extras.cmake
[1.250s] -- Up-to-date: /home/ingejohan/Workspaces/ros2_cpp_ws/install/udemy_ros2_pkg/share/udemy_ros2_pkg/cmake/udemy_ros2_pkgConfig.cmake
[1.250s] -- Up-to-date: /home/ingejohan/Workspaces/ros2_cpp_ws/install/udemy_ros2_pkg/share/udemy_ros2_pkg/cmake/udemy_ros2_pkgConfig-version.cmake
[1.250s] -- Up-to-date: /home/ingejohan/Workspaces/ros2_cpp_ws/install/udemy_ros2_pkg/share/udemy_ros2_pkg/package.xml
[1.250s] Invoked command in '/home/ingejohan/Workspaces/ros2_cpp_ws/build/udemy_ros2_pkg' returned '0': CMAKE_PREFIX_PATH=${CMAKE_PREFIX_PATH}:/home/ingejohan/ros2_ws/install/rover:/home/ingejohan/ros2_ws/install/my_py_pkg:/opt/ros/humble /usr/bin/cmake --install /home/ingejohan/Workspaces/ros2_cpp_ws/build/udemy_ros2_pkg
