[0.015s] Invoking command in '/home/ingejohan/Workspaces/build/udemy_ros2_pkg': CMAKE_PREFIX_PATH=${CMAKE_PREFIX_PATH}:/home/ingejohan/ros2_ws/install/rover:/home/ingejohan/ros2_ws/install/my_py_pkg:/opt/ros/humble /usr/bin/cmake --build /home/ingejohan/Workspaces/build/udemy_ros2_pkg -- -j16 -l16
[0.042s] -- Found ament_cmake: 1.3.5 (/opt/ros/humble/share/ament_cmake/cmake)
[0.186s] -- Override CMake install command with custom implementation using symlinks instead of copying resources
[0.193s] -- Found rclcpp: 16.0.5 (/opt/ros/humble/share/rclcpp/cmake)
[0.222s] -- Found rosidl_generator_c: 3.1.5 (/opt/ros/humble/share/rosidl_generator_c/cmake)
[0.225s] -- Found rosidl_adapter: 3.1.5 (/opt/ros/humble/share/rosidl_adapter/cmake)
[0.231s] -- Found rosidl_generator_cpp: 3.1.5 (/opt/ros/humble/share/rosidl_generator_cpp/cmake)
[0.242s] -- Using all available rosidl_typesupport_c: rosidl_typesupport_fastrtps_c;rosidl_typesupport_introspection_c
[0.257s] -- Using all available rosidl_typesupport_cpp: rosidl_typesupport_fastrtps_cpp;rosidl_typesupport_introspection_cpp
[0.318s] -- Found rmw_implementation_cmake: 6.1.1 (/opt/ros/humble/share/rmw_implementation_cmake/cmake)
[0.319s] -- Found rmw_fastrtps_cpp: 6.2.3 (/opt/ros/humble/share/rmw_fastrtps_cpp/cmake)
[0.436s] -- Using RMW implementation 'rmw_fastrtps_cpp' as default
[0.624s] -- Found rosidl_default_generators: 1.2.0 (/opt/ros/humble/share/rosidl_default_generators/cmake)
[0.631s] -- Found sensor_msgs: 4.2.3 (/opt/ros/humble/share/sensor_msgs/cmake)
[0.777s] -- Found cv_bridge: 3.2.1 (/opt/ros/humble/share/cv_bridge/cmake)
[0.785s] -- Found action_msgs: 1.2.1 (/opt/ros/humble/share/action_msgs/cmake)
[0.859s] -- Found rclcpp_action: 16.0.5 (/opt/ros/humble/share/rclcpp_action/cmake)
[1.214s] -- Found ament_cmake_cppcheck: 0.12.7 (/opt/ros/humble/share/ament_cmake_cppcheck/cmake)
[1.215s] -- Found ament_cmake_cpplint: 0.12.7 (/opt/ros/humble/share/ament_cmake_cpplint/cmake)
[1.215s] -- Found ament_cmake_uncrustify: 0.12.7 (/opt/ros/humble/share/ament_cmake_uncrustify/cmake)
[1.216s] -- Found ament_cmake_ros: 0.10.0 (/opt/ros/humble/share/ament_cmake_ros/cmake)
[1.698s] -- Using all available rosidl_typesupport_c: rosidl_typesupport_fastrtps_c;rosidl_typesupport_introspection_c
[1.881s] -- Using all available rosidl_typesupport_cpp: rosidl_typesupport_fastrtps_cpp;rosidl_typesupport_introspection_cpp
[1.903s] -- Found python_cmake_module: 0.10.0 (/opt/ros/humble/share/python_cmake_module/cmake)
[1.926s] -- Using PYTHON_EXECUTABLE: /usr/bin/python3
[1.927s] -- Using PYTHON_INCLUDE_DIRS: /usr/include/python3.10
[1.927s] -- Using PYTHON_LIBRARIES: /usr/lib/x86_64-linux-gnu/libpython3.10.so
[1.986s] -- Found ament_cmake_flake8: 0.12.7 (/opt/ros/humble/share/ament_cmake_flake8/cmake)
[1.986s] -- Found ament_cmake_pep257: 0.12.7 (/opt/ros/humble/share/ament_cmake_pep257/cmake)
[2.001s] -- Found ament_lint_auto: 0.12.7 (/opt/ros/humble/share/ament_lint_auto/cmake)
[2.010s] -- Added test 'cppcheck' to perform static code analysis on C / C++ code
[2.011s] -- Configured cppcheck include dirs: 
[2.011s] -- Configured cppcheck exclude dirs and/or files: 
[2.013s] -- Added test 'cpplint' to check C / C++ code against the Google style
[2.013s] -- Configured cpplint exclude dirs and/or files: 
[2.015s] -- Added test 'uncrustify' to check C / C++ code style
[2.015s] -- Configured uncrustify additional arguments: 
[2.015s] -- Added test 'flake8' to check Python code syntax and style conventions
[2.016s] -- Added test 'pep257' to check Python code against some of the docstring style conventions in PEP 257
[2.016s] -- Added test 'lint_cmake' to check CMake code style
[2.017s] -- Added test 'xmllint' to check XML markup files
[2.020s] -- Configuring done
[2.097s] -- Generating done
[2.101s] -- Build files have been written to: /home/ingejohan/Workspaces/build/udemy_ros2_pkg
[2.132s] [35m[1mConsolidate compiler generated dependencies of target udemy_ros2_pkg__rosidl_generator_c[0m
[2.132s] [35m[1mConsolidate compiler generated dependencies of target subscriber[0m
[2.133s] [35m[1mConsolidate compiler generated dependencies of target publisher[0m
[2.133s] [35m[1mConsolidate compiler generated dependencies of target speed_calc[0m
[2.133s] [35m[1mConsolidate compiler generated dependencies of target rpm_pub[0m
[2.143s] [  1%] Built target udemy_ros2_pkg__cpp
[2.147s] [  9%] Built target udemy_ros2_pkg__rosidl_generator_c
[2.154s] [  9%] Built target ament_cmake_python_symlink_udemy_ros2_pkg
[2.158s] [ 12%] Built target subscriber
[2.158s] [ 16%] Built target speed_calc
[2.159s] [ 20%] Built target publisher
[2.159s] [ 21%] Built target rpm_pub
[2.160s] [35m[1mConsolidate compiler generated dependencies of target udemy_ros2_pkg__rosidl_typesupport_cpp[0m
[2.162s] [35m[1mConsolidate compiler generated dependencies of target udemy_ros2_pkg__rosidl_typesupport_introspection_cpp[0m
[2.162s] [35m[1mConsolidate compiler generated dependencies of target udemy_ros2_pkg__rosidl_typesupport_fastrtps_cpp[0m
[2.164s] [35m[1mConsolidate compiler generated dependencies of target udemy_ros2_pkg__rosidl_typesupport_c[0m
[2.164s] [35m[1mConsolidate compiler generated dependencies of target udemy_ros2_pkg__rosidl_typesupport_introspection_c[0m
[2.165s] [35m[1mConsolidate compiler generated dependencies of target udemy_ros2_pkg__rosidl_typesupport_fastrtps_c[0m
[2.180s] [ 29%] Built target udemy_ros2_pkg__rosidl_typesupport_c
[2.180s] [ 36%] Built target udemy_ros2_pkg__rosidl_typesupport_cpp
[2.180s] [ 44%] Built target udemy_ros2_pkg__rosidl_typesupport_introspection_c
[2.183s] [ 52%] Built target udemy_ros2_pkg__rosidl_typesupport_fastrtps_cpp
[2.184s] [ 60%] Built target udemy_ros2_pkg__rosidl_typesupport_introspection_cpp
[2.192s] [ 67%] Built target udemy_ros2_pkg__rosidl_typesupport_fastrtps_c
[2.192s] [35m[1mConsolidate compiler generated dependencies of target service_client[0m
[2.193s] [35m[1mConsolidate compiler generated dependencies of target service_server[0m
[2.193s] [35m[1mConsolidate compiler generated dependencies of target turn_camera_client[0m
[2.196s] [35m[1mConsolidate compiler generated dependencies of target turn_camera_service[0m
[2.205s] [ 69%] [32mBuilding CXX object CMakeFiles/action_server.dir/src/action_server.cpp.o[0m
[2.217s] [ 72%] Built target turn_camera_client
[2.218s] [ 75%] Built target service_server
[2.221s] [ 75%] Built target udemy_ros2_pkg
[2.222s] [ 78%] Built target turn_camera_service
[2.223s] [ 81%] Built target service_client
[2.244s] [ 83%] Built target udemy_ros2_pkg__py
[2.257s] [35m[1mConsolidate compiler generated dependencies of target udemy_ros2_pkg__rosidl_generator_py[0m
[2.273s] [ 89%] Built target udemy_ros2_pkg__rosidl_generator_py
[2.286s] [35m[1mConsolidate compiler generated dependencies of target udemy_ros2_pkg__rosidl_typesupport_c__pyext[0m
[2.286s] [35m[1mConsolidate compiler generated dependencies of target udemy_ros2_pkg__rosidl_typesupport_introspection_c__pyext[0m
[2.286s] [35m[1mConsolidate compiler generated dependencies of target udemy_ros2_pkg__rosidl_typesupport_fastrtps_c__pyext[0m
[2.301s] [ 98%] Built target udemy_ros2_pkg__rosidl_typesupport_c__pyext
[2.301s] [ 98%] Built target udemy_ros2_pkg__rosidl_typesupport_fastrtps_c__pyext
[2.301s] [ 98%] Built target udemy_ros2_pkg__rosidl_typesupport_introspection_c__pyext
[2.519s] running egg_info
[2.520s] writing udemy_ros2_pkg.egg-info/PKG-INFO
[2.520s] writing dependency_links to udemy_ros2_pkg.egg-info/dependency_links.txt
[2.521s] writing top-level names to udemy_ros2_pkg.egg-info/top_level.txt
[2.524s] reading manifest file 'udemy_ros2_pkg.egg-info/SOURCES.txt'
[2.525s] writing manifest file 'udemy_ros2_pkg.egg-info/SOURCES.txt'
[2.550s] [ 98%] Built target ament_cmake_python_build_udemy_ros2_pkg_egg
[16.685s] [100%] [32m[1mLinking CXX executable action_server[0m
[16.957s] [100%] Built target action_server
[16.971s] Invoked command in '/home/ingejohan/Workspaces/build/udemy_ros2_pkg' returned '0': CMAKE_PREFIX_PATH=${CMAKE_PREFIX_PATH}:/home/ingejohan/ros2_ws/install/rover:/home/ingejohan/ros2_ws/install/my_py_pkg:/opt/ros/humble /usr/bin/cmake --build /home/ingejohan/Workspaces/build/udemy_ros2_pkg -- -j16 -l16
[17.076s] Invoking command in '/home/ingejohan/Workspaces/build/udemy_ros2_pkg': CMAKE_PREFIX_PATH=${CMAKE_PREFIX_PATH}:/home/ingejohan/ros2_ws/install/rover:/home/ingejohan/ros2_ws/install/my_py_pkg:/opt/ros/humble /usr/bin/cmake --install /home/ingejohan/Workspaces/build/udemy_ros2_pkg
[17.082s] -- Install configuration: "RelWithDebInfo"
[17.083s] -- Execute custom install script
[17.083s] -- Up-to-date symlink: /home/ingejohan/Workspaces/install/udemy_ros2_pkg/share/ament_index/resource_index/rosidl_interfaces/udemy_ros2_pkg
[17.083s] -- Up-to-date symlink: /home/ingejohan/Workspaces/install/udemy_ros2_pkg/include/udemy_ros2_pkg/udemy_ros2_pkg/action/detail/navigate__functions.h
[17.084s] -- Up-to-date symlink: /home/ingejohan/Workspaces/install/udemy_ros2_pkg/include/udemy_ros2_pkg/udemy_ros2_pkg/action/detail/navigate__struct.h
[17.084s] -- Up-to-date symlink: /home/ingejohan/Workspaces/install/udemy_ros2_pkg/include/udemy_ros2_pkg/udemy_ros2_pkg/action/detail/navigate__type_support.h
[17.084s] -- Up-to-date symlink: /home/ingejohan/Workspaces/install/udemy_ros2_pkg/include/udemy_ros2_pkg/udemy_ros2_pkg/action/navigate.h
[17.084s] -- Up-to-date symlink: /home/ingejohan/Workspaces/install/udemy_ros2_pkg/include/udemy_ros2_pkg/udemy_ros2_pkg/msg/rosidl_generator_c__visibility_control.h
[17.084s] -- Up-to-date symlink: /home/ingejohan/Workspaces/install/udemy_ros2_pkg/include/udemy_ros2_pkg/udemy_ros2_pkg/srv/detail/odd_even_check__functions.h
[17.084s] -- Up-to-date symlink: /home/ingejohan/Workspaces/install/udemy_ros2_pkg/include/udemy_ros2_pkg/udemy_ros2_pkg/srv/detail/odd_even_check__struct.h
[17.084s] -- Up-to-date symlink: /home/ingejohan/Workspaces/install/udemy_ros2_pkg/include/udemy_ros2_pkg/udemy_ros2_pkg/srv/detail/odd_even_check__type_support.h
[17.084s] -- Up-to-date symlink: /home/ingejohan/Workspaces/install/udemy_ros2_pkg/include/udemy_ros2_pkg/udemy_ros2_pkg/srv/detail/turn_camera__functions.h
[17.085s] -- Up-to-date symlink: /home/ingejohan/Workspaces/install/udemy_ros2_pkg/include/udemy_ros2_pkg/udemy_ros2_pkg/srv/detail/turn_camera__struct.h
[17.085s] -- Up-to-date symlink: /home/ingejohan/Workspaces/install/udemy_ros2_pkg/include/udemy_ros2_pkg/udemy_ros2_pkg/srv/detail/turn_camera__type_support.h
[17.085s] -- Up-to-date symlink: /home/ingejohan/Workspaces/install/udemy_ros2_pkg/include/udemy_ros2_pkg/udemy_ros2_pkg/srv/odd_even_check.h
[17.085s] -- Up-to-date symlink: /home/ingejohan/Workspaces/install/udemy_ros2_pkg/include/udemy_ros2_pkg/udemy_ros2_pkg/srv/turn_camera.h
[17.085s] -- Up-to-date symlink: /home/ingejohan/Workspaces/install/udemy_ros2_pkg/share/udemy_ros2_pkg/environment/library_path.sh
[17.085s] -- Up-to-date symlink: /home/ingejohan/Workspaces/install/udemy_ros2_pkg/share/udemy_ros2_pkg/environment/library_path.dsv
[17.086s] -- Up-to-date symlink: /home/ingejohan/Workspaces/install/udemy_ros2_pkg/include/udemy_ros2_pkg/udemy_ros2_pkg/action/detail/navigate__rosidl_typesupport_fastrtps_c.h
[17.086s] -- Up-to-date symlink: /home/ingejohan/Workspaces/install/udemy_ros2_pkg/include/udemy_ros2_pkg/udemy_ros2_pkg/msg/rosidl_typesupport_fastrtps_c__visibility_control.h
[17.086s] -- Up-to-date symlink: /home/ingejohan/Workspaces/install/udemy_ros2_pkg/include/udemy_ros2_pkg/udemy_ros2_pkg/srv/detail/odd_even_check__rosidl_typesupport_fastrtps_c.h
[17.086s] -- Up-to-date symlink: /home/ingejohan/Workspaces/install/udemy_ros2_pkg/include/udemy_ros2_pkg/udemy_ros2_pkg/srv/detail/turn_camera__rosidl_typesupport_fastrtps_c.h
[17.087s] -- Up-to-date symlink: /home/ingejohan/Workspaces/install/udemy_ros2_pkg/include/udemy_ros2_pkg/udemy_ros2_pkg/action/detail/navigate__builder.hpp
[17.087s] -- Up-to-date symlink: /home/ingejohan/Workspaces/install/udemy_ros2_pkg/include/udemy_ros2_pkg/udemy_ros2_pkg/action/detail/navigate__struct.hpp
[17.087s] -- Up-to-date symlink: /home/ingejohan/Workspaces/install/udemy_ros2_pkg/include/udemy_ros2_pkg/udemy_ros2_pkg/action/detail/navigate__traits.hpp
[17.087s] -- Up-to-date symlink: /home/ingejohan/Workspaces/install/udemy_ros2_pkg/include/udemy_ros2_pkg/udemy_ros2_pkg/action/navigate.hpp
[17.087s] -- Up-to-date symlink: /home/ingejohan/Workspaces/install/udemy_ros2_pkg/include/udemy_ros2_pkg/udemy_ros2_pkg/srv/detail/odd_even_check__builder.hpp
[17.087s] -- Up-to-date symlink: /home/ingejohan/Workspaces/install/udemy_ros2_pkg/include/udemy_ros2_pkg/udemy_ros2_pkg/srv/detail/odd_even_check__struct.hpp
[17.087s] -- Up-to-date symlink: /home/ingejohan/Workspaces/install/udemy_ros2_pkg/include/udemy_ros2_pkg/udemy_ros2_pkg/srv/detail/odd_even_check__traits.hpp
[17.087s] -- Up-to-date symlink: /home/ingejohan/Workspaces/install/udemy_ros2_pkg/include/udemy_ros2_pkg/udemy_ros2_pkg/srv/detail/turn_camera__builder.hpp
[17.088s] -- Up-to-date symlink: /home/ingejohan/Workspaces/install/udemy_ros2_pkg/include/udemy_ros2_pkg/udemy_ros2_pkg/srv/detail/turn_camera__struct.hpp
[17.088s] -- Up-to-date symlink: /home/ingejohan/Workspaces/install/udemy_ros2_pkg/include/udemy_ros2_pkg/udemy_ros2_pkg/srv/detail/turn_camera__traits.hpp
[17.088s] -- Up-to-date symlink: /home/ingejohan/Workspaces/install/udemy_ros2_pkg/include/udemy_ros2_pkg/udemy_ros2_pkg/srv/odd_even_check.hpp
[17.088s] -- Up-to-date symlink: /home/ingejohan/Workspaces/install/udemy_ros2_pkg/include/udemy_ros2_pkg/udemy_ros2_pkg/srv/turn_camera.hpp
[17.089s] -- Up-to-date symlink: /home/ingejohan/Workspaces/install/udemy_ros2_pkg/include/udemy_ros2_pkg/udemy_ros2_pkg/action/detail/navigate__rosidl_typesupport_fastrtps_cpp.hpp
[17.089s] -- Up-to-date symlink: /home/ingejohan/Workspaces/install/udemy_ros2_pkg/include/udemy_ros2_pkg/udemy_ros2_pkg/msg/rosidl_typesupport_fastrtps_cpp__visibility_control.h
[17.089s] -- Up-to-date symlink: /home/ingejohan/Workspaces/install/udemy_ros2_pkg/include/udemy_ros2_pkg/udemy_ros2_pkg/srv/detail/odd_even_check__rosidl_typesupport_fastrtps_cpp.hpp
[17.089s] -- Up-to-date symlink: /home/ingejohan/Workspaces/install/udemy_ros2_pkg/include/udemy_ros2_pkg/udemy_ros2_pkg/srv/detail/turn_camera__rosidl_typesupport_fastrtps_cpp.hpp
[17.090s] -- Up-to-date symlink: /home/ingejohan/Workspaces/install/udemy_ros2_pkg/include/udemy_ros2_pkg/udemy_ros2_pkg/action/detail/navigate__rosidl_typesupport_introspection_c.h
[17.090s] -- Up-to-date symlink: /home/ingejohan/Workspaces/install/udemy_ros2_pkg/include/udemy_ros2_pkg/udemy_ros2_pkg/msg/rosidl_typesupport_introspection_c__visibility_control.h
[17.090s] -- Up-to-date symlink: /home/ingejohan/Workspaces/install/udemy_ros2_pkg/include/udemy_ros2_pkg/udemy_ros2_pkg/srv/detail/odd_even_check__rosidl_typesupport_introspection_c.h
[17.090s] -- Up-to-date symlink: /home/ingejohan/Workspaces/install/udemy_ros2_pkg/include/udemy_ros2_pkg/udemy_ros2_pkg/srv/detail/turn_camera__rosidl_typesupport_introspection_c.h
[17.090s] -- Up-to-date symlink: /home/ingejohan/Workspaces/install/udemy_ros2_pkg/include/udemy_ros2_pkg/udemy_ros2_pkg/action/detail/navigate__rosidl_typesupport_introspection_cpp.hpp
[17.091s] -- Up-to-date symlink: /home/ingejohan/Workspaces/install/udemy_ros2_pkg/include/udemy_ros2_pkg/udemy_ros2_pkg/srv/detail/odd_even_check__rosidl_typesupport_introspection_cpp.hpp
[17.091s] -- Up-to-date symlink: /home/ingejohan/Workspaces/install/udemy_ros2_pkg/include/udemy_ros2_pkg/udemy_ros2_pkg/srv/detail/turn_camera__rosidl_typesupport_introspection_cpp.hpp
[17.091s] -- Up-to-date symlink: /home/ingejohan/Workspaces/install/udemy_ros2_pkg/share/udemy_ros2_pkg/environment/pythonpath.sh
[17.091s] -- Up-to-date symlink: /home/ingejohan/Workspaces/install/udemy_ros2_pkg/share/udemy_ros2_pkg/environment/pythonpath.dsv
[17.091s] -- Up-to-date symlink: /home/ingejohan/Workspaces/install/udemy_ros2_pkg/local/lib/python3.10/dist-packages/udemy_ros2_pkg-0.0.0-py3.10.egg-info/PKG-INFO
[17.092s] -- Up-to-date symlink: /home/ingejohan/Workspaces/install/udemy_ros2_pkg/local/lib/python3.10/dist-packages/udemy_ros2_pkg-0.0.0-py3.10.egg-info/SOURCES.txt
[17.092s] -- Up-to-date symlink: /home/ingejohan/Workspaces/install/udemy_ros2_pkg/local/lib/python3.10/dist-packages/udemy_ros2_pkg-0.0.0-py3.10.egg-info/dependency_links.txt
[17.092s] -- Up-to-date symlink: /home/ingejohan/Workspaces/install/udemy_ros2_pkg/local/lib/python3.10/dist-packages/udemy_ros2_pkg-0.0.0-py3.10.egg-info/top_level.txt
[17.093s] -- Up-to-date symlink: /home/ingejohan/Workspaces/install/udemy_ros2_pkg/local/lib/python3.10/dist-packages/udemy_ros2_pkg/__init__.py
[17.093s] -- Up-to-date symlink: /home/ingejohan/Workspaces/install/udemy_ros2_pkg/local/lib/python3.10/dist-packages/udemy_ros2_pkg/_udemy_ros2_pkg_s.ep.rosidl_typesupport_c.c
[17.093s] -- Up-to-date symlink: /home/ingejohan/Workspaces/install/udemy_ros2_pkg/local/lib/python3.10/dist-packages/udemy_ros2_pkg/_udemy_ros2_pkg_s.ep.rosidl_typesupport_fastrtps_c.c
[17.093s] -- Up-to-date symlink: /home/ingejohan/Workspaces/install/udemy_ros2_pkg/local/lib/python3.10/dist-packages/udemy_ros2_pkg/_udemy_ros2_pkg_s.ep.rosidl_typesupport_introspection_c.c
[17.093s] -- Up-to-date symlink: /home/ingejohan/Workspaces/install/udemy_ros2_pkg/local/lib/python3.10/dist-packages/udemy_ros2_pkg/action/__init__.py
[17.093s] -- Up-to-date symlink: /home/ingejohan/Workspaces/install/udemy_ros2_pkg/local/lib/python3.10/dist-packages/udemy_ros2_pkg/action/_navigate.py
[17.093s] -- Up-to-date symlink: /home/ingejohan/Workspaces/install/udemy_ros2_pkg/local/lib/python3.10/dist-packages/udemy_ros2_pkg/action/_navigate_s.c
[17.094s] -- Up-to-date symlink: /home/ingejohan/Workspaces/install/udemy_ros2_pkg/local/lib/python3.10/dist-packages/udemy_ros2_pkg/libudemy_ros2_pkg__rosidl_generator_py.so
[17.094s] -- Up-to-date symlink: /home/ingejohan/Workspaces/install/udemy_ros2_pkg/local/lib/python3.10/dist-packages/udemy_ros2_pkg/srv/__init__.py
[17.094s] -- Up-to-date symlink: /home/ingejohan/Workspaces/install/udemy_ros2_pkg/local/lib/python3.10/dist-packages/udemy_ros2_pkg/srv/_odd_even_check.py
[17.094s] -- Up-to-date symlink: /home/ingejohan/Workspaces/install/udemy_ros2_pkg/local/lib/python3.10/dist-packages/udemy_ros2_pkg/srv/_odd_even_check_s.c
[17.094s] -- Up-to-date symlink: /home/ingejohan/Workspaces/install/udemy_ros2_pkg/local/lib/python3.10/dist-packages/udemy_ros2_pkg/srv/_turn_camera.py
[17.094s] -- Up-to-date symlink: /home/ingejohan/Workspaces/install/udemy_ros2_pkg/local/lib/python3.10/dist-packages/udemy_ros2_pkg/srv/_turn_camera_s.c
[17.094s] -- Up-to-date symlink: /home/ingejohan/Workspaces/install/udemy_ros2_pkg/local/lib/python3.10/dist-packages/udemy_ros2_pkg/udemy_ros2_pkg_s__rosidl_typesupport_c.cpython-310-x86_64-linux-gnu.so
[17.094s] -- Up-to-date symlink: /home/ingejohan/Workspaces/install/udemy_ros2_pkg/local/lib/python3.10/dist-packages/udemy_ros2_pkg/udemy_ros2_pkg_s__rosidl_typesupport_fastrtps_c.cpython-310-x86_64-linux-gnu.so
[17.094s] -- Up-to-date symlink: /home/ingejohan/Workspaces/install/udemy_ros2_pkg/local/lib/python3.10/dist-packages/udemy_ros2_pkg/udemy_ros2_pkg_s__rosidl_typesupport_introspection_c.cpython-310-x86_64-linux-gnu.so
[17.095s] -- Up-to-date symlink: /home/ingejohan/Workspaces/install/udemy_ros2_pkg/local/lib/python3.10/dist-packages/udemy_ros2_pkg/udemy_ros2_pkg_s__rosidl_typesupport_fastrtps_c.cpython-310-x86_64-linux-gnu.so
[17.095s] -- Up-to-date symlink: /home/ingejohan/Workspaces/install/udemy_ros2_pkg/local/lib/python3.10/dist-packages/udemy_ros2_pkg/udemy_ros2_pkg_s__rosidl_typesupport_introspection_c.cpython-310-x86_64-linux-gnu.so
[17.095s] -- Up-to-date symlink: /home/ingejohan/Workspaces/install/udemy_ros2_pkg/local/lib/python3.10/dist-packages/udemy_ros2_pkg/udemy_ros2_pkg_s__rosidl_typesupport_c.cpython-310-x86_64-linux-gnu.so
[17.095s] -- Up-to-date symlink: /home/ingejohan/Workspaces/install/udemy_ros2_pkg/share/udemy_ros2_pkg/srv/OddEvenCheck.idl
[17.096s] -- Up-to-date symlink: /home/ingejohan/Workspaces/install/udemy_ros2_pkg/share/udemy_ros2_pkg/srv/TurnCamera.idl
[17.096s] -- Up-to-date symlink: /home/ingejohan/Workspaces/install/udemy_ros2_pkg/share/udemy_ros2_pkg/action/Navigate.idl
[17.096s] -- Up-to-date symlink: /home/ingejohan/Workspaces/install/udemy_ros2_pkg/share/udemy_ros2_pkg/srv/OddEvenCheck.srv
[17.096s] -- Up-to-date symlink: /home/ingejohan/Workspaces/install/udemy_ros2_pkg/share/udemy_ros2_pkg/srv/OddEvenCheck_Request.msg
[17.096s] -- Up-to-date symlink: /home/ingejohan/Workspaces/install/udemy_ros2_pkg/share/udemy_ros2_pkg/srv/OddEvenCheck_Response.msg
[17.096s] -- Up-to-date symlink: /home/ingejohan/Workspaces/install/udemy_ros2_pkg/share/udemy_ros2_pkg/srv/TurnCamera.srv
[17.097s] -- Up-to-date symlink: /home/ingejohan/Workspaces/install/udemy_ros2_pkg/share/udemy_ros2_pkg/srv/TurnCamera_Request.msg
[17.097s] -- Up-to-date symlink: /home/ingejohan/Workspaces/install/udemy_ros2_pkg/share/udemy_ros2_pkg/srv/TurnCamera_Response.msg
[17.097s] -- Up-to-date symlink: /home/ingejohan/Workspaces/install/udemy_ros2_pkg/share/udemy_ros2_pkg/action/Navigate.action
[17.097s] -- Up-to-date symlink: /home/ingejohan/Workspaces/install/udemy_ros2_pkg/lib/udemy_ros2_pkg/publisher
[17.098s] -- Up-to-date symlink: /home/ingejohan/Workspaces/install/udemy_ros2_pkg/lib/udemy_ros2_pkg/subscriber
[17.098s] -- Up-to-date symlink: /home/ingejohan/Workspaces/install/udemy_ros2_pkg/lib/udemy_ros2_pkg/rpm_pub
[17.098s] -- Up-to-date symlink: /home/ingejohan/Workspaces/install/udemy_ros2_pkg/lib/udemy_ros2_pkg/speed_calc
[17.098s] -- Up-to-date symlink: /home/ingejohan/Workspaces/install/udemy_ros2_pkg/lib/udemy_ros2_pkg/service_server
[17.098s] -- Up-to-date symlink: /home/ingejohan/Workspaces/install/udemy_ros2_pkg/lib/udemy_ros2_pkg/service_client
[17.098s] -- Up-to-date symlink: /home/ingejohan/Workspaces/install/udemy_ros2_pkg/lib/udemy_ros2_pkg/turn_camera_service
[17.099s] -- Up-to-date symlink: /home/ingejohan/Workspaces/install/udemy_ros2_pkg/lib/udemy_ros2_pkg/turn_camera_client
[17.099s] -- Symlinking: /home/ingejohan/Workspaces/install/udemy_ros2_pkg/lib/udemy_ros2_pkg/action_server
[17.107s] -- Up-to-date symlink: /home/ingejohan/Workspaces/install/udemy_ros2_pkg/share/udemy_ros2_pkg//launch/launch_project.launch.py
[17.107s] -- Up-to-date symlink: /home/ingejohan/Workspaces/install/udemy_ros2_pkg/share/udemy_ros2_pkg//launch/rpm_node.launch.py
[17.107s] -- Up-to-date symlink: /home/ingejohan/Workspaces/install/udemy_ros2_pkg/share/ament_index/resource_index/package_run_dependencies/udemy_ros2_pkg
[17.107s] -- Up-to-date symlink: /home/ingejohan/Workspaces/install/udemy_ros2_pkg/share/ament_index/resource_index/parent_prefix_path/udemy_ros2_pkg
[17.108s] -- Up-to-date symlink: /home/ingejohan/Workspaces/install/udemy_ros2_pkg/share/udemy_ros2_pkg/environment/ament_prefix_path.sh
[17.108s] -- Up-to-date symlink: /home/ingejohan/Workspaces/install/udemy_ros2_pkg/share/udemy_ros2_pkg/environment/ament_prefix_path.dsv
[17.108s] -- Up-to-date symlink: /home/ingejohan/Workspaces/install/udemy_ros2_pkg/share/udemy_ros2_pkg/environment/path.sh
[17.108s] -- Up-to-date symlink: /home/ingejohan/Workspaces/install/udemy_ros2_pkg/share/udemy_ros2_pkg/environment/path.dsv
[17.108s] -- Up-to-date symlink: /home/ingejohan/Workspaces/install/udemy_ros2_pkg/share/udemy_ros2_pkg/local_setup.bash
[17.108s] -- Up-to-date symlink: /home/ingejohan/Workspaces/install/udemy_ros2_pkg/share/udemy_ros2_pkg/local_setup.sh
[17.109s] -- Up-to-date symlink: /home/ingejohan/Workspaces/install/udemy_ros2_pkg/share/udemy_ros2_pkg/local_setup.zsh
[17.109s] -- Up-to-date symlink: /home/ingejohan/Workspaces/install/udemy_ros2_pkg/share/udemy_ros2_pkg/local_setup.dsv
[17.109s] -- Symlinking: /home/ingejohan/Workspaces/install/udemy_ros2_pkg/share/udemy_ros2_pkg/package.dsv
[17.117s] -- Up-to-date symlink: /home/ingejohan/Workspaces/install/udemy_ros2_pkg/share/ament_index/resource_index/packages/udemy_ros2_pkg
[17.117s] -- Up-to-date symlink: /home/ingejohan/Workspaces/install/udemy_ros2_pkg/share/udemy_ros2_pkg/cmake/rosidl_cmake-extras.cmake
[17.117s] -- Up-to-date symlink: /home/ingejohan/Workspaces/install/udemy_ros2_pkg/share/udemy_ros2_pkg/cmake/ament_cmake_export_dependencies-extras.cmake
[17.117s] -- Up-to-date symlink: /home/ingejohan/Workspaces/install/udemy_ros2_pkg/share/udemy_ros2_pkg/cmake/ament_cmake_export_include_directories-extras.cmake
[17.117s] -- Up-to-date symlink: /home/ingejohan/Workspaces/install/udemy_ros2_pkg/share/udemy_ros2_pkg/cmake/ament_cmake_export_libraries-extras.cmake
[17.117s] -- Up-to-date symlink: /home/ingejohan/Workspaces/install/udemy_ros2_pkg/share/udemy_ros2_pkg/cmake/ament_cmake_export_targets-extras.cmake
[17.118s] -- Up-to-date symlink: /home/ingejohan/Workspaces/install/udemy_ros2_pkg/share/udemy_ros2_pkg/cmake/rosidl_cmake_export_typesupport_targets-extras.cmake
[17.118s] -- Up-to-date symlink: /home/ingejohan/Workspaces/install/udemy_ros2_pkg/share/udemy_ros2_pkg/cmake/rosidl_cmake_export_typesupport_libraries-extras.cmake
[17.118s] -- Up-to-date symlink: /home/ingejohan/Workspaces/install/udemy_ros2_pkg/share/udemy_ros2_pkg/cmake/udemy_ros2_pkgConfig.cmake
[17.118s] -- Up-to-date symlink: /home/ingejohan/Workspaces/install/udemy_ros2_pkg/share/udemy_ros2_pkg/cmake/udemy_ros2_pkgConfig-version.cmake
[17.119s] -- Up-to-date symlink: /home/ingejohan/Workspaces/install/udemy_ros2_pkg/share/udemy_ros2_pkg/package.xml
[17.119s] -- Up-to-date: /home/ingejohan/Workspaces/install/udemy_ros2_pkg/lib/libudemy_ros2_pkg__rosidl_generator_c.so
[17.119s] -- Up-to-date: /home/ingejohan/Workspaces/install/udemy_ros2_pkg/lib/libudemy_ros2_pkg__rosidl_typesupport_fastrtps_c.so
[17.119s] -- Up-to-date: /home/ingejohan/Workspaces/install/udemy_ros2_pkg/lib/libudemy_ros2_pkg__rosidl_typesupport_fastrtps_cpp.so
[17.119s] -- Up-to-date: /home/ingejohan/Workspaces/install/udemy_ros2_pkg/lib/libudemy_ros2_pkg__rosidl_typesupport_introspection_c.so
[17.120s] -- Up-to-date: /home/ingejohan/Workspaces/install/udemy_ros2_pkg/lib/libudemy_ros2_pkg__rosidl_typesupport_c.so
[17.120s] -- Up-to-date: /home/ingejohan/Workspaces/install/udemy_ros2_pkg/lib/libudemy_ros2_pkg__rosidl_typesupport_introspection_cpp.so
[17.120s] -- Up-to-date: /home/ingejohan/Workspaces/install/udemy_ros2_pkg/lib/libudemy_ros2_pkg__rosidl_typesupport_cpp.so
[17.152s] Listing '/home/ingejohan/Workspaces/install/udemy_ros2_pkg/local/lib/python3.10/dist-packages/udemy_ros2_pkg'...
[17.152s] Compiling '/home/ingejohan/Workspaces/install/udemy_ros2_pkg/local/lib/python3.10/dist-packages/udemy_ros2_pkg/__init__.py'...
[17.152s] Listing '/home/ingejohan/Workspaces/install/udemy_ros2_pkg/local/lib/python3.10/dist-packages/udemy_ros2_pkg/action'...
[17.152s] Listing '/home/ingejohan/Workspaces/install/udemy_ros2_pkg/local/lib/python3.10/dist-packages/udemy_ros2_pkg/srv'...
[17.157s] -- Up-to-date: /home/ingejohan/Workspaces/install/udemy_ros2_pkg/lib/libudemy_ros2_pkg__rosidl_generator_py.so
[17.157s] -- Up-to-date: /home/ingejohan/Workspaces/install/udemy_ros2_pkg/share/udemy_ros2_pkg/cmake/export_udemy_ros2_pkg__rosidl_generator_cExport.cmake
[17.157s] -- Up-to-date: /home/ingejohan/Workspaces/install/udemy_ros2_pkg/share/udemy_ros2_pkg/cmake/export_udemy_ros2_pkg__rosidl_generator_cExport-relwithdebinfo.cmake
[17.157s] -- Up-to-date: /home/ingejohan/Workspaces/install/udemy_ros2_pkg/share/udemy_ros2_pkg/cmake/export_udemy_ros2_pkg__rosidl_typesupport_fastrtps_cExport.cmake
[17.158s] -- Up-to-date: /home/ingejohan/Workspaces/install/udemy_ros2_pkg/share/udemy_ros2_pkg/cmake/export_udemy_ros2_pkg__rosidl_typesupport_fastrtps_cExport-relwithdebinfo.cmake
[17.158s] -- Up-to-date: /home/ingejohan/Workspaces/install/udemy_ros2_pkg/share/udemy_ros2_pkg/cmake/export_udemy_ros2_pkg__rosidl_generator_cppExport.cmake
[17.158s] -- Up-to-date: /home/ingejohan/Workspaces/install/udemy_ros2_pkg/share/udemy_ros2_pkg/cmake/export_udemy_ros2_pkg__rosidl_typesupport_fastrtps_cppExport.cmake
[17.158s] -- Up-to-date: /home/ingejohan/Workspaces/install/udemy_ros2_pkg/share/udemy_ros2_pkg/cmake/export_udemy_ros2_pkg__rosidl_typesupport_fastrtps_cppExport-relwithdebinfo.cmake
[17.159s] -- Up-to-date: /home/ingejohan/Workspaces/install/udemy_ros2_pkg/share/udemy_ros2_pkg/cmake/udemy_ros2_pkg__rosidl_typesupport_introspection_cExport.cmake
[17.159s] -- Up-to-date: /home/ingejohan/Workspaces/install/udemy_ros2_pkg/share/udemy_ros2_pkg/cmake/udemy_ros2_pkg__rosidl_typesupport_introspection_cExport-relwithdebinfo.cmake
[17.159s] -- Up-to-date: /home/ingejohan/Workspaces/install/udemy_ros2_pkg/share/udemy_ros2_pkg/cmake/udemy_ros2_pkg__rosidl_typesupport_cExport.cmake
[17.159s] -- Up-to-date: /home/ingejohan/Workspaces/install/udemy_ros2_pkg/share/udemy_ros2_pkg/cmake/udemy_ros2_pkg__rosidl_typesupport_cExport-relwithdebinfo.cmake
[17.159s] -- Up-to-date: /home/ingejohan/Workspaces/install/udemy_ros2_pkg/share/udemy_ros2_pkg/cmake/udemy_ros2_pkg__rosidl_typesupport_introspection_cppExport.cmake
[17.159s] -- Up-to-date: /home/ingejohan/Workspaces/install/udemy_ros2_pkg/share/udemy_ros2_pkg/cmake/udemy_ros2_pkg__rosidl_typesupport_introspection_cppExport-relwithdebinfo.cmake
[17.160s] -- Up-to-date: /home/ingejohan/Workspaces/install/udemy_ros2_pkg/share/udemy_ros2_pkg/cmake/udemy_ros2_pkg__rosidl_typesupport_cppExport.cmake
[17.160s] -- Up-to-date: /home/ingejohan/Workspaces/install/udemy_ros2_pkg/share/udemy_ros2_pkg/cmake/udemy_ros2_pkg__rosidl_typesupport_cppExport-relwithdebinfo.cmake
[17.160s] -- Up-to-date: /home/ingejohan/Workspaces/install/udemy_ros2_pkg/share/udemy_ros2_pkg/cmake/export_udemy_ros2_pkg__rosidl_generator_pyExport.cmake
[17.160s] -- Up-to-date: /home/ingejohan/Workspaces/install/udemy_ros2_pkg/share/udemy_ros2_pkg/cmake/export_udemy_ros2_pkg__rosidl_generator_pyExport-relwithdebinfo.cmake
[17.162s] Invoked command in '/home/ingejohan/Workspaces/build/udemy_ros2_pkg' returned '0': CMAKE_PREFIX_PATH=${CMAKE_PREFIX_PATH}:/home/ingejohan/ros2_ws/install/rover:/home/ingejohan/ros2_ws/install/my_py_pkg:/opt/ros/humble /usr/bin/cmake --install /home/ingejohan/Workspaces/build/udemy_ros2_pkg
