[0.000000] (-) TimerEvent: {}
[0.001569] (udemy_ros2_pkg) JobQueued: {'identifier': 'udemy_ros2_pkg', 'dependencies': OrderedDict()}
[0.001605] (udemy_ros2_pkg) JobStarted: {'identifier': 'udemy_ros2_pkg'}
[0.011559] (udemy_ros2_pkg) JobProgress: {'identifier': 'udemy_ros2_pkg', 'progress': 'cmake'}
[0.012618] (udemy_ros2_pkg) Command: {'cmd': ['/usr/bin/cmake', '/home/ingejohan/Workspaces/ros2_cpp_ws/src/udemy_ros2_pkg', '-DCMAKE_BUILD_TYPE=RelWithDebInfo', '-DAMENT_CMAKE_SYMLINK_INSTALL=1', '-DCMAKE_INSTALL_PREFIX=/home/ingejohan/Workspaces/install/udemy_ros2_pkg'], 'cwd': '/home/ingejohan/Workspaces/build/udemy_ros2_pkg', 'env': OrderedDict([('GJS_DEBUG_TOPICS', 'JS ERROR;JS LOG'), ('LESSOPEN', '| /usr/bin/lesspipe %s'), ('USER', 'ingejohan'), ('LC_TIME', 'nb_NO.UTF-8'), ('GIO_MODULE_DIR', '/home/ingejohan/snap/code/common/.cache/gio-modules'), ('XDG_SESSION_TYPE', 'wayland'), ('GIT_ASKPASS', '/snap/code/140/usr/share/code/resources/app/extensions/git/dist/askpass.sh'), ('GTK_EXE_PREFIX_VSCODE_SNAP_ORIG', ''), ('GDK_BACKEND_VSCODE_SNAP_ORIG', ''), ('SHLVL', '0'), ('LD_LIBRARY_PATH', '/opt/ros/humble/opt/rviz_ogre_vendor/lib:/opt/ros/humble/lib/x86_64-linux-gnu:/opt/ros/humble/lib'), ('HOME', '/home/ingejohan'), ('CHROME_DESKTOP', 'code-url-handler.desktop'), ('LOCPATH_VSCODE_SNAP_ORIG', ''), ('TERM_PROGRAM_VERSION', '1.82.2'), ('DESKTOP_SESSION', 'ubuntu'), ('GTK_PATH', '/snap/code/140/usr/lib/x86_64-linux-gnu/gtk-3.0'), ('GTK_IM_MODULE_FILE', '/home/ingejohan/snap/code/common/.cache/immodules/immodules.cache'), ('GIO_LAUNCHED_DESKTOP_FILE', '/var/lib/snapd/desktop/applications/code_code.desktop'), ('ROS_PYTHON_VERSION', '3'), ('GNOME_SHELL_SESSION_MODE', 'ubuntu'), ('GTK_MODULES', 'gail:atk-bridge'), ('GSETTINGS_SCHEMA_DIR_VSCODE_SNAP_ORIG', ''), ('VSCODE_GIT_ASKPASS_MAIN', '/snap/code/140/usr/share/code/resources/app/extensions/git/dist/askpass-main.js'), ('LC_MONETARY', 'nb_NO.UTF-8'), ('VSCODE_GIT_ASKPASS_NODE', '/snap/code/140/usr/share/code/code'), ('MANAGERPID', '2224'), ('SYSTEMD_EXEC_PID', '2468'), ('IM_CONFIG_CHECK_ENV', '1'), ('DBUS_SESSION_BUS_ADDRESS', 'unix:path=/run/user/1000/bus'), ('COLORTERM', 'truecolor'), ('GIO_LAUNCHED_DESKTOP_FILE_PID', '9085'), ('IM_CONFIG_PHASE', '1'), ('WAYLAND_DISPLAY', 'wayland-0'), ('COLCON_PREFIX_PATH', '/home/ingejohan/ros2_ws/install'), ('ROS_DISTRO', 'humble'), ('LOGNAME', 'ingejohan'), ('JOURNAL_STREAM', '8:19254'), ('_', '/usr/bin/colcon'), ('ROS_VERSION', '2'), ('XDG_CONFIG_DIRS_VSCODE_SNAP_ORIG', '/etc/xdg/xdg-ubuntu:/etc/xdg'), ('XDG_SESSION_CLASS', 'user'), ('XDG_DATA_DIRS_VSCODE_SNAP_ORIG', '/usr/share/ubuntu:/usr/local/share/:/usr/share/:/var/lib/snapd/desktop'), ('USERNAME', 'ingejohan'), ('TERM', 'xterm-256color'), ('GNOME_DESKTOP_SESSION_ID', 'this-is-deprecated'), ('ROS_LOCALHOST_ONLY', '0'), ('PATH', '/opt/ros/humble/bin:/usr/local/sbin:/usr/local/bin:/usr/sbin:/usr/bin:/sbin:/bin:/usr/games:/usr/local/games:/snap/bin:/snap/bin'), ('SESSION_MANAGER', 'local/ingejohan:@/tmp/.ICE-unix/2427,unix/ingejohan:/tmp/.ICE-unix/2427'), ('GTK_EXE_PREFIX', '/snap/code/140/usr'), ('INVOCATION_ID', '0a333465bd6e4b56a2e47daf1e0313a0'), ('XDG_MENU_PREFIX', 'gnome-'), ('LC_ADDRESS', 'nb_NO.UTF-8'), ('BAMF_DESKTOP_FILE_HINT', '/var/lib/snapd/desktop/applications/code_code.desktop'), ('GNOME_SETUP_DISPLAY', ':1'), ('XDG_RUNTIME_DIR', '/run/user/1000'), ('GDK_BACKEND', 'x11'), ('DISPLAY', ':0'), ('LOCPATH', '/snap/code/140/usr/lib/locale'), ('LANG', 'en_US.UTF-8'), ('XDG_CURRENT_DESKTOP', 'Unity'), ('LC_TELEPHONE', 'nb_NO.UTF-8'), ('GIO_MODULE_DIR_VSCODE_SNAP_ORIG', ''), ('XMODIFIERS', '@im=ibus'), ('XDG_SESSION_DESKTOP', 'ubuntu'), ('XAUTHORITY', '/run/user/1000/.mutter-Xwaylandauth.T2ZGB2'), ('LS_COLORS', ''), ('VSCODE_GIT_IPC_HANDLE', '/run/user/1000/vscode-git-3031922754.sock'), ('TERM_PROGRAM', 'vscode'), ('SSH_AGENT_LAUNCHER', 'gnome-keyring'), ('SSH_AUTH_SOCK', '/run/user/1000/keyring/ssh'), ('GSETTINGS_SCHEMA_DIR', '/home/ingejohan/snap/code/140/.local/share/glib-2.0/schemas'), ('AMENT_PREFIX_PATH', '/home/ingejohan/ros2_ws/install/rover:/home/ingejohan/ros2_ws/install/my_py_pkg:/home/ingejohan/ros2_ws/install/my_cpp_pkg:/opt/ros/humble'), ('ORIGINAL_XDG_CURRENT_DESKTOP', 'ubuntu:GNOME'), ('SHELL', '/bin/bash'), ('LC_NAME', 'nb_NO.UTF-8'), ('QT_ACCESSIBILITY', '1'), ('GDMSESSION', 'ubuntu'), ('LESSCLOSE', '/usr/bin/lesspipe %s %s'), ('GTK_PATH_VSCODE_SNAP_ORIG', ''), ('GTK_IM_MODULE_FILE_VSCODE_SNAP_ORIG', ''), ('LC_MEASUREMENT', 'nb_NO.UTF-8'), ('GJS_DEBUG_OUTPUT', 'stderr'), ('LC_IDENTIFICATION', 'nb_NO.UTF-8'), ('VSCODE_GIT_ASKPASS_EXTRA_ARGS', '--ms-enable-electron-run-as-node'), ('QT_IM_MODULE', 'ibus'), ('PWD', '/home/ingejohan/Workspaces/build/udemy_ros2_pkg'), ('XDG_CONFIG_DIRS', '/etc/xdg/xdg-ubuntu:/etc/xdg'), ('XDG_DATA_DIRS', '/home/ingejohan/snap/code/140/.local/share:/home/ingejohan/snap/code/140:/snap/code/140/usr/share:/usr/share/ubuntu:/usr/local/share/:/usr/share/:/var/lib/snapd/desktop'), ('PYTHONPATH', '/home/ingejohan/ros2_ws/install/rover/lib/python3.10/site-packages:/home/ingejohan/ros2_ws/install/my_py_pkg/lib/python3.10/site-packages:/opt/ros/humble/lib/python3.10/site-packages:/opt/ros/humble/local/lib/python3.10/dist-packages'), ('LC_NUMERIC', 'nb_NO.UTF-8'), ('LC_PAPER', 'nb_NO.UTF-8'), ('COLCON', '1'), ('CMAKE_PREFIX_PATH', '/home/ingejohan/ros2_ws/install/my_cpp_pkg:/home/ingejohan/ros2_ws/install/rover:/home/ingejohan/ros2_ws/install/my_py_pkg:/opt/ros/humble')]), 'shell': False}
[0.025272] (udemy_ros2_pkg) StdoutLine: {'line': b'-- Found ament_cmake: 1.3.5 (/opt/ros/humble/share/ament_cmake/cmake)\n'}
[0.099723] (-) TimerEvent: {}
[0.151581] (udemy_ros2_pkg) StdoutLine: {'line': b'-- Override CMake install command with custom implementation using symlinks instead of copying resources\n'}
[0.158329] (udemy_ros2_pkg) StdoutLine: {'line': b'-- Found rclcpp: 16.0.5 (/opt/ros/humble/share/rclcpp/cmake)\n'}
[0.185872] (udemy_ros2_pkg) StdoutLine: {'line': b'-- Found rosidl_generator_c: 3.1.5 (/opt/ros/humble/share/rosidl_generator_c/cmake)\n'}
[0.188221] (udemy_ros2_pkg) StdoutLine: {'line': b'-- Found rosidl_adapter: 3.1.5 (/opt/ros/humble/share/rosidl_adapter/cmake)\n'}
[0.193946] (udemy_ros2_pkg) StdoutLine: {'line': b'-- Found rosidl_generator_cpp: 3.1.5 (/opt/ros/humble/share/rosidl_generator_cpp/cmake)\n'}
[0.199824] (-) TimerEvent: {}
[0.204882] (udemy_ros2_pkg) StdoutLine: {'line': b'-- Using all available rosidl_typesupport_c: rosidl_typesupport_fastrtps_c;rosidl_typesupport_introspection_c\n'}
[0.220707] (udemy_ros2_pkg) StdoutLine: {'line': b'-- Using all available rosidl_typesupport_cpp: rosidl_typesupport_fastrtps_cpp;rosidl_typesupport_introspection_cpp\n'}
[0.278423] (udemy_ros2_pkg) StdoutLine: {'line': b'-- Found rmw_implementation_cmake: 6.1.1 (/opt/ros/humble/share/rmw_implementation_cmake/cmake)\n'}
[0.279742] (udemy_ros2_pkg) StdoutLine: {'line': b'-- Found rmw_fastrtps_cpp: 6.2.3 (/opt/ros/humble/share/rmw_fastrtps_cpp/cmake)\n'}
[0.299928] (-) TimerEvent: {}
[0.392627] (udemy_ros2_pkg) StdoutLine: {'line': b"-- Using RMW implementation 'rmw_fastrtps_cpp' as default\n"}
[0.400028] (-) TimerEvent: {}
[0.500218] (-) TimerEvent: {}
[0.557369] (udemy_ros2_pkg) StdoutLine: {'line': b'-- Found ament_lint_auto: 0.12.7 (/opt/ros/humble/share/ament_lint_auto/cmake)\n'}
[0.600338] (-) TimerEvent: {}
[0.621092] (udemy_ros2_pkg) StdoutLine: {'line': b"-- Added test 'cppcheck' to perform static code analysis on C / C++ code\n"}
[0.621272] (udemy_ros2_pkg) StdoutLine: {'line': b'-- Configured cppcheck include dirs: \n'}
[0.621344] (udemy_ros2_pkg) StdoutLine: {'line': b'-- Configured cppcheck exclude dirs and/or files: \n'}
[0.621661] (udemy_ros2_pkg) StdoutLine: {'line': b"-- Added test 'lint_cmake' to check CMake code style\n"}
[0.622424] (udemy_ros2_pkg) StdoutLine: {'line': b"-- Added test 'uncrustify' to check C / C++ code style\n"}
[0.622520] (udemy_ros2_pkg) StdoutLine: {'line': b'-- Configured uncrustify additional arguments: \n'}
[0.622713] (udemy_ros2_pkg) StdoutLine: {'line': b"-- Added test 'xmllint' to check XML markup files\n"}
[0.623578] (udemy_ros2_pkg) StdoutLine: {'line': b'-- Configuring done\n'}
[0.630930] (udemy_ros2_pkg) StdoutLine: {'line': b'-- Generating done\n'}
[0.632224] (udemy_ros2_pkg) StdoutLine: {'line': b'-- Build files have been written to: /home/ingejohan/Workspaces/build/udemy_ros2_pkg\n'}
[0.637935] (udemy_ros2_pkg) CommandEnded: {'returncode': 0}
[0.638512] (udemy_ros2_pkg) JobProgress: {'identifier': 'udemy_ros2_pkg', 'progress': 'build'}
[0.639197] (udemy_ros2_pkg) Command: {'cmd': ['/usr/bin/cmake', '--build', '/home/ingejohan/Workspaces/build/udemy_ros2_pkg', '--', '-j16', '-l16'], 'cwd': '/home/ingejohan/Workspaces/build/udemy_ros2_pkg', 'env': OrderedDict([('GJS_DEBUG_TOPICS', 'JS ERROR;JS LOG'), ('LESSOPEN', '| /usr/bin/lesspipe %s'), ('USER', 'ingejohan'), ('LC_TIME', 'nb_NO.UTF-8'), ('GIO_MODULE_DIR', '/home/ingejohan/snap/code/common/.cache/gio-modules'), ('XDG_SESSION_TYPE', 'wayland'), ('GIT_ASKPASS', '/snap/code/140/usr/share/code/resources/app/extensions/git/dist/askpass.sh'), ('GTK_EXE_PREFIX_VSCODE_SNAP_ORIG', ''), ('GDK_BACKEND_VSCODE_SNAP_ORIG', ''), ('SHLVL', '0'), ('LD_LIBRARY_PATH', '/opt/ros/humble/opt/rviz_ogre_vendor/lib:/opt/ros/humble/lib/x86_64-linux-gnu:/opt/ros/humble/lib'), ('HOME', '/home/ingejohan'), ('CHROME_DESKTOP', 'code-url-handler.desktop'), ('LOCPATH_VSCODE_SNAP_ORIG', ''), ('TERM_PROGRAM_VERSION', '1.82.2'), ('DESKTOP_SESSION', 'ubuntu'), ('GTK_PATH', '/snap/code/140/usr/lib/x86_64-linux-gnu/gtk-3.0'), ('GTK_IM_MODULE_FILE', '/home/ingejohan/snap/code/common/.cache/immodules/immodules.cache'), ('GIO_LAUNCHED_DESKTOP_FILE', '/var/lib/snapd/desktop/applications/code_code.desktop'), ('ROS_PYTHON_VERSION', '3'), ('GNOME_SHELL_SESSION_MODE', 'ubuntu'), ('GTK_MODULES', 'gail:atk-bridge'), ('GSETTINGS_SCHEMA_DIR_VSCODE_SNAP_ORIG', ''), ('VSCODE_GIT_ASKPASS_MAIN', '/snap/code/140/usr/share/code/resources/app/extensions/git/dist/askpass-main.js'), ('LC_MONETARY', 'nb_NO.UTF-8'), ('VSCODE_GIT_ASKPASS_NODE', '/snap/code/140/usr/share/code/code'), ('MANAGERPID', '2224'), ('SYSTEMD_EXEC_PID', '2468'), ('IM_CONFIG_CHECK_ENV', '1'), ('DBUS_SESSION_BUS_ADDRESS', 'unix:path=/run/user/1000/bus'), ('COLORTERM', 'truecolor'), ('GIO_LAUNCHED_DESKTOP_FILE_PID', '9085'), ('IM_CONFIG_PHASE', '1'), ('WAYLAND_DISPLAY', 'wayland-0'), ('COLCON_PREFIX_PATH', '/home/ingejohan/ros2_ws/install'), ('ROS_DISTRO', 'humble'), ('LOGNAME', 'ingejohan'), ('JOURNAL_STREAM', '8:19254'), ('_', '/usr/bin/colcon'), ('ROS_VERSION', '2'), ('XDG_CONFIG_DIRS_VSCODE_SNAP_ORIG', '/etc/xdg/xdg-ubuntu:/etc/xdg'), ('XDG_SESSION_CLASS', 'user'), ('XDG_DATA_DIRS_VSCODE_SNAP_ORIG', '/usr/share/ubuntu:/usr/local/share/:/usr/share/:/var/lib/snapd/desktop'), ('USERNAME', 'ingejohan'), ('TERM', 'xterm-256color'), ('GNOME_DESKTOP_SESSION_ID', 'this-is-deprecated'), ('ROS_LOCALHOST_ONLY', '0'), ('PATH', '/opt/ros/humble/bin:/usr/local/sbin:/usr/local/bin:/usr/sbin:/usr/bin:/sbin:/bin:/usr/games:/usr/local/games:/snap/bin:/snap/bin'), ('SESSION_MANAGER', 'local/ingejohan:@/tmp/.ICE-unix/2427,unix/ingejohan:/tmp/.ICE-unix/2427'), ('GTK_EXE_PREFIX', '/snap/code/140/usr'), ('INVOCATION_ID', '0a333465bd6e4b56a2e47daf1e0313a0'), ('XDG_MENU_PREFIX', 'gnome-'), ('LC_ADDRESS', 'nb_NO.UTF-8'), ('BAMF_DESKTOP_FILE_HINT', '/var/lib/snapd/desktop/applications/code_code.desktop'), ('GNOME_SETUP_DISPLAY', ':1'), ('XDG_RUNTIME_DIR', '/run/user/1000'), ('GDK_BACKEND', 'x11'), ('DISPLAY', ':0'), ('LOCPATH', '/snap/code/140/usr/lib/locale'), ('LANG', 'en_US.UTF-8'), ('XDG_CURRENT_DESKTOP', 'Unity'), ('LC_TELEPHONE', 'nb_NO.UTF-8'), ('GIO_MODULE_DIR_VSCODE_SNAP_ORIG', ''), ('XMODIFIERS', '@im=ibus'), ('XDG_SESSION_DESKTOP', 'ubuntu'), ('XAUTHORITY', '/run/user/1000/.mutter-Xwaylandauth.T2ZGB2'), ('LS_COLORS', ''), ('VSCODE_GIT_IPC_HANDLE', '/run/user/1000/vscode-git-3031922754.sock'), ('TERM_PROGRAM', 'vscode'), ('SSH_AGENT_LAUNCHER', 'gnome-keyring'), ('SSH_AUTH_SOCK', '/run/user/1000/keyring/ssh'), ('GSETTINGS_SCHEMA_DIR', '/home/ingejohan/snap/code/140/.local/share/glib-2.0/schemas'), ('AMENT_PREFIX_PATH', '/home/ingejohan/ros2_ws/install/rover:/home/ingejohan/ros2_ws/install/my_py_pkg:/home/ingejohan/ros2_ws/install/my_cpp_pkg:/opt/ros/humble'), ('ORIGINAL_XDG_CURRENT_DESKTOP', 'ubuntu:GNOME'), ('SHELL', '/bin/bash'), ('LC_NAME', 'nb_NO.UTF-8'), ('QT_ACCESSIBILITY', '1'), ('GDMSESSION', 'ubuntu'), ('LESSCLOSE', '/usr/bin/lesspipe %s %s'), ('GTK_PATH_VSCODE_SNAP_ORIG', ''), ('GTK_IM_MODULE_FILE_VSCODE_SNAP_ORIG', ''), ('LC_MEASUREMENT', 'nb_NO.UTF-8'), ('GJS_DEBUG_OUTPUT', 'stderr'), ('LC_IDENTIFICATION', 'nb_NO.UTF-8'), ('VSCODE_GIT_ASKPASS_EXTRA_ARGS', '--ms-enable-electron-run-as-node'), ('QT_IM_MODULE', 'ibus'), ('PWD', '/home/ingejohan/Workspaces/build/udemy_ros2_pkg'), ('XDG_CONFIG_DIRS', '/etc/xdg/xdg-ubuntu:/etc/xdg'), ('XDG_DATA_DIRS', '/home/ingejohan/snap/code/140/.local/share:/home/ingejohan/snap/code/140:/snap/code/140/usr/share:/usr/share/ubuntu:/usr/local/share/:/usr/share/:/var/lib/snapd/desktop'), ('PYTHONPATH', '/home/ingejohan/ros2_ws/install/rover/lib/python3.10/site-packages:/home/ingejohan/ros2_ws/install/my_py_pkg/lib/python3.10/site-packages:/opt/ros/humble/lib/python3.10/site-packages:/opt/ros/humble/local/lib/python3.10/dist-packages'), ('LC_NUMERIC', 'nb_NO.UTF-8'), ('LC_PAPER', 'nb_NO.UTF-8'), ('COLCON', '1'), ('CMAKE_PREFIX_PATH', '/home/ingejohan/ros2_ws/install/my_cpp_pkg:/home/ingejohan/ros2_ws/install/rover:/home/ingejohan/ros2_ws/install/my_py_pkg:/opt/ros/humble')]), 'shell': False}
[0.671192] (udemy_ros2_pkg) StdoutLine: {'line': b'\x1b[35m\x1b[1mConsolidate compiler generated dependencies of target publisher\x1b[0m\n'}
[0.686702] (udemy_ros2_pkg) StdoutLine: {'line': b'[ 50%] \x1b[32mBuilding CXX object CMakeFiles/publisher.dir/src/publisher.cpp.o\x1b[0m\n'}
[0.700455] (-) TimerEvent: {}
[0.800671] (-) TimerEvent: {}
[0.900894] (-) TimerEvent: {}
[1.001117] (-) TimerEvent: {}
[1.101345] (-) TimerEvent: {}
[1.201607] (-) TimerEvent: {}
[1.301831] (-) TimerEvent: {}
[1.402084] (-) TimerEvent: {}
[1.502342] (-) TimerEvent: {}
[1.602595] (-) TimerEvent: {}
[1.702825] (-) TimerEvent: {}
[1.803085] (-) TimerEvent: {}
[1.903334] (-) TimerEvent: {}
[2.003601] (-) TimerEvent: {}
[2.103872] (-) TimerEvent: {}
[2.204175] (-) TimerEvent: {}
[2.304395] (-) TimerEvent: {}
[2.404662] (-) TimerEvent: {}
[2.504936] (-) TimerEvent: {}
[2.605207] (-) TimerEvent: {}
[2.705488] (-) TimerEvent: {}
[2.805759] (-) TimerEvent: {}
[2.906024] (-) TimerEvent: {}
[3.006291] (-) TimerEvent: {}
[3.106562] (-) TimerEvent: {}
[3.206819] (-) TimerEvent: {}
[3.307095] (-) TimerEvent: {}
[3.407374] (-) TimerEvent: {}
[3.507654] (-) TimerEvent: {}
[3.607936] (-) TimerEvent: {}
[3.708212] (-) TimerEvent: {}
[3.808496] (-) TimerEvent: {}
[3.908725] (-) TimerEvent: {}
[4.008997] (-) TimerEvent: {}
[4.109242] (-) TimerEvent: {}
[4.209527] (-) TimerEvent: {}
[4.309796] (-) TimerEvent: {}
[4.410061] (-) TimerEvent: {}
[4.510329] (-) TimerEvent: {}
[4.610593] (-) TimerEvent: {}
[4.710822] (-) TimerEvent: {}
[4.811090] (-) TimerEvent: {}
[4.911351] (-) TimerEvent: {}
[5.011609] (-) TimerEvent: {}
[5.111861] (-) TimerEvent: {}
[5.212116] (-) TimerEvent: {}
[5.312380] (-) TimerEvent: {}
[5.412636] (-) TimerEvent: {}
[5.512865] (-) TimerEvent: {}
[5.613122] (-) TimerEvent: {}
[5.713379] (-) TimerEvent: {}
[5.813646] (-) TimerEvent: {}
[5.913872] (-) TimerEvent: {}
[6.014135] (-) TimerEvent: {}
[6.114396] (-) TimerEvent: {}
[6.214654] (-) TimerEvent: {}
[6.314912] (-) TimerEvent: {}
[6.415139] (-) TimerEvent: {}
[6.515403] (-) TimerEvent: {}
[6.615670] (-) TimerEvent: {}
[6.715928] (-) TimerEvent: {}
[6.816198] (-) TimerEvent: {}
[6.916448] (-) TimerEvent: {}
[6.969050] (udemy_ros2_pkg) StdoutLine: {'line': b'[100%] \x1b[32m\x1b[1mLinking CXX executable publisher\x1b[0m\n'}
[7.016574] (-) TimerEvent: {}
[7.087639] (udemy_ros2_pkg) StdoutLine: {'line': b'[100%] Built target publisher\n'}
[7.099699] (udemy_ros2_pkg) CommandEnded: {'returncode': 0}
[7.116650] (-) TimerEvent: {}
[7.118119] (udemy_ros2_pkg) JobProgress: {'identifier': 'udemy_ros2_pkg', 'progress': 'install'}
[7.125879] (udemy_ros2_pkg) Command: {'cmd': ['/usr/bin/cmake', '--install', '/home/ingejohan/Workspaces/build/udemy_ros2_pkg'], 'cwd': '/home/ingejohan/Workspaces/build/udemy_ros2_pkg', 'env': OrderedDict([('GJS_DEBUG_TOPICS', 'JS ERROR;JS LOG'), ('LESSOPEN', '| /usr/bin/lesspipe %s'), ('USER', 'ingejohan'), ('LC_TIME', 'nb_NO.UTF-8'), ('GIO_MODULE_DIR', '/home/ingejohan/snap/code/common/.cache/gio-modules'), ('XDG_SESSION_TYPE', 'wayland'), ('GIT_ASKPASS', '/snap/code/140/usr/share/code/resources/app/extensions/git/dist/askpass.sh'), ('GTK_EXE_PREFIX_VSCODE_SNAP_ORIG', ''), ('GDK_BACKEND_VSCODE_SNAP_ORIG', ''), ('SHLVL', '0'), ('LD_LIBRARY_PATH', '/opt/ros/humble/opt/rviz_ogre_vendor/lib:/opt/ros/humble/lib/x86_64-linux-gnu:/opt/ros/humble/lib'), ('HOME', '/home/ingejohan'), ('CHROME_DESKTOP', 'code-url-handler.desktop'), ('LOCPATH_VSCODE_SNAP_ORIG', ''), ('TERM_PROGRAM_VERSION', '1.82.2'), ('DESKTOP_SESSION', 'ubuntu'), ('GTK_PATH', '/snap/code/140/usr/lib/x86_64-linux-gnu/gtk-3.0'), ('GTK_IM_MODULE_FILE', '/home/ingejohan/snap/code/common/.cache/immodules/immodules.cache'), ('GIO_LAUNCHED_DESKTOP_FILE', '/var/lib/snapd/desktop/applications/code_code.desktop'), ('ROS_PYTHON_VERSION', '3'), ('GNOME_SHELL_SESSION_MODE', 'ubuntu'), ('GTK_MODULES', 'gail:atk-bridge'), ('GSETTINGS_SCHEMA_DIR_VSCODE_SNAP_ORIG', ''), ('VSCODE_GIT_ASKPASS_MAIN', '/snap/code/140/usr/share/code/resources/app/extensions/git/dist/askpass-main.js'), ('LC_MONETARY', 'nb_NO.UTF-8'), ('VSCODE_GIT_ASKPASS_NODE', '/snap/code/140/usr/share/code/code'), ('MANAGERPID', '2224'), ('SYSTEMD_EXEC_PID', '2468'), ('IM_CONFIG_CHECK_ENV', '1'), ('DBUS_SESSION_BUS_ADDRESS', 'unix:path=/run/user/1000/bus'), ('COLORTERM', 'truecolor'), ('GIO_LAUNCHED_DESKTOP_FILE_PID', '9085'), ('IM_CONFIG_PHASE', '1'), ('WAYLAND_DISPLAY', 'wayland-0'), ('COLCON_PREFIX_PATH', '/home/ingejohan/ros2_ws/install'), ('ROS_DISTRO', 'humble'), ('LOGNAME', 'ingejohan'), ('JOURNAL_STREAM', '8:19254'), ('_', '/usr/bin/colcon'), ('ROS_VERSION', '2'), ('XDG_CONFIG_DIRS_VSCODE_SNAP_ORIG', '/etc/xdg/xdg-ubuntu:/etc/xdg'), ('XDG_SESSION_CLASS', 'user'), ('XDG_DATA_DIRS_VSCODE_SNAP_ORIG', '/usr/share/ubuntu:/usr/local/share/:/usr/share/:/var/lib/snapd/desktop'), ('USERNAME', 'ingejohan'), ('TERM', 'xterm-256color'), ('GNOME_DESKTOP_SESSION_ID', 'this-is-deprecated'), ('ROS_LOCALHOST_ONLY', '0'), ('PATH', '/opt/ros/humble/bin:/usr/local/sbin:/usr/local/bin:/usr/sbin:/usr/bin:/sbin:/bin:/usr/games:/usr/local/games:/snap/bin:/snap/bin'), ('SESSION_MANAGER', 'local/ingejohan:@/tmp/.ICE-unix/2427,unix/ingejohan:/tmp/.ICE-unix/2427'), ('GTK_EXE_PREFIX', '/snap/code/140/usr'), ('INVOCATION_ID', '0a333465bd6e4b56a2e47daf1e0313a0'), ('XDG_MENU_PREFIX', 'gnome-'), ('LC_ADDRESS', 'nb_NO.UTF-8'), ('BAMF_DESKTOP_FILE_HINT', '/var/lib/snapd/desktop/applications/code_code.desktop'), ('GNOME_SETUP_DISPLAY', ':1'), ('XDG_RUNTIME_DIR', '/run/user/1000'), ('GDK_BACKEND', 'x11'), ('DISPLAY', ':0'), ('LOCPATH', '/snap/code/140/usr/lib/locale'), ('LANG', 'en_US.UTF-8'), ('XDG_CURRENT_DESKTOP', 'Unity'), ('LC_TELEPHONE', 'nb_NO.UTF-8'), ('GIO_MODULE_DIR_VSCODE_SNAP_ORIG', ''), ('XMODIFIERS', '@im=ibus'), ('XDG_SESSION_DESKTOP', 'ubuntu'), ('XAUTHORITY', '/run/user/1000/.mutter-Xwaylandauth.T2ZGB2'), ('LS_COLORS', ''), ('VSCODE_GIT_IPC_HANDLE', '/run/user/1000/vscode-git-3031922754.sock'), ('TERM_PROGRAM', 'vscode'), ('SSH_AGENT_LAUNCHER', 'gnome-keyring'), ('SSH_AUTH_SOCK', '/run/user/1000/keyring/ssh'), ('GSETTINGS_SCHEMA_DIR', '/home/ingejohan/snap/code/140/.local/share/glib-2.0/schemas'), ('AMENT_PREFIX_PATH', '/home/ingejohan/ros2_ws/install/rover:/home/ingejohan/ros2_ws/install/my_py_pkg:/home/ingejohan/ros2_ws/install/my_cpp_pkg:/opt/ros/humble'), ('ORIGINAL_XDG_CURRENT_DESKTOP', 'ubuntu:GNOME'), ('SHELL', '/bin/bash'), ('LC_NAME', 'nb_NO.UTF-8'), ('QT_ACCESSIBILITY', '1'), ('GDMSESSION', 'ubuntu'), ('LESSCLOSE', '/usr/bin/lesspipe %s %s'), ('GTK_PATH_VSCODE_SNAP_ORIG', ''), ('GTK_IM_MODULE_FILE_VSCODE_SNAP_ORIG', ''), ('LC_MEASUREMENT', 'nb_NO.UTF-8'), ('GJS_DEBUG_OUTPUT', 'stderr'), ('LC_IDENTIFICATION', 'nb_NO.UTF-8'), ('VSCODE_GIT_ASKPASS_EXTRA_ARGS', '--ms-enable-electron-run-as-node'), ('QT_IM_MODULE', 'ibus'), ('PWD', '/home/ingejohan/Workspaces/build/udemy_ros2_pkg'), ('XDG_CONFIG_DIRS', '/etc/xdg/xdg-ubuntu:/etc/xdg'), ('XDG_DATA_DIRS', '/home/ingejohan/snap/code/140/.local/share:/home/ingejohan/snap/code/140:/snap/code/140/usr/share:/usr/share/ubuntu:/usr/local/share/:/usr/share/:/var/lib/snapd/desktop'), ('PYTHONPATH', '/home/ingejohan/ros2_ws/install/rover/lib/python3.10/site-packages:/home/ingejohan/ros2_ws/install/my_py_pkg/lib/python3.10/site-packages:/opt/ros/humble/lib/python3.10/site-packages:/opt/ros/humble/local/lib/python3.10/dist-packages'), ('LC_NUMERIC', 'nb_NO.UTF-8'), ('LC_PAPER', 'nb_NO.UTF-8'), ('COLCON', '1'), ('CMAKE_PREFIX_PATH', '/home/ingejohan/ros2_ws/install/my_cpp_pkg:/home/ingejohan/ros2_ws/install/rover:/home/ingejohan/ros2_ws/install/my_py_pkg:/opt/ros/humble')]), 'shell': False}
[7.132003] (udemy_ros2_pkg) StdoutLine: {'line': b'-- Install configuration: "RelWithDebInfo"\n'}
[7.132491] (udemy_ros2_pkg) StdoutLine: {'line': b'-- Execute custom install script\n'}
[7.132734] (udemy_ros2_pkg) StdoutLine: {'line': b'-- Up-to-date symlink: /home/ingejohan/Workspaces/install/udemy_ros2_pkg/lib/udemy_ros2_pkg/publisher\n'}
[7.132917] (udemy_ros2_pkg) StdoutLine: {'line': b'-- Up-to-date symlink: /home/ingejohan/Workspaces/install/udemy_ros2_pkg/share/ament_index/resource_index/package_run_dependencies/udemy_ros2_pkg\n'}
[7.133151] (udemy_ros2_pkg) StdoutLine: {'line': b'-- Up-to-date symlink: /home/ingejohan/Workspaces/install/udemy_ros2_pkg/share/ament_index/resource_index/parent_prefix_path/udemy_ros2_pkg\n'}
[7.133320] (udemy_ros2_pkg) StdoutLine: {'line': b'-- Up-to-date symlink: /home/ingejohan/Workspaces/install/udemy_ros2_pkg/share/udemy_ros2_pkg/environment/ament_prefix_path.sh\n'}
[7.133430] (udemy_ros2_pkg) StdoutLine: {'line': b'-- Up-to-date symlink: /home/ingejohan/Workspaces/install/udemy_ros2_pkg/share/udemy_ros2_pkg/environment/ament_prefix_path.dsv\n'}
[7.133521] (udemy_ros2_pkg) StdoutLine: {'line': b'-- Up-to-date symlink: /home/ingejohan/Workspaces/install/udemy_ros2_pkg/share/udemy_ros2_pkg/environment/path.sh\n'}
[7.133652] (udemy_ros2_pkg) StdoutLine: {'line': b'-- Up-to-date symlink: /home/ingejohan/Workspaces/install/udemy_ros2_pkg/share/udemy_ros2_pkg/environment/path.dsv\n'}
[7.133811] (udemy_ros2_pkg) StdoutLine: {'line': b'-- Up-to-date symlink: /home/ingejohan/Workspaces/install/udemy_ros2_pkg/share/udemy_ros2_pkg/local_setup.bash\n'}
[7.133957] (udemy_ros2_pkg) StdoutLine: {'line': b'-- Up-to-date symlink: /home/ingejohan/Workspaces/install/udemy_ros2_pkg/share/udemy_ros2_pkg/local_setup.sh\n'}
[7.134099] (udemy_ros2_pkg) StdoutLine: {'line': b'-- Up-to-date symlink: /home/ingejohan/Workspaces/install/udemy_ros2_pkg/share/udemy_ros2_pkg/local_setup.zsh\n'}
[7.134240] (udemy_ros2_pkg) StdoutLine: {'line': b'-- Up-to-date symlink: /home/ingejohan/Workspaces/install/udemy_ros2_pkg/share/udemy_ros2_pkg/local_setup.dsv\n'}
[7.134352] (udemy_ros2_pkg) StdoutLine: {'line': b'-- Symlinking: /home/ingejohan/Workspaces/install/udemy_ros2_pkg/share/udemy_ros2_pkg/package.dsv\n'}
[7.141550] (udemy_ros2_pkg) StdoutLine: {'line': b'-- Up-to-date symlink: /home/ingejohan/Workspaces/install/udemy_ros2_pkg/share/ament_index/resource_index/packages/udemy_ros2_pkg\n'}
[7.141729] (udemy_ros2_pkg) StdoutLine: {'line': b'-- Up-to-date symlink: /home/ingejohan/Workspaces/install/udemy_ros2_pkg/share/udemy_ros2_pkg/cmake/udemy_ros2_pkgConfig.cmake\n'}
[7.141891] (udemy_ros2_pkg) StdoutLine: {'line': b'-- Up-to-date symlink: /home/ingejohan/Workspaces/install/udemy_ros2_pkg/share/udemy_ros2_pkg/cmake/udemy_ros2_pkgConfig-version.cmake\n'}
[7.141995] (udemy_ros2_pkg) StdoutLine: {'line': b'-- Up-to-date symlink: /home/ingejohan/Workspaces/install/udemy_ros2_pkg/share/udemy_ros2_pkg/package.xml\n'}
[7.143170] (udemy_ros2_pkg) CommandEnded: {'returncode': 0}
[7.185365] (udemy_ros2_pkg) JobEnded: {'identifier': 'udemy_ros2_pkg', 'rc': 0}
[7.185722] (-) EventReactorShutdown: {}
