[0.961s] DEBUG:colcon:Command line arguments: ['/usr/bin/colcon', 'build']
[0.961s] DEBUG:colcon:Parsed command line arguments: Namespace(log_base=None, log_level=None, verb_name='build', build_base='build', install_base='install', merge_install=False, symlink_install=False, test_result_base=None, continue_on_error=False, executor='parallel', parallel_workers=16, event_handlers=None, ignore_user_meta=False, metas=['./colcon.meta'], base_paths=['.'], packages_ignore=None, packages_ignore_regex=None, paths=None, packages_up_to=None, packages_up_to_regex=None, packages_above=None, packages_above_and_dependencies=None, packages_above_depth=None, packages_select_by_dep=None, packages_skip_by_dep=None, packages_skip_up_to=None, packages_select_build_failed=False, packages_skip_build_finished=False, packages_select_test_failures=False, packages_skip_test_passed=False, packages_select=None, packages_skip=None, packages_select_regex=None, packages_skip_regex=None, packages_start=None, packages_end=None, allow_overriding=[], cmake_args=None, cmake_target=None, cmake_target_skip_unavailable=False, cmake_clean_cache=False, cmake_clean_first=False, cmake_force_configure=False, ament_cmake_args=None, catkin_cmake_args=None, catkin_skip_building_tests=False, verb_parser=<colcon_defaults.argument_parser.defaults.DefaultArgumentsDecorator object at 0x7f76e77856f0>, verb_extension=<colcon_core.verb.build.BuildVerb object at 0x7f76e77852a0>, main=<bound method BuildVerb.main of <colcon_core.verb.build.BuildVerb object at 0x7f76e77852a0>>)
[1.005s] Level 1:colcon.colcon_core.package_discovery:discover_packages(colcon_meta) check parameters
[1.005s] Level 1:colcon.colcon_core.package_discovery:discover_packages(recursive) check parameters
[1.006s] Level 1:colcon.colcon_core.package_discovery:discover_packages(ignore) check parameters
[1.006s] Level 1:colcon.colcon_core.package_discovery:discover_packages(path) check parameters
[1.006s] Level 1:colcon.colcon_core.package_discovery:discover_packages(colcon_meta) discover
[1.006s] Level 1:colcon.colcon_core.package_discovery:discover_packages(recursive) discover
[1.006s] INFO:colcon.colcon_core.package_discovery:Crawling recursively for packages in '/home/ingejohan/Workspaces'
[1.006s] Level 1:colcon.colcon_core.package_identification:_identify(.) by extensions ['ignore', 'ignore_ament_install']
[1.006s] Level 1:colcon.colcon_core.package_identification:_identify(.) by extension 'ignore'
[1.006s] Level 1:colcon.colcon_core.package_identification:_identify(.) by extension 'ignore_ament_install'
[1.006s] Level 1:colcon.colcon_core.package_identification:_identify(.) by extensions ['colcon_pkg']
[1.006s] Level 1:colcon.colcon_core.package_identification:_identify(.) by extension 'colcon_pkg'
[1.006s] Level 1:colcon.colcon_core.package_identification:_identify(.) by extensions ['colcon_meta']
[1.006s] Level 1:colcon.colcon_core.package_identification:_identify(.) by extension 'colcon_meta'
[1.006s] Level 1:colcon.colcon_core.package_identification:_identify(.) by extensions ['ros']
[1.006s] Level 1:colcon.colcon_core.package_identification:_identify(.) by extension 'ros'
[1.016s] Level 1:colcon.colcon_core.package_identification:_identify(.) by extensions ['cmake', 'python']
[1.016s] Level 1:colcon.colcon_core.package_identification:_identify(.) by extension 'cmake'
[1.016s] Level 1:colcon.colcon_core.package_identification:_identify(.) by extension 'python'
[1.016s] Level 1:colcon.colcon_core.package_identification:_identify(.) by extensions ['python_setup_py']
[1.016s] Level 1:colcon.colcon_core.package_identification:_identify(.) by extension 'python_setup_py'
[1.016s] Level 1:colcon.colcon_core.package_identification:_identify(build) by extensions ['ignore', 'ignore_ament_install']
[1.016s] Level 1:colcon.colcon_core.package_identification:_identify(build) by extension 'ignore'
[1.016s] Level 1:colcon.colcon_core.package_identification:_identify(build) ignored
[1.016s] Level 1:colcon.colcon_core.package_identification:_identify(install) by extensions ['ignore', 'ignore_ament_install']
[1.017s] Level 1:colcon.colcon_core.package_identification:_identify(install) by extension 'ignore'
[1.017s] Level 1:colcon.colcon_core.package_identification:_identify(install) ignored
[1.017s] Level 1:colcon.colcon_core.package_identification:_identify(log) by extensions ['ignore', 'ignore_ament_install']
[1.017s] Level 1:colcon.colcon_core.package_identification:_identify(log) by extension 'ignore'
[1.017s] Level 1:colcon.colcon_core.package_identification:_identify(log) ignored
[1.017s] Level 1:colcon.colcon_core.package_identification:_identify(ros2_cpp_ws) by extensions ['ignore', 'ignore_ament_install']
[1.017s] Level 1:colcon.colcon_core.package_identification:_identify(ros2_cpp_ws) by extension 'ignore'
[1.017s] Level 1:colcon.colcon_core.package_identification:_identify(ros2_cpp_ws) by extension 'ignore_ament_install'
[1.017s] Level 1:colcon.colcon_core.package_identification:_identify(ros2_cpp_ws) by extensions ['colcon_pkg']
[1.017s] Level 1:colcon.colcon_core.package_identification:_identify(ros2_cpp_ws) by extension 'colcon_pkg'
[1.017s] Level 1:colcon.colcon_core.package_identification:_identify(ros2_cpp_ws) by extensions ['colcon_meta']
[1.017s] Level 1:colcon.colcon_core.package_identification:_identify(ros2_cpp_ws) by extension 'colcon_meta'
[1.017s] Level 1:colcon.colcon_core.package_identification:_identify(ros2_cpp_ws) by extensions ['ros']
[1.017s] Level 1:colcon.colcon_core.package_identification:_identify(ros2_cpp_ws) by extension 'ros'
[1.017s] Level 1:colcon.colcon_core.package_identification:_identify(ros2_cpp_ws) by extensions ['cmake', 'python']
[1.017s] Level 1:colcon.colcon_core.package_identification:_identify(ros2_cpp_ws) by extension 'cmake'
[1.017s] Level 1:colcon.colcon_core.package_identification:_identify(ros2_cpp_ws) by extension 'python'
[1.017s] Level 1:colcon.colcon_core.package_identification:_identify(ros2_cpp_ws) by extensions ['python_setup_py']
[1.018s] Level 1:colcon.colcon_core.package_identification:_identify(ros2_cpp_ws) by extension 'python_setup_py'
[1.018s] Level 1:colcon.colcon_core.package_identification:_identify(ros2_cpp_ws/build) by extensions ['ignore', 'ignore_ament_install']
[1.018s] Level 1:colcon.colcon_core.package_identification:_identify(ros2_cpp_ws/build) by extension 'ignore'
[1.018s] Level 1:colcon.colcon_core.package_identification:_identify(ros2_cpp_ws/build) ignored
[1.018s] Level 1:colcon.colcon_core.package_identification:_identify(ros2_cpp_ws/install) by extensions ['ignore', 'ignore_ament_install']
[1.018s] Level 1:colcon.colcon_core.package_identification:_identify(ros2_cpp_ws/install) by extension 'ignore'
[1.018s] Level 1:colcon.colcon_core.package_identification:_identify(ros2_cpp_ws/install) ignored
[1.018s] Level 1:colcon.colcon_core.package_identification:_identify(ros2_cpp_ws/log) by extensions ['ignore', 'ignore_ament_install']
[1.018s] Level 1:colcon.colcon_core.package_identification:_identify(ros2_cpp_ws/log) by extension 'ignore'
[1.018s] Level 1:colcon.colcon_core.package_identification:_identify(ros2_cpp_ws/log) ignored
[1.018s] Level 1:colcon.colcon_core.package_identification:_identify(ros2_cpp_ws/src) by extensions ['ignore', 'ignore_ament_install']
[1.018s] Level 1:colcon.colcon_core.package_identification:_identify(ros2_cpp_ws/src) by extension 'ignore'
[1.018s] Level 1:colcon.colcon_core.package_identification:_identify(ros2_cpp_ws/src) by extension 'ignore_ament_install'
[1.018s] Level 1:colcon.colcon_core.package_identification:_identify(ros2_cpp_ws/src) by extensions ['colcon_pkg']
[1.019s] Level 1:colcon.colcon_core.package_identification:_identify(ros2_cpp_ws/src) by extension 'colcon_pkg'
[1.019s] Level 1:colcon.colcon_core.package_identification:_identify(ros2_cpp_ws/src) by extensions ['colcon_meta']
[1.019s] Level 1:colcon.colcon_core.package_identification:_identify(ros2_cpp_ws/src) by extension 'colcon_meta'
[1.019s] Level 1:colcon.colcon_core.package_identification:_identify(ros2_cpp_ws/src) by extensions ['ros']
[1.019s] Level 1:colcon.colcon_core.package_identification:_identify(ros2_cpp_ws/src) by extension 'ros'
[1.019s] Level 1:colcon.colcon_core.package_identification:_identify(ros2_cpp_ws/src) by extensions ['cmake', 'python']
[1.019s] Level 1:colcon.colcon_core.package_identification:_identify(ros2_cpp_ws/src) by extension 'cmake'
[1.019s] Level 1:colcon.colcon_core.package_identification:_identify(ros2_cpp_ws/src) by extension 'python'
[1.019s] Level 1:colcon.colcon_core.package_identification:_identify(ros2_cpp_ws/src) by extensions ['python_setup_py']
[1.019s] Level 1:colcon.colcon_core.package_identification:_identify(ros2_cpp_ws/src) by extension 'python_setup_py'
[1.019s] Level 1:colcon.colcon_core.package_identification:_identify(ros2_cpp_ws/src/rc_car) by extensions ['ignore', 'ignore_ament_install']
[1.019s] Level 1:colcon.colcon_core.package_identification:_identify(ros2_cpp_ws/src/rc_car) by extension 'ignore'
[1.019s] Level 1:colcon.colcon_core.package_identification:_identify(ros2_cpp_ws/src/rc_car) by extension 'ignore_ament_install'
[1.019s] Level 1:colcon.colcon_core.package_identification:_identify(ros2_cpp_ws/src/rc_car) by extensions ['colcon_pkg']
[1.019s] Level 1:colcon.colcon_core.package_identification:_identify(ros2_cpp_ws/src/rc_car) by extension 'colcon_pkg'
[1.019s] Level 1:colcon.colcon_core.package_identification:_identify(ros2_cpp_ws/src/rc_car) by extensions ['colcon_meta']
[1.019s] Level 1:colcon.colcon_core.package_identification:_identify(ros2_cpp_ws/src/rc_car) by extension 'colcon_meta'
[1.019s] Level 1:colcon.colcon_core.package_identification:_identify(ros2_cpp_ws/src/rc_car) by extensions ['ros']
[1.019s] Level 1:colcon.colcon_core.package_identification:_identify(ros2_cpp_ws/src/rc_car) by extension 'ros'
[1.022s] DEBUG:colcon.colcon_core.package_identification:Package 'ros2_cpp_ws/src/rc_car' with type 'ros.ament_cmake' and name 'udemy_ros2_pkg'
[1.022s] Level 1:colcon.colcon_core.package_identification:_identify(ros2_cpp_ws/src/udemy_ros2_pkg) by extensions ['ignore', 'ignore_ament_install']
[1.022s] Level 1:colcon.colcon_core.package_identification:_identify(ros2_cpp_ws/src/udemy_ros2_pkg) by extension 'ignore'
[1.022s] Level 1:colcon.colcon_core.package_identification:_identify(ros2_cpp_ws/src/udemy_ros2_pkg) by extension 'ignore_ament_install'
[1.022s] Level 1:colcon.colcon_core.package_identification:_identify(ros2_cpp_ws/src/udemy_ros2_pkg) by extensions ['colcon_pkg']
[1.022s] Level 1:colcon.colcon_core.package_identification:_identify(ros2_cpp_ws/src/udemy_ros2_pkg) by extension 'colcon_pkg'
[1.022s] Level 1:colcon.colcon_core.package_identification:_identify(ros2_cpp_ws/src/udemy_ros2_pkg) by extensions ['colcon_meta']
[1.022s] Level 1:colcon.colcon_core.package_identification:_identify(ros2_cpp_ws/src/udemy_ros2_pkg) by extension 'colcon_meta'
[1.023s] Level 1:colcon.colcon_core.package_identification:_identify(ros2_cpp_ws/src/udemy_ros2_pkg) by extensions ['ros']
[1.023s] Level 1:colcon.colcon_core.package_identification:_identify(ros2_cpp_ws/src/udemy_ros2_pkg) by extension 'ros'
[1.024s] DEBUG:colcon.colcon_core.package_identification:Package 'ros2_cpp_ws/src/udemy_ros2_pkg' with type 'ros.ament_cmake' and name 'udemy_ros2_pkg'
[1.024s] Level 1:colcon.colcon_core.package_discovery:discover_packages(recursive) using defaults
[1.024s] Level 1:colcon.colcon_core.package_discovery:discover_packages(ignore) discover
[1.024s] Level 1:colcon.colcon_core.package_discovery:discover_packages(ignore) using defaults
[1.024s] Level 1:colcon.colcon_core.package_discovery:discover_packages(path) discover
[1.024s] Level 1:colcon.colcon_core.package_discovery:discover_packages(path) using defaults
[1.110s] Level 1:colcon.colcon_core.package_discovery:discover_packages(prefix_path) check parameters
[1.110s] Level 1:colcon.colcon_core.package_discovery:discover_packages(prefix_path) discover
[1.138s] DEBUG:colcon.colcon_installed_package_information.package_discovery:Found 1 installed packages in /home/ingejohan/Workspaces/ros2_cpp_ws/install
[1.151s] DEBUG:colcon.colcon_installed_package_information.package_discovery:Found 3 installed packages in /home/ingejohan/ros2_ws/install
[1.166s] DEBUG:colcon.colcon_installed_package_information.package_discovery:Found 293 installed packages in /opt/ros/humble
[1.167s] Level 1:colcon.colcon_core.package_discovery:discover_packages(prefix_path) using defaults
[1.242s] ERROR:colcon:colcon build: Duplicate package names not supported:
- udemy_ros2_pkg:
  - ros2_cpp_ws/src/rc_car
  - ros2_cpp_ws/src/udemy_ros2_pkg
