[0.229s] Invoking command in '/home/ingejohan/Workspaces/ros2_cpp_ws/build/udemy_ros2_pkg': CMAKE_PREFIX_PATH=${CMAKE_PREFIX_PATH}:/home/ingejohan/ros2_ws/install/rover:/home/ingejohan/ros2_ws/install/my_py_pkg:/opt/ros/humble /usr/bin/cmake --build /home/ingejohan/Workspaces/ros2_cpp_ws/build/udemy_ros2_pkg -- -j16 -l16
[0.338s] [  1%] Built target udemy_ros2_pkg__cpp
[0.342s] [  8%] Built target udemy_ros2_pkg__rosidl_generator_c
[0.350s] [ 11%] Built target subscriber
[0.351s] [ 14%] Built target publisher
[0.352s] [ 20%] Built target speed_calc
[0.352s] [ 20%] Built target rpm_pub
[0.369s] [ 20%] Built target ament_cmake_python_copy_udemy_ros2_pkg
[0.400s] [ 28%] Built target udemy_ros2_pkg__rosidl_typesupport_cpp
[0.403s] [ 35%] Built target udemy_ros2_pkg__rosidl_typesupport_introspection_c
[0.407s] [ 43%] Built target udemy_ros2_pkg__rosidl_typesupport_fastrtps_cpp
[0.410s] [ 50%] Built target udemy_ros2_pkg__rosidl_typesupport_c
[0.412s] [ 58%] Built target udemy_ros2_pkg__rosidl_typesupport_introspection_cpp
[0.427s] [ 65%] Built target udemy_ros2_pkg__rosidl_typesupport_fastrtps_c
[0.468s] [ 68%] Built target service_server
[0.470s] [ 71%] Built target turn_camera_service
[0.473s] [ 74%] Built target service_client
[0.478s] [ 79%] Built target turn_camera_client
[0.479s] [ 80%] Built target action_server
[0.485s] [ 83%] Built target action_client
[0.485s] [ 83%] Built target udemy_ros2_pkg
[0.535s] [ 85%] Built target udemy_ros2_pkg__py
[0.585s] [ 91%] Built target udemy_ros2_pkg__rosidl_generator_py
[0.638s] [ 94%] Built target udemy_ros2_pkg__rosidl_typesupport_introspection_c__pyext
[0.638s] [ 97%] Built target udemy_ros2_pkg__rosidl_typesupport_c__pyext
[0.639s] [100%] Built target udemy_ros2_pkg__rosidl_typesupport_fastrtps_c__pyext
[1.167s] running egg_info
[1.169s] writing udemy_ros2_pkg.egg-info/PKG-INFO
[1.169s] writing dependency_links to udemy_ros2_pkg.egg-info/dependency_links.txt
[1.170s] writing top-level names to udemy_ros2_pkg.egg-info/top_level.txt
[1.175s] reading manifest file 'udemy_ros2_pkg.egg-info/SOURCES.txt'
[1.177s] writing manifest file 'udemy_ros2_pkg.egg-info/SOURCES.txt'
[1.232s] [100%] Built target ament_cmake_python_build_udemy_ros2_pkg_egg
[1.258s] Invoked command in '/home/ingejohan/Workspaces/ros2_cpp_ws/build/udemy_ros2_pkg' returned '0': CMAKE_PREFIX_PATH=${CMAKE_PREFIX_PATH}:/home/ingejohan/ros2_ws/install/rover:/home/ingejohan/ros2_ws/install/my_py_pkg:/opt/ros/humble /usr/bin/cmake --build /home/ingejohan/Workspaces/ros2_cpp_ws/build/udemy_ros2_pkg -- -j16 -l16
[1.532s] Invoking command in '/home/ingejohan/Workspaces/ros2_cpp_ws/build/udemy_ros2_pkg': CMAKE_PREFIX_PATH=${CMAKE_PREFIX_PATH}:/home/ingejohan/ros2_ws/install/rover:/home/ingejohan/ros2_ws/install/my_py_pkg:/opt/ros/humble /usr/bin/cmake --install /home/ingejohan/Workspaces/ros2_cpp_ws/build/udemy_ros2_pkg
[1.550s] -- Install configuration: ""
[1.551s] -- Up-to-date: /home/ingejohan/Workspaces/ros2_cpp_ws/install/udemy_ros2_pkg/share/ament_index/resource_index/rosidl_interfaces/udemy_ros2_pkg
[1.551s] -- Up-to-date: /home/ingejohan/Workspaces/ros2_cpp_ws/install/udemy_ros2_pkg/include/udemy_ros2_pkg/udemy_ros2_pkg
[1.551s] -- Up-to-date: /home/ingejohan/Workspaces/ros2_cpp_ws/install/udemy_ros2_pkg/include/udemy_ros2_pkg/udemy_ros2_pkg/action
[1.552s] -- Up-to-date: /home/ingejohan/Workspaces/ros2_cpp_ws/install/udemy_ros2_pkg/include/udemy_ros2_pkg/udemy_ros2_pkg/action/navigate.h
[1.552s] -- Up-to-date: /home/ingejohan/Workspaces/ros2_cpp_ws/install/udemy_ros2_pkg/include/udemy_ros2_pkg/udemy_ros2_pkg/action/detail
[1.552s] -- Up-to-date: /home/ingejohan/Workspaces/ros2_cpp_ws/install/udemy_ros2_pkg/include/udemy_ros2_pkg/udemy_ros2_pkg/action/detail/navigate__struct.h
[1.553s] -- Up-to-date: /home/ingejohan/Workspaces/ros2_cpp_ws/install/udemy_ros2_pkg/include/udemy_ros2_pkg/udemy_ros2_pkg/action/detail/navigate__functions.h
[1.553s] -- Up-to-date: /home/ingejohan/Workspaces/ros2_cpp_ws/install/udemy_ros2_pkg/include/udemy_ros2_pkg/udemy_ros2_pkg/action/detail/navigate__type_support.h
[1.553s] -- Up-to-date: /home/ingejohan/Workspaces/ros2_cpp_ws/install/udemy_ros2_pkg/include/udemy_ros2_pkg/udemy_ros2_pkg/action/detail/navigate__functions.c
[1.554s] -- Up-to-date: /home/ingejohan/Workspaces/ros2_cpp_ws/install/udemy_ros2_pkg/include/udemy_ros2_pkg/udemy_ros2_pkg/srv
[1.554s] -- Up-to-date: /home/ingejohan/Workspaces/ros2_cpp_ws/install/udemy_ros2_pkg/include/udemy_ros2_pkg/udemy_ros2_pkg/srv/odd_even_check.h
[1.554s] -- Up-to-date: /home/ingejohan/Workspaces/ros2_cpp_ws/install/udemy_ros2_pkg/include/udemy_ros2_pkg/udemy_ros2_pkg/srv/turn_camera.h
[1.554s] -- Up-to-date: /home/ingejohan/Workspaces/ros2_cpp_ws/install/udemy_ros2_pkg/include/udemy_ros2_pkg/udemy_ros2_pkg/srv/detail
[1.554s] -- Up-to-date: /home/ingejohan/Workspaces/ros2_cpp_ws/install/udemy_ros2_pkg/include/udemy_ros2_pkg/udemy_ros2_pkg/srv/detail/odd_even_check__type_support.h
[1.555s] -- Up-to-date: /home/ingejohan/Workspaces/ros2_cpp_ws/install/udemy_ros2_pkg/include/udemy_ros2_pkg/udemy_ros2_pkg/srv/detail/turn_camera__functions.c
[1.555s] -- Up-to-date: /home/ingejohan/Workspaces/ros2_cpp_ws/install/udemy_ros2_pkg/include/udemy_ros2_pkg/udemy_ros2_pkg/srv/detail/turn_camera__type_support.h
[1.555s] -- Up-to-date: /home/ingejohan/Workspaces/ros2_cpp_ws/install/udemy_ros2_pkg/include/udemy_ros2_pkg/udemy_ros2_pkg/srv/detail/odd_even_check__struct.h
[1.556s] -- Up-to-date: /home/ingejohan/Workspaces/ros2_cpp_ws/install/udemy_ros2_pkg/include/udemy_ros2_pkg/udemy_ros2_pkg/srv/detail/turn_camera__functions.h
[1.556s] -- Up-to-date: /home/ingejohan/Workspaces/ros2_cpp_ws/install/udemy_ros2_pkg/include/udemy_ros2_pkg/udemy_ros2_pkg/srv/detail/turn_camera__struct.h
[1.556s] -- Up-to-date: /home/ingejohan/Workspaces/ros2_cpp_ws/install/udemy_ros2_pkg/include/udemy_ros2_pkg/udemy_ros2_pkg/srv/detail/odd_even_check__functions.c
[1.556s] -- Up-to-date: /home/ingejohan/Workspaces/ros2_cpp_ws/install/udemy_ros2_pkg/include/udemy_ros2_pkg/udemy_ros2_pkg/srv/detail/odd_even_check__functions.h
[1.557s] -- Up-to-date: /home/ingejohan/Workspaces/ros2_cpp_ws/install/udemy_ros2_pkg/include/udemy_ros2_pkg/udemy_ros2_pkg/msg
[1.557s] -- Up-to-date: /home/ingejohan/Workspaces/ros2_cpp_ws/install/udemy_ros2_pkg/include/udemy_ros2_pkg/udemy_ros2_pkg/msg/rosidl_generator_c__visibility_control.h
[1.557s] -- Up-to-date: /home/ingejohan/Workspaces/ros2_cpp_ws/install/udemy_ros2_pkg/share/udemy_ros2_pkg/environment/library_path.sh
[1.557s] -- Up-to-date: /home/ingejohan/Workspaces/ros2_cpp_ws/install/udemy_ros2_pkg/share/udemy_ros2_pkg/environment/library_path.dsv
[1.558s] -- Up-to-date: /home/ingejohan/Workspaces/ros2_cpp_ws/install/udemy_ros2_pkg/lib/libudemy_ros2_pkg__rosidl_generator_c.so
[1.558s] -- Up-to-date: /home/ingejohan/Workspaces/ros2_cpp_ws/install/udemy_ros2_pkg/include/udemy_ros2_pkg/udemy_ros2_pkg
[1.558s] -- Up-to-date: /home/ingejohan/Workspaces/ros2_cpp_ws/install/udemy_ros2_pkg/include/udemy_ros2_pkg/udemy_ros2_pkg/action
[1.558s] -- Up-to-date: /home/ingejohan/Workspaces/ros2_cpp_ws/install/udemy_ros2_pkg/include/udemy_ros2_pkg/udemy_ros2_pkg/action/detail
[1.559s] -- Up-to-date: /home/ingejohan/Workspaces/ros2_cpp_ws/install/udemy_ros2_pkg/include/udemy_ros2_pkg/udemy_ros2_pkg/action/detail/navigate__rosidl_typesupport_fastrtps_c.h
[1.559s] -- Up-to-date: /home/ingejohan/Workspaces/ros2_cpp_ws/install/udemy_ros2_pkg/include/udemy_ros2_pkg/udemy_ros2_pkg/srv
[1.559s] -- Up-to-date: /home/ingejohan/Workspaces/ros2_cpp_ws/install/udemy_ros2_pkg/include/udemy_ros2_pkg/udemy_ros2_pkg/srv/detail
[1.559s] -- Up-to-date: /home/ingejohan/Workspaces/ros2_cpp_ws/install/udemy_ros2_pkg/include/udemy_ros2_pkg/udemy_ros2_pkg/srv/detail/turn_camera__rosidl_typesupport_fastrtps_c.h
[1.560s] -- Up-to-date: /home/ingejohan/Workspaces/ros2_cpp_ws/install/udemy_ros2_pkg/include/udemy_ros2_pkg/udemy_ros2_pkg/srv/detail/odd_even_check__rosidl_typesupport_fastrtps_c.h
[1.560s] -- Up-to-date: /home/ingejohan/Workspaces/ros2_cpp_ws/install/udemy_ros2_pkg/include/udemy_ros2_pkg/udemy_ros2_pkg/msg
[1.560s] -- Up-to-date: /home/ingejohan/Workspaces/ros2_cpp_ws/install/udemy_ros2_pkg/include/udemy_ros2_pkg/udemy_ros2_pkg/msg/rosidl_typesupport_fastrtps_c__visibility_control.h
[1.560s] -- Up-to-date: /home/ingejohan/Workspaces/ros2_cpp_ws/install/udemy_ros2_pkg/lib/libudemy_ros2_pkg__rosidl_typesupport_fastrtps_c.so
[1.561s] -- Up-to-date: /home/ingejohan/Workspaces/ros2_cpp_ws/install/udemy_ros2_pkg/include/udemy_ros2_pkg/udemy_ros2_pkg
[1.561s] -- Up-to-date: /home/ingejohan/Workspaces/ros2_cpp_ws/install/udemy_ros2_pkg/include/udemy_ros2_pkg/udemy_ros2_pkg/action
[1.561s] -- Up-to-date: /home/ingejohan/Workspaces/ros2_cpp_ws/install/udemy_ros2_pkg/include/udemy_ros2_pkg/udemy_ros2_pkg/action/navigate.hpp
[1.561s] -- Up-to-date: /home/ingejohan/Workspaces/ros2_cpp_ws/install/udemy_ros2_pkg/include/udemy_ros2_pkg/udemy_ros2_pkg/action/detail
[1.562s] -- Up-to-date: /home/ingejohan/Workspaces/ros2_cpp_ws/install/udemy_ros2_pkg/include/udemy_ros2_pkg/udemy_ros2_pkg/action/detail/navigate__builder.hpp
[1.562s] -- Up-to-date: /home/ingejohan/Workspaces/ros2_cpp_ws/install/udemy_ros2_pkg/include/udemy_ros2_pkg/udemy_ros2_pkg/action/detail/navigate__struct.hpp
[1.562s] -- Up-to-date: /home/ingejohan/Workspaces/ros2_cpp_ws/install/udemy_ros2_pkg/include/udemy_ros2_pkg/udemy_ros2_pkg/action/detail/navigate__traits.hpp
[1.562s] -- Up-to-date: /home/ingejohan/Workspaces/ros2_cpp_ws/install/udemy_ros2_pkg/include/udemy_ros2_pkg/udemy_ros2_pkg/srv
[1.562s] -- Up-to-date: /home/ingejohan/Workspaces/ros2_cpp_ws/install/udemy_ros2_pkg/include/udemy_ros2_pkg/udemy_ros2_pkg/srv/turn_camera.hpp
[1.563s] -- Up-to-date: /home/ingejohan/Workspaces/ros2_cpp_ws/install/udemy_ros2_pkg/include/udemy_ros2_pkg/udemy_ros2_pkg/srv/odd_even_check.hpp
[1.563s] -- Up-to-date: /home/ingejohan/Workspaces/ros2_cpp_ws/install/udemy_ros2_pkg/include/udemy_ros2_pkg/udemy_ros2_pkg/srv/detail
[1.564s] -- Up-to-date: /home/ingejohan/Workspaces/ros2_cpp_ws/install/udemy_ros2_pkg/include/udemy_ros2_pkg/udemy_ros2_pkg/srv/detail/odd_even_check__struct.hpp
[1.564s] -- Up-to-date: /home/ingejohan/Workspaces/ros2_cpp_ws/install/udemy_ros2_pkg/include/udemy_ros2_pkg/udemy_ros2_pkg/srv/detail/odd_even_check__traits.hpp
[1.564s] -- Up-to-date: /home/ingejohan/Workspaces/ros2_cpp_ws/install/udemy_ros2_pkg/include/udemy_ros2_pkg/udemy_ros2_pkg/srv/detail/odd_even_check__builder.hpp
[1.564s] -- Up-to-date: /home/ingejohan/Workspaces/ros2_cpp_ws/install/udemy_ros2_pkg/include/udemy_ros2_pkg/udemy_ros2_pkg/srv/detail/turn_camera__builder.hpp
[1.564s] -- Up-to-date: /home/ingejohan/Workspaces/ros2_cpp_ws/install/udemy_ros2_pkg/include/udemy_ros2_pkg/udemy_ros2_pkg/srv/detail/turn_camera__struct.hpp
[1.565s] -- Up-to-date: /home/ingejohan/Workspaces/ros2_cpp_ws/install/udemy_ros2_pkg/include/udemy_ros2_pkg/udemy_ros2_pkg/srv/detail/turn_camera__traits.hpp
[1.565s] -- Up-to-date: /home/ingejohan/Workspaces/ros2_cpp_ws/install/udemy_ros2_pkg/include/udemy_ros2_pkg/udemy_ros2_pkg
[1.565s] -- Up-to-date: /home/ingejohan/Workspaces/ros2_cpp_ws/install/udemy_ros2_pkg/include/udemy_ros2_pkg/udemy_ros2_pkg/action
[1.565s] -- Up-to-date: /home/ingejohan/Workspaces/ros2_cpp_ws/install/udemy_ros2_pkg/include/udemy_ros2_pkg/udemy_ros2_pkg/action/detail
[1.565s] -- Up-to-date: /home/ingejohan/Workspaces/ros2_cpp_ws/install/udemy_ros2_pkg/include/udemy_ros2_pkg/udemy_ros2_pkg/action/detail/navigate__rosidl_typesupport_fastrtps_cpp.hpp
[1.566s] -- Up-to-date: /home/ingejohan/Workspaces/ros2_cpp_ws/install/udemy_ros2_pkg/include/udemy_ros2_pkg/udemy_ros2_pkg/action/detail/dds_fastrtps
[1.566s] -- Up-to-date: /home/ingejohan/Workspaces/ros2_cpp_ws/install/udemy_ros2_pkg/include/udemy_ros2_pkg/udemy_ros2_pkg/srv
[1.566s] -- Up-to-date: /home/ingejohan/Workspaces/ros2_cpp_ws/install/udemy_ros2_pkg/include/udemy_ros2_pkg/udemy_ros2_pkg/srv/detail
[1.566s] -- Up-to-date: /home/ingejohan/Workspaces/ros2_cpp_ws/install/udemy_ros2_pkg/include/udemy_ros2_pkg/udemy_ros2_pkg/srv/detail/odd_even_check__rosidl_typesupport_fastrtps_cpp.hpp
[1.566s] -- Up-to-date: /home/ingejohan/Workspaces/ros2_cpp_ws/install/udemy_ros2_pkg/include/udemy_ros2_pkg/udemy_ros2_pkg/srv/detail/turn_camera__rosidl_typesupport_fastrtps_cpp.hpp
[1.567s] -- Up-to-date: /home/ingejohan/Workspaces/ros2_cpp_ws/install/udemy_ros2_pkg/include/udemy_ros2_pkg/udemy_ros2_pkg/srv/detail/dds_fastrtps
[1.567s] -- Up-to-date: /home/ingejohan/Workspaces/ros2_cpp_ws/install/udemy_ros2_pkg/include/udemy_ros2_pkg/udemy_ros2_pkg/msg
[1.567s] -- Up-to-date: /home/ingejohan/Workspaces/ros2_cpp_ws/install/udemy_ros2_pkg/include/udemy_ros2_pkg/udemy_ros2_pkg/msg/rosidl_typesupport_fastrtps_cpp__visibility_control.h
[1.567s] -- Up-to-date: /home/ingejohan/Workspaces/ros2_cpp_ws/install/udemy_ros2_pkg/lib/libudemy_ros2_pkg__rosidl_typesupport_fastrtps_cpp.so
[1.567s] -- Up-to-date: /home/ingejohan/Workspaces/ros2_cpp_ws/install/udemy_ros2_pkg/include/udemy_ros2_pkg/udemy_ros2_pkg
[1.568s] -- Up-to-date: /home/ingejohan/Workspaces/ros2_cpp_ws/install/udemy_ros2_pkg/include/udemy_ros2_pkg/udemy_ros2_pkg/action
[1.568s] -- Up-to-date: /home/ingejohan/Workspaces/ros2_cpp_ws/install/udemy_ros2_pkg/include/udemy_ros2_pkg/udemy_ros2_pkg/action/detail
[1.568s] -- Up-to-date: /home/ingejohan/Workspaces/ros2_cpp_ws/install/udemy_ros2_pkg/include/udemy_ros2_pkg/udemy_ros2_pkg/action/detail/navigate__type_support.c
[1.568s] -- Up-to-date: /home/ingejohan/Workspaces/ros2_cpp_ws/install/udemy_ros2_pkg/include/udemy_ros2_pkg/udemy_ros2_pkg/action/detail/navigate__rosidl_typesupport_introspection_c.h
[1.568s] -- Up-to-date: /home/ingejohan/Workspaces/ros2_cpp_ws/install/udemy_ros2_pkg/include/udemy_ros2_pkg/udemy_ros2_pkg/srv
[1.569s] -- Up-to-date: /home/ingejohan/Workspaces/ros2_cpp_ws/install/udemy_ros2_pkg/include/udemy_ros2_pkg/udemy_ros2_pkg/srv/detail
[1.569s] -- Up-to-date: /home/ingejohan/Workspaces/ros2_cpp_ws/install/udemy_ros2_pkg/include/udemy_ros2_pkg/udemy_ros2_pkg/srv/detail/odd_even_check__rosidl_typesupport_introspection_c.h
[1.569s] -- Up-to-date: /home/ingejohan/Workspaces/ros2_cpp_ws/install/udemy_ros2_pkg/include/udemy_ros2_pkg/udemy_ros2_pkg/srv/detail/turn_camera__type_support.c
[1.569s] -- Up-to-date: /home/ingejohan/Workspaces/ros2_cpp_ws/install/udemy_ros2_pkg/include/udemy_ros2_pkg/udemy_ros2_pkg/srv/detail/odd_even_check__type_support.c
[1.569s] -- Up-to-date: /home/ingejohan/Workspaces/ros2_cpp_ws/install/udemy_ros2_pkg/include/udemy_ros2_pkg/udemy_ros2_pkg/srv/detail/turn_camera__rosidl_typesupport_introspection_c.h
[1.570s] -- Up-to-date: /home/ingejohan/Workspaces/ros2_cpp_ws/install/udemy_ros2_pkg/include/udemy_ros2_pkg/udemy_ros2_pkg/msg
[1.570s] -- Up-to-date: /home/ingejohan/Workspaces/ros2_cpp_ws/install/udemy_ros2_pkg/include/udemy_ros2_pkg/udemy_ros2_pkg/msg/rosidl_typesupport_introspection_c__visibility_control.h
[1.570s] -- Up-to-date: /home/ingejohan/Workspaces/ros2_cpp_ws/install/udemy_ros2_pkg/lib/libudemy_ros2_pkg__rosidl_typesupport_introspection_c.so
[1.570s] -- Up-to-date: /home/ingejohan/Workspaces/ros2_cpp_ws/install/udemy_ros2_pkg/lib/libudemy_ros2_pkg__rosidl_typesupport_c.so
[1.570s] -- Up-to-date: /home/ingejohan/Workspaces/ros2_cpp_ws/install/udemy_ros2_pkg/include/udemy_ros2_pkg/udemy_ros2_pkg
[1.571s] -- Up-to-date: /home/ingejohan/Workspaces/ros2_cpp_ws/install/udemy_ros2_pkg/include/udemy_ros2_pkg/udemy_ros2_pkg/action
[1.571s] -- Up-to-date: /home/ingejohan/Workspaces/ros2_cpp_ws/install/udemy_ros2_pkg/include/udemy_ros2_pkg/udemy_ros2_pkg/action/detail
[1.571s] -- Up-to-date: /home/ingejohan/Workspaces/ros2_cpp_ws/install/udemy_ros2_pkg/include/udemy_ros2_pkg/udemy_ros2_pkg/action/detail/navigate__rosidl_typesupport_introspection_cpp.hpp
[1.571s] -- Up-to-date: /home/ingejohan/Workspaces/ros2_cpp_ws/install/udemy_ros2_pkg/include/udemy_ros2_pkg/udemy_ros2_pkg/action/detail/navigate__type_support.cpp
[1.571s] -- Up-to-date: /home/ingejohan/Workspaces/ros2_cpp_ws/install/udemy_ros2_pkg/include/udemy_ros2_pkg/udemy_ros2_pkg/srv
[1.572s] -- Up-to-date: /home/ingejohan/Workspaces/ros2_cpp_ws/install/udemy_ros2_pkg/include/udemy_ros2_pkg/udemy_ros2_pkg/srv/detail
[1.572s] -- Up-to-date: /home/ingejohan/Workspaces/ros2_cpp_ws/install/udemy_ros2_pkg/include/udemy_ros2_pkg/udemy_ros2_pkg/srv/detail/turn_camera__rosidl_typesupport_introspection_cpp.hpp
[1.572s] -- Up-to-date: /home/ingejohan/Workspaces/ros2_cpp_ws/install/udemy_ros2_pkg/include/udemy_ros2_pkg/udemy_ros2_pkg/srv/detail/odd_even_check__type_support.cpp
[1.572s] -- Up-to-date: /home/ingejohan/Workspaces/ros2_cpp_ws/install/udemy_ros2_pkg/include/udemy_ros2_pkg/udemy_ros2_pkg/srv/detail/odd_even_check__rosidl_typesupport_introspection_cpp.hpp
[1.572s] -- Up-to-date: /home/ingejohan/Workspaces/ros2_cpp_ws/install/udemy_ros2_pkg/include/udemy_ros2_pkg/udemy_ros2_pkg/srv/detail/turn_camera__type_support.cpp
[1.573s] -- Up-to-date: /home/ingejohan/Workspaces/ros2_cpp_ws/install/udemy_ros2_pkg/lib/libudemy_ros2_pkg__rosidl_typesupport_introspection_cpp.so
[1.573s] -- Up-to-date: /home/ingejohan/Workspaces/ros2_cpp_ws/install/udemy_ros2_pkg/lib/libudemy_ros2_pkg__rosidl_typesupport_cpp.so
[1.573s] -- Up-to-date: /home/ingejohan/Workspaces/ros2_cpp_ws/install/udemy_ros2_pkg/share/udemy_ros2_pkg/environment/pythonpath.sh
[1.573s] -- Up-to-date: /home/ingejohan/Workspaces/ros2_cpp_ws/install/udemy_ros2_pkg/share/udemy_ros2_pkg/environment/pythonpath.dsv
[1.573s] -- Up-to-date: /home/ingejohan/Workspaces/ros2_cpp_ws/install/udemy_ros2_pkg/local/lib/python3.10/dist-packages/udemy_ros2_pkg-0.0.0-py3.10.egg-info
[1.574s] -- Installing: /home/ingejohan/Workspaces/ros2_cpp_ws/install/udemy_ros2_pkg/local/lib/python3.10/dist-packages/udemy_ros2_pkg-0.0.0-py3.10.egg-info/PKG-INFO
[1.574s] -- Installing: /home/ingejohan/Workspaces/ros2_cpp_ws/install/udemy_ros2_pkg/local/lib/python3.10/dist-packages/udemy_ros2_pkg-0.0.0-py3.10.egg-info/dependency_links.txt
[1.574s] -- Installing: /home/ingejohan/Workspaces/ros2_cpp_ws/install/udemy_ros2_pkg/local/lib/python3.10/dist-packages/udemy_ros2_pkg-0.0.0-py3.10.egg-info/top_level.txt
[1.574s] -- Installing: /home/ingejohan/Workspaces/ros2_cpp_ws/install/udemy_ros2_pkg/local/lib/python3.10/dist-packages/udemy_ros2_pkg-0.0.0-py3.10.egg-info/SOURCES.txt
[1.574s] -- Up-to-date: /home/ingejohan/Workspaces/ros2_cpp_ws/install/udemy_ros2_pkg/local/lib/python3.10/dist-packages/udemy_ros2_pkg
[1.575s] -- Up-to-date: /home/ingejohan/Workspaces/ros2_cpp_ws/install/udemy_ros2_pkg/local/lib/python3.10/dist-packages/udemy_ros2_pkg/udemy_ros2_pkg_s__rosidl_typesupport_introspection_c.cpython-310-x86_64-linux-gnu.so
[1.575s] -- Up-to-date: /home/ingejohan/Workspaces/ros2_cpp_ws/install/udemy_ros2_pkg/local/lib/python3.10/dist-packages/udemy_ros2_pkg/_udemy_ros2_pkg_s.ep.rosidl_typesupport_c.c
[1.575s] -- Up-to-date: /home/ingejohan/Workspaces/ros2_cpp_ws/install/udemy_ros2_pkg/local/lib/python3.10/dist-packages/udemy_ros2_pkg/libudemy_ros2_pkg__rosidl_generator_py.so
[1.575s] -- Up-to-date: /home/ingejohan/Workspaces/ros2_cpp_ws/install/udemy_ros2_pkg/local/lib/python3.10/dist-packages/udemy_ros2_pkg/action
[1.575s] -- Up-to-date: /home/ingejohan/Workspaces/ros2_cpp_ws/install/udemy_ros2_pkg/local/lib/python3.10/dist-packages/udemy_ros2_pkg/action/_navigate_s.c
[1.576s] -- Up-to-date: /home/ingejohan/Workspaces/ros2_cpp_ws/install/udemy_ros2_pkg/local/lib/python3.10/dist-packages/udemy_ros2_pkg/action/_navigate.py
[1.576s] -- Up-to-date: /home/ingejohan/Workspaces/ros2_cpp_ws/install/udemy_ros2_pkg/local/lib/python3.10/dist-packages/udemy_ros2_pkg/action/__init__.py
[1.576s] -- Up-to-date: /home/ingejohan/Workspaces/ros2_cpp_ws/install/udemy_ros2_pkg/local/lib/python3.10/dist-packages/udemy_ros2_pkg/_udemy_ros2_pkg_s.ep.rosidl_typesupport_fastrtps_c.c
[1.576s] -- Up-to-date: /home/ingejohan/Workspaces/ros2_cpp_ws/install/udemy_ros2_pkg/local/lib/python3.10/dist-packages/udemy_ros2_pkg/udemy_ros2_pkg_s__rosidl_typesupport_fastrtps_c.cpython-310-x86_64-linux-gnu.so
[1.576s] -- Up-to-date: /home/ingejohan/Workspaces/ros2_cpp_ws/install/udemy_ros2_pkg/local/lib/python3.10/dist-packages/udemy_ros2_pkg/_udemy_ros2_pkg_s.ep.rosidl_typesupport_introspection_c.c
[1.576s] -- Up-to-date: /home/ingejohan/Workspaces/ros2_cpp_ws/install/udemy_ros2_pkg/local/lib/python3.10/dist-packages/udemy_ros2_pkg/srv
[1.577s] -- Up-to-date: /home/ingejohan/Workspaces/ros2_cpp_ws/install/udemy_ros2_pkg/local/lib/python3.10/dist-packages/udemy_ros2_pkg/srv/_turn_camera.py
[1.577s] -- Up-to-date: /home/ingejohan/Workspaces/ros2_cpp_ws/install/udemy_ros2_pkg/local/lib/python3.10/dist-packages/udemy_ros2_pkg/srv/_odd_even_check_s.c
[1.577s] -- Up-to-date: /home/ingejohan/Workspaces/ros2_cpp_ws/install/udemy_ros2_pkg/local/lib/python3.10/dist-packages/udemy_ros2_pkg/srv/_turn_camera_s.c
[1.577s] -- Up-to-date: /home/ingejohan/Workspaces/ros2_cpp_ws/install/udemy_ros2_pkg/local/lib/python3.10/dist-packages/udemy_ros2_pkg/srv/_odd_even_check.py
[1.578s] -- Up-to-date: /home/ingejohan/Workspaces/ros2_cpp_ws/install/udemy_ros2_pkg/local/lib/python3.10/dist-packages/udemy_ros2_pkg/srv/__init__.py
[1.578s] -- Up-to-date: /home/ingejohan/Workspaces/ros2_cpp_ws/install/udemy_ros2_pkg/local/lib/python3.10/dist-packages/udemy_ros2_pkg/udemy_ros2_pkg_s__rosidl_typesupport_c.cpython-310-x86_64-linux-gnu.so
[1.578s] -- Up-to-date: /home/ingejohan/Workspaces/ros2_cpp_ws/install/udemy_ros2_pkg/local/lib/python3.10/dist-packages/udemy_ros2_pkg/__init__.py
[1.650s] Listing '/home/ingejohan/Workspaces/ros2_cpp_ws/install/udemy_ros2_pkg/local/lib/python3.10/dist-packages/udemy_ros2_pkg'...
[1.650s] Listing '/home/ingejohan/Workspaces/ros2_cpp_ws/install/udemy_ros2_pkg/local/lib/python3.10/dist-packages/udemy_ros2_pkg/action'...
[1.650s] Listing '/home/ingejohan/Workspaces/ros2_cpp_ws/install/udemy_ros2_pkg/local/lib/python3.10/dist-packages/udemy_ros2_pkg/srv'...
[1.661s] -- Up-to-date: /home/ingejohan/Workspaces/ros2_cpp_ws/install/udemy_ros2_pkg/local/lib/python3.10/dist-packages/udemy_ros2_pkg/udemy_ros2_pkg_s__rosidl_typesupport_fastrtps_c.cpython-310-x86_64-linux-gnu.so
[1.662s] -- Up-to-date: /home/ingejohan/Workspaces/ros2_cpp_ws/install/udemy_ros2_pkg/local/lib/python3.10/dist-packages/udemy_ros2_pkg/udemy_ros2_pkg_s__rosidl_typesupport_introspection_c.cpython-310-x86_64-linux-gnu.so
[1.663s] -- Up-to-date: /home/ingejohan/Workspaces/ros2_cpp_ws/install/udemy_ros2_pkg/local/lib/python3.10/dist-packages/udemy_ros2_pkg/udemy_ros2_pkg_s__rosidl_typesupport_c.cpython-310-x86_64-linux-gnu.so
[1.664s] -- Up-to-date: /home/ingejohan/Workspaces/ros2_cpp_ws/install/udemy_ros2_pkg/lib/libudemy_ros2_pkg__rosidl_generator_py.so
[1.664s] -- Up-to-date: /home/ingejohan/Workspaces/ros2_cpp_ws/install/udemy_ros2_pkg/share/udemy_ros2_pkg/srv/OddEvenCheck.idl
[1.665s] -- Up-to-date: /home/ingejohan/Workspaces/ros2_cpp_ws/install/udemy_ros2_pkg/share/udemy_ros2_pkg/srv/TurnCamera.idl
[1.665s] -- Up-to-date: /home/ingejohan/Workspaces/ros2_cpp_ws/install/udemy_ros2_pkg/share/udemy_ros2_pkg/action/Navigate.idl
[1.666s] -- Up-to-date: /home/ingejohan/Workspaces/ros2_cpp_ws/install/udemy_ros2_pkg/share/udemy_ros2_pkg/srv/OddEvenCheck.srv
[1.666s] -- Up-to-date: /home/ingejohan/Workspaces/ros2_cpp_ws/install/udemy_ros2_pkg/share/udemy_ros2_pkg/srv/OddEvenCheck_Request.msg
[1.666s] -- Up-to-date: /home/ingejohan/Workspaces/ros2_cpp_ws/install/udemy_ros2_pkg/share/udemy_ros2_pkg/srv/OddEvenCheck_Response.msg
[1.666s] -- Up-to-date: /home/ingejohan/Workspaces/ros2_cpp_ws/install/udemy_ros2_pkg/share/udemy_ros2_pkg/srv/TurnCamera.srv
[1.667s] -- Up-to-date: /home/ingejohan/Workspaces/ros2_cpp_ws/install/udemy_ros2_pkg/share/udemy_ros2_pkg/srv/TurnCamera_Request.msg
[1.667s] -- Up-to-date: /home/ingejohan/Workspaces/ros2_cpp_ws/install/udemy_ros2_pkg/share/udemy_ros2_pkg/srv/TurnCamera_Response.msg
[1.667s] -- Up-to-date: /home/ingejohan/Workspaces/ros2_cpp_ws/install/udemy_ros2_pkg/share/udemy_ros2_pkg/action/Navigate.action
[1.667s] -- Installing: /home/ingejohan/Workspaces/ros2_cpp_ws/install/udemy_ros2_pkg/lib/udemy_ros2_pkg/obstacle_avoiding.py
[1.668s] -- Up-to-date: /home/ingejohan/Workspaces/ros2_cpp_ws/install/udemy_ros2_pkg/lib/udemy_ros2_pkg/inputs.py
[1.668s] -- Up-to-date: /home/ingejohan/Workspaces/ros2_cpp_ws/install/udemy_ros2_pkg/lib/udemy_ros2_pkg/joystick_ros2.py
[1.668s] -- Up-to-date: /home/ingejohan/Workspaces/ros2_cpp_ws/install/udemy_ros2_pkg/lib/udemy_ros2_pkg/publisher
[1.668s] -- Up-to-date: /home/ingejohan/Workspaces/ros2_cpp_ws/install/udemy_ros2_pkg/lib/udemy_ros2_pkg/subscriber
[1.669s] -- Up-to-date: /home/ingejohan/Workspaces/ros2_cpp_ws/install/udemy_ros2_pkg/lib/udemy_ros2_pkg/rpm_pub
[1.669s] -- Up-to-date: /home/ingejohan/Workspaces/ros2_cpp_ws/install/udemy_ros2_pkg/lib/udemy_ros2_pkg/speed_calc
[1.669s] -- Up-to-date: /home/ingejohan/Workspaces/ros2_cpp_ws/install/udemy_ros2_pkg/lib/udemy_ros2_pkg/service_server
[1.669s] -- Up-to-date: /home/ingejohan/Workspaces/ros2_cpp_ws/install/udemy_ros2_pkg/lib/udemy_ros2_pkg/service_client
[1.670s] -- Up-to-date: /home/ingejohan/Workspaces/ros2_cpp_ws/install/udemy_ros2_pkg/lib/udemy_ros2_pkg/turn_camera_service
[1.670s] -- Up-to-date: /home/ingejohan/Workspaces/ros2_cpp_ws/install/udemy_ros2_pkg/lib/udemy_ros2_pkg/turn_camera_client
[1.671s] -- Up-to-date: /home/ingejohan/Workspaces/ros2_cpp_ws/install/udemy_ros2_pkg/lib/udemy_ros2_pkg/action_server
[1.672s] -- Up-to-date: /home/ingejohan/Workspaces/ros2_cpp_ws/install/udemy_ros2_pkg/lib/udemy_ros2_pkg/action_client
[1.672s] -- Up-to-date: /home/ingejohan/Workspaces/ros2_cpp_ws/install/udemy_ros2_pkg/share/udemy_ros2_pkg//launch
[1.673s] -- Up-to-date: /home/ingejohan/Workspaces/ros2_cpp_ws/install/udemy_ros2_pkg/share/udemy_ros2_pkg//launch/bridge_config.yaml
[1.674s] -- Up-to-date: /home/ingejohan/Workspaces/ros2_cpp_ws/install/udemy_ros2_pkg/share/udemy_ros2_pkg//launch/rpm_node.launch.py
[1.675s] -- Up-to-date: /home/ingejohan/Workspaces/ros2_cpp_ws/install/udemy_ros2_pkg/share/udemy_ros2_pkg//launch/robot_model_simulation.launch.py
[1.676s] -- Up-to-date: /home/ingejohan/Workspaces/ros2_cpp_ws/install/udemy_ros2_pkg/share/udemy_ros2_pkg//launch/wheeled_model_simulation.launch.py
[1.676s] -- Up-to-date: /home/ingejohan/Workspaces/ros2_cpp_ws/install/udemy_ros2_pkg/share/udemy_ros2_pkg//launch/launch_project.launch.py
[1.677s] -- Up-to-date: /home/ingejohan/Workspaces/ros2_cpp_ws/install/udemy_ros2_pkg/share/udemy_ros2_pkg//launch/rc.launch.py
[1.678s] -- Up-to-date: /home/ingejohan/Workspaces/ros2_cpp_ws/install/udemy_ros2_pkg/share/udemy_ros2_pkg//world
[1.678s] -- Up-to-date: /home/ingejohan/Workspaces/ros2_cpp_ws/install/udemy_ros2_pkg/share/udemy_ros2_pkg//world/install
[1.679s] -- Up-to-date: /home/ingejohan/Workspaces/ros2_cpp_ws/install/udemy_ros2_pkg/share/udemy_ros2_pkg//world/install/local_setup.ps1
[1.679s] -- Up-to-date: /home/ingejohan/Workspaces/ros2_cpp_ws/install/udemy_ros2_pkg/share/udemy_ros2_pkg//world/install/local_setup.zsh
[1.680s] -- Up-to-date: /home/ingejohan/Workspaces/ros2_cpp_ws/install/udemy_ros2_pkg/share/udemy_ros2_pkg//world/install/.colcon_install_layout
[1.680s] -- Up-to-date: /home/ingejohan/Workspaces/ros2_cpp_ws/install/udemy_ros2_pkg/share/udemy_ros2_pkg//world/install/setup.zsh
[1.680s] -- Up-to-date: /home/ingejohan/Workspaces/ros2_cpp_ws/install/udemy_ros2_pkg/share/udemy_ros2_pkg//world/install/setup.bash
[1.681s] -- Up-to-date: /home/ingejohan/Workspaces/ros2_cpp_ws/install/udemy_ros2_pkg/share/udemy_ros2_pkg//world/install/_local_setup_util_ps1.py
[1.681s] -- Up-to-date: /home/ingejohan/Workspaces/ros2_cpp_ws/install/udemy_ros2_pkg/share/udemy_ros2_pkg//world/install/local_setup.sh
[1.682s] -- Up-to-date: /home/ingejohan/Workspaces/ros2_cpp_ws/install/udemy_ros2_pkg/share/udemy_ros2_pkg//world/install/setup.ps1
[1.682s] -- Up-to-date: /home/ingejohan/Workspaces/ros2_cpp_ws/install/udemy_ros2_pkg/share/udemy_ros2_pkg//world/install/COLCON_IGNORE
[1.682s] -- Up-to-date: /home/ingejohan/Workspaces/ros2_cpp_ws/install/udemy_ros2_pkg/share/udemy_ros2_pkg//world/install/setup.sh
[1.683s] -- Up-to-date: /home/ingejohan/Workspaces/ros2_cpp_ws/install/udemy_ros2_pkg/share/udemy_ros2_pkg//world/install/local_setup.bash
[1.683s] -- Up-to-date: /home/ingejohan/Workspaces/ros2_cpp_ws/install/udemy_ros2_pkg/share/udemy_ros2_pkg//world/install/_local_setup_util_sh.py
[1.684s] -- Up-to-date: /home/ingejohan/Workspaces/ros2_cpp_ws/install/udemy_ros2_pkg/share/udemy_ros2_pkg//world/log
[1.684s] -- Up-to-date: /home/ingejohan/Workspaces/ros2_cpp_ws/install/udemy_ros2_pkg/share/udemy_ros2_pkg//world/log/build_2023-10-03_14-46-04
[1.685s] -- Up-to-date: /home/ingejohan/Workspaces/ros2_cpp_ws/install/udemy_ros2_pkg/share/udemy_ros2_pkg//world/log/build_2023-10-03_14-46-04/events.log
[1.685s] -- Up-to-date: /home/ingejohan/Workspaces/ros2_cpp_ws/install/udemy_ros2_pkg/share/udemy_ros2_pkg//world/log/build_2023-10-03_14-46-04/logger_all.log
[1.685s] -- Up-to-date: /home/ingejohan/Workspaces/ros2_cpp_ws/install/udemy_ros2_pkg/share/udemy_ros2_pkg//world/log/build_2023-10-03_14-31-42
[1.686s] -- Up-to-date: /home/ingejohan/Workspaces/ros2_cpp_ws/install/udemy_ros2_pkg/share/udemy_ros2_pkg//world/log/build_2023-10-03_14-31-42/events.log
[1.686s] -- Up-to-date: /home/ingejohan/Workspaces/ros2_cpp_ws/install/udemy_ros2_pkg/share/udemy_ros2_pkg//world/log/build_2023-10-03_14-31-42/logger_all.log
[1.686s] -- Up-to-date: /home/ingejohan/Workspaces/ros2_cpp_ws/install/udemy_ros2_pkg/share/udemy_ros2_pkg//world/log/build_2023-10-03_14-34-47
[1.686s] -- Up-to-date: /home/ingejohan/Workspaces/ros2_cpp_ws/install/udemy_ros2_pkg/share/udemy_ros2_pkg//world/log/build_2023-10-03_14-34-47/events.log
[1.686s] -- Up-to-date: /home/ingejohan/Workspaces/ros2_cpp_ws/install/udemy_ros2_pkg/share/udemy_ros2_pkg//world/log/build_2023-10-03_14-34-47/logger_all.log
[1.686s] -- Up-to-date: /home/ingejohan/Workspaces/ros2_cpp_ws/install/udemy_ros2_pkg/share/udemy_ros2_pkg//world/log/latest_build
[1.687s] -- Up-to-date: /home/ingejohan/Workspaces/ros2_cpp_ws/install/udemy_ros2_pkg/share/udemy_ros2_pkg//world/log/latest
[1.687s] -- Up-to-date: /home/ingejohan/Workspaces/ros2_cpp_ws/install/udemy_ros2_pkg/share/udemy_ros2_pkg//world/log/build_2023-10-03_14-29-44
[1.687s] -- Up-to-date: /home/ingejohan/Workspaces/ros2_cpp_ws/install/udemy_ros2_pkg/share/udemy_ros2_pkg//world/log/build_2023-10-03_14-29-44/events.log
[1.687s] -- Up-to-date: /home/ingejohan/Workspaces/ros2_cpp_ws/install/udemy_ros2_pkg/share/udemy_ros2_pkg//world/log/build_2023-10-03_14-29-44/logger_all.log
[1.687s] -- Up-to-date: /home/ingejohan/Workspaces/ros2_cpp_ws/install/udemy_ros2_pkg/share/udemy_ros2_pkg//world/log/build_2023-09-27_17-06-55
[1.688s] -- Up-to-date: /home/ingejohan/Workspaces/ros2_cpp_ws/install/udemy_ros2_pkg/share/udemy_ros2_pkg//world/log/build_2023-09-27_17-06-55/events.log
[1.688s] -- Up-to-date: /home/ingejohan/Workspaces/ros2_cpp_ws/install/udemy_ros2_pkg/share/udemy_ros2_pkg//world/log/build_2023-09-27_17-06-55/logger_all.log
[1.688s] -- Up-to-date: /home/ingejohan/Workspaces/ros2_cpp_ws/install/udemy_ros2_pkg/share/udemy_ros2_pkg//world/log/build_2023-10-03_14-37-38
[1.688s] -- Up-to-date: /home/ingejohan/Workspaces/ros2_cpp_ws/install/udemy_ros2_pkg/share/udemy_ros2_pkg//world/log/build_2023-10-03_14-37-38/events.log
[1.689s] -- Up-to-date: /home/ingejohan/Workspaces/ros2_cpp_ws/install/udemy_ros2_pkg/share/udemy_ros2_pkg//world/log/build_2023-10-03_14-37-38/logger_all.log
[1.690s] -- Up-to-date: /home/ingejohan/Workspaces/ros2_cpp_ws/install/udemy_ros2_pkg/share/udemy_ros2_pkg//world/log/build_2023-10-03_14-36-09
[1.691s] -- Up-to-date: /home/ingejohan/Workspaces/ros2_cpp_ws/install/udemy_ros2_pkg/share/udemy_ros2_pkg//world/log/build_2023-10-03_14-36-09/events.log
[1.691s] -- Up-to-date: /home/ingejohan/Workspaces/ros2_cpp_ws/install/udemy_ros2_pkg/share/udemy_ros2_pkg//world/log/build_2023-10-03_14-36-09/logger_all.log
[1.692s] -- Up-to-date: /home/ingejohan/Workspaces/ros2_cpp_ws/install/udemy_ros2_pkg/share/udemy_ros2_pkg//world/log/COLCON_IGNORE
[1.693s] -- Up-to-date: /home/ingejohan/Workspaces/ros2_cpp_ws/install/udemy_ros2_pkg/share/udemy_ros2_pkg//world/log/build_2023-10-03_14-32-18
[1.693s] -- Up-to-date: /home/ingejohan/Workspaces/ros2_cpp_ws/install/udemy_ros2_pkg/share/udemy_ros2_pkg//world/log/build_2023-10-03_14-32-18/events.log
[1.694s] -- Up-to-date: /home/ingejohan/Workspaces/ros2_cpp_ws/install/udemy_ros2_pkg/share/udemy_ros2_pkg//world/log/build_2023-10-03_14-32-18/logger_all.log
[1.694s] -- Up-to-date: /home/ingejohan/Workspaces/ros2_cpp_ws/install/udemy_ros2_pkg/share/udemy_ros2_pkg//world/wheeled_model_world.sdf
[1.695s] -- Up-to-date: /home/ingejohan/Workspaces/ros2_cpp_ws/install/udemy_ros2_pkg/share/udemy_ros2_pkg//world/test_world.sdf
[1.695s] -- Up-to-date: /home/ingejohan/Workspaces/ros2_cpp_ws/install/udemy_ros2_pkg/share/udemy_ros2_pkg//world/track.sdf
[1.696s] -- Up-to-date: /home/ingejohan/Workspaces/ros2_cpp_ws/install/udemy_ros2_pkg/share/udemy_ros2_pkg//world/robot_model_world.sdf
[1.696s] -- Up-to-date: /home/ingejohan/Workspaces/ros2_cpp_ws/install/udemy_ros2_pkg/share/udemy_ros2_pkg//world/SvgGazeboCones
[1.696s] -- Up-to-date: /home/ingejohan/Workspaces/ros2_cpp_ws/install/udemy_ros2_pkg/share/udemy_ros2_pkg//world/SvgGazeboCones/svg_to_gazebo_cones.ps1
[1.697s] -- Up-to-date: /home/ingejohan/Workspaces/ros2_cpp_ws/install/udemy_ros2_pkg/share/udemy_ros2_pkg//world/SvgGazeboCones/.git
[1.697s] -- Up-to-date: /home/ingejohan/Workspaces/ros2_cpp_ws/install/udemy_ros2_pkg/share/udemy_ros2_pkg//world/SvgGazeboCones/.git/logs
[1.698s] -- Up-to-date: /home/ingejohan/Workspaces/ros2_cpp_ws/install/udemy_ros2_pkg/share/udemy_ros2_pkg//world/SvgGazeboCones/.git/logs/HEAD
[1.698s] -- Up-to-date: /home/ingejohan/Workspaces/ros2_cpp_ws/install/udemy_ros2_pkg/share/udemy_ros2_pkg//world/SvgGazeboCones/.git/logs/refs
[1.698s] -- Up-to-date: /home/ingejohan/Workspaces/ros2_cpp_ws/install/udemy_ros2_pkg/share/udemy_ros2_pkg//world/SvgGazeboCones/.git/logs/refs/remotes
[1.699s] -- Up-to-date: /home/ingejohan/Workspaces/ros2_cpp_ws/install/udemy_ros2_pkg/share/udemy_ros2_pkg//world/SvgGazeboCones/.git/logs/refs/remotes/origin
[1.700s] -- Up-to-date: /home/ingejohan/Workspaces/ros2_cpp_ws/install/udemy_ros2_pkg/share/udemy_ros2_pkg//world/SvgGazeboCones/.git/logs/refs/remotes/origin/HEAD
[1.700s] -- Up-to-date: /home/ingejohan/Workspaces/ros2_cpp_ws/install/udemy_ros2_pkg/share/udemy_ros2_pkg//world/SvgGazeboCones/.git/logs/refs/heads
[1.700s] -- Up-to-date: /home/ingejohan/Workspaces/ros2_cpp_ws/install/udemy_ros2_pkg/share/udemy_ros2_pkg//world/SvgGazeboCones/.git/logs/refs/heads/master
[1.701s] -- Up-to-date: /home/ingejohan/Workspaces/ros2_cpp_ws/install/udemy_ros2_pkg/share/udemy_ros2_pkg//world/SvgGazeboCones/.git/branches
[1.702s] -- Up-to-date: /home/ingejohan/Workspaces/ros2_cpp_ws/install/udemy_ros2_pkg/share/udemy_ros2_pkg//world/SvgGazeboCones/.git/HEAD
[1.702s] -- Up-to-date: /home/ingejohan/Workspaces/ros2_cpp_ws/install/udemy_ros2_pkg/share/udemy_ros2_pkg//world/SvgGazeboCones/.git/hooks
[1.703s] -- Up-to-date: /home/ingejohan/Workspaces/ros2_cpp_ws/install/udemy_ros2_pkg/share/udemy_ros2_pkg//world/SvgGazeboCones/.git/hooks/push-to-checkout.sample
[1.703s] -- Up-to-date: /home/ingejohan/Workspaces/ros2_cpp_ws/install/udemy_ros2_pkg/share/udemy_ros2_pkg//world/SvgGazeboCones/.git/hooks/post-update.sample
[1.704s] -- Up-to-date: /home/ingejohan/Workspaces/ros2_cpp_ws/install/udemy_ros2_pkg/share/udemy_ros2_pkg//world/SvgGazeboCones/.git/hooks/update.sample
[1.705s] -- Up-to-date: /home/ingejohan/Workspaces/ros2_cpp_ws/install/udemy_ros2_pkg/share/udemy_ros2_pkg//world/SvgGazeboCones/.git/hooks/prepare-commit-msg.sample
[1.705s] -- Up-to-date: /home/ingejohan/Workspaces/ros2_cpp_ws/install/udemy_ros2_pkg/share/udemy_ros2_pkg//world/SvgGazeboCones/.git/hooks/fsmonitor-watchman.sample
[1.706s] -- Up-to-date: /home/ingejohan/Workspaces/ros2_cpp_ws/install/udemy_ros2_pkg/share/udemy_ros2_pkg//world/SvgGazeboCones/.git/hooks/pre-commit.sample
[1.706s] -- Up-to-date: /home/ingejohan/Workspaces/ros2_cpp_ws/install/udemy_ros2_pkg/share/udemy_ros2_pkg//world/SvgGazeboCones/.git/hooks/pre-rebase.sample
[1.707s] -- Up-to-date: /home/ingejohan/Workspaces/ros2_cpp_ws/install/udemy_ros2_pkg/share/udemy_ros2_pkg//world/SvgGazeboCones/.git/hooks/commit-msg.sample
[1.707s] -- Up-to-date: /home/ingejohan/Workspaces/ros2_cpp_ws/install/udemy_ros2_pkg/share/udemy_ros2_pkg//world/SvgGazeboCones/.git/hooks/pre-applypatch.sample
[1.708s] -- Up-to-date: /home/ingejohan/Workspaces/ros2_cpp_ws/install/udemy_ros2_pkg/share/udemy_ros2_pkg//world/SvgGazeboCones/.git/hooks/pre-push.sample
[1.708s] -- Up-to-date: /home/ingejohan/Workspaces/ros2_cpp_ws/install/udemy_ros2_pkg/share/udemy_ros2_pkg//world/SvgGazeboCones/.git/hooks/applypatch-msg.sample
[1.709s] -- Up-to-date: /home/ingejohan/Workspaces/ros2_cpp_ws/install/udemy_ros2_pkg/share/udemy_ros2_pkg//world/SvgGazeboCones/.git/hooks/pre-receive.sample
[1.709s] -- Up-to-date: /home/ingejohan/Workspaces/ros2_cpp_ws/install/udemy_ros2_pkg/share/udemy_ros2_pkg//world/SvgGazeboCones/.git/hooks/pre-merge-commit.sample
[1.710s] -- Up-to-date: /home/ingejohan/Workspaces/ros2_cpp_ws/install/udemy_ros2_pkg/share/udemy_ros2_pkg//world/SvgGazeboCones/.git/config
[1.710s] -- Up-to-date: /home/ingejohan/Workspaces/ros2_cpp_ws/install/udemy_ros2_pkg/share/udemy_ros2_pkg//world/SvgGazeboCones/.git/refs
[1.711s] -- Up-to-date: /home/ingejohan/Workspaces/ros2_cpp_ws/install/udemy_ros2_pkg/share/udemy_ros2_pkg//world/SvgGazeboCones/.git/refs/remotes
[1.711s] -- Up-to-date: /home/ingejohan/Workspaces/ros2_cpp_ws/install/udemy_ros2_pkg/share/udemy_ros2_pkg//world/SvgGazeboCones/.git/refs/remotes/origin
[1.712s] -- Up-to-date: /home/ingejohan/Workspaces/ros2_cpp_ws/install/udemy_ros2_pkg/share/udemy_ros2_pkg//world/SvgGazeboCones/.git/refs/remotes/origin/HEAD
[1.713s] -- Up-to-date: /home/ingejohan/Workspaces/ros2_cpp_ws/install/udemy_ros2_pkg/share/udemy_ros2_pkg//world/SvgGazeboCones/.git/refs/heads
[1.713s] -- Up-to-date: /home/ingejohan/Workspaces/ros2_cpp_ws/install/udemy_ros2_pkg/share/udemy_ros2_pkg//world/SvgGazeboCones/.git/refs/heads/master
[1.714s] -- Up-to-date: /home/ingejohan/Workspaces/ros2_cpp_ws/install/udemy_ros2_pkg/share/udemy_ros2_pkg//world/SvgGazeboCones/.git/refs/tags
[1.714s] -- Up-to-date: /home/ingejohan/Workspaces/ros2_cpp_ws/install/udemy_ros2_pkg/share/udemy_ros2_pkg//world/SvgGazeboCones/.git/packed-refs
[1.715s] -- Up-to-date: /home/ingejohan/Workspaces/ros2_cpp_ws/install/udemy_ros2_pkg/share/udemy_ros2_pkg//world/SvgGazeboCones/.git/index
[1.715s] -- Up-to-date: /home/ingejohan/Workspaces/ros2_cpp_ws/install/udemy_ros2_pkg/share/udemy_ros2_pkg//world/SvgGazeboCones/.git/objects
[1.716s] -- Up-to-date: /home/ingejohan/Workspaces/ros2_cpp_ws/install/udemy_ros2_pkg/share/udemy_ros2_pkg//world/SvgGazeboCones/.git/objects/pack
[1.716s] -- Up-to-date: /home/ingejohan/Workspaces/ros2_cpp_ws/install/udemy_ros2_pkg/share/udemy_ros2_pkg//world/SvgGazeboCones/.git/objects/pack/pack-e736cabeec609a54e01826cf6f57072e80eb3850.idx
[1.717s] -- Up-to-date: /home/ingejohan/Workspaces/ros2_cpp_ws/install/udemy_ros2_pkg/share/udemy_ros2_pkg//world/SvgGazeboCones/.git/objects/pack/pack-e736cabeec609a54e01826cf6f57072e80eb3850.pack
[1.718s] -- Up-to-date: /home/ingejohan/Workspaces/ros2_cpp_ws/install/udemy_ros2_pkg/share/udemy_ros2_pkg//world/SvgGazeboCones/.git/objects/info
[1.718s] -- Up-to-date: /home/ingejohan/Workspaces/ros2_cpp_ws/install/udemy_ros2_pkg/share/udemy_ros2_pkg//world/SvgGazeboCones/.git/info
[1.719s] -- Up-to-date: /home/ingejohan/Workspaces/ros2_cpp_ws/install/udemy_ros2_pkg/share/udemy_ros2_pkg//world/SvgGazeboCones/.git/info/exclude
[1.719s] -- Up-to-date: /home/ingejohan/Workspaces/ros2_cpp_ws/install/udemy_ros2_pkg/share/udemy_ros2_pkg//world/SvgGazeboCones/.git/description
[1.719s] -- Up-to-date: /home/ingejohan/Workspaces/ros2_cpp_ws/install/udemy_ros2_pkg/share/udemy_ros2_pkg//world/SvgGazeboCones/README.md
[1.720s] -- Up-to-date: /home/ingejohan/Workspaces/ros2_cpp_ws/install/udemy_ros2_pkg/share/udemy_ros2_pkg//world/SvgGazeboCones/sylinder_yellow.sdf
[1.720s] -- Up-to-date: /home/ingejohan/Workspaces/ros2_cpp_ws/install/udemy_ros2_pkg/share/udemy_ros2_pkg//world/SvgGazeboCones/sylinder.sdf
[1.721s] -- Up-to-date: /home/ingejohan/Workspaces/ros2_cpp_ws/install/udemy_ros2_pkg/share/udemy_ros2_pkg//world/SvgGazeboCones/gokart_track.xml
[1.721s] -- Up-to-date: /home/ingejohan/Workspaces/ros2_cpp_ws/install/udemy_ros2_pkg/share/udemy_ros2_pkg//world/build
[1.722s] -- Up-to-date: /home/ingejohan/Workspaces/ros2_cpp_ws/install/udemy_ros2_pkg/share/udemy_ros2_pkg//world/build/.built_by
[1.723s] -- Up-to-date: /home/ingejohan/Workspaces/ros2_cpp_ws/install/udemy_ros2_pkg/share/udemy_ros2_pkg//world/build/COLCON_IGNORE
[1.723s] -- Up-to-date: /home/ingejohan/Workspaces/ros2_cpp_ws/install/udemy_ros2_pkg/share/udemy_ros2_pkg//world/test.sdf
[1.724s] -- Up-to-date: /home/ingejohan/Workspaces/ros2_cpp_ws/install/udemy_ros2_pkg/share/udemy_ros2_pkg//models
[1.725s] -- Up-to-date: /home/ingejohan/Workspaces/ros2_cpp_ws/install/udemy_ros2_pkg/share/udemy_ros2_pkg//models/test
[1.725s] -- Up-to-date: /home/ingejohan/Workspaces/ros2_cpp_ws/install/udemy_ros2_pkg/share/udemy_ros2_pkg//models/test/model.config
[1.726s] -- Up-to-date: /home/ingejohan/Workspaces/ros2_cpp_ws/install/udemy_ros2_pkg/share/udemy_ros2_pkg//models/test/model.sdf
[1.726s] -- Up-to-date: /home/ingejohan/Workspaces/ros2_cpp_ws/install/udemy_ros2_pkg/share/udemy_ros2_pkg//models/project_robot
[1.727s] -- Up-to-date: /home/ingejohan/Workspaces/ros2_cpp_ws/install/udemy_ros2_pkg/share/udemy_ros2_pkg//models/project_robot/model.config
[1.728s] -- Up-to-date: /home/ingejohan/Workspaces/ros2_cpp_ws/install/udemy_ros2_pkg/share/udemy_ros2_pkg//models/project_robot/model.sdf
[1.728s] -- Up-to-date: /home/ingejohan/Workspaces/ros2_cpp_ws/install/udemy_ros2_pkg/share/udemy_ros2_pkg//models/car_blue
[1.729s] -- Up-to-date: /home/ingejohan/Workspaces/ros2_cpp_ws/install/udemy_ros2_pkg/share/udemy_ros2_pkg//models/car_blue/model.config
[1.729s] -- Up-to-date: /home/ingejohan/Workspaces/ros2_cpp_ws/install/udemy_ros2_pkg/share/udemy_ros2_pkg//models/car_blue/car_blue.sdf
[1.730s] -- Up-to-date: /home/ingejohan/Workspaces/ros2_cpp_ws/install/udemy_ros2_pkg/share/udemy_ros2_pkg//models/RC
[1.731s] -- Up-to-date: /home/ingejohan/Workspaces/ros2_cpp_ws/install/udemy_ros2_pkg/share/udemy_ros2_pkg//models/RC/TopReduced.dae
[1.731s] -- Up-to-date: /home/ingejohan/Workspaces/ros2_cpp_ws/install/udemy_ros2_pkg/share/udemy_ros2_pkg//models/RC/model.config
[1.732s] -- Up-to-date: /home/ingejohan/Workspaces/ros2_cpp_ws/install/udemy_ros2_pkg/share/udemy_ros2_pkg//models/RC/3.png
[1.733s] -- Up-to-date: /home/ingejohan/Workspaces/ros2_cpp_ws/install/udemy_ros2_pkg/share/udemy_ros2_pkg//models/RC/5.png
[1.733s] -- Up-to-date: /home/ingejohan/Workspaces/ros2_cpp_ws/install/udemy_ros2_pkg/share/udemy_ros2_pkg//models/RC/1.png
[1.734s] -- Up-to-date: /home/ingejohan/Workspaces/ros2_cpp_ws/install/udemy_ros2_pkg/share/udemy_ros2_pkg//models/RC/BaseReduced.dae
[1.735s] -- Up-to-date: /home/ingejohan/Workspaces/ros2_cpp_ws/install/udemy_ros2_pkg/share/udemy_ros2_pkg//models/RC/4.png
[1.735s] -- Up-to-date: /home/ingejohan/Workspaces/ros2_cpp_ws/install/udemy_ros2_pkg/share/udemy_ros2_pkg//models/RC/2.png
[1.736s] -- Up-to-date: /home/ingejohan/Workspaces/ros2_cpp_ws/install/udemy_ros2_pkg/share/udemy_ros2_pkg//models/RC/Wheel.dae
[1.737s] -- Up-to-date: /home/ingejohan/Workspaces/ros2_cpp_ws/install/udemy_ros2_pkg/share/udemy_ros2_pkg//models/RC/model.sdf
[1.737s] -- Up-to-date: /home/ingejohan/Workspaces/ros2_cpp_ws/install/udemy_ros2_pkg/share/udemy_ros2_pkg//models/wheeled_model
[1.739s] -- Up-to-date: /home/ingejohan/Workspaces/ros2_cpp_ws/install/udemy_ros2_pkg/share/udemy_ros2_pkg//models/wheeled_model/model.config
[1.739s] -- Up-to-date: /home/ingejohan/Workspaces/ros2_cpp_ws/install/udemy_ros2_pkg/share/udemy_ros2_pkg//models/wheeled_model/model.sdf
[1.740s] -- Up-to-date: /home/ingejohan/Workspaces/ros2_cpp_ws/install/udemy_ros2_pkg/share/udemy_ros2_pkg//models/ground_plane
[1.740s] -- Up-to-date: /home/ingejohan/Workspaces/ros2_cpp_ws/install/udemy_ros2_pkg/share/udemy_ros2_pkg//models/ground_plane/model.config
[1.742s] -- Up-to-date: /home/ingejohan/Workspaces/ros2_cpp_ws/install/udemy_ros2_pkg/share/udemy_ros2_pkg//models/ground_plane/ground_plane.sdf
[1.743s] -- Up-to-date: /home/ingejohan/Workspaces/ros2_cpp_ws/install/udemy_ros2_pkg/share/udemy_ros2_pkg//config
[1.744s] -- Up-to-date: /home/ingejohan/Workspaces/ros2_cpp_ws/install/udemy_ros2_pkg/share/udemy_ros2_pkg//config/joy.yaml
[1.744s] -- Up-to-date: /home/ingejohan/Workspaces/ros2_cpp_ws/install/udemy_ros2_pkg/share/ament_index/resource_index/package_run_dependencies/udemy_ros2_pkg
[1.745s] -- Up-to-date: /home/ingejohan/Workspaces/ros2_cpp_ws/install/udemy_ros2_pkg/share/ament_index/resource_index/parent_prefix_path/udemy_ros2_pkg
[1.746s] -- Up-to-date: /home/ingejohan/Workspaces/ros2_cpp_ws/install/udemy_ros2_pkg/share/udemy_ros2_pkg/environment/ament_prefix_path.sh
[1.746s] -- Up-to-date: /home/ingejohan/Workspaces/ros2_cpp_ws/install/udemy_ros2_pkg/share/udemy_ros2_pkg/environment/ament_prefix_path.dsv
[1.747s] -- Up-to-date: /home/ingejohan/Workspaces/ros2_cpp_ws/install/udemy_ros2_pkg/share/udemy_ros2_pkg/environment/path.sh
[1.747s] -- Up-to-date: /home/ingejohan/Workspaces/ros2_cpp_ws/install/udemy_ros2_pkg/share/udemy_ros2_pkg/environment/path.dsv
[1.748s] -- Up-to-date: /home/ingejohan/Workspaces/ros2_cpp_ws/install/udemy_ros2_pkg/share/udemy_ros2_pkg/local_setup.bash
[1.748s] -- Up-to-date: /home/ingejohan/Workspaces/ros2_cpp_ws/install/udemy_ros2_pkg/share/udemy_ros2_pkg/local_setup.sh
[1.749s] -- Up-to-date: /home/ingejohan/Workspaces/ros2_cpp_ws/install/udemy_ros2_pkg/share/udemy_ros2_pkg/local_setup.zsh
[1.749s] -- Up-to-date: /home/ingejohan/Workspaces/ros2_cpp_ws/install/udemy_ros2_pkg/share/udemy_ros2_pkg/local_setup.dsv
[1.750s] -- Installing: /home/ingejohan/Workspaces/ros2_cpp_ws/install/udemy_ros2_pkg/share/udemy_ros2_pkg/package.dsv
[1.750s] -- Up-to-date: /home/ingejohan/Workspaces/ros2_cpp_ws/install/udemy_ros2_pkg/share/ament_index/resource_index/packages/udemy_ros2_pkg
[1.751s] -- Up-to-date: /home/ingejohan/Workspaces/ros2_cpp_ws/install/udemy_ros2_pkg/share/udemy_ros2_pkg/cmake/export_udemy_ros2_pkg__rosidl_generator_cExport.cmake
[1.752s] -- Up-to-date: /home/ingejohan/Workspaces/ros2_cpp_ws/install/udemy_ros2_pkg/share/udemy_ros2_pkg/cmake/export_udemy_ros2_pkg__rosidl_generator_cExport-noconfig.cmake
[1.752s] -- Up-to-date: /home/ingejohan/Workspaces/ros2_cpp_ws/install/udemy_ros2_pkg/share/udemy_ros2_pkg/cmake/export_udemy_ros2_pkg__rosidl_typesupport_fastrtps_cExport.cmake
[1.753s] -- Up-to-date: /home/ingejohan/Workspaces/ros2_cpp_ws/install/udemy_ros2_pkg/share/udemy_ros2_pkg/cmake/export_udemy_ros2_pkg__rosidl_typesupport_fastrtps_cExport-noconfig.cmake
[1.754s] -- Up-to-date: /home/ingejohan/Workspaces/ros2_cpp_ws/install/udemy_ros2_pkg/share/udemy_ros2_pkg/cmake/export_udemy_ros2_pkg__rosidl_generator_cppExport.cmake
[1.754s] -- Up-to-date: /home/ingejohan/Workspaces/ros2_cpp_ws/install/udemy_ros2_pkg/share/udemy_ros2_pkg/cmake/export_udemy_ros2_pkg__rosidl_typesupport_fastrtps_cppExport.cmake
[1.754s] -- Up-to-date: /home/ingejohan/Workspaces/ros2_cpp_ws/install/udemy_ros2_pkg/share/udemy_ros2_pkg/cmake/export_udemy_ros2_pkg__rosidl_typesupport_fastrtps_cppExport-noconfig.cmake
[1.755s] -- Up-to-date: /home/ingejohan/Workspaces/ros2_cpp_ws/install/udemy_ros2_pkg/share/udemy_ros2_pkg/cmake/udemy_ros2_pkg__rosidl_typesupport_introspection_cExport.cmake
[1.756s] -- Up-to-date: /home/ingejohan/Workspaces/ros2_cpp_ws/install/udemy_ros2_pkg/share/udemy_ros2_pkg/cmake/udemy_ros2_pkg__rosidl_typesupport_introspection_cExport-noconfig.cmake
[1.756s] -- Up-to-date: /home/ingejohan/Workspaces/ros2_cpp_ws/install/udemy_ros2_pkg/share/udemy_ros2_pkg/cmake/udemy_ros2_pkg__rosidl_typesupport_cExport.cmake
[1.757s] -- Up-to-date: /home/ingejohan/Workspaces/ros2_cpp_ws/install/udemy_ros2_pkg/share/udemy_ros2_pkg/cmake/udemy_ros2_pkg__rosidl_typesupport_cExport-noconfig.cmake
[1.758s] -- Up-to-date: /home/ingejohan/Workspaces/ros2_cpp_ws/install/udemy_ros2_pkg/share/udemy_ros2_pkg/cmake/udemy_ros2_pkg__rosidl_typesupport_introspection_cppExport.cmake
[1.758s] -- Up-to-date: /home/ingejohan/Workspaces/ros2_cpp_ws/install/udemy_ros2_pkg/share/udemy_ros2_pkg/cmake/udemy_ros2_pkg__rosidl_typesupport_introspection_cppExport-noconfig.cmake
[1.759s] -- Up-to-date: /home/ingejohan/Workspaces/ros2_cpp_ws/install/udemy_ros2_pkg/share/udemy_ros2_pkg/cmake/udemy_ros2_pkg__rosidl_typesupport_cppExport.cmake
[1.759s] -- Up-to-date: /home/ingejohan/Workspaces/ros2_cpp_ws/install/udemy_ros2_pkg/share/udemy_ros2_pkg/cmake/udemy_ros2_pkg__rosidl_typesupport_cppExport-noconfig.cmake
[1.760s] -- Up-to-date: /home/ingejohan/Workspaces/ros2_cpp_ws/install/udemy_ros2_pkg/share/udemy_ros2_pkg/cmake/export_udemy_ros2_pkg__rosidl_generator_pyExport.cmake
[1.761s] -- Up-to-date: /home/ingejohan/Workspaces/ros2_cpp_ws/install/udemy_ros2_pkg/share/udemy_ros2_pkg/cmake/export_udemy_ros2_pkg__rosidl_generator_pyExport-noconfig.cmake
[1.761s] -- Up-to-date: /home/ingejohan/Workspaces/ros2_cpp_ws/install/udemy_ros2_pkg/share/udemy_ros2_pkg/cmake/rosidl_cmake-extras.cmake
[1.762s] -- Up-to-date: /home/ingejohan/Workspaces/ros2_cpp_ws/install/udemy_ros2_pkg/share/udemy_ros2_pkg/cmake/ament_cmake_export_dependencies-extras.cmake
[1.763s] -- Up-to-date: /home/ingejohan/Workspaces/ros2_cpp_ws/install/udemy_ros2_pkg/share/udemy_ros2_pkg/cmake/ament_cmake_export_include_directories-extras.cmake
[1.763s] -- Up-to-date: /home/ingejohan/Workspaces/ros2_cpp_ws/install/udemy_ros2_pkg/share/udemy_ros2_pkg/cmake/ament_cmake_export_libraries-extras.cmake
[1.764s] -- Up-to-date: /home/ingejohan/Workspaces/ros2_cpp_ws/install/udemy_ros2_pkg/share/udemy_ros2_pkg/cmake/ament_cmake_export_targets-extras.cmake
[1.765s] -- Up-to-date: /home/ingejohan/Workspaces/ros2_cpp_ws/install/udemy_ros2_pkg/share/udemy_ros2_pkg/cmake/rosidl_cmake_export_typesupport_targets-extras.cmake
[1.765s] -- Up-to-date: /home/ingejohan/Workspaces/ros2_cpp_ws/install/udemy_ros2_pkg/share/udemy_ros2_pkg/cmake/rosidl_cmake_export_typesupport_libraries-extras.cmake
[1.766s] -- Up-to-date: /home/ingejohan/Workspaces/ros2_cpp_ws/install/udemy_ros2_pkg/share/udemy_ros2_pkg/cmake/udemy_ros2_pkgConfig.cmake
[1.766s] -- Up-to-date: /home/ingejohan/Workspaces/ros2_cpp_ws/install/udemy_ros2_pkg/share/udemy_ros2_pkg/cmake/udemy_ros2_pkgConfig-version.cmake
[1.767s] -- Up-to-date: /home/ingejohan/Workspaces/ros2_cpp_ws/install/udemy_ros2_pkg/share/udemy_ros2_pkg/package.xml
[1.768s] Invoked command in '/home/ingejohan/Workspaces/ros2_cpp_ws/build/udemy_ros2_pkg' returned '0': CMAKE_PREFIX_PATH=${CMAKE_PREFIX_PATH}:/home/ingejohan/ros2_ws/install/rover:/home/ingejohan/ros2_ws/install/my_py_pkg:/opt/ros/humble /usr/bin/cmake --install /home/ingejohan/Workspaces/ros2_cpp_ws/build/udemy_ros2_pkg
