[0.099s] Invoking command in '/home/ingejohan/Workspaces/build/udemy_ros2_pkg': CMAKE_PREFIX_PATH=${CMAKE_PREFIX_PATH}:/home/ingejohan/ros2_ws/install/rover:/home/ingejohan/ros2_ws/install/my_py_pkg:/opt/ros/humble /usr/bin/cmake /home/ingejohan/Workspaces/ros2_cpp_ws/src/udemy_ros2_pkg -DCMAKE_INSTALL_PREFIX=/home/ingejohan/Workspaces/install/udemy_ros2_pkg
[0.115s] -- Found ament_cmake: 1.3.5 (/opt/ros/humble/share/ament_cmake/cmake)
[0.245s] -- Override CMake install command with custom implementation using symlinks instead of copying resources
[0.258s] -- Found rclcpp: 16.0.6 (/opt/ros/humble/share/rclcpp/cmake)
[0.293s] -- Found rosidl_generator_c: 3.1.5 (/opt/ros/humble/share/rosidl_generator_c/cmake)
[0.295s] -- Found rosidl_adapter: 3.1.5 (/opt/ros/humble/share/rosidl_adapter/cmake)
[0.303s] -- Found rosidl_generator_cpp: 3.1.5 (/opt/ros/humble/share/rosidl_generator_cpp/cmake)
[0.316s] -- Using all available rosidl_typesupport_c: rosidl_typesupport_fastrtps_c;rosidl_typesupport_introspection_c
[0.334s] -- Using all available rosidl_typesupport_cpp: rosidl_typesupport_fastrtps_cpp;rosidl_typesupport_introspection_cpp
[0.397s] -- Found rmw_implementation_cmake: 6.1.1 (/opt/ros/humble/share/rmw_implementation_cmake/cmake)
[0.399s] -- Found rmw_fastrtps_cpp: 6.2.4 (/opt/ros/humble/share/rmw_fastrtps_cpp/cmake)
[0.512s] -- Using RMW implementation 'rmw_fastrtps_cpp' as default
[0.683s] -- Found rosidl_default_generators: 1.2.0 (/opt/ros/humble/share/rosidl_default_generators/cmake)
[0.690s] -- Found sensor_msgs: 4.2.3 (/opt/ros/humble/share/sensor_msgs/cmake)
[0.827s] -- Found cv_bridge: 3.2.1 (/opt/ros/humble/share/cv_bridge/cmake)
[0.835s] -- Found action_msgs: 1.2.1 (/opt/ros/humble/share/action_msgs/cmake)
[0.898s] -- Found rclcpp_action: 16.0.6 (/opt/ros/humble/share/rclcpp_action/cmake)
[0.928s] -- Found ros_ign_gazebo: 0.244.11 (/opt/ros/humble/share/ros_ign_gazebo/cmake)
[2.129s] -- Found ament_cmake_cppcheck: 0.12.8 (/opt/ros/humble/share/ament_cmake_cppcheck/cmake)
[2.130s] -- Found ament_cmake_cpplint: 0.12.8 (/opt/ros/humble/share/ament_cmake_cpplint/cmake)
[2.131s] -- Found ament_cmake_uncrustify: 0.12.8 (/opt/ros/humble/share/ament_cmake_uncrustify/cmake)
[2.133s] -- Found ament_cmake_ros: 0.10.0 (/opt/ros/humble/share/ament_cmake_ros/cmake)
[2.571s] -- Using all available rosidl_typesupport_c: rosidl_typesupport_fastrtps_c;rosidl_typesupport_introspection_c
[2.743s] -- Using all available rosidl_typesupport_cpp: rosidl_typesupport_fastrtps_cpp;rosidl_typesupport_introspection_cpp
[2.765s] -- Found python_cmake_module: 0.10.0 (/opt/ros/humble/share/python_cmake_module/cmake)
[2.786s] -- Using PYTHON_EXECUTABLE: /usr/bin/python3
[2.786s] -- Using PYTHON_INCLUDE_DIRS: /usr/include/python3.10
[2.786s] -- Using PYTHON_LIBRARIES: /usr/lib/x86_64-linux-gnu/libpython3.10.so
[2.843s] -- Found ament_cmake_flake8: 0.12.8 (/opt/ros/humble/share/ament_cmake_flake8/cmake)
[2.844s] -- Found ament_cmake_pep257: 0.12.8 (/opt/ros/humble/share/ament_cmake_pep257/cmake)
[2.861s] -- Found ament_lint_auto: 0.12.8 (/opt/ros/humble/share/ament_lint_auto/cmake)
[2.904s] -- Added test 'cppcheck' to perform static code analysis on C / C++ code
[2.905s] -- Configured cppcheck include dirs: 
[2.905s] -- Configured cppcheck exclude dirs and/or files: 
[2.937s] -- Added test 'cpplint' to check C / C++ code against the Google style
[2.937s] -- Configured cpplint exclude dirs and/or files: 
[2.968s] -- Added test 'uncrustify' to check C / C++ code style
[2.968s] -- Configured uncrustify additional arguments: 
[2.972s] -- Added test 'flake8' to check Python code syntax and style conventions
[2.977s] -- Added test 'pep257' to check Python code against some of the docstring style conventions in PEP 257
[2.985s] -- Added test 'lint_cmake' to check CMake code style
[2.989s] -- Added test 'xmllint' to check XML markup files
[2.992s] -- Configuring done
[3.086s] -- Generating done
[3.089s] -- Build files have been written to: /home/ingejohan/Workspaces/build/udemy_ros2_pkg
[3.100s] Invoked command in '/home/ingejohan/Workspaces/build/udemy_ros2_pkg' returned '0': CMAKE_PREFIX_PATH=${CMAKE_PREFIX_PATH}:/home/ingejohan/ros2_ws/install/rover:/home/ingejohan/ros2_ws/install/my_py_pkg:/opt/ros/humble /usr/bin/cmake /home/ingejohan/Workspaces/ros2_cpp_ws/src/udemy_ros2_pkg -DCMAKE_INSTALL_PREFIX=/home/ingejohan/Workspaces/install/udemy_ros2_pkg
[3.100s] Invoking command in '/home/ingejohan/Workspaces/build/udemy_ros2_pkg': CMAKE_PREFIX_PATH=${CMAKE_PREFIX_PATH}:/home/ingejohan/ros2_ws/install/rover:/home/ingejohan/ros2_ws/install/my_py_pkg:/opt/ros/humble /usr/bin/cmake --build /home/ingejohan/Workspaces/build/udemy_ros2_pkg -- -j16 -l16
[3.133s] [35m[1mConsolidate compiler generated dependencies of target subscriber[0m
[3.133s] [35m[1mConsolidate compiler generated dependencies of target rpm_pub[0m
[3.134s] [35m[1mConsolidate compiler generated dependencies of target speed_calc[0m
[3.134s] [35m[1mConsolidate compiler generated dependencies of target publisher[0m
[3.134s] [35m[1mConsolidate compiler generated dependencies of target udemy_ros2_pkg__rosidl_generator_c[0m
[3.141s] [  1%] Built target udemy_ros2_pkg__cpp
[3.144s] [  2%] [32mBuilding C object CMakeFiles/udemy_ros2_pkg__rosidl_generator_c.dir/rosidl_generator_c/udemy_ros2_pkg/srv/detail/turn_camera__functions.c.o[0m
[3.144s] [  4%] [32mBuilding C object CMakeFiles/udemy_ros2_pkg__rosidl_generator_c.dir/rosidl_generator_c/udemy_ros2_pkg/srv/detail/odd_even_check__functions.c.o[0m
[3.146s] [  5%] [32mBuilding C object CMakeFiles/udemy_ros2_pkg__rosidl_generator_c.dir/rosidl_generator_c/udemy_ros2_pkg/action/detail/navigate__functions.c.o[0m
[3.147s] [  7%] [32mBuilding CXX object CMakeFiles/subscriber.dir/src/subscriber.cpp.o[0m
[3.147s] [  8%] [32mBuilding CXX object CMakeFiles/rpm_pub.dir/src/rpm_pub.cpp.o[0m
[3.147s] [ 10%] [32mBuilding CXX object CMakeFiles/speed_calc.dir/src/speed_calc.cpp.o[0m
[3.147s] [ 11%] [32mBuilding CXX object CMakeFiles/publisher.dir/src/publisher.cpp.o[0m
[3.149s] [ 11%] Built target ament_cmake_python_symlink_udemy_ros2_pkg
[3.153s] [35m[1mConsolidate compiler generated dependencies of target udemy_ros2_pkg__rosidl_typesupport_fastrtps_cpp[0m
[3.153s] [35m[1mConsolidate compiler generated dependencies of target udemy_ros2_pkg__rosidl_typesupport_introspection_cpp[0m
[3.153s] [35m[1mConsolidate compiler generated dependencies of target udemy_ros2_pkg__rosidl_typesupport_cpp[0m
[3.168s] [ 17%] [32mBuilding CXX object CMakeFiles/udemy_ros2_pkg__rosidl_typesupport_introspection_cpp.dir/rosidl_typesupport_introspection_cpp/udemy_ros2_pkg/srv/detail/odd_even_check__type_support.cpp.o[0m
[3.168s] [ 17%] [32mBuilding CXX object CMakeFiles/udemy_ros2_pkg__rosidl_typesupport_introspection_cpp.dir/rosidl_typesupport_introspection_cpp/udemy_ros2_pkg/srv/detail/turn_camera__type_support.cpp.o[0m
[3.169s] [ 17%] [32mBuilding CXX object CMakeFiles/udemy_ros2_pkg__rosidl_typesupport_fastrtps_cpp.dir/rosidl_typesupport_fastrtps_cpp/udemy_ros2_pkg/srv/detail/dds_fastrtps/turn_camera__type_support.cpp.o[0m
[3.169s] [ 17%] [32mBuilding CXX object CMakeFiles/udemy_ros2_pkg__rosidl_typesupport_fastrtps_cpp.dir/rosidl_typesupport_fastrtps_cpp/udemy_ros2_pkg/srv/detail/dds_fastrtps/odd_even_check__type_support.cpp.o[0m
[3.169s] [ 19%] [32mBuilding CXX object CMakeFiles/udemy_ros2_pkg__rosidl_typesupport_fastrtps_cpp.dir/rosidl_typesupport_fastrtps_cpp/udemy_ros2_pkg/action/detail/dds_fastrtps/navigate__type_support.cpp.o[0m
[3.169s] [ 20%] [32mBuilding CXX object CMakeFiles/udemy_ros2_pkg__rosidl_typesupport_introspection_cpp.dir/rosidl_typesupport_introspection_cpp/udemy_ros2_pkg/action/detail/navigate__type_support.cpp.o[0m
[3.169s] [ 22%] [32mBuilding CXX object CMakeFiles/udemy_ros2_pkg__rosidl_typesupport_cpp.dir/rosidl_typesupport_cpp/udemy_ros2_pkg/srv/odd_even_check__type_support.cpp.o[0m
[3.170s] [ 23%] [32mBuilding CXX object CMakeFiles/udemy_ros2_pkg__rosidl_typesupport_cpp.dir/rosidl_typesupport_cpp/udemy_ros2_pkg/srv/turn_camera__type_support.cpp.o[0m
[3.337s] [ 25%] [32mBuilding CXX object CMakeFiles/udemy_ros2_pkg__rosidl_typesupport_cpp.dir/rosidl_typesupport_cpp/udemy_ros2_pkg/action/navigate__type_support.cpp.o[0m
[3.571s] running egg_info
[3.572s] writing udemy_ros2_pkg.egg-info/PKG-INFO
[3.573s] writing dependency_links to udemy_ros2_pkg.egg-info/dependency_links.txt
[3.573s] writing top-level names to udemy_ros2_pkg.egg-info/top_level.txt
[3.577s] reading manifest file 'udemy_ros2_pkg.egg-info/SOURCES.txt'
[3.579s] writing manifest file 'udemy_ros2_pkg.egg-info/SOURCES.txt'
[3.622s] [ 25%] Built target ament_cmake_python_build_udemy_ros2_pkg_egg
[3.801s] [ 26%] [32m[1mLinking C shared library libudemy_ros2_pkg__rosidl_generator_c.so[0m
[3.837s] [ 28%] Built target udemy_ros2_pkg__rosidl_generator_c
[3.848s] [35m[1mConsolidate compiler generated dependencies of target udemy_ros2_pkg__rosidl_typesupport_introspection_c[0m
[3.848s] [35m[1mConsolidate compiler generated dependencies of target udemy_ros2_pkg__rosidl_typesupport_fastrtps_c[0m
[3.853s] [35m[1mConsolidate compiler generated dependencies of target udemy_ros2_pkg__rosidl_typesupport_c[0m
[3.860s] [ 29%] [32mBuilding C object CMakeFiles/udemy_ros2_pkg__rosidl_typesupport_introspection_c.dir/rosidl_typesupport_introspection_c/udemy_ros2_pkg/action/detail/navigate__type_support.c.o[0m
[3.862s] [ 31%] [32mBuilding C object CMakeFiles/udemy_ros2_pkg__rosidl_typesupport_introspection_c.dir/rosidl_typesupport_introspection_c/udemy_ros2_pkg/srv/detail/odd_even_check__type_support.c.o[0m
[3.862s] [ 32%] [32mBuilding C object CMakeFiles/udemy_ros2_pkg__rosidl_typesupport_introspection_c.dir/rosidl_typesupport_introspection_c/udemy_ros2_pkg/srv/detail/turn_camera__type_support.c.o[0m
[3.864s] [ 34%] [32mBuilding CXX object CMakeFiles/udemy_ros2_pkg__rosidl_typesupport_fastrtps_c.dir/rosidl_typesupport_fastrtps_c/udemy_ros2_pkg/action/detail/navigate__type_support_c.cpp.o[0m
[3.864s] [ 35%] [32mBuilding CXX object CMakeFiles/udemy_ros2_pkg__rosidl_typesupport_fastrtps_c.dir/rosidl_typesupport_fastrtps_c/udemy_ros2_pkg/srv/detail/odd_even_check__type_support_c.cpp.o[0m
[3.865s] [ 37%] [32mBuilding CXX object CMakeFiles/udemy_ros2_pkg__rosidl_typesupport_fastrtps_c.dir/rosidl_typesupport_fastrtps_c/udemy_ros2_pkg/srv/detail/turn_camera__type_support_c.cpp.o[0m
[3.867s] [ 38%] [32mBuilding CXX object CMakeFiles/udemy_ros2_pkg__rosidl_typesupport_c.dir/rosidl_typesupport_c/udemy_ros2_pkg/srv/odd_even_check__type_support.cpp.o[0m
[3.874s] [ 40%] [32mBuilding CXX object CMakeFiles/udemy_ros2_pkg__rosidl_typesupport_c.dir/rosidl_typesupport_c/udemy_ros2_pkg/srv/turn_camera__type_support.cpp.o[0m
[3.915s] [ 41%] [32mBuilding CXX object CMakeFiles/udemy_ros2_pkg__rosidl_typesupport_c.dir/rosidl_typesupport_c/udemy_ros2_pkg/action/navigate__type_support.cpp.o[0m
[3.973s] [ 43%] [32m[1mLinking C shared library libudemy_ros2_pkg__rosidl_typesupport_introspection_c.so[0m
[4.004s] [ 44%] [32m[1mLinking CXX shared library libudemy_ros2_pkg__rosidl_typesupport_c.so[0m
[4.020s] [ 46%] Built target udemy_ros2_pkg__rosidl_typesupport_introspection_c
[4.067s] [ 47%] Built target udemy_ros2_pkg__rosidl_typesupport_c
[4.101s] [ 49%] [32m[1mLinking CXX shared library libudemy_ros2_pkg__rosidl_typesupport_cpp.so[0m
[4.162s] [ 50%] Built target udemy_ros2_pkg__rosidl_typesupport_cpp
[4.173s] [ 52%] [32m[1mLinking CXX shared library libudemy_ros2_pkg__rosidl_typesupport_fastrtps_cpp.so[0m
[4.176s] [35m[1mConsolidate compiler generated dependencies of target service_client[0m
[4.176s] [35m[1mConsolidate compiler generated dependencies of target turn_camera_service[0m
[4.176s] [35m[1mConsolidate compiler generated dependencies of target action_client[0m
[4.176s] [35m[1mConsolidate compiler generated dependencies of target service_server[0m
[4.176s] [35m[1mConsolidate compiler generated dependencies of target action_server[0m
[4.177s] [35m[1mConsolidate compiler generated dependencies of target turn_camera_client[0m
[4.196s] [ 53%] [32mBuilding CXX object CMakeFiles/service_client.dir/src/service_client.cpp.o[0m
[4.199s] [ 58%] [32mBuilding CXX object CMakeFiles/service_server.dir/src/service_server.cpp.o[0m
[4.199s] [ 58%] [32mBuilding CXX object CMakeFiles/turn_camera_service.dir/src/turn_camera_service.cpp.o[0m
[4.199s] [ 58%] [32m[1mLinking CXX executable action_server[0m
[4.199s] [ 59%] [32m[1mLinking CXX executable action_client[0m
[4.199s] [ 61%] [32mBuilding CXX object CMakeFiles/turn_camera_client.dir/src/turn_camera_client.cpp.o[0m
[4.223s] [ 62%] [32m[1mLinking CXX shared library libudemy_ros2_pkg__rosidl_typesupport_introspection_cpp.so[0m
[4.303s] [ 64%] Built target udemy_ros2_pkg__rosidl_typesupport_fastrtps_cpp
[4.353s] [ 65%] Built target udemy_ros2_pkg__rosidl_typesupport_introspection_cpp
[4.442s] [ 67%] Built target action_client
[4.531s] [ 68%] [32m[1mLinking CXX shared library libudemy_ros2_pkg__rosidl_typesupport_fastrtps_c.so[0m
[4.606s] [ 70%] Built target udemy_ros2_pkg__rosidl_typesupport_fastrtps_c
[4.622s] [ 70%] Built target udemy_ros2_pkg
[4.640s] [ 71%] Built target udemy_ros2_pkg__py
[4.650s] [35m[1mConsolidate compiler generated dependencies of target udemy_ros2_pkg__rosidl_generator_py[0m
[4.656s] [ 73%] Built target action_server
[4.663s] [ 74%] [32mBuilding C object CMakeFiles/udemy_ros2_pkg__rosidl_generator_py.dir/rosidl_generator_py/udemy_ros2_pkg/action/_navigate_s.c.o[0m
[4.665s] [ 76%] [32mBuilding C object CMakeFiles/udemy_ros2_pkg__rosidl_generator_py.dir/rosidl_generator_py/udemy_ros2_pkg/srv/_odd_even_check_s.c.o[0m
[4.666s] [ 77%] [32mBuilding C object CMakeFiles/udemy_ros2_pkg__rosidl_generator_py.dir/rosidl_generator_py/udemy_ros2_pkg/srv/_turn_camera_s.c.o[0m
[5.020s] [ 79%] [32m[1mLinking C shared library rosidl_generator_py/udemy_ros2_pkg/libudemy_ros2_pkg__rosidl_generator_py.so[0m
[5.060s] [ 79%] Built target udemy_ros2_pkg__rosidl_generator_py
[5.071s] [35m[1mConsolidate compiler generated dependencies of target udemy_ros2_pkg__rosidl_typesupport_c__pyext[0m
[5.072s] [35m[1mConsolidate compiler generated dependencies of target udemy_ros2_pkg__rosidl_typesupport_fastrtps_c__pyext[0m
[5.072s] [35m[1mConsolidate compiler generated dependencies of target udemy_ros2_pkg__rosidl_typesupport_introspection_c__pyext[0m
[5.084s] [ 80%] [32mBuilding C object CMakeFiles/udemy_ros2_pkg__rosidl_typesupport_fastrtps_c__pyext.dir/rosidl_generator_py/udemy_ros2_pkg/_udemy_ros2_pkg_s.ep.rosidl_typesupport_fastrtps_c.c.o[0m
[5.084s] [ 82%] [32mBuilding C object CMakeFiles/udemy_ros2_pkg__rosidl_typesupport_c__pyext.dir/rosidl_generator_py/udemy_ros2_pkg/_udemy_ros2_pkg_s.ep.rosidl_typesupport_c.c.o[0m
[5.088s] [ 83%] [32mBuilding C object CMakeFiles/udemy_ros2_pkg__rosidl_typesupport_introspection_c__pyext.dir/rosidl_generator_py/udemy_ros2_pkg/_udemy_ros2_pkg_s.ep.rosidl_typesupport_introspection_c.c.o[0m
[5.359s] [ 85%] [32m[1mLinking C shared library rosidl_generator_py/udemy_ros2_pkg/udemy_ros2_pkg_s__rosidl_typesupport_fastrtps_c.cpython-310-x86_64-linux-gnu.so[0m
[5.401s] [ 85%] Built target udemy_ros2_pkg__rosidl_typesupport_fastrtps_c__pyext
[5.532s] [ 86%] [32m[1mLinking C shared library rosidl_generator_py/udemy_ros2_pkg/udemy_ros2_pkg_s__rosidl_typesupport_c.cpython-310-x86_64-linux-gnu.so[0m
[5.535s] [ 88%] [32m[1mLinking C shared library rosidl_generator_py/udemy_ros2_pkg/udemy_ros2_pkg_s__rosidl_typesupport_introspection_c.cpython-310-x86_64-linux-gnu.so[0m
[5.596s] [ 88%] Built target udemy_ros2_pkg__rosidl_typesupport_c__pyext
[5.598s] [ 88%] Built target udemy_ros2_pkg__rosidl_typesupport_introspection_c__pyext
[9.533s] [ 89%] [32m[1mLinking CXX executable service_client[0m
[9.579s] [ 91%] [32m[1mLinking CXX executable service_server[0m
[9.671s] [ 91%] Built target service_client
[9.713s] [ 91%] Built target service_server
[9.870s] [ 92%] [32m[1mLinking CXX executable turn_camera_client[0m
[10.352s] [ 94%] [32m[1mLinking CXX executable turn_camera_service[0m
[10.354s] [ 94%] Built target turn_camera_client
[10.503s] [ 95%] [32m[1mLinking CXX executable publisher[0m
[10.645s] [ 95%] Built target publisher
[10.649s] [ 97%] [32m[1mLinking CXX executable rpm_pub[0m
[10.701s] [ 97%] Built target turn_camera_service
[10.776s] [ 97%] Built target rpm_pub
[17.795s] [ 98%] [32m[1mLinking CXX executable subscriber[0m
[18.010s] [100%] [32m[1mLinking CXX executable speed_calc[0m
[18.015s] [100%] Built target subscriber
[18.231s] [100%] Built target speed_calc
[18.244s] Invoked command in '/home/ingejohan/Workspaces/build/udemy_ros2_pkg' returned '0': CMAKE_PREFIX_PATH=${CMAKE_PREFIX_PATH}:/home/ingejohan/ros2_ws/install/rover:/home/ingejohan/ros2_ws/install/my_py_pkg:/opt/ros/humble /usr/bin/cmake --build /home/ingejohan/Workspaces/build/udemy_ros2_pkg -- -j16 -l16
[18.336s] Invoking command in '/home/ingejohan/Workspaces/build/udemy_ros2_pkg': CMAKE_PREFIX_PATH=${CMAKE_PREFIX_PATH}:/home/ingejohan/ros2_ws/install/rover:/home/ingejohan/ros2_ws/install/my_py_pkg:/opt/ros/humble /usr/bin/cmake --install /home/ingejohan/Workspaces/build/udemy_ros2_pkg
[18.341s] -- Install configuration: "RelWithDebInfo"
[18.342s] -- Execute custom install script
[18.342s] -- Up-to-date symlink: /home/ingejohan/Workspaces/install/udemy_ros2_pkg/share/ament_index/resource_index/rosidl_interfaces/udemy_ros2_pkg
[18.343s] -- Up-to-date symlink: /home/ingejohan/Workspaces/install/udemy_ros2_pkg/include/udemy_ros2_pkg/udemy_ros2_pkg/action/detail/navigate__functions.h
[18.343s] -- Up-to-date symlink: /home/ingejohan/Workspaces/install/udemy_ros2_pkg/include/udemy_ros2_pkg/udemy_ros2_pkg/action/detail/navigate__struct.h
[18.344s] -- Up-to-date symlink: /home/ingejohan/Workspaces/install/udemy_ros2_pkg/include/udemy_ros2_pkg/udemy_ros2_pkg/action/detail/navigate__type_support.h
[18.344s] -- Up-to-date symlink: /home/ingejohan/Workspaces/install/udemy_ros2_pkg/include/udemy_ros2_pkg/udemy_ros2_pkg/action/navigate.h
[18.344s] -- Up-to-date symlink: /home/ingejohan/Workspaces/install/udemy_ros2_pkg/include/udemy_ros2_pkg/udemy_ros2_pkg/msg/rosidl_generator_c__visibility_control.h
[18.344s] -- Up-to-date symlink: /home/ingejohan/Workspaces/install/udemy_ros2_pkg/include/udemy_ros2_pkg/udemy_ros2_pkg/srv/detail/odd_even_check__functions.h
[18.344s] -- Up-to-date symlink: /home/ingejohan/Workspaces/install/udemy_ros2_pkg/include/udemy_ros2_pkg/udemy_ros2_pkg/srv/detail/odd_even_check__struct.h
[18.345s] -- Up-to-date symlink: /home/ingejohan/Workspaces/install/udemy_ros2_pkg/include/udemy_ros2_pkg/udemy_ros2_pkg/srv/detail/odd_even_check__type_support.h
[18.345s] -- Up-to-date symlink: /home/ingejohan/Workspaces/install/udemy_ros2_pkg/include/udemy_ros2_pkg/udemy_ros2_pkg/srv/detail/turn_camera__functions.h
[18.345s] -- Up-to-date symlink: /home/ingejohan/Workspaces/install/udemy_ros2_pkg/include/udemy_ros2_pkg/udemy_ros2_pkg/srv/detail/turn_camera__struct.h
[18.345s] -- Up-to-date symlink: /home/ingejohan/Workspaces/install/udemy_ros2_pkg/include/udemy_ros2_pkg/udemy_ros2_pkg/srv/detail/turn_camera__type_support.h
[18.345s] -- Up-to-date symlink: /home/ingejohan/Workspaces/install/udemy_ros2_pkg/include/udemy_ros2_pkg/udemy_ros2_pkg/srv/odd_even_check.h
[18.346s] -- Up-to-date symlink: /home/ingejohan/Workspaces/install/udemy_ros2_pkg/include/udemy_ros2_pkg/udemy_ros2_pkg/srv/turn_camera.h
[18.346s] -- Up-to-date symlink: /home/ingejohan/Workspaces/install/udemy_ros2_pkg/share/udemy_ros2_pkg/environment/library_path.sh
[18.347s] -- Up-to-date symlink: /home/ingejohan/Workspaces/install/udemy_ros2_pkg/share/udemy_ros2_pkg/environment/library_path.dsv
[18.347s] -- Up-to-date symlink: /home/ingejohan/Workspaces/install/udemy_ros2_pkg/include/udemy_ros2_pkg/udemy_ros2_pkg/action/detail/navigate__rosidl_typesupport_fastrtps_c.h
[18.347s] -- Up-to-date symlink: /home/ingejohan/Workspaces/install/udemy_ros2_pkg/include/udemy_ros2_pkg/udemy_ros2_pkg/msg/rosidl_typesupport_fastrtps_c__visibility_control.h
[18.347s] -- Up-to-date symlink: /home/ingejohan/Workspaces/install/udemy_ros2_pkg/include/udemy_ros2_pkg/udemy_ros2_pkg/srv/detail/odd_even_check__rosidl_typesupport_fastrtps_c.h
[18.348s] -- Up-to-date symlink: /home/ingejohan/Workspaces/install/udemy_ros2_pkg/include/udemy_ros2_pkg/udemy_ros2_pkg/srv/detail/turn_camera__rosidl_typesupport_fastrtps_c.h
[18.348s] -- Up-to-date symlink: /home/ingejohan/Workspaces/install/udemy_ros2_pkg/include/udemy_ros2_pkg/udemy_ros2_pkg/action/detail/navigate__builder.hpp
[18.348s] -- Up-to-date symlink: /home/ingejohan/Workspaces/install/udemy_ros2_pkg/include/udemy_ros2_pkg/udemy_ros2_pkg/action/detail/navigate__struct.hpp
[18.348s] -- Up-to-date symlink: /home/ingejohan/Workspaces/install/udemy_ros2_pkg/include/udemy_ros2_pkg/udemy_ros2_pkg/action/detail/navigate__traits.hpp
[18.349s] -- Up-to-date symlink: /home/ingejohan/Workspaces/install/udemy_ros2_pkg/include/udemy_ros2_pkg/udemy_ros2_pkg/action/navigate.hpp
[18.349s] -- Up-to-date symlink: /home/ingejohan/Workspaces/install/udemy_ros2_pkg/include/udemy_ros2_pkg/udemy_ros2_pkg/srv/detail/odd_even_check__builder.hpp
[18.350s] -- Up-to-date symlink: /home/ingejohan/Workspaces/install/udemy_ros2_pkg/include/udemy_ros2_pkg/udemy_ros2_pkg/srv/detail/odd_even_check__struct.hpp
[18.350s] -- Up-to-date symlink: /home/ingejohan/Workspaces/install/udemy_ros2_pkg/include/udemy_ros2_pkg/udemy_ros2_pkg/srv/detail/odd_even_check__traits.hpp
[18.350s] -- Up-to-date symlink: /home/ingejohan/Workspaces/install/udemy_ros2_pkg/include/udemy_ros2_pkg/udemy_ros2_pkg/srv/detail/turn_camera__builder.hpp
[18.350s] -- Up-to-date symlink: /home/ingejohan/Workspaces/install/udemy_ros2_pkg/include/udemy_ros2_pkg/udemy_ros2_pkg/srv/detail/turn_camera__struct.hpp
[18.350s] -- Up-to-date symlink: /home/ingejohan/Workspaces/install/udemy_ros2_pkg/include/udemy_ros2_pkg/udemy_ros2_pkg/srv/detail/turn_camera__traits.hpp
[18.350s] -- Up-to-date symlink: /home/ingejohan/Workspaces/install/udemy_ros2_pkg/include/udemy_ros2_pkg/udemy_ros2_pkg/srv/odd_even_check.hpp
[18.350s] -- Up-to-date symlink: /home/ingejohan/Workspaces/install/udemy_ros2_pkg/include/udemy_ros2_pkg/udemy_ros2_pkg/srv/turn_camera.hpp
[18.351s] -- Up-to-date symlink: /home/ingejohan/Workspaces/install/udemy_ros2_pkg/include/udemy_ros2_pkg/udemy_ros2_pkg/action/detail/navigate__rosidl_typesupport_fastrtps_cpp.hpp
[18.351s] -- Up-to-date symlink: /home/ingejohan/Workspaces/install/udemy_ros2_pkg/include/udemy_ros2_pkg/udemy_ros2_pkg/msg/rosidl_typesupport_fastrtps_cpp__visibility_control.h
[18.351s] -- Up-to-date symlink: /home/ingejohan/Workspaces/install/udemy_ros2_pkg/include/udemy_ros2_pkg/udemy_ros2_pkg/srv/detail/odd_even_check__rosidl_typesupport_fastrtps_cpp.hpp
[18.351s] -- Up-to-date symlink: /home/ingejohan/Workspaces/install/udemy_ros2_pkg/include/udemy_ros2_pkg/udemy_ros2_pkg/srv/detail/turn_camera__rosidl_typesupport_fastrtps_cpp.hpp
[18.352s] -- Up-to-date symlink: /home/ingejohan/Workspaces/install/udemy_ros2_pkg/include/udemy_ros2_pkg/udemy_ros2_pkg/action/detail/navigate__rosidl_typesupport_introspection_c.h
[18.352s] -- Up-to-date symlink: /home/ingejohan/Workspaces/install/udemy_ros2_pkg/include/udemy_ros2_pkg/udemy_ros2_pkg/msg/rosidl_typesupport_introspection_c__visibility_control.h
[18.352s] -- Up-to-date symlink: /home/ingejohan/Workspaces/install/udemy_ros2_pkg/include/udemy_ros2_pkg/udemy_ros2_pkg/srv/detail/odd_even_check__rosidl_typesupport_introspection_c.h
[18.352s] -- Up-to-date symlink: /home/ingejohan/Workspaces/install/udemy_ros2_pkg/include/udemy_ros2_pkg/udemy_ros2_pkg/srv/detail/turn_camera__rosidl_typesupport_introspection_c.h
[18.352s] -- Up-to-date symlink: /home/ingejohan/Workspaces/install/udemy_ros2_pkg/include/udemy_ros2_pkg/udemy_ros2_pkg/action/detail/navigate__rosidl_typesupport_introspection_cpp.hpp
[18.352s] -- Up-to-date symlink: /home/ingejohan/Workspaces/install/udemy_ros2_pkg/include/udemy_ros2_pkg/udemy_ros2_pkg/srv/detail/odd_even_check__rosidl_typesupport_introspection_cpp.hpp
[18.353s] -- Up-to-date symlink: /home/ingejohan/Workspaces/install/udemy_ros2_pkg/include/udemy_ros2_pkg/udemy_ros2_pkg/srv/detail/turn_camera__rosidl_typesupport_introspection_cpp.hpp
[18.353s] -- Up-to-date symlink: /home/ingejohan/Workspaces/install/udemy_ros2_pkg/share/udemy_ros2_pkg/environment/pythonpath.sh
[18.353s] -- Up-to-date symlink: /home/ingejohan/Workspaces/install/udemy_ros2_pkg/share/udemy_ros2_pkg/environment/pythonpath.dsv
[18.353s] -- Up-to-date symlink: /home/ingejohan/Workspaces/install/udemy_ros2_pkg/local/lib/python3.10/dist-packages/udemy_ros2_pkg-0.0.0-py3.10.egg-info/PKG-INFO
[18.354s] -- Up-to-date symlink: /home/ingejohan/Workspaces/install/udemy_ros2_pkg/local/lib/python3.10/dist-packages/udemy_ros2_pkg-0.0.0-py3.10.egg-info/SOURCES.txt
[18.354s] -- Up-to-date symlink: /home/ingejohan/Workspaces/install/udemy_ros2_pkg/local/lib/python3.10/dist-packages/udemy_ros2_pkg-0.0.0-py3.10.egg-info/dependency_links.txt
[18.354s] -- Up-to-date symlink: /home/ingejohan/Workspaces/install/udemy_ros2_pkg/local/lib/python3.10/dist-packages/udemy_ros2_pkg-0.0.0-py3.10.egg-info/top_level.txt
[18.354s] -- Up-to-date symlink: /home/ingejohan/Workspaces/install/udemy_ros2_pkg/local/lib/python3.10/dist-packages/udemy_ros2_pkg/__init__.py
[18.355s] -- Up-to-date symlink: /home/ingejohan/Workspaces/install/udemy_ros2_pkg/local/lib/python3.10/dist-packages/udemy_ros2_pkg/_udemy_ros2_pkg_s.ep.rosidl_typesupport_c.c
[18.355s] -- Up-to-date symlink: /home/ingejohan/Workspaces/install/udemy_ros2_pkg/local/lib/python3.10/dist-packages/udemy_ros2_pkg/_udemy_ros2_pkg_s.ep.rosidl_typesupport_fastrtps_c.c
[18.355s] -- Up-to-date symlink: /home/ingejohan/Workspaces/install/udemy_ros2_pkg/local/lib/python3.10/dist-packages/udemy_ros2_pkg/_udemy_ros2_pkg_s.ep.rosidl_typesupport_introspection_c.c
[18.355s] -- Up-to-date symlink: /home/ingejohan/Workspaces/install/udemy_ros2_pkg/local/lib/python3.10/dist-packages/udemy_ros2_pkg/action/__init__.py
[18.355s] -- Up-to-date symlink: /home/ingejohan/Workspaces/install/udemy_ros2_pkg/local/lib/python3.10/dist-packages/udemy_ros2_pkg/action/_navigate.py
[18.355s] -- Up-to-date symlink: /home/ingejohan/Workspaces/install/udemy_ros2_pkg/local/lib/python3.10/dist-packages/udemy_ros2_pkg/action/_navigate_s.c
[18.355s] -- Up-to-date symlink: /home/ingejohan/Workspaces/install/udemy_ros2_pkg/local/lib/python3.10/dist-packages/udemy_ros2_pkg/libudemy_ros2_pkg__rosidl_generator_py.so
[18.356s] -- Up-to-date symlink: /home/ingejohan/Workspaces/install/udemy_ros2_pkg/local/lib/python3.10/dist-packages/udemy_ros2_pkg/srv/__init__.py
[18.356s] -- Up-to-date symlink: /home/ingejohan/Workspaces/install/udemy_ros2_pkg/local/lib/python3.10/dist-packages/udemy_ros2_pkg/srv/_odd_even_check.py
[18.356s] -- Up-to-date symlink: /home/ingejohan/Workspaces/install/udemy_ros2_pkg/local/lib/python3.10/dist-packages/udemy_ros2_pkg/srv/_odd_even_check_s.c
[18.356s] -- Up-to-date symlink: /home/ingejohan/Workspaces/install/udemy_ros2_pkg/local/lib/python3.10/dist-packages/udemy_ros2_pkg/srv/_turn_camera.py
[18.356s] -- Up-to-date symlink: /home/ingejohan/Workspaces/install/udemy_ros2_pkg/local/lib/python3.10/dist-packages/udemy_ros2_pkg/srv/_turn_camera_s.c
[18.356s] -- Up-to-date symlink: /home/ingejohan/Workspaces/install/udemy_ros2_pkg/local/lib/python3.10/dist-packages/udemy_ros2_pkg/udemy_ros2_pkg_s__rosidl_typesupport_c.cpython-310-x86_64-linux-gnu.so
[18.356s] -- Up-to-date symlink: /home/ingejohan/Workspaces/install/udemy_ros2_pkg/local/lib/python3.10/dist-packages/udemy_ros2_pkg/udemy_ros2_pkg_s__rosidl_typesupport_fastrtps_c.cpython-310-x86_64-linux-gnu.so
[18.356s] -- Up-to-date symlink: /home/ingejohan/Workspaces/install/udemy_ros2_pkg/local/lib/python3.10/dist-packages/udemy_ros2_pkg/udemy_ros2_pkg_s__rosidl_typesupport_introspection_c.cpython-310-x86_64-linux-gnu.so
[18.357s] -- Up-to-date symlink: /home/ingejohan/Workspaces/install/udemy_ros2_pkg/local/lib/python3.10/dist-packages/udemy_ros2_pkg/udemy_ros2_pkg_s__rosidl_typesupport_fastrtps_c.cpython-310-x86_64-linux-gnu.so
[18.357s] -- Up-to-date symlink: /home/ingejohan/Workspaces/install/udemy_ros2_pkg/local/lib/python3.10/dist-packages/udemy_ros2_pkg/udemy_ros2_pkg_s__rosidl_typesupport_introspection_c.cpython-310-x86_64-linux-gnu.so
[18.357s] -- Up-to-date symlink: /home/ingejohan/Workspaces/install/udemy_ros2_pkg/local/lib/python3.10/dist-packages/udemy_ros2_pkg/udemy_ros2_pkg_s__rosidl_typesupport_c.cpython-310-x86_64-linux-gnu.so
[18.357s] -- Up-to-date symlink: /home/ingejohan/Workspaces/install/udemy_ros2_pkg/share/udemy_ros2_pkg/srv/OddEvenCheck.idl
[18.357s] -- Up-to-date symlink: /home/ingejohan/Workspaces/install/udemy_ros2_pkg/share/udemy_ros2_pkg/srv/TurnCamera.idl
[18.358s] -- Up-to-date symlink: /home/ingejohan/Workspaces/install/udemy_ros2_pkg/share/udemy_ros2_pkg/action/Navigate.idl
[18.358s] -- Up-to-date symlink: /home/ingejohan/Workspaces/install/udemy_ros2_pkg/share/udemy_ros2_pkg/srv/OddEvenCheck.srv
[18.358s] -- Up-to-date symlink: /home/ingejohan/Workspaces/install/udemy_ros2_pkg/share/udemy_ros2_pkg/srv/OddEvenCheck_Request.msg
[18.358s] -- Up-to-date symlink: /home/ingejohan/Workspaces/install/udemy_ros2_pkg/share/udemy_ros2_pkg/srv/OddEvenCheck_Response.msg
[18.358s] -- Up-to-date symlink: /home/ingejohan/Workspaces/install/udemy_ros2_pkg/share/udemy_ros2_pkg/srv/TurnCamera.srv
[18.359s] -- Up-to-date symlink: /home/ingejohan/Workspaces/install/udemy_ros2_pkg/share/udemy_ros2_pkg/srv/TurnCamera_Request.msg
[18.359s] -- Up-to-date symlink: /home/ingejohan/Workspaces/install/udemy_ros2_pkg/share/udemy_ros2_pkg/srv/TurnCamera_Response.msg
[18.359s] -- Up-to-date symlink: /home/ingejohan/Workspaces/install/udemy_ros2_pkg/share/udemy_ros2_pkg/action/Navigate.action
[18.359s] -- Up-to-date symlink: /home/ingejohan/Workspaces/install/udemy_ros2_pkg/lib/udemy_ros2_pkg/publisher
[18.359s] -- Up-to-date symlink: /home/ingejohan/Workspaces/install/udemy_ros2_pkg/lib/udemy_ros2_pkg/subscriber
[18.360s] -- Up-to-date symlink: /home/ingejohan/Workspaces/install/udemy_ros2_pkg/lib/udemy_ros2_pkg/rpm_pub
[18.360s] -- Up-to-date symlink: /home/ingejohan/Workspaces/install/udemy_ros2_pkg/lib/udemy_ros2_pkg/speed_calc
[18.360s] -- Up-to-date symlink: /home/ingejohan/Workspaces/install/udemy_ros2_pkg/lib/udemy_ros2_pkg/service_server
[18.360s] -- Up-to-date symlink: /home/ingejohan/Workspaces/install/udemy_ros2_pkg/lib/udemy_ros2_pkg/service_client
[18.360s] -- Up-to-date symlink: /home/ingejohan/Workspaces/install/udemy_ros2_pkg/lib/udemy_ros2_pkg/turn_camera_service
[18.361s] -- Up-to-date symlink: /home/ingejohan/Workspaces/install/udemy_ros2_pkg/lib/udemy_ros2_pkg/turn_camera_client
[18.361s] -- Up-to-date symlink: /home/ingejohan/Workspaces/install/udemy_ros2_pkg/lib/udemy_ros2_pkg/action_server
[18.361s] -- Up-to-date symlink: /home/ingejohan/Workspaces/install/udemy_ros2_pkg/lib/udemy_ros2_pkg/action_client
[18.361s] -- Up-to-date symlink: /home/ingejohan/Workspaces/install/udemy_ros2_pkg/share/udemy_ros2_pkg//launch/launch_project.launch.py
[18.361s] -- Symlinking: /home/ingejohan/Workspaces/install/udemy_ros2_pkg/share/udemy_ros2_pkg//launch/rc.launch.py
[18.368s] -- Symlinking: /home/ingejohan/Workspaces/install/udemy_ros2_pkg/share/udemy_ros2_pkg//launch/robot_model_simulation.launch.py
[18.375s] -- Up-to-date symlink: /home/ingejohan/Workspaces/install/udemy_ros2_pkg/share/udemy_ros2_pkg//launch/rpm_node.launch.py
[18.375s] -- Symlinking: /home/ingejohan/Workspaces/install/udemy_ros2_pkg/share/udemy_ros2_pkg//launch/wheeled_model_simulation.launch.py
[18.383s] [33mCMake Warning (dev) at ament_cmake_symlink_install/ament_cmake_symlink_install.cmake:62 (file):
[18.383s]   Policy CMP0009 is not set: FILE GLOB_RECURSE calls should not follow
[18.383s]   symlinks by default.  Run "cmake --help-policy CMP0009" for policy details.
[18.383s]   Use the cmake_policy command to set the policy and suppress this warning.
[18.383s] Call Stack (most recent call first):
[18.383s]   ament_cmake_symlink_install/ament_cmake_symlink_install.cmake:398 (ament_cmake_symlink_install_directory)
[18.383s]   cmake_install.cmake:46 (include)
[18.383s] This warning is for project developers.  Use -Wno-dev to suppress it.
[18.383s] [0m
[18.384s] -- Symlinking: /home/ingejohan/Workspaces/install/udemy_ros2_pkg/share/udemy_ros2_pkg//world/build/.built_by
[18.390s] -- Symlinking: /home/ingejohan/Workspaces/install/udemy_ros2_pkg/share/udemy_ros2_pkg//world/build/COLCON_IGNORE
[18.397s] -- Symlinking: /home/ingejohan/Workspaces/install/udemy_ros2_pkg/share/udemy_ros2_pkg//world/install/.colcon_install_layout
[18.404s] -- Symlinking: /home/ingejohan/Workspaces/install/udemy_ros2_pkg/share/udemy_ros2_pkg//world/install/COLCON_IGNORE
[18.411s] -- Symlinking: /home/ingejohan/Workspaces/install/udemy_ros2_pkg/share/udemy_ros2_pkg//world/install/_local_setup_util_ps1.py
[18.418s] -- Symlinking: /home/ingejohan/Workspaces/install/udemy_ros2_pkg/share/udemy_ros2_pkg//world/install/_local_setup_util_sh.py
[18.425s] -- Symlinking: /home/ingejohan/Workspaces/install/udemy_ros2_pkg/share/udemy_ros2_pkg//world/install/local_setup.bash
[18.431s] -- Symlinking: /home/ingejohan/Workspaces/install/udemy_ros2_pkg/share/udemy_ros2_pkg//world/install/local_setup.ps1
[18.438s] -- Symlinking: /home/ingejohan/Workspaces/install/udemy_ros2_pkg/share/udemy_ros2_pkg//world/install/local_setup.sh
[18.445s] -- Symlinking: /home/ingejohan/Workspaces/install/udemy_ros2_pkg/share/udemy_ros2_pkg//world/install/local_setup.zsh
[18.451s] -- Symlinking: /home/ingejohan/Workspaces/install/udemy_ros2_pkg/share/udemy_ros2_pkg//world/install/setup.bash
[18.458s] -- Symlinking: /home/ingejohan/Workspaces/install/udemy_ros2_pkg/share/udemy_ros2_pkg//world/install/setup.ps1
[18.464s] -- Symlinking: /home/ingejohan/Workspaces/install/udemy_ros2_pkg/share/udemy_ros2_pkg//world/install/setup.sh
[18.471s] -- Symlinking: /home/ingejohan/Workspaces/install/udemy_ros2_pkg/share/udemy_ros2_pkg//world/install/setup.zsh
[18.478s] -- Symlinking: /home/ingejohan/Workspaces/install/udemy_ros2_pkg/share/udemy_ros2_pkg//world/log/COLCON_IGNORE
[18.485s] -- Symlinking: /home/ingejohan/Workspaces/install/udemy_ros2_pkg/share/udemy_ros2_pkg//world/log/build_2023-09-27_17-06-55/events.log
[18.492s] -- Symlinking: /home/ingejohan/Workspaces/install/udemy_ros2_pkg/share/udemy_ros2_pkg//world/log/build_2023-09-27_17-06-55/logger_all.log
[18.498s] -- Symlinking: /home/ingejohan/Workspaces/install/udemy_ros2_pkg/share/udemy_ros2_pkg//world/log/build_2023-10-03_14-29-44/events.log
[18.505s] -- Symlinking: /home/ingejohan/Workspaces/install/udemy_ros2_pkg/share/udemy_ros2_pkg//world/log/build_2023-10-03_14-29-44/logger_all.log
[18.512s] -- Symlinking: /home/ingejohan/Workspaces/install/udemy_ros2_pkg/share/udemy_ros2_pkg//world/log/build_2023-10-03_14-31-42/events.log
[18.519s] -- Symlinking: /home/ingejohan/Workspaces/install/udemy_ros2_pkg/share/udemy_ros2_pkg//world/log/build_2023-10-03_14-31-42/logger_all.log
[18.526s] -- Symlinking: /home/ingejohan/Workspaces/install/udemy_ros2_pkg/share/udemy_ros2_pkg//world/log/build_2023-10-03_14-32-18/events.log
[18.532s] -- Symlinking: /home/ingejohan/Workspaces/install/udemy_ros2_pkg/share/udemy_ros2_pkg//world/log/build_2023-10-03_14-32-18/logger_all.log
[18.539s] -- Symlinking: /home/ingejohan/Workspaces/install/udemy_ros2_pkg/share/udemy_ros2_pkg//world/log/build_2023-10-03_14-34-47/events.log
[18.546s] -- Symlinking: /home/ingejohan/Workspaces/install/udemy_ros2_pkg/share/udemy_ros2_pkg//world/log/build_2023-10-03_14-34-47/logger_all.log
[18.553s] -- Symlinking: /home/ingejohan/Workspaces/install/udemy_ros2_pkg/share/udemy_ros2_pkg//world/log/build_2023-10-03_14-36-09/events.log
[18.559s] -- Symlinking: /home/ingejohan/Workspaces/install/udemy_ros2_pkg/share/udemy_ros2_pkg//world/log/build_2023-10-03_14-36-09/logger_all.log
[18.566s] -- Symlinking: /home/ingejohan/Workspaces/install/udemy_ros2_pkg/share/udemy_ros2_pkg//world/log/build_2023-10-03_14-37-38/events.log
[18.572s] -- Symlinking: /home/ingejohan/Workspaces/install/udemy_ros2_pkg/share/udemy_ros2_pkg//world/log/build_2023-10-03_14-37-38/logger_all.log
[18.579s] -- Symlinking: /home/ingejohan/Workspaces/install/udemy_ros2_pkg/share/udemy_ros2_pkg//world/log/build_2023-10-03_14-46-04/events.log
[18.586s] -- Symlinking: /home/ingejohan/Workspaces/install/udemy_ros2_pkg/share/udemy_ros2_pkg//world/log/build_2023-10-03_14-46-04/logger_all.log
[18.593s] -- Symlinking: /home/ingejohan/Workspaces/install/udemy_ros2_pkg/share/udemy_ros2_pkg//world/log/latest/events.log
[18.601s] -- Symlinking: /home/ingejohan/Workspaces/install/udemy_ros2_pkg/share/udemy_ros2_pkg//world/log/latest/logger_all.log
[18.607s] -- Symlinking: /home/ingejohan/Workspaces/install/udemy_ros2_pkg/share/udemy_ros2_pkg//world/log/latest_build/events.log
[18.614s] -- Symlinking: /home/ingejohan/Workspaces/install/udemy_ros2_pkg/share/udemy_ros2_pkg//world/log/latest_build/logger_all.log
[18.621s] -- Symlinking: /home/ingejohan/Workspaces/install/udemy_ros2_pkg/share/udemy_ros2_pkg//world/robot_model_world.sdf
[18.627s] -- Symlinking: /home/ingejohan/Workspaces/install/udemy_ros2_pkg/share/udemy_ros2_pkg//world/test_world.sdf
[18.634s] -- Symlinking: /home/ingejohan/Workspaces/install/udemy_ros2_pkg/share/udemy_ros2_pkg//world/wheeled_model_world.sdf
[18.641s] -- Symlinking: /home/ingejohan/Workspaces/install/udemy_ros2_pkg/share/udemy_ros2_pkg//models/RC/1.png
[18.648s] -- Symlinking: /home/ingejohan/Workspaces/install/udemy_ros2_pkg/share/udemy_ros2_pkg//models/RC/2.png
[18.654s] -- Symlinking: /home/ingejohan/Workspaces/install/udemy_ros2_pkg/share/udemy_ros2_pkg//models/RC/3.png
[18.661s] -- Symlinking: /home/ingejohan/Workspaces/install/udemy_ros2_pkg/share/udemy_ros2_pkg//models/RC/4.png
[18.667s] -- Symlinking: /home/ingejohan/Workspaces/install/udemy_ros2_pkg/share/udemy_ros2_pkg//models/RC/5.png
[18.674s] -- Symlinking: /home/ingejohan/Workspaces/install/udemy_ros2_pkg/share/udemy_ros2_pkg//models/RC/BaseReduced.dae
[18.681s] -- Symlinking: /home/ingejohan/Workspaces/install/udemy_ros2_pkg/share/udemy_ros2_pkg//models/RC/TopReduced.dae
[18.688s] -- Symlinking: /home/ingejohan/Workspaces/install/udemy_ros2_pkg/share/udemy_ros2_pkg//models/RC/Wheel.dae
[18.695s] -- Symlinking: /home/ingejohan/Workspaces/install/udemy_ros2_pkg/share/udemy_ros2_pkg//models/RC/model.config
[18.702s] -- Symlinking: /home/ingejohan/Workspaces/install/udemy_ros2_pkg/share/udemy_ros2_pkg//models/RC/model.sdf
[18.709s] -- Symlinking: /home/ingejohan/Workspaces/install/udemy_ros2_pkg/share/udemy_ros2_pkg//models/car_blue/car_blue.sdf
[18.715s] -- Symlinking: /home/ingejohan/Workspaces/install/udemy_ros2_pkg/share/udemy_ros2_pkg//models/car_blue/model.config
[18.722s] -- Symlinking: /home/ingejohan/Workspaces/install/udemy_ros2_pkg/share/udemy_ros2_pkg//models/ground_plane/ground_plane.sdf
[18.729s] -- Symlinking: /home/ingejohan/Workspaces/install/udemy_ros2_pkg/share/udemy_ros2_pkg//models/ground_plane/model.config
[18.736s] -- Symlinking: /home/ingejohan/Workspaces/install/udemy_ros2_pkg/share/udemy_ros2_pkg//models/project_robot/model.config
[18.742s] -- Symlinking: /home/ingejohan/Workspaces/install/udemy_ros2_pkg/share/udemy_ros2_pkg//models/project_robot/model.sdf
[18.749s] -- Symlinking: /home/ingejohan/Workspaces/install/udemy_ros2_pkg/share/udemy_ros2_pkg//models/test/model.config
[18.756s] -- Symlinking: /home/ingejohan/Workspaces/install/udemy_ros2_pkg/share/udemy_ros2_pkg//models/test/model.sdf
[18.762s] -- Symlinking: /home/ingejohan/Workspaces/install/udemy_ros2_pkg/share/udemy_ros2_pkg//models/wheeled_model/model.config
[18.769s] -- Symlinking: /home/ingejohan/Workspaces/install/udemy_ros2_pkg/share/udemy_ros2_pkg//models/wheeled_model/model.sdf
[18.786s] -- Up-to-date symlink: /home/ingejohan/Workspaces/install/udemy_ros2_pkg/share/ament_index/resource_index/package_run_dependencies/udemy_ros2_pkg
[18.787s] -- Up-to-date symlink: /home/ingejohan/Workspaces/install/udemy_ros2_pkg/share/ament_index/resource_index/parent_prefix_path/udemy_ros2_pkg
[18.787s] -- Up-to-date symlink: /home/ingejohan/Workspaces/install/udemy_ros2_pkg/share/udemy_ros2_pkg/environment/ament_prefix_path.sh
[18.788s] -- Up-to-date symlink: /home/ingejohan/Workspaces/install/udemy_ros2_pkg/share/udemy_ros2_pkg/environment/ament_prefix_path.dsv
[18.789s] -- Up-to-date symlink: /home/ingejohan/Workspaces/install/udemy_ros2_pkg/share/udemy_ros2_pkg/environment/path.sh
[18.789s] -- Up-to-date symlink: /home/ingejohan/Workspaces/install/udemy_ros2_pkg/share/udemy_ros2_pkg/environment/path.dsv
[18.789s] -- Up-to-date symlink: /home/ingejohan/Workspaces/install/udemy_ros2_pkg/share/udemy_ros2_pkg/local_setup.bash
[18.790s] -- Up-to-date symlink: /home/ingejohan/Workspaces/install/udemy_ros2_pkg/share/udemy_ros2_pkg/local_setup.sh
[18.791s] -- Up-to-date symlink: /home/ingejohan/Workspaces/install/udemy_ros2_pkg/share/udemy_ros2_pkg/local_setup.zsh
[18.791s] -- Up-to-date symlink: /home/ingejohan/Workspaces/install/udemy_ros2_pkg/share/udemy_ros2_pkg/local_setup.dsv
[18.791s] -- Symlinking: /home/ingejohan/Workspaces/install/udemy_ros2_pkg/share/udemy_ros2_pkg/package.dsv
[18.810s] -- Up-to-date symlink: /home/ingejohan/Workspaces/install/udemy_ros2_pkg/share/ament_index/resource_index/packages/udemy_ros2_pkg
[18.811s] -- Up-to-date symlink: /home/ingejohan/Workspaces/install/udemy_ros2_pkg/share/udemy_ros2_pkg/cmake/rosidl_cmake-extras.cmake
[18.811s] -- Up-to-date symlink: /home/ingejohan/Workspaces/install/udemy_ros2_pkg/share/udemy_ros2_pkg/cmake/ament_cmake_export_dependencies-extras.cmake
[18.812s] -- Up-to-date symlink: /home/ingejohan/Workspaces/install/udemy_ros2_pkg/share/udemy_ros2_pkg/cmake/ament_cmake_export_include_directories-extras.cmake
[18.812s] -- Up-to-date symlink: /home/ingejohan/Workspaces/install/udemy_ros2_pkg/share/udemy_ros2_pkg/cmake/ament_cmake_export_libraries-extras.cmake
[18.813s] -- Up-to-date symlink: /home/ingejohan/Workspaces/install/udemy_ros2_pkg/share/udemy_ros2_pkg/cmake/ament_cmake_export_targets-extras.cmake
[18.813s] -- Up-to-date symlink: /home/ingejohan/Workspaces/install/udemy_ros2_pkg/share/udemy_ros2_pkg/cmake/rosidl_cmake_export_typesupport_targets-extras.cmake
[18.814s] -- Up-to-date symlink: /home/ingejohan/Workspaces/install/udemy_ros2_pkg/share/udemy_ros2_pkg/cmake/rosidl_cmake_export_typesupport_libraries-extras.cmake
[18.815s] -- Up-to-date symlink: /home/ingejohan/Workspaces/install/udemy_ros2_pkg/share/udemy_ros2_pkg/cmake/udemy_ros2_pkgConfig.cmake
[18.815s] -- Up-to-date symlink: /home/ingejohan/Workspaces/install/udemy_ros2_pkg/share/udemy_ros2_pkg/cmake/udemy_ros2_pkgConfig-version.cmake
[18.815s] -- Up-to-date symlink: /home/ingejohan/Workspaces/install/udemy_ros2_pkg/share/udemy_ros2_pkg/package.xml
[18.817s] -- Installing: /home/ingejohan/Workspaces/install/udemy_ros2_pkg/lib/libudemy_ros2_pkg__rosidl_generator_c.so
[18.818s] -- Set runtime path of "/home/ingejohan/Workspaces/install/udemy_ros2_pkg/lib/libudemy_ros2_pkg__rosidl_generator_c.so" to ""
[18.819s] -- Installing: /home/ingejohan/Workspaces/install/udemy_ros2_pkg/lib/libudemy_ros2_pkg__rosidl_typesupport_fastrtps_c.so
[18.820s] -- Set runtime path of "/home/ingejohan/Workspaces/install/udemy_ros2_pkg/lib/libudemy_ros2_pkg__rosidl_typesupport_fastrtps_c.so" to ""
[18.821s] -- Installing: /home/ingejohan/Workspaces/install/udemy_ros2_pkg/lib/libudemy_ros2_pkg__rosidl_typesupport_fastrtps_cpp.so
[18.822s] -- Set runtime path of "/home/ingejohan/Workspaces/install/udemy_ros2_pkg/lib/libudemy_ros2_pkg__rosidl_typesupport_fastrtps_cpp.so" to ""
[18.823s] -- Installing: /home/ingejohan/Workspaces/install/udemy_ros2_pkg/lib/libudemy_ros2_pkg__rosidl_typesupport_introspection_c.so
[18.824s] -- Set runtime path of "/home/ingejohan/Workspaces/install/udemy_ros2_pkg/lib/libudemy_ros2_pkg__rosidl_typesupport_introspection_c.so" to ""
[18.824s] -- Installing: /home/ingejohan/Workspaces/install/udemy_ros2_pkg/lib/libudemy_ros2_pkg__rosidl_typesupport_c.so
[18.825s] -- Set runtime path of "/home/ingejohan/Workspaces/install/udemy_ros2_pkg/lib/libudemy_ros2_pkg__rosidl_typesupport_c.so" to ""
[18.826s] -- Installing: /home/ingejohan/Workspaces/install/udemy_ros2_pkg/lib/libudemy_ros2_pkg__rosidl_typesupport_introspection_cpp.so
[18.827s] -- Set runtime path of "/home/ingejohan/Workspaces/install/udemy_ros2_pkg/lib/libudemy_ros2_pkg__rosidl_typesupport_introspection_cpp.so" to ""
[18.828s] -- Installing: /home/ingejohan/Workspaces/install/udemy_ros2_pkg/lib/libudemy_ros2_pkg__rosidl_typesupport_cpp.so
[18.829s] -- Set runtime path of "/home/ingejohan/Workspaces/install/udemy_ros2_pkg/lib/libudemy_ros2_pkg__rosidl_typesupport_cpp.so" to ""
[18.882s] Listing '/home/ingejohan/Workspaces/install/udemy_ros2_pkg/local/lib/python3.10/dist-packages/udemy_ros2_pkg'...
[18.882s] Compiling '/home/ingejohan/Workspaces/install/udemy_ros2_pkg/local/lib/python3.10/dist-packages/udemy_ros2_pkg/__init__.py'...
[18.882s] Listing '/home/ingejohan/Workspaces/install/udemy_ros2_pkg/local/lib/python3.10/dist-packages/udemy_ros2_pkg/action'...
[18.882s] Listing '/home/ingejohan/Workspaces/install/udemy_ros2_pkg/local/lib/python3.10/dist-packages/udemy_ros2_pkg/srv'...
[18.887s] -- Installing: /home/ingejohan/Workspaces/install/udemy_ros2_pkg/lib/libudemy_ros2_pkg__rosidl_generator_py.so
[18.887s] -- Set runtime path of "/home/ingejohan/Workspaces/install/udemy_ros2_pkg/lib/libudemy_ros2_pkg__rosidl_generator_py.so" to ""
[18.887s] -- Up-to-date: /home/ingejohan/Workspaces/install/udemy_ros2_pkg/share/udemy_ros2_pkg/cmake/export_udemy_ros2_pkg__rosidl_generator_cExport.cmake
[18.887s] -- Up-to-date: /home/ingejohan/Workspaces/install/udemy_ros2_pkg/share/udemy_ros2_pkg/cmake/export_udemy_ros2_pkg__rosidl_generator_cExport-relwithdebinfo.cmake
[18.888s] -- Up-to-date: /home/ingejohan/Workspaces/install/udemy_ros2_pkg/share/udemy_ros2_pkg/cmake/export_udemy_ros2_pkg__rosidl_typesupport_fastrtps_cExport.cmake
[18.888s] -- Up-to-date: /home/ingejohan/Workspaces/install/udemy_ros2_pkg/share/udemy_ros2_pkg/cmake/export_udemy_ros2_pkg__rosidl_typesupport_fastrtps_cExport-relwithdebinfo.cmake
[18.888s] -- Up-to-date: /home/ingejohan/Workspaces/install/udemy_ros2_pkg/share/udemy_ros2_pkg/cmake/export_udemy_ros2_pkg__rosidl_generator_cppExport.cmake
[18.888s] -- Up-to-date: /home/ingejohan/Workspaces/install/udemy_ros2_pkg/share/udemy_ros2_pkg/cmake/export_udemy_ros2_pkg__rosidl_typesupport_fastrtps_cppExport.cmake
[18.888s] -- Up-to-date: /home/ingejohan/Workspaces/install/udemy_ros2_pkg/share/udemy_ros2_pkg/cmake/export_udemy_ros2_pkg__rosidl_typesupport_fastrtps_cppExport-relwithdebinfo.cmake
[18.888s] -- Up-to-date: /home/ingejohan/Workspaces/install/udemy_ros2_pkg/share/udemy_ros2_pkg/cmake/udemy_ros2_pkg__rosidl_typesupport_introspection_cExport.cmake
[18.888s] -- Up-to-date: /home/ingejohan/Workspaces/install/udemy_ros2_pkg/share/udemy_ros2_pkg/cmake/udemy_ros2_pkg__rosidl_typesupport_introspection_cExport-relwithdebinfo.cmake
[18.888s] -- Up-to-date: /home/ingejohan/Workspaces/install/udemy_ros2_pkg/share/udemy_ros2_pkg/cmake/udemy_ros2_pkg__rosidl_typesupport_cExport.cmake
[18.888s] -- Up-to-date: /home/ingejohan/Workspaces/install/udemy_ros2_pkg/share/udemy_ros2_pkg/cmake/udemy_ros2_pkg__rosidl_typesupport_cExport-relwithdebinfo.cmake
[18.888s] -- Up-to-date: /home/ingejohan/Workspaces/install/udemy_ros2_pkg/share/udemy_ros2_pkg/cmake/udemy_ros2_pkg__rosidl_typesupport_introspection_cppExport.cmake
[18.888s] -- Up-to-date: /home/ingejohan/Workspaces/install/udemy_ros2_pkg/share/udemy_ros2_pkg/cmake/udemy_ros2_pkg__rosidl_typesupport_introspection_cppExport-relwithdebinfo.cmake
[18.889s] -- Up-to-date: /home/ingejohan/Workspaces/install/udemy_ros2_pkg/share/udemy_ros2_pkg/cmake/udemy_ros2_pkg__rosidl_typesupport_cppExport.cmake
[18.889s] -- Up-to-date: /home/ingejohan/Workspaces/install/udemy_ros2_pkg/share/udemy_ros2_pkg/cmake/udemy_ros2_pkg__rosidl_typesupport_cppExport-relwithdebinfo.cmake
[18.889s] -- Up-to-date: /home/ingejohan/Workspaces/install/udemy_ros2_pkg/share/udemy_ros2_pkg/cmake/export_udemy_ros2_pkg__rosidl_generator_pyExport.cmake
[18.889s] -- Up-to-date: /home/ingejohan/Workspaces/install/udemy_ros2_pkg/share/udemy_ros2_pkg/cmake/export_udemy_ros2_pkg__rosidl_generator_pyExport-relwithdebinfo.cmake
[18.890s] Invoked command in '/home/ingejohan/Workspaces/build/udemy_ros2_pkg' returned '0': CMAKE_PREFIX_PATH=${CMAKE_PREFIX_PATH}:/home/ingejohan/ros2_ws/install/rover:/home/ingejohan/ros2_ws/install/my_py_pkg:/opt/ros/humble /usr/bin/cmake --install /home/ingejohan/Workspaces/build/udemy_ros2_pkg
