[3.359s] DEBUG:colcon:Command line arguments: ['/usr/bin/colcon', 'build']
[3.359s] DEBUG:colcon:Parsed command line arguments: Namespace(log_base=None, log_level=None, verb_name='build', build_base='build', install_base='install', merge_install=False, symlink_install=False, test_result_base=None, continue_on_error=False, executor='parallel', parallel_workers=16, event_handlers=None, ignore_user_meta=False, metas=['./colcon.meta'], base_paths=['.'], packages_ignore=None, packages_ignore_regex=None, paths=None, packages_up_to=None, packages_up_to_regex=None, packages_above=None, packages_above_and_dependencies=None, packages_above_depth=None, packages_select_by_dep=None, packages_skip_by_dep=None, packages_skip_up_to=None, packages_select_build_failed=False, packages_skip_build_finished=False, packages_select_test_failures=False, packages_skip_test_passed=False, packages_select=None, packages_skip=None, packages_select_regex=None, packages_skip_regex=None, packages_start=None, packages_end=None, allow_overriding=[], cmake_args=None, cmake_target=None, cmake_target_skip_unavailable=False, cmake_clean_cache=False, cmake_clean_first=False, cmake_force_configure=False, ament_cmake_args=None, catkin_cmake_args=None, catkin_skip_building_tests=False, verb_parser=<colcon_defaults.argument_parser.defaults.DefaultArgumentsDecorator object at 0x7f93d467db40>, verb_extension=<colcon_core.verb.build.BuildVerb object at 0x7f93d477aaa0>, main=<bound method BuildVerb.main of <colcon_core.verb.build.BuildVerb object at 0x7f93d477aaa0>>)
[3.495s] Level 1:colcon.colcon_core.package_discovery:discover_packages(colcon_meta) check parameters
[3.495s] Level 1:colcon.colcon_core.package_discovery:discover_packages(recursive) check parameters
[3.495s] Level 1:colcon.colcon_core.package_discovery:discover_packages(ignore) check parameters
[3.495s] Level 1:colcon.colcon_core.package_discovery:discover_packages(path) check parameters
[3.495s] Level 1:colcon.colcon_core.package_discovery:discover_packages(colcon_meta) discover
[3.496s] Level 1:colcon.colcon_core.package_discovery:discover_packages(recursive) discover
[3.496s] INFO:colcon.colcon_core.package_discovery:Crawling recursively for packages in '/home/ingejohan/Workspaces/ros2_cpp_ws'
[3.496s] Level 1:colcon.colcon_core.package_identification:_identify(.) by extensions ['ignore', 'ignore_ament_install']
[3.496s] Level 1:colcon.colcon_core.package_identification:_identify(.) by extension 'ignore'
[3.496s] Level 1:colcon.colcon_core.package_identification:_identify(.) by extension 'ignore_ament_install'
[3.497s] Level 1:colcon.colcon_core.package_identification:_identify(.) by extensions ['colcon_pkg']
[3.497s] Level 1:colcon.colcon_core.package_identification:_identify(.) by extension 'colcon_pkg'
[3.497s] Level 1:colcon.colcon_core.package_identification:_identify(.) by extensions ['colcon_meta']
[3.497s] Level 1:colcon.colcon_core.package_identification:_identify(.) by extension 'colcon_meta'
[3.497s] Level 1:colcon.colcon_core.package_identification:_identify(.) by extensions ['ros']
[3.497s] Level 1:colcon.colcon_core.package_identification:_identify(.) by extension 'ros'
[3.531s] Level 1:colcon.colcon_core.package_identification:_identify(.) by extensions ['cmake', 'python']
[3.532s] Level 1:colcon.colcon_core.package_identification:_identify(.) by extension 'cmake'
[3.532s] Level 1:colcon.colcon_core.package_identification:_identify(.) by extension 'python'
[3.532s] Level 1:colcon.colcon_core.package_identification:_identify(.) by extensions ['python_setup_py']
[3.532s] Level 1:colcon.colcon_core.package_identification:_identify(.) by extension 'python_setup_py'
[3.533s] Level 1:colcon.colcon_core.package_identification:_identify(build) by extensions ['ignore', 'ignore_ament_install']
[3.533s] Level 1:colcon.colcon_core.package_identification:_identify(build) by extension 'ignore'
[3.533s] Level 1:colcon.colcon_core.package_identification:_identify(build) ignored
[3.534s] Level 1:colcon.colcon_core.package_identification:_identify(install) by extensions ['ignore', 'ignore_ament_install']
[3.534s] Level 1:colcon.colcon_core.package_identification:_identify(install) by extension 'ignore'
[3.534s] Level 1:colcon.colcon_core.package_identification:_identify(install) ignored
[3.535s] Level 1:colcon.colcon_core.package_identification:_identify(log) by extensions ['ignore', 'ignore_ament_install']
[3.535s] Level 1:colcon.colcon_core.package_identification:_identify(log) by extension 'ignore'
[3.535s] Level 1:colcon.colcon_core.package_identification:_identify(log) ignored
[3.535s] Level 1:colcon.colcon_core.package_identification:_identify(src) by extensions ['ignore', 'ignore_ament_install']
[3.536s] Level 1:colcon.colcon_core.package_identification:_identify(src) by extension 'ignore'
[3.536s] Level 1:colcon.colcon_core.package_identification:_identify(src) by extension 'ignore_ament_install'
[3.536s] Level 1:colcon.colcon_core.package_identification:_identify(src) by extensions ['colcon_pkg']
[3.536s] Level 1:colcon.colcon_core.package_identification:_identify(src) by extension 'colcon_pkg'
[3.536s] Level 1:colcon.colcon_core.package_identification:_identify(src) by extensions ['colcon_meta']
[3.536s] Level 1:colcon.colcon_core.package_identification:_identify(src) by extension 'colcon_meta'
[3.536s] Level 1:colcon.colcon_core.package_identification:_identify(src) by extensions ['ros']
[3.537s] Level 1:colcon.colcon_core.package_identification:_identify(src) by extension 'ros'
[3.537s] Level 1:colcon.colcon_core.package_identification:_identify(src) by extensions ['cmake', 'python']
[3.537s] Level 1:colcon.colcon_core.package_identification:_identify(src) by extension 'cmake'
[3.537s] Level 1:colcon.colcon_core.package_identification:_identify(src) by extension 'python'
[3.537s] Level 1:colcon.colcon_core.package_identification:_identify(src) by extensions ['python_setup_py']
[3.537s] Level 1:colcon.colcon_core.package_identification:_identify(src) by extension 'python_setup_py'
[3.538s] Level 1:colcon.colcon_core.package_identification:_identify(src/udemy_ros2_pkg) by extensions ['ignore', 'ignore_ament_install']
[3.538s] Level 1:colcon.colcon_core.package_identification:_identify(src/udemy_ros2_pkg) by extension 'ignore'
[3.538s] Level 1:colcon.colcon_core.package_identification:_identify(src/udemy_ros2_pkg) by extension 'ignore_ament_install'
[3.538s] Level 1:colcon.colcon_core.package_identification:_identify(src/udemy_ros2_pkg) by extensions ['colcon_pkg']
[3.538s] Level 1:colcon.colcon_core.package_identification:_identify(src/udemy_ros2_pkg) by extension 'colcon_pkg'
[3.539s] Level 1:colcon.colcon_core.package_identification:_identify(src/udemy_ros2_pkg) by extensions ['colcon_meta']
[3.539s] Level 1:colcon.colcon_core.package_identification:_identify(src/udemy_ros2_pkg) by extension 'colcon_meta'
[3.539s] Level 1:colcon.colcon_core.package_identification:_identify(src/udemy_ros2_pkg) by extensions ['ros']
[3.539s] Level 1:colcon.colcon_core.package_identification:_identify(src/udemy_ros2_pkg) by extension 'ros'
[3.548s] DEBUG:colcon.colcon_core.package_identification:Package 'src/udemy_ros2_pkg' with type 'ros.ament_cmake' and name 'udemy_ros2_pkg'
[3.548s] Level 1:colcon.colcon_core.package_discovery:discover_packages(recursive) using defaults
[3.548s] Level 1:colcon.colcon_core.package_discovery:discover_packages(ignore) discover
[3.548s] Level 1:colcon.colcon_core.package_discovery:discover_packages(ignore) using defaults
[3.548s] Level 1:colcon.colcon_core.package_discovery:discover_packages(path) discover
[3.548s] Level 1:colcon.colcon_core.package_discovery:discover_packages(path) using defaults
[3.822s] Level 1:colcon.colcon_core.package_discovery:discover_packages(prefix_path) check parameters
[3.822s] Level 1:colcon.colcon_core.package_discovery:discover_packages(prefix_path) discover
[3.916s] DEBUG:colcon.colcon_installed_package_information.package_discovery:Found 1 installed packages in /home/ingejohan/Workspaces/ros2_cpp_ws/install
[3.960s] DEBUG:colcon.colcon_installed_package_information.package_discovery:Found 3 installed packages in /home/ingejohan/ros2_ws/install
[4.015s] DEBUG:colcon.colcon_installed_package_information.package_discovery:Found 293 installed packages in /opt/ros/humble
[4.019s] Level 1:colcon.colcon_core.package_discovery:discover_packages(prefix_path) using defaults
[4.314s] Level 5:colcon.colcon_core.verb:set package 'udemy_ros2_pkg' build argument 'cmake_args' from command line to 'None'
[4.314s] Level 5:colcon.colcon_core.verb:set package 'udemy_ros2_pkg' build argument 'cmake_target' from command line to 'None'
[4.314s] Level 5:colcon.colcon_core.verb:set package 'udemy_ros2_pkg' build argument 'cmake_target_skip_unavailable' from command line to 'False'
[4.314s] Level 5:colcon.colcon_core.verb:set package 'udemy_ros2_pkg' build argument 'cmake_clean_cache' from command line to 'False'
[4.314s] Level 5:colcon.colcon_core.verb:set package 'udemy_ros2_pkg' build argument 'cmake_clean_first' from command line to 'False'
[4.314s] Level 5:colcon.colcon_core.verb:set package 'udemy_ros2_pkg' build argument 'cmake_force_configure' from command line to 'False'
[4.314s] Level 5:colcon.colcon_core.verb:set package 'udemy_ros2_pkg' build argument 'ament_cmake_args' from command line to 'None'
[4.315s] Level 5:colcon.colcon_core.verb:set package 'udemy_ros2_pkg' build argument 'catkin_cmake_args' from command line to 'None'
[4.315s] Level 5:colcon.colcon_core.verb:set package 'udemy_ros2_pkg' build argument 'catkin_skip_building_tests' from command line to 'False'
[4.315s] DEBUG:colcon.colcon_core.verb:Building package 'udemy_ros2_pkg' with the following arguments: {'ament_cmake_args': None, 'build_base': '/home/ingejohan/Workspaces/ros2_cpp_ws/build/udemy_ros2_pkg', 'catkin_cmake_args': None, 'catkin_skip_building_tests': False, 'cmake_args': None, 'cmake_clean_cache': False, 'cmake_clean_first': False, 'cmake_force_configure': False, 'cmake_target': None, 'cmake_target_skip_unavailable': False, 'install_base': '/home/ingejohan/Workspaces/ros2_cpp_ws/install/udemy_ros2_pkg', 'merge_install': False, 'path': '/home/ingejohan/Workspaces/ros2_cpp_ws/src/udemy_ros2_pkg', 'symlink_install': False, 'test_result_base': None}
[4.358s] INFO:colcon.colcon_core.executor:Executing jobs using 'parallel' executor
[4.403s] DEBUG:colcon.colcon_parallel_executor.executor.parallel:run_until_complete
[4.403s] INFO:colcon.colcon_ros.task.ament_cmake.build:Building ROS package in '/home/ingejohan/Workspaces/ros2_cpp_ws/src/udemy_ros2_pkg' with build type 'ament_cmake'
[4.404s] INFO:colcon.colcon_cmake.task.cmake.build:Building CMake package in '/home/ingejohan/Workspaces/ros2_cpp_ws/src/udemy_ros2_pkg'
[4.460s] INFO:colcon.colcon_core.plugin_system:Skipping extension 'colcon_core.shell.bat': Not used on non-Windows systems
[4.461s] INFO:colcon.colcon_core.shell:Skip shell extension 'powershell' for command environment: Not usable outside of PowerShell
[4.461s] DEBUG:colcon.colcon_core.shell:Skip shell extension 'dsv' for command environment
[4.676s] DEBUG:colcon.colcon_core.event_handler.log_command:Invoking command in '/home/ingejohan/Workspaces/ros2_cpp_ws/build/udemy_ros2_pkg': CMAKE_PREFIX_PATH=${CMAKE_PREFIX_PATH}:/home/ingejohan/ros2_ws/install/rover:/home/ingejohan/ros2_ws/install/my_py_pkg:/opt/ros/humble /usr/bin/cmake --build /home/ingejohan/Workspaces/ros2_cpp_ws/build/udemy_ros2_pkg -- -j16 -l16
[5.878s] DEBUG:colcon.colcon_core.event_handler.log_command:Invoked command in '/home/ingejohan/Workspaces/ros2_cpp_ws/build/udemy_ros2_pkg' returned '0': CMAKE_PREFIX_PATH=${CMAKE_PREFIX_PATH}:/home/ingejohan/ros2_ws/install/rover:/home/ingejohan/ros2_ws/install/my_py_pkg:/opt/ros/humble /usr/bin/cmake --build /home/ingejohan/Workspaces/ros2_cpp_ws/build/udemy_ros2_pkg -- -j16 -l16
[6.219s] DEBUG:colcon.colcon_core.event_handler.log_command:Invoking command in '/home/ingejohan/Workspaces/ros2_cpp_ws/build/udemy_ros2_pkg': CMAKE_PREFIX_PATH=${CMAKE_PREFIX_PATH}:/home/ingejohan/ros2_ws/install/rover:/home/ingejohan/ros2_ws/install/my_py_pkg:/opt/ros/humble /usr/bin/cmake --install /home/ingejohan/Workspaces/ros2_cpp_ws/build/udemy_ros2_pkg
[6.400s] Level 1:colcon.colcon_core.environment:create_environment_scripts_only(udemy_ros2_pkg)
[6.436s] DEBUG:colcon.colcon_core.event_handler.log_command:Invoked command in '/home/ingejohan/Workspaces/ros2_cpp_ws/build/udemy_ros2_pkg' returned '0': CMAKE_PREFIX_PATH=${CMAKE_PREFIX_PATH}:/home/ingejohan/ros2_ws/install/rover:/home/ingejohan/ros2_ws/install/my_py_pkg:/opt/ros/humble /usr/bin/cmake --install /home/ingejohan/Workspaces/ros2_cpp_ws/build/udemy_ros2_pkg
[6.478s] Level 1:colcon.colcon_core.environment:checking '/home/ingejohan/Workspaces/ros2_cpp_ws/install/udemy_ros2_pkg' for CMake module files
[6.480s] Level 1:colcon.colcon_core.environment:checking '/home/ingejohan/Workspaces/ros2_cpp_ws/install/udemy_ros2_pkg' for CMake config files
[6.481s] Level 1:colcon.colcon_core.shell:create_environment_hook('udemy_ros2_pkg', 'cmake_prefix_path')
[6.531s] INFO:colcon.colcon_core.shell:Creating environment hook '/home/ingejohan/Workspaces/ros2_cpp_ws/install/udemy_ros2_pkg/share/udemy_ros2_pkg/hook/cmake_prefix_path.ps1'
[6.533s] INFO:colcon.colcon_core.shell:Creating environment descriptor '/home/ingejohan/Workspaces/ros2_cpp_ws/install/udemy_ros2_pkg/share/udemy_ros2_pkg/hook/cmake_prefix_path.dsv'
[6.534s] INFO:colcon.colcon_core.shell:Creating environment hook '/home/ingejohan/Workspaces/ros2_cpp_ws/install/udemy_ros2_pkg/share/udemy_ros2_pkg/hook/cmake_prefix_path.sh'
[6.536s] Level 1:colcon.colcon_core.environment:checking '/home/ingejohan/Workspaces/ros2_cpp_ws/install/udemy_ros2_pkg/lib'
[6.537s] Level 1:colcon.colcon_core.shell:create_environment_hook('udemy_ros2_pkg', 'ld_library_path_lib')
[6.588s] INFO:colcon.colcon_core.shell:Creating environment hook '/home/ingejohan/Workspaces/ros2_cpp_ws/install/udemy_ros2_pkg/share/udemy_ros2_pkg/hook/ld_library_path_lib.ps1'
[6.590s] INFO:colcon.colcon_core.shell:Creating environment descriptor '/home/ingejohan/Workspaces/ros2_cpp_ws/install/udemy_ros2_pkg/share/udemy_ros2_pkg/hook/ld_library_path_lib.dsv'
[6.591s] INFO:colcon.colcon_core.shell:Creating environment hook '/home/ingejohan/Workspaces/ros2_cpp_ws/install/udemy_ros2_pkg/share/udemy_ros2_pkg/hook/ld_library_path_lib.sh'
[6.592s] Level 1:colcon.colcon_core.environment:checking '/home/ingejohan/Workspaces/ros2_cpp_ws/install/udemy_ros2_pkg/bin'
[6.592s] Level 1:colcon.colcon_core.environment:checking '/home/ingejohan/Workspaces/ros2_cpp_ws/install/udemy_ros2_pkg/lib/pkgconfig/udemy_ros2_pkg.pc'
[6.593s] Level 1:colcon.colcon_core.environment:checking '/home/ingejohan/Workspaces/ros2_cpp_ws/install/udemy_ros2_pkg/lib/python3.10/site-packages'
[6.594s] Level 1:colcon.colcon_core.environment:checking '/home/ingejohan/Workspaces/ros2_cpp_ws/install/udemy_ros2_pkg/bin'
[6.676s] INFO:colcon.colcon_core.shell:Creating package script '/home/ingejohan/Workspaces/ros2_cpp_ws/install/udemy_ros2_pkg/share/udemy_ros2_pkg/package.ps1'
[6.680s] INFO:colcon.colcon_core.shell:Creating package descriptor '/home/ingejohan/Workspaces/ros2_cpp_ws/install/udemy_ros2_pkg/share/udemy_ros2_pkg/package.dsv'
[6.683s] INFO:colcon.colcon_core.shell:Creating package script '/home/ingejohan/Workspaces/ros2_cpp_ws/install/udemy_ros2_pkg/share/udemy_ros2_pkg/package.sh'
[6.686s] INFO:colcon.colcon_core.shell:Creating package script '/home/ingejohan/Workspaces/ros2_cpp_ws/install/udemy_ros2_pkg/share/udemy_ros2_pkg/package.bash'
[6.690s] INFO:colcon.colcon_core.shell:Creating package script '/home/ingejohan/Workspaces/ros2_cpp_ws/install/udemy_ros2_pkg/share/udemy_ros2_pkg/package.zsh'
[6.693s] Level 1:colcon.colcon_core.environment:create_file_with_runtime_dependencies(/home/ingejohan/Workspaces/ros2_cpp_ws/install/udemy_ros2_pkg/share/colcon-core/packages/udemy_ros2_pkg)
[7.087s] Level 1:colcon.colcon_core.environment:create_environment_scripts_only(udemy_ros2_pkg)
[7.143s] Level 1:colcon.colcon_core.environment:checking '/home/ingejohan/Workspaces/ros2_cpp_ws/install/udemy_ros2_pkg' for CMake module files
[7.146s] Level 1:colcon.colcon_core.environment:checking '/home/ingejohan/Workspaces/ros2_cpp_ws/install/udemy_ros2_pkg' for CMake config files
[7.147s] Level 1:colcon.colcon_core.shell:create_environment_hook('udemy_ros2_pkg', 'cmake_prefix_path')
[7.202s] INFO:colcon.colcon_core.shell:Creating environment hook '/home/ingejohan/Workspaces/ros2_cpp_ws/install/udemy_ros2_pkg/share/udemy_ros2_pkg/hook/cmake_prefix_path.ps1'
[7.203s] INFO:colcon.colcon_core.shell:Creating environment descriptor '/home/ingejohan/Workspaces/ros2_cpp_ws/install/udemy_ros2_pkg/share/udemy_ros2_pkg/hook/cmake_prefix_path.dsv'
[7.204s] INFO:colcon.colcon_core.shell:Creating environment hook '/home/ingejohan/Workspaces/ros2_cpp_ws/install/udemy_ros2_pkg/share/udemy_ros2_pkg/hook/cmake_prefix_path.sh'
[7.206s] Level 1:colcon.colcon_core.environment:checking '/home/ingejohan/Workspaces/ros2_cpp_ws/install/udemy_ros2_pkg/lib'
[7.207s] Level 1:colcon.colcon_core.shell:create_environment_hook('udemy_ros2_pkg', 'ld_library_path_lib')
[7.261s] INFO:colcon.colcon_core.shell:Creating environment hook '/home/ingejohan/Workspaces/ros2_cpp_ws/install/udemy_ros2_pkg/share/udemy_ros2_pkg/hook/ld_library_path_lib.ps1'
[7.262s] INFO:colcon.colcon_core.shell:Creating environment descriptor '/home/ingejohan/Workspaces/ros2_cpp_ws/install/udemy_ros2_pkg/share/udemy_ros2_pkg/hook/ld_library_path_lib.dsv'
[7.263s] INFO:colcon.colcon_core.shell:Creating environment hook '/home/ingejohan/Workspaces/ros2_cpp_ws/install/udemy_ros2_pkg/share/udemy_ros2_pkg/hook/ld_library_path_lib.sh'
[7.264s] Level 1:colcon.colcon_core.environment:checking '/home/ingejohan/Workspaces/ros2_cpp_ws/install/udemy_ros2_pkg/bin'
[7.264s] Level 1:colcon.colcon_core.environment:checking '/home/ingejohan/Workspaces/ros2_cpp_ws/install/udemy_ros2_pkg/lib/pkgconfig/udemy_ros2_pkg.pc'
[7.265s] Level 1:colcon.colcon_core.environment:checking '/home/ingejohan/Workspaces/ros2_cpp_ws/install/udemy_ros2_pkg/lib/python3.10/site-packages'
[7.266s] Level 1:colcon.colcon_core.environment:checking '/home/ingejohan/Workspaces/ros2_cpp_ws/install/udemy_ros2_pkg/bin'
[7.322s] INFO:colcon.colcon_core.shell:Creating package script '/home/ingejohan/Workspaces/ros2_cpp_ws/install/udemy_ros2_pkg/share/udemy_ros2_pkg/package.ps1'
[7.325s] INFO:colcon.colcon_core.shell:Creating package descriptor '/home/ingejohan/Workspaces/ros2_cpp_ws/install/udemy_ros2_pkg/share/udemy_ros2_pkg/package.dsv'
[7.327s] INFO:colcon.colcon_core.shell:Creating package script '/home/ingejohan/Workspaces/ros2_cpp_ws/install/udemy_ros2_pkg/share/udemy_ros2_pkg/package.sh'
[7.328s] INFO:colcon.colcon_core.shell:Creating package script '/home/ingejohan/Workspaces/ros2_cpp_ws/install/udemy_ros2_pkg/share/udemy_ros2_pkg/package.bash'
[7.329s] INFO:colcon.colcon_core.shell:Creating package script '/home/ingejohan/Workspaces/ros2_cpp_ws/install/udemy_ros2_pkg/share/udemy_ros2_pkg/package.zsh'
[7.331s] Level 1:colcon.colcon_core.environment:create_file_with_runtime_dependencies(/home/ingejohan/Workspaces/ros2_cpp_ws/install/udemy_ros2_pkg/share/colcon-core/packages/udemy_ros2_pkg)
[7.332s] DEBUG:colcon.colcon_parallel_executor.executor.parallel:closing loop
[7.333s] DEBUG:colcon.colcon_parallel_executor.executor.parallel:loop closed
[7.333s] DEBUG:colcon.colcon_parallel_executor.executor.parallel:run_until_complete finished with '0'
[7.334s] DEBUG:colcon.colcon_core.event_reactor:joining thread
[7.406s] INFO:colcon.colcon_core.plugin_system:Skipping extension 'colcon_notification.desktop_notification.terminal_notifier': Not used on non-Darwin systems
[7.406s] INFO:colcon.colcon_core.plugin_system:Skipping extension 'colcon_notification.desktop_notification.win32': Not used on non-Windows systems
[7.406s] INFO:colcon.colcon_notification.desktop_notification:Sending desktop notification using 'notify2'
[7.442s] DEBUG:colcon.colcon_core.event_reactor:joined thread
[7.498s] INFO:colcon.colcon_core.shell:Creating prefix script '/home/ingejohan/Workspaces/ros2_cpp_ws/install/local_setup.ps1'
[7.502s] INFO:colcon.colcon_core.shell:Creating prefix util module '/home/ingejohan/Workspaces/ros2_cpp_ws/install/_local_setup_util_ps1.py'
[7.507s] INFO:colcon.colcon_core.shell:Creating prefix chain script '/home/ingejohan/Workspaces/ros2_cpp_ws/install/setup.ps1'
[7.565s] INFO:colcon.colcon_core.shell:Creating prefix script '/home/ingejohan/Workspaces/ros2_cpp_ws/install/local_setup.sh'
[7.566s] INFO:colcon.colcon_core.shell:Creating prefix util module '/home/ingejohan/Workspaces/ros2_cpp_ws/install/_local_setup_util_sh.py'
[7.568s] INFO:colcon.colcon_core.shell:Creating prefix chain script '/home/ingejohan/Workspaces/ros2_cpp_ws/install/setup.sh'
[7.624s] INFO:colcon.colcon_core.shell:Creating prefix script '/home/ingejohan/Workspaces/ros2_cpp_ws/install/local_setup.bash'
[7.625s] INFO:colcon.colcon_core.shell:Creating prefix chain script '/home/ingejohan/Workspaces/ros2_cpp_ws/install/setup.bash'
[7.682s] INFO:colcon.colcon_core.shell:Creating prefix script '/home/ingejohan/Workspaces/ros2_cpp_ws/install/local_setup.zsh'
[7.684s] INFO:colcon.colcon_core.shell:Creating prefix chain script '/home/ingejohan/Workspaces/ros2_cpp_ws/install/setup.zsh'
