[0.158s] Invoking command in '/home/ingejohan/Workspaces/ros2_cpp_ws/build/udemy_ros2_pkg': CMAKE_PREFIX_PATH=${CMAKE_PREFIX_PATH}:/home/ingejohan/ros2_ws/install/rover:/home/ingejohan/ros2_ws/install/my_py_pkg:/opt/ros/humble /usr/bin/cmake --build /home/ingejohan/Workspaces/ros2_cpp_ws/build/udemy_ros2_pkg -- -j16 -l16
[0.231s] [  1%] Built target udemy_ros2_pkg__cpp
[0.266s] [  4%] Built target speed_calc
[0.299s] [ 11%] Built target udemy_ros2_pkg__rosidl_typesupport_introspection_cpp
[0.332s] [ 19%] Built target udemy_ros2_pkg__rosidl_typesupport_fastrtps_cpp
[0.366s] [ 26%] Built target udemy_ros2_pkg__rosidl_typesupport_cpp
[0.400s] [ 29%] Built target rpm_pub
[0.436s] [ 32%] Built target action_client
[0.472s] [ 35%] Built target action_server
[0.511s] [ 38%] Built target turn_camera_client
[0.546s] [ 41%] Built target turn_camera_service
[0.580s] [ 44%] Built target service_client
[0.615s] [ 47%] Built target service_server
[0.649s] [ 50%] Built target subscriber
[0.683s] [ 53%] Built target publisher
[0.722s] [ 53%] Built target ament_cmake_python_copy_udemy_ros2_pkg
[0.752s] [ 61%] Built target udemy_ros2_pkg__rosidl_generator_c
[1.365s] running egg_info
[1.367s] writing udemy_ros2_pkg.egg-info/PKG-INFO
[1.368s] writing dependency_links to udemy_ros2_pkg.egg-info/dependency_links.txt
[1.368s] writing top-level names to udemy_ros2_pkg.egg-info/top_level.txt
[1.377s] reading manifest file 'udemy_ros2_pkg.egg-info/SOURCES.txt'
[1.379s] writing manifest file 'udemy_ros2_pkg.egg-info/SOURCES.txt'
[1.458s] [ 61%] Built target ament_cmake_python_build_udemy_ros2_pkg_egg
[1.536s] [ 68%] Built target udemy_ros2_pkg__rosidl_typesupport_c
[1.624s] [ 76%] Built target udemy_ros2_pkg__rosidl_typesupport_introspection_c
[1.729s] [ 83%] Built target udemy_ros2_pkg__rosidl_typesupport_fastrtps_c
[1.824s] [ 83%] Built target udemy_ros2_pkg
[1.922s] [ 85%] Built target udemy_ros2_pkg__py
[2.030s] [ 91%] Built target udemy_ros2_pkg__rosidl_generator_py
[2.135s] [ 94%] Built target udemy_ros2_pkg__rosidl_typesupport_fastrtps_c__pyext
[2.241s] [ 97%] Built target udemy_ros2_pkg__rosidl_typesupport_c__pyext
[2.347s] [100%] Built target udemy_ros2_pkg__rosidl_typesupport_introspection_c__pyext
[2.401s] Invoked command in '/home/ingejohan/Workspaces/ros2_cpp_ws/build/udemy_ros2_pkg' returned '0': CMAKE_PREFIX_PATH=${CMAKE_PREFIX_PATH}:/home/ingejohan/ros2_ws/install/rover:/home/ingejohan/ros2_ws/install/my_py_pkg:/opt/ros/humble /usr/bin/cmake --build /home/ingejohan/Workspaces/ros2_cpp_ws/build/udemy_ros2_pkg -- -j16 -l16
[2.970s] Invoking command in '/home/ingejohan/Workspaces/ros2_cpp_ws/build/udemy_ros2_pkg': CMAKE_PREFIX_PATH=${CMAKE_PREFIX_PATH}:/home/ingejohan/ros2_ws/install/rover:/home/ingejohan/ros2_ws/install/my_py_pkg:/opt/ros/humble /usr/bin/cmake --install /home/ingejohan/Workspaces/ros2_cpp_ws/build/udemy_ros2_pkg
[3.010s] -- Install configuration: ""
[3.012s] -- Up-to-date: /home/ingejohan/Workspaces/ros2_cpp_ws/install/udemy_ros2_pkg/share/ament_index/resource_index/rosidl_interfaces/udemy_ros2_pkg
[3.013s] -- Up-to-date: /home/ingejohan/Workspaces/ros2_cpp_ws/install/udemy_ros2_pkg/include/udemy_ros2_pkg/udemy_ros2_pkg
[3.014s] -- Up-to-date: /home/ingejohan/Workspaces/ros2_cpp_ws/install/udemy_ros2_pkg/include/udemy_ros2_pkg/udemy_ros2_pkg/action
[3.014s] -- Up-to-date: /home/ingejohan/Workspaces/ros2_cpp_ws/install/udemy_ros2_pkg/include/udemy_ros2_pkg/udemy_ros2_pkg/action/navigate.h
[3.015s] -- Up-to-date: /home/ingejohan/Workspaces/ros2_cpp_ws/install/udemy_ros2_pkg/include/udemy_ros2_pkg/udemy_ros2_pkg/action/detail
[3.015s] -- Up-to-date: /home/ingejohan/Workspaces/ros2_cpp_ws/install/udemy_ros2_pkg/include/udemy_ros2_pkg/udemy_ros2_pkg/action/detail/navigate__struct.h
[3.016s] -- Up-to-date: /home/ingejohan/Workspaces/ros2_cpp_ws/install/udemy_ros2_pkg/include/udemy_ros2_pkg/udemy_ros2_pkg/action/detail/navigate__functions.h
[3.016s] -- Up-to-date: /home/ingejohan/Workspaces/ros2_cpp_ws/install/udemy_ros2_pkg/include/udemy_ros2_pkg/udemy_ros2_pkg/action/detail/navigate__type_support.h
[3.017s] -- Up-to-date: /home/ingejohan/Workspaces/ros2_cpp_ws/install/udemy_ros2_pkg/include/udemy_ros2_pkg/udemy_ros2_pkg/action/detail/navigate__functions.c
[3.018s] -- Up-to-date: /home/ingejohan/Workspaces/ros2_cpp_ws/install/udemy_ros2_pkg/include/udemy_ros2_pkg/udemy_ros2_pkg/srv
[3.019s] -- Up-to-date: /home/ingejohan/Workspaces/ros2_cpp_ws/install/udemy_ros2_pkg/include/udemy_ros2_pkg/udemy_ros2_pkg/srv/odd_even_check.h
[3.020s] -- Up-to-date: /home/ingejohan/Workspaces/ros2_cpp_ws/install/udemy_ros2_pkg/include/udemy_ros2_pkg/udemy_ros2_pkg/srv/turn_camera.h
[3.021s] -- Up-to-date: /home/ingejohan/Workspaces/ros2_cpp_ws/install/udemy_ros2_pkg/include/udemy_ros2_pkg/udemy_ros2_pkg/srv/detail
[3.022s] -- Up-to-date: /home/ingejohan/Workspaces/ros2_cpp_ws/install/udemy_ros2_pkg/include/udemy_ros2_pkg/udemy_ros2_pkg/srv/detail/odd_even_check__type_support.h
[3.023s] -- Up-to-date: /home/ingejohan/Workspaces/ros2_cpp_ws/install/udemy_ros2_pkg/include/udemy_ros2_pkg/udemy_ros2_pkg/srv/detail/turn_camera__functions.c
[3.024s] -- Up-to-date: /home/ingejohan/Workspaces/ros2_cpp_ws/install/udemy_ros2_pkg/include/udemy_ros2_pkg/udemy_ros2_pkg/srv/detail/turn_camera__type_support.h
[3.025s] -- Up-to-date: /home/ingejohan/Workspaces/ros2_cpp_ws/install/udemy_ros2_pkg/include/udemy_ros2_pkg/udemy_ros2_pkg/srv/detail/odd_even_check__struct.h
[3.026s] -- Up-to-date: /home/ingejohan/Workspaces/ros2_cpp_ws/install/udemy_ros2_pkg/include/udemy_ros2_pkg/udemy_ros2_pkg/srv/detail/turn_camera__functions.h
[3.027s] -- Up-to-date: /home/ingejohan/Workspaces/ros2_cpp_ws/install/udemy_ros2_pkg/include/udemy_ros2_pkg/udemy_ros2_pkg/srv/detail/turn_camera__struct.h
[3.027s] -- Up-to-date: /home/ingejohan/Workspaces/ros2_cpp_ws/install/udemy_ros2_pkg/include/udemy_ros2_pkg/udemy_ros2_pkg/srv/detail/odd_even_check__functions.c
[3.028s] -- Up-to-date: /home/ingejohan/Workspaces/ros2_cpp_ws/install/udemy_ros2_pkg/include/udemy_ros2_pkg/udemy_ros2_pkg/srv/detail/odd_even_check__functions.h
[3.028s] -- Up-to-date: /home/ingejohan/Workspaces/ros2_cpp_ws/install/udemy_ros2_pkg/include/udemy_ros2_pkg/udemy_ros2_pkg/msg
[3.029s] -- Up-to-date: /home/ingejohan/Workspaces/ros2_cpp_ws/install/udemy_ros2_pkg/include/udemy_ros2_pkg/udemy_ros2_pkg/msg/rosidl_generator_c__visibility_control.h
[3.030s] -- Up-to-date: /home/ingejohan/Workspaces/ros2_cpp_ws/install/udemy_ros2_pkg/share/udemy_ros2_pkg/environment/library_path.sh
[3.031s] -- Up-to-date: /home/ingejohan/Workspaces/ros2_cpp_ws/install/udemy_ros2_pkg/share/udemy_ros2_pkg/environment/library_path.dsv
[3.031s] -- Up-to-date: /home/ingejohan/Workspaces/ros2_cpp_ws/install/udemy_ros2_pkg/lib/libudemy_ros2_pkg__rosidl_generator_c.so
[3.032s] -- Up-to-date: /home/ingejohan/Workspaces/ros2_cpp_ws/install/udemy_ros2_pkg/include/udemy_ros2_pkg/udemy_ros2_pkg
[3.033s] -- Up-to-date: /home/ingejohan/Workspaces/ros2_cpp_ws/install/udemy_ros2_pkg/include/udemy_ros2_pkg/udemy_ros2_pkg/action
[3.034s] -- Up-to-date: /home/ingejohan/Workspaces/ros2_cpp_ws/install/udemy_ros2_pkg/include/udemy_ros2_pkg/udemy_ros2_pkg/action/detail
[3.035s] -- Up-to-date: /home/ingejohan/Workspaces/ros2_cpp_ws/install/udemy_ros2_pkg/include/udemy_ros2_pkg/udemy_ros2_pkg/action/detail/navigate__rosidl_typesupport_fastrtps_c.h
[3.036s] -- Up-to-date: /home/ingejohan/Workspaces/ros2_cpp_ws/install/udemy_ros2_pkg/include/udemy_ros2_pkg/udemy_ros2_pkg/srv
[3.036s] -- Up-to-date: /home/ingejohan/Workspaces/ros2_cpp_ws/install/udemy_ros2_pkg/include/udemy_ros2_pkg/udemy_ros2_pkg/srv/detail
[3.037s] -- Up-to-date: /home/ingejohan/Workspaces/ros2_cpp_ws/install/udemy_ros2_pkg/include/udemy_ros2_pkg/udemy_ros2_pkg/srv/detail/turn_camera__rosidl_typesupport_fastrtps_c.h
[3.038s] -- Up-to-date: /home/ingejohan/Workspaces/ros2_cpp_ws/install/udemy_ros2_pkg/include/udemy_ros2_pkg/udemy_ros2_pkg/srv/detail/odd_even_check__rosidl_typesupport_fastrtps_c.h
[3.039s] -- Up-to-date: /home/ingejohan/Workspaces/ros2_cpp_ws/install/udemy_ros2_pkg/include/udemy_ros2_pkg/udemy_ros2_pkg/msg
[3.040s] -- Up-to-date: /home/ingejohan/Workspaces/ros2_cpp_ws/install/udemy_ros2_pkg/include/udemy_ros2_pkg/udemy_ros2_pkg/msg/rosidl_typesupport_fastrtps_c__visibility_control.h
[3.040s] -- Up-to-date: /home/ingejohan/Workspaces/ros2_cpp_ws/install/udemy_ros2_pkg/lib/libudemy_ros2_pkg__rosidl_typesupport_fastrtps_c.so
[3.041s] -- Up-to-date: /home/ingejohan/Workspaces/ros2_cpp_ws/install/udemy_ros2_pkg/include/udemy_ros2_pkg/udemy_ros2_pkg
[3.041s] -- Up-to-date: /home/ingejohan/Workspaces/ros2_cpp_ws/install/udemy_ros2_pkg/include/udemy_ros2_pkg/udemy_ros2_pkg/action
[3.042s] -- Up-to-date: /home/ingejohan/Workspaces/ros2_cpp_ws/install/udemy_ros2_pkg/include/udemy_ros2_pkg/udemy_ros2_pkg/action/navigate.hpp
[3.042s] -- Up-to-date: /home/ingejohan/Workspaces/ros2_cpp_ws/install/udemy_ros2_pkg/include/udemy_ros2_pkg/udemy_ros2_pkg/action/detail
[3.043s] -- Up-to-date: /home/ingejohan/Workspaces/ros2_cpp_ws/install/udemy_ros2_pkg/include/udemy_ros2_pkg/udemy_ros2_pkg/action/detail/navigate__builder.hpp
[3.043s] -- Up-to-date: /home/ingejohan/Workspaces/ros2_cpp_ws/install/udemy_ros2_pkg/include/udemy_ros2_pkg/udemy_ros2_pkg/action/detail/navigate__struct.hpp
[3.044s] -- Up-to-date: /home/ingejohan/Workspaces/ros2_cpp_ws/install/udemy_ros2_pkg/include/udemy_ros2_pkg/udemy_ros2_pkg/action/detail/navigate__traits.hpp
[3.044s] -- Up-to-date: /home/ingejohan/Workspaces/ros2_cpp_ws/install/udemy_ros2_pkg/include/udemy_ros2_pkg/udemy_ros2_pkg/srv
[3.045s] -- Up-to-date: /home/ingejohan/Workspaces/ros2_cpp_ws/install/udemy_ros2_pkg/include/udemy_ros2_pkg/udemy_ros2_pkg/srv/turn_camera.hpp
[3.045s] -- Up-to-date: /home/ingejohan/Workspaces/ros2_cpp_ws/install/udemy_ros2_pkg/include/udemy_ros2_pkg/udemy_ros2_pkg/srv/odd_even_check.hpp
[3.046s] -- Up-to-date: /home/ingejohan/Workspaces/ros2_cpp_ws/install/udemy_ros2_pkg/include/udemy_ros2_pkg/udemy_ros2_pkg/srv/detail
[3.046s] -- Up-to-date: /home/ingejohan/Workspaces/ros2_cpp_ws/install/udemy_ros2_pkg/include/udemy_ros2_pkg/udemy_ros2_pkg/srv/detail/odd_even_check__struct.hpp
[3.047s] -- Up-to-date: /home/ingejohan/Workspaces/ros2_cpp_ws/install/udemy_ros2_pkg/include/udemy_ros2_pkg/udemy_ros2_pkg/srv/detail/odd_even_check__traits.hpp
[3.047s] -- Up-to-date: /home/ingejohan/Workspaces/ros2_cpp_ws/install/udemy_ros2_pkg/include/udemy_ros2_pkg/udemy_ros2_pkg/srv/detail/odd_even_check__builder.hpp
[3.048s] -- Up-to-date: /home/ingejohan/Workspaces/ros2_cpp_ws/install/udemy_ros2_pkg/include/udemy_ros2_pkg/udemy_ros2_pkg/srv/detail/turn_camera__builder.hpp
[3.048s] -- Up-to-date: /home/ingejohan/Workspaces/ros2_cpp_ws/install/udemy_ros2_pkg/include/udemy_ros2_pkg/udemy_ros2_pkg/srv/detail/turn_camera__struct.hpp
[3.048s] -- Up-to-date: /home/ingejohan/Workspaces/ros2_cpp_ws/install/udemy_ros2_pkg/include/udemy_ros2_pkg/udemy_ros2_pkg/srv/detail/turn_camera__traits.hpp
[3.049s] -- Up-to-date: /home/ingejohan/Workspaces/ros2_cpp_ws/install/udemy_ros2_pkg/include/udemy_ros2_pkg/udemy_ros2_pkg
[3.049s] -- Up-to-date: /home/ingejohan/Workspaces/ros2_cpp_ws/install/udemy_ros2_pkg/include/udemy_ros2_pkg/udemy_ros2_pkg/action
[3.050s] -- Up-to-date: /home/ingejohan/Workspaces/ros2_cpp_ws/install/udemy_ros2_pkg/include/udemy_ros2_pkg/udemy_ros2_pkg/action/detail
[3.050s] -- Up-to-date: /home/ingejohan/Workspaces/ros2_cpp_ws/install/udemy_ros2_pkg/include/udemy_ros2_pkg/udemy_ros2_pkg/action/detail/navigate__rosidl_typesupport_fastrtps_cpp.hpp
[3.051s] -- Up-to-date: /home/ingejohan/Workspaces/ros2_cpp_ws/install/udemy_ros2_pkg/include/udemy_ros2_pkg/udemy_ros2_pkg/action/detail/dds_fastrtps
[3.051s] -- Up-to-date: /home/ingejohan/Workspaces/ros2_cpp_ws/install/udemy_ros2_pkg/include/udemy_ros2_pkg/udemy_ros2_pkg/srv
[3.052s] -- Up-to-date: /home/ingejohan/Workspaces/ros2_cpp_ws/install/udemy_ros2_pkg/include/udemy_ros2_pkg/udemy_ros2_pkg/srv/detail
[3.052s] -- Up-to-date: /home/ingejohan/Workspaces/ros2_cpp_ws/install/udemy_ros2_pkg/include/udemy_ros2_pkg/udemy_ros2_pkg/srv/detail/odd_even_check__rosidl_typesupport_fastrtps_cpp.hpp
[3.053s] -- Up-to-date: /home/ingejohan/Workspaces/ros2_cpp_ws/install/udemy_ros2_pkg/include/udemy_ros2_pkg/udemy_ros2_pkg/srv/detail/turn_camera__rosidl_typesupport_fastrtps_cpp.hpp
[3.053s] -- Up-to-date: /home/ingejohan/Workspaces/ros2_cpp_ws/install/udemy_ros2_pkg/include/udemy_ros2_pkg/udemy_ros2_pkg/srv/detail/dds_fastrtps
[3.054s] -- Up-to-date: /home/ingejohan/Workspaces/ros2_cpp_ws/install/udemy_ros2_pkg/include/udemy_ros2_pkg/udemy_ros2_pkg/msg
[3.054s] -- Up-to-date: /home/ingejohan/Workspaces/ros2_cpp_ws/install/udemy_ros2_pkg/include/udemy_ros2_pkg/udemy_ros2_pkg/msg/rosidl_typesupport_fastrtps_cpp__visibility_control.h
[3.055s] -- Up-to-date: /home/ingejohan/Workspaces/ros2_cpp_ws/install/udemy_ros2_pkg/lib/libudemy_ros2_pkg__rosidl_typesupport_fastrtps_cpp.so
[3.055s] -- Up-to-date: /home/ingejohan/Workspaces/ros2_cpp_ws/install/udemy_ros2_pkg/include/udemy_ros2_pkg/udemy_ros2_pkg
[3.056s] -- Up-to-date: /home/ingejohan/Workspaces/ros2_cpp_ws/install/udemy_ros2_pkg/include/udemy_ros2_pkg/udemy_ros2_pkg/action
[3.056s] -- Up-to-date: /home/ingejohan/Workspaces/ros2_cpp_ws/install/udemy_ros2_pkg/include/udemy_ros2_pkg/udemy_ros2_pkg/action/detail
[3.057s] -- Up-to-date: /home/ingejohan/Workspaces/ros2_cpp_ws/install/udemy_ros2_pkg/include/udemy_ros2_pkg/udemy_ros2_pkg/action/detail/navigate__type_support.c
[3.057s] -- Up-to-date: /home/ingejohan/Workspaces/ros2_cpp_ws/install/udemy_ros2_pkg/include/udemy_ros2_pkg/udemy_ros2_pkg/action/detail/navigate__rosidl_typesupport_introspection_c.h
[3.058s] -- Up-to-date: /home/ingejohan/Workspaces/ros2_cpp_ws/install/udemy_ros2_pkg/include/udemy_ros2_pkg/udemy_ros2_pkg/srv
[3.058s] -- Up-to-date: /home/ingejohan/Workspaces/ros2_cpp_ws/install/udemy_ros2_pkg/include/udemy_ros2_pkg/udemy_ros2_pkg/srv/detail
[3.059s] -- Up-to-date: /home/ingejohan/Workspaces/ros2_cpp_ws/install/udemy_ros2_pkg/include/udemy_ros2_pkg/udemy_ros2_pkg/srv/detail/odd_even_check__rosidl_typesupport_introspection_c.h
[3.059s] -- Up-to-date: /home/ingejohan/Workspaces/ros2_cpp_ws/install/udemy_ros2_pkg/include/udemy_ros2_pkg/udemy_ros2_pkg/srv/detail/turn_camera__type_support.c
[3.060s] -- Up-to-date: /home/ingejohan/Workspaces/ros2_cpp_ws/install/udemy_ros2_pkg/include/udemy_ros2_pkg/udemy_ros2_pkg/srv/detail/odd_even_check__type_support.c
[3.060s] -- Up-to-date: /home/ingejohan/Workspaces/ros2_cpp_ws/install/udemy_ros2_pkg/include/udemy_ros2_pkg/udemy_ros2_pkg/srv/detail/turn_camera__rosidl_typesupport_introspection_c.h
[3.061s] -- Up-to-date: /home/ingejohan/Workspaces/ros2_cpp_ws/install/udemy_ros2_pkg/include/udemy_ros2_pkg/udemy_ros2_pkg/msg
[3.061s] -- Up-to-date: /home/ingejohan/Workspaces/ros2_cpp_ws/install/udemy_ros2_pkg/include/udemy_ros2_pkg/udemy_ros2_pkg/msg/rosidl_typesupport_introspection_c__visibility_control.h
[3.061s] -- Up-to-date: /home/ingejohan/Workspaces/ros2_cpp_ws/install/udemy_ros2_pkg/lib/libudemy_ros2_pkg__rosidl_typesupport_introspection_c.so
[3.062s] -- Up-to-date: /home/ingejohan/Workspaces/ros2_cpp_ws/install/udemy_ros2_pkg/lib/libudemy_ros2_pkg__rosidl_typesupport_c.so
[3.062s] -- Up-to-date: /home/ingejohan/Workspaces/ros2_cpp_ws/install/udemy_ros2_pkg/include/udemy_ros2_pkg/udemy_ros2_pkg
[3.063s] -- Up-to-date: /home/ingejohan/Workspaces/ros2_cpp_ws/install/udemy_ros2_pkg/include/udemy_ros2_pkg/udemy_ros2_pkg/action
[3.063s] -- Up-to-date: /home/ingejohan/Workspaces/ros2_cpp_ws/install/udemy_ros2_pkg/include/udemy_ros2_pkg/udemy_ros2_pkg/action/detail
[3.064s] -- Up-to-date: /home/ingejohan/Workspaces/ros2_cpp_ws/install/udemy_ros2_pkg/include/udemy_ros2_pkg/udemy_ros2_pkg/action/detail/navigate__rosidl_typesupport_introspection_cpp.hpp
[3.064s] -- Up-to-date: /home/ingejohan/Workspaces/ros2_cpp_ws/install/udemy_ros2_pkg/include/udemy_ros2_pkg/udemy_ros2_pkg/action/detail/navigate__type_support.cpp
[3.065s] -- Up-to-date: /home/ingejohan/Workspaces/ros2_cpp_ws/install/udemy_ros2_pkg/include/udemy_ros2_pkg/udemy_ros2_pkg/srv
[3.065s] -- Up-to-date: /home/ingejohan/Workspaces/ros2_cpp_ws/install/udemy_ros2_pkg/include/udemy_ros2_pkg/udemy_ros2_pkg/srv/detail
[3.066s] -- Up-to-date: /home/ingejohan/Workspaces/ros2_cpp_ws/install/udemy_ros2_pkg/include/udemy_ros2_pkg/udemy_ros2_pkg/srv/detail/turn_camera__rosidl_typesupport_introspection_cpp.hpp
[3.066s] -- Up-to-date: /home/ingejohan/Workspaces/ros2_cpp_ws/install/udemy_ros2_pkg/include/udemy_ros2_pkg/udemy_ros2_pkg/srv/detail/odd_even_check__type_support.cpp
[3.066s] -- Up-to-date: /home/ingejohan/Workspaces/ros2_cpp_ws/install/udemy_ros2_pkg/include/udemy_ros2_pkg/udemy_ros2_pkg/srv/detail/odd_even_check__rosidl_typesupport_introspection_cpp.hpp
[3.067s] -- Up-to-date: /home/ingejohan/Workspaces/ros2_cpp_ws/install/udemy_ros2_pkg/include/udemy_ros2_pkg/udemy_ros2_pkg/srv/detail/turn_camera__type_support.cpp
[3.067s] -- Up-to-date: /home/ingejohan/Workspaces/ros2_cpp_ws/install/udemy_ros2_pkg/lib/libudemy_ros2_pkg__rosidl_typesupport_introspection_cpp.so
[3.068s] -- Up-to-date: /home/ingejohan/Workspaces/ros2_cpp_ws/install/udemy_ros2_pkg/lib/libudemy_ros2_pkg__rosidl_typesupport_cpp.so
[3.068s] -- Up-to-date: /home/ingejohan/Workspaces/ros2_cpp_ws/install/udemy_ros2_pkg/share/udemy_ros2_pkg/environment/pythonpath.sh
[3.069s] -- Up-to-date: /home/ingejohan/Workspaces/ros2_cpp_ws/install/udemy_ros2_pkg/share/udemy_ros2_pkg/environment/pythonpath.dsv
[3.069s] -- Up-to-date: /home/ingejohan/Workspaces/ros2_cpp_ws/install/udemy_ros2_pkg/local/lib/python3.10/dist-packages/udemy_ros2_pkg-0.0.0-py3.10.egg-info
[3.070s] -- Installing: /home/ingejohan/Workspaces/ros2_cpp_ws/install/udemy_ros2_pkg/local/lib/python3.10/dist-packages/udemy_ros2_pkg-0.0.0-py3.10.egg-info/PKG-INFO
[3.070s] -- Installing: /home/ingejohan/Workspaces/ros2_cpp_ws/install/udemy_ros2_pkg/local/lib/python3.10/dist-packages/udemy_ros2_pkg-0.0.0-py3.10.egg-info/dependency_links.txt
[3.071s] -- Installing: /home/ingejohan/Workspaces/ros2_cpp_ws/install/udemy_ros2_pkg/local/lib/python3.10/dist-packages/udemy_ros2_pkg-0.0.0-py3.10.egg-info/top_level.txt
[3.071s] -- Installing: /home/ingejohan/Workspaces/ros2_cpp_ws/install/udemy_ros2_pkg/local/lib/python3.10/dist-packages/udemy_ros2_pkg-0.0.0-py3.10.egg-info/SOURCES.txt
[3.071s] -- Up-to-date: /home/ingejohan/Workspaces/ros2_cpp_ws/install/udemy_ros2_pkg/local/lib/python3.10/dist-packages/udemy_ros2_pkg
[3.072s] -- Up-to-date: /home/ingejohan/Workspaces/ros2_cpp_ws/install/udemy_ros2_pkg/local/lib/python3.10/dist-packages/udemy_ros2_pkg/udemy_ros2_pkg_s__rosidl_typesupport_introspection_c.cpython-310-x86_64-linux-gnu.so
[3.072s] -- Up-to-date: /home/ingejohan/Workspaces/ros2_cpp_ws/install/udemy_ros2_pkg/local/lib/python3.10/dist-packages/udemy_ros2_pkg/_udemy_ros2_pkg_s.ep.rosidl_typesupport_c.c
[3.073s] -- Up-to-date: /home/ingejohan/Workspaces/ros2_cpp_ws/install/udemy_ros2_pkg/local/lib/python3.10/dist-packages/udemy_ros2_pkg/libudemy_ros2_pkg__rosidl_generator_py.so
[3.073s] -- Up-to-date: /home/ingejohan/Workspaces/ros2_cpp_ws/install/udemy_ros2_pkg/local/lib/python3.10/dist-packages/udemy_ros2_pkg/action
[3.074s] -- Up-to-date: /home/ingejohan/Workspaces/ros2_cpp_ws/install/udemy_ros2_pkg/local/lib/python3.10/dist-packages/udemy_ros2_pkg/action/_navigate_s.c
[3.074s] -- Up-to-date: /home/ingejohan/Workspaces/ros2_cpp_ws/install/udemy_ros2_pkg/local/lib/python3.10/dist-packages/udemy_ros2_pkg/action/_navigate.py
[3.075s] -- Up-to-date: /home/ingejohan/Workspaces/ros2_cpp_ws/install/udemy_ros2_pkg/local/lib/python3.10/dist-packages/udemy_ros2_pkg/action/__init__.py
[3.075s] -- Up-to-date: /home/ingejohan/Workspaces/ros2_cpp_ws/install/udemy_ros2_pkg/local/lib/python3.10/dist-packages/udemy_ros2_pkg/_udemy_ros2_pkg_s.ep.rosidl_typesupport_fastrtps_c.c
[3.076s] -- Up-to-date: /home/ingejohan/Workspaces/ros2_cpp_ws/install/udemy_ros2_pkg/local/lib/python3.10/dist-packages/udemy_ros2_pkg/udemy_ros2_pkg_s__rosidl_typesupport_fastrtps_c.cpython-310-x86_64-linux-gnu.so
[3.076s] -- Up-to-date: /home/ingejohan/Workspaces/ros2_cpp_ws/install/udemy_ros2_pkg/local/lib/python3.10/dist-packages/udemy_ros2_pkg/_udemy_ros2_pkg_s.ep.rosidl_typesupport_introspection_c.c
[3.077s] -- Up-to-date: /home/ingejohan/Workspaces/ros2_cpp_ws/install/udemy_ros2_pkg/local/lib/python3.10/dist-packages/udemy_ros2_pkg/srv
[3.077s] -- Up-to-date: /home/ingejohan/Workspaces/ros2_cpp_ws/install/udemy_ros2_pkg/local/lib/python3.10/dist-packages/udemy_ros2_pkg/srv/_turn_camera.py
[3.078s] -- Up-to-date: /home/ingejohan/Workspaces/ros2_cpp_ws/install/udemy_ros2_pkg/local/lib/python3.10/dist-packages/udemy_ros2_pkg/srv/_odd_even_check_s.c
[3.078s] -- Up-to-date: /home/ingejohan/Workspaces/ros2_cpp_ws/install/udemy_ros2_pkg/local/lib/python3.10/dist-packages/udemy_ros2_pkg/srv/_turn_camera_s.c
[3.078s] -- Up-to-date: /home/ingejohan/Workspaces/ros2_cpp_ws/install/udemy_ros2_pkg/local/lib/python3.10/dist-packages/udemy_ros2_pkg/srv/_odd_even_check.py
[3.079s] -- Up-to-date: /home/ingejohan/Workspaces/ros2_cpp_ws/install/udemy_ros2_pkg/local/lib/python3.10/dist-packages/udemy_ros2_pkg/srv/__init__.py
[3.079s] -- Up-to-date: /home/ingejohan/Workspaces/ros2_cpp_ws/install/udemy_ros2_pkg/local/lib/python3.10/dist-packages/udemy_ros2_pkg/udemy_ros2_pkg_s__rosidl_typesupport_c.cpython-310-x86_64-linux-gnu.so
[3.080s] -- Up-to-date: /home/ingejohan/Workspaces/ros2_cpp_ws/install/udemy_ros2_pkg/local/lib/python3.10/dist-packages/udemy_ros2_pkg/__init__.py
[3.224s] Listing '/home/ingejohan/Workspaces/ros2_cpp_ws/install/udemy_ros2_pkg/local/lib/python3.10/dist-packages/udemy_ros2_pkg'...
[3.225s] Listing '/home/ingejohan/Workspaces/ros2_cpp_ws/install/udemy_ros2_pkg/local/lib/python3.10/dist-packages/udemy_ros2_pkg/action'...
[3.225s] Listing '/home/ingejohan/Workspaces/ros2_cpp_ws/install/udemy_ros2_pkg/local/lib/python3.10/dist-packages/udemy_ros2_pkg/srv'...
[3.246s] -- Up-to-date: /home/ingejohan/Workspaces/ros2_cpp_ws/install/udemy_ros2_pkg/local/lib/python3.10/dist-packages/udemy_ros2_pkg/udemy_ros2_pkg_s__rosidl_typesupport_fastrtps_c.cpython-310-x86_64-linux-gnu.so
[3.247s] -- Up-to-date: /home/ingejohan/Workspaces/ros2_cpp_ws/install/udemy_ros2_pkg/local/lib/python3.10/dist-packages/udemy_ros2_pkg/udemy_ros2_pkg_s__rosidl_typesupport_introspection_c.cpython-310-x86_64-linux-gnu.so
[3.249s] -- Up-to-date: /home/ingejohan/Workspaces/ros2_cpp_ws/install/udemy_ros2_pkg/local/lib/python3.10/dist-packages/udemy_ros2_pkg/udemy_ros2_pkg_s__rosidl_typesupport_c.cpython-310-x86_64-linux-gnu.so
[3.250s] -- Up-to-date: /home/ingejohan/Workspaces/ros2_cpp_ws/install/udemy_ros2_pkg/lib/libudemy_ros2_pkg__rosidl_generator_py.so
[3.251s] -- Up-to-date: /home/ingejohan/Workspaces/ros2_cpp_ws/install/udemy_ros2_pkg/share/udemy_ros2_pkg/srv/OddEvenCheck.idl
[3.252s] -- Up-to-date: /home/ingejohan/Workspaces/ros2_cpp_ws/install/udemy_ros2_pkg/share/udemy_ros2_pkg/srv/TurnCamera.idl
[3.253s] -- Up-to-date: /home/ingejohan/Workspaces/ros2_cpp_ws/install/udemy_ros2_pkg/share/udemy_ros2_pkg/action/Navigate.idl
[3.254s] -- Up-to-date: /home/ingejohan/Workspaces/ros2_cpp_ws/install/udemy_ros2_pkg/share/udemy_ros2_pkg/srv/OddEvenCheck.srv
[3.255s] -- Up-to-date: /home/ingejohan/Workspaces/ros2_cpp_ws/install/udemy_ros2_pkg/share/udemy_ros2_pkg/srv/OddEvenCheck_Request.msg
[3.255s] -- Up-to-date: /home/ingejohan/Workspaces/ros2_cpp_ws/install/udemy_ros2_pkg/share/udemy_ros2_pkg/srv/OddEvenCheck_Response.msg
[3.256s] -- Up-to-date: /home/ingejohan/Workspaces/ros2_cpp_ws/install/udemy_ros2_pkg/share/udemy_ros2_pkg/srv/TurnCamera.srv
[3.256s] -- Up-to-date: /home/ingejohan/Workspaces/ros2_cpp_ws/install/udemy_ros2_pkg/share/udemy_ros2_pkg/srv/TurnCamera_Request.msg
[3.257s] -- Up-to-date: /home/ingejohan/Workspaces/ros2_cpp_ws/install/udemy_ros2_pkg/share/udemy_ros2_pkg/srv/TurnCamera_Response.msg
[3.257s] -- Up-to-date: /home/ingejohan/Workspaces/ros2_cpp_ws/install/udemy_ros2_pkg/share/udemy_ros2_pkg/action/Navigate.action
[3.258s] -- Up-to-date: /home/ingejohan/Workspaces/ros2_cpp_ws/install/udemy_ros2_pkg/lib/udemy_ros2_pkg/publisher
[3.259s] -- Up-to-date: /home/ingejohan/Workspaces/ros2_cpp_ws/install/udemy_ros2_pkg/lib/udemy_ros2_pkg/subscriber
[3.260s] -- Up-to-date: /home/ingejohan/Workspaces/ros2_cpp_ws/install/udemy_ros2_pkg/lib/udemy_ros2_pkg/rpm_pub
[3.260s] -- Up-to-date: /home/ingejohan/Workspaces/ros2_cpp_ws/install/udemy_ros2_pkg/lib/udemy_ros2_pkg/speed_calc
[3.261s] -- Up-to-date: /home/ingejohan/Workspaces/ros2_cpp_ws/install/udemy_ros2_pkg/lib/udemy_ros2_pkg/service_server
[3.262s] -- Up-to-date: /home/ingejohan/Workspaces/ros2_cpp_ws/install/udemy_ros2_pkg/lib/udemy_ros2_pkg/service_client
[3.263s] -- Up-to-date: /home/ingejohan/Workspaces/ros2_cpp_ws/install/udemy_ros2_pkg/lib/udemy_ros2_pkg/turn_camera_service
[3.264s] -- Up-to-date: /home/ingejohan/Workspaces/ros2_cpp_ws/install/udemy_ros2_pkg/lib/udemy_ros2_pkg/turn_camera_client
[3.266s] -- Up-to-date: /home/ingejohan/Workspaces/ros2_cpp_ws/install/udemy_ros2_pkg/lib/udemy_ros2_pkg/action_server
[3.267s] -- Up-to-date: /home/ingejohan/Workspaces/ros2_cpp_ws/install/udemy_ros2_pkg/lib/udemy_ros2_pkg/action_client
[3.268s] -- Up-to-date: /home/ingejohan/Workspaces/ros2_cpp_ws/install/udemy_ros2_pkg/share/udemy_ros2_pkg//launch
[3.268s] -- Up-to-date: /home/ingejohan/Workspaces/ros2_cpp_ws/install/udemy_ros2_pkg/share/udemy_ros2_pkg//launch/rpm_node.launch.py
[3.269s] -- Up-to-date: /home/ingejohan/Workspaces/ros2_cpp_ws/install/udemy_ros2_pkg/share/udemy_ros2_pkg//launch/robot_model_simulation.launch.py
[3.272s] -- Up-to-date: /home/ingejohan/Workspaces/ros2_cpp_ws/install/udemy_ros2_pkg/share/udemy_ros2_pkg//launch/wheeled_model_simulation.launch.py
[3.273s] -- Up-to-date: /home/ingejohan/Workspaces/ros2_cpp_ws/install/udemy_ros2_pkg/share/udemy_ros2_pkg//launch/launch_project.launch.py
[3.275s] -- Installing: /home/ingejohan/Workspaces/ros2_cpp_ws/install/udemy_ros2_pkg/share/udemy_ros2_pkg//launch/rc.launch.py
[3.277s] -- Up-to-date: /home/ingejohan/Workspaces/ros2_cpp_ws/install/udemy_ros2_pkg/share/udemy_ros2_pkg//world
[3.278s] -- Up-to-date: /home/ingejohan/Workspaces/ros2_cpp_ws/install/udemy_ros2_pkg/share/udemy_ros2_pkg//world/install
[3.279s] -- Up-to-date: /home/ingejohan/Workspaces/ros2_cpp_ws/install/udemy_ros2_pkg/share/udemy_ros2_pkg//world/install/local_setup.ps1
[3.280s] -- Up-to-date: /home/ingejohan/Workspaces/ros2_cpp_ws/install/udemy_ros2_pkg/share/udemy_ros2_pkg//world/install/local_setup.zsh
[3.281s] -- Up-to-date: /home/ingejohan/Workspaces/ros2_cpp_ws/install/udemy_ros2_pkg/share/udemy_ros2_pkg//world/install/.colcon_install_layout
[3.282s] -- Up-to-date: /home/ingejohan/Workspaces/ros2_cpp_ws/install/udemy_ros2_pkg/share/udemy_ros2_pkg//world/install/setup.zsh
[3.283s] -- Up-to-date: /home/ingejohan/Workspaces/ros2_cpp_ws/install/udemy_ros2_pkg/share/udemy_ros2_pkg//world/install/setup.bash
[3.283s] -- Up-to-date: /home/ingejohan/Workspaces/ros2_cpp_ws/install/udemy_ros2_pkg/share/udemy_ros2_pkg//world/install/_local_setup_util_ps1.py
[3.284s] -- Up-to-date: /home/ingejohan/Workspaces/ros2_cpp_ws/install/udemy_ros2_pkg/share/udemy_ros2_pkg//world/install/local_setup.sh
[3.285s] -- Up-to-date: /home/ingejohan/Workspaces/ros2_cpp_ws/install/udemy_ros2_pkg/share/udemy_ros2_pkg//world/install/setup.ps1
[3.286s] -- Up-to-date: /home/ingejohan/Workspaces/ros2_cpp_ws/install/udemy_ros2_pkg/share/udemy_ros2_pkg//world/install/COLCON_IGNORE
[3.287s] -- Up-to-date: /home/ingejohan/Workspaces/ros2_cpp_ws/install/udemy_ros2_pkg/share/udemy_ros2_pkg//world/install/setup.sh
[3.288s] -- Up-to-date: /home/ingejohan/Workspaces/ros2_cpp_ws/install/udemy_ros2_pkg/share/udemy_ros2_pkg//world/install/local_setup.bash
[3.288s] -- Up-to-date: /home/ingejohan/Workspaces/ros2_cpp_ws/install/udemy_ros2_pkg/share/udemy_ros2_pkg//world/install/_local_setup_util_sh.py
[3.289s] -- Up-to-date: /home/ingejohan/Workspaces/ros2_cpp_ws/install/udemy_ros2_pkg/share/udemy_ros2_pkg//world/log
[3.290s] -- Up-to-date: /home/ingejohan/Workspaces/ros2_cpp_ws/install/udemy_ros2_pkg/share/udemy_ros2_pkg//world/log/build_2023-10-03_14-46-04
[3.291s] -- Up-to-date: /home/ingejohan/Workspaces/ros2_cpp_ws/install/udemy_ros2_pkg/share/udemy_ros2_pkg//world/log/build_2023-10-03_14-46-04/events.log
[3.292s] -- Up-to-date: /home/ingejohan/Workspaces/ros2_cpp_ws/install/udemy_ros2_pkg/share/udemy_ros2_pkg//world/log/build_2023-10-03_14-46-04/logger_all.log
[3.292s] -- Up-to-date: /home/ingejohan/Workspaces/ros2_cpp_ws/install/udemy_ros2_pkg/share/udemy_ros2_pkg//world/log/build_2023-10-03_14-31-42
[3.293s] -- Up-to-date: /home/ingejohan/Workspaces/ros2_cpp_ws/install/udemy_ros2_pkg/share/udemy_ros2_pkg//world/log/build_2023-10-03_14-31-42/events.log
[3.293s] -- Up-to-date: /home/ingejohan/Workspaces/ros2_cpp_ws/install/udemy_ros2_pkg/share/udemy_ros2_pkg//world/log/build_2023-10-03_14-31-42/logger_all.log
[3.294s] -- Up-to-date: /home/ingejohan/Workspaces/ros2_cpp_ws/install/udemy_ros2_pkg/share/udemy_ros2_pkg//world/log/build_2023-10-03_14-34-47
[3.294s] -- Up-to-date: /home/ingejohan/Workspaces/ros2_cpp_ws/install/udemy_ros2_pkg/share/udemy_ros2_pkg//world/log/build_2023-10-03_14-34-47/events.log
[3.295s] -- Up-to-date: /home/ingejohan/Workspaces/ros2_cpp_ws/install/udemy_ros2_pkg/share/udemy_ros2_pkg//world/log/build_2023-10-03_14-34-47/logger_all.log
[3.295s] -- Up-to-date: /home/ingejohan/Workspaces/ros2_cpp_ws/install/udemy_ros2_pkg/share/udemy_ros2_pkg//world/log/latest_build
[3.296s] -- Up-to-date: /home/ingejohan/Workspaces/ros2_cpp_ws/install/udemy_ros2_pkg/share/udemy_ros2_pkg//world/log/latest
[3.296s] -- Up-to-date: /home/ingejohan/Workspaces/ros2_cpp_ws/install/udemy_ros2_pkg/share/udemy_ros2_pkg//world/log/build_2023-10-03_14-29-44
[3.296s] -- Up-to-date: /home/ingejohan/Workspaces/ros2_cpp_ws/install/udemy_ros2_pkg/share/udemy_ros2_pkg//world/log/build_2023-10-03_14-29-44/events.log
[3.297s] -- Up-to-date: /home/ingejohan/Workspaces/ros2_cpp_ws/install/udemy_ros2_pkg/share/udemy_ros2_pkg//world/log/build_2023-10-03_14-29-44/logger_all.log
[3.297s] -- Up-to-date: /home/ingejohan/Workspaces/ros2_cpp_ws/install/udemy_ros2_pkg/share/udemy_ros2_pkg//world/log/build_2023-09-27_17-06-55
[3.298s] -- Up-to-date: /home/ingejohan/Workspaces/ros2_cpp_ws/install/udemy_ros2_pkg/share/udemy_ros2_pkg//world/log/build_2023-09-27_17-06-55/events.log
[3.298s] -- Up-to-date: /home/ingejohan/Workspaces/ros2_cpp_ws/install/udemy_ros2_pkg/share/udemy_ros2_pkg//world/log/build_2023-09-27_17-06-55/logger_all.log
[3.300s] -- Up-to-date: /home/ingejohan/Workspaces/ros2_cpp_ws/install/udemy_ros2_pkg/share/udemy_ros2_pkg//world/log/build_2023-10-03_14-37-38
[3.303s] -- Up-to-date: /home/ingejohan/Workspaces/ros2_cpp_ws/install/udemy_ros2_pkg/share/udemy_ros2_pkg//world/log/build_2023-10-03_14-37-38/events.log
[3.304s] -- Up-to-date: /home/ingejohan/Workspaces/ros2_cpp_ws/install/udemy_ros2_pkg/share/udemy_ros2_pkg//world/log/build_2023-10-03_14-37-38/logger_all.log
[3.305s] -- Up-to-date: /home/ingejohan/Workspaces/ros2_cpp_ws/install/udemy_ros2_pkg/share/udemy_ros2_pkg//world/log/build_2023-10-03_14-36-09
[3.305s] -- Up-to-date: /home/ingejohan/Workspaces/ros2_cpp_ws/install/udemy_ros2_pkg/share/udemy_ros2_pkg//world/log/build_2023-10-03_14-36-09/events.log
[3.307s] -- Up-to-date: /home/ingejohan/Workspaces/ros2_cpp_ws/install/udemy_ros2_pkg/share/udemy_ros2_pkg//world/log/build_2023-10-03_14-36-09/logger_all.log
[3.308s] -- Up-to-date: /home/ingejohan/Workspaces/ros2_cpp_ws/install/udemy_ros2_pkg/share/udemy_ros2_pkg//world/log/COLCON_IGNORE
[3.309s] -- Up-to-date: /home/ingejohan/Workspaces/ros2_cpp_ws/install/udemy_ros2_pkg/share/udemy_ros2_pkg//world/log/build_2023-10-03_14-32-18
[3.310s] -- Up-to-date: /home/ingejohan/Workspaces/ros2_cpp_ws/install/udemy_ros2_pkg/share/udemy_ros2_pkg//world/log/build_2023-10-03_14-32-18/events.log
[3.310s] -- Up-to-date: /home/ingejohan/Workspaces/ros2_cpp_ws/install/udemy_ros2_pkg/share/udemy_ros2_pkg//world/log/build_2023-10-03_14-32-18/logger_all.log
[3.311s] -- Up-to-date: /home/ingejohan/Workspaces/ros2_cpp_ws/install/udemy_ros2_pkg/share/udemy_ros2_pkg//world/wheeled_model_world.sdf
[3.313s] -- Up-to-date: /home/ingejohan/Workspaces/ros2_cpp_ws/install/udemy_ros2_pkg/share/udemy_ros2_pkg//world/test_world.sdf
[3.315s] -- Up-to-date: /home/ingejohan/Workspaces/ros2_cpp_ws/install/udemy_ros2_pkg/share/udemy_ros2_pkg//world/robot_model_world.sdf
[3.316s] -- Up-to-date: /home/ingejohan/Workspaces/ros2_cpp_ws/install/udemy_ros2_pkg/share/udemy_ros2_pkg//world/build
[3.316s] -- Up-to-date: /home/ingejohan/Workspaces/ros2_cpp_ws/install/udemy_ros2_pkg/share/udemy_ros2_pkg//world/build/.built_by
[3.317s] -- Up-to-date: /home/ingejohan/Workspaces/ros2_cpp_ws/install/udemy_ros2_pkg/share/udemy_ros2_pkg//world/build/COLCON_IGNORE
[3.318s] -- Up-to-date: /home/ingejohan/Workspaces/ros2_cpp_ws/install/udemy_ros2_pkg/share/udemy_ros2_pkg//models
[3.320s] -- Up-to-date: /home/ingejohan/Workspaces/ros2_cpp_ws/install/udemy_ros2_pkg/share/udemy_ros2_pkg//models/test
[3.320s] -- Up-to-date: /home/ingejohan/Workspaces/ros2_cpp_ws/install/udemy_ros2_pkg/share/udemy_ros2_pkg//models/test/model.config
[3.321s] -- Up-to-date: /home/ingejohan/Workspaces/ros2_cpp_ws/install/udemy_ros2_pkg/share/udemy_ros2_pkg//models/test/model.sdf
[3.321s] -- Up-to-date: /home/ingejohan/Workspaces/ros2_cpp_ws/install/udemy_ros2_pkg/share/udemy_ros2_pkg//models/project_robot
[3.321s] -- Up-to-date: /home/ingejohan/Workspaces/ros2_cpp_ws/install/udemy_ros2_pkg/share/udemy_ros2_pkg//models/project_robot/model.config
[3.322s] -- Up-to-date: /home/ingejohan/Workspaces/ros2_cpp_ws/install/udemy_ros2_pkg/share/udemy_ros2_pkg//models/project_robot/model.sdf
[3.322s] -- Up-to-date: /home/ingejohan/Workspaces/ros2_cpp_ws/install/udemy_ros2_pkg/share/udemy_ros2_pkg//models/car_blue
[3.323s] -- Up-to-date: /home/ingejohan/Workspaces/ros2_cpp_ws/install/udemy_ros2_pkg/share/udemy_ros2_pkg//models/car_blue/model.config
[3.323s] -- Up-to-date: /home/ingejohan/Workspaces/ros2_cpp_ws/install/udemy_ros2_pkg/share/udemy_ros2_pkg//models/car_blue/car_blue.sdf
[3.324s] -- Up-to-date: /home/ingejohan/Workspaces/ros2_cpp_ws/install/udemy_ros2_pkg/share/udemy_ros2_pkg//models/RC
[3.325s] -- Up-to-date: /home/ingejohan/Workspaces/ros2_cpp_ws/install/udemy_ros2_pkg/share/udemy_ros2_pkg//models/RC/TopReduced.dae
[3.325s] -- Up-to-date: /home/ingejohan/Workspaces/ros2_cpp_ws/install/udemy_ros2_pkg/share/udemy_ros2_pkg//models/RC/model.config
[3.326s] -- Up-to-date: /home/ingejohan/Workspaces/ros2_cpp_ws/install/udemy_ros2_pkg/share/udemy_ros2_pkg//models/RC/3.png
[3.327s] -- Up-to-date: /home/ingejohan/Workspaces/ros2_cpp_ws/install/udemy_ros2_pkg/share/udemy_ros2_pkg//models/RC/5.png
[3.327s] -- Up-to-date: /home/ingejohan/Workspaces/ros2_cpp_ws/install/udemy_ros2_pkg/share/udemy_ros2_pkg//models/RC/1.png
[3.329s] -- Up-to-date: /home/ingejohan/Workspaces/ros2_cpp_ws/install/udemy_ros2_pkg/share/udemy_ros2_pkg//models/RC/BaseReduced.dae
[3.330s] -- Up-to-date: /home/ingejohan/Workspaces/ros2_cpp_ws/install/udemy_ros2_pkg/share/udemy_ros2_pkg//models/RC/4.png
[3.330s] -- Up-to-date: /home/ingejohan/Workspaces/ros2_cpp_ws/install/udemy_ros2_pkg/share/udemy_ros2_pkg//models/RC/2.png
[3.331s] -- Up-to-date: /home/ingejohan/Workspaces/ros2_cpp_ws/install/udemy_ros2_pkg/share/udemy_ros2_pkg//models/RC/Wheel.dae
[3.332s] -- Up-to-date: /home/ingejohan/Workspaces/ros2_cpp_ws/install/udemy_ros2_pkg/share/udemy_ros2_pkg//models/RC/model.sdf
[3.334s] -- Up-to-date: /home/ingejohan/Workspaces/ros2_cpp_ws/install/udemy_ros2_pkg/share/udemy_ros2_pkg//models/wheeled_model
[3.334s] -- Up-to-date: /home/ingejohan/Workspaces/ros2_cpp_ws/install/udemy_ros2_pkg/share/udemy_ros2_pkg//models/wheeled_model/model.config
[3.335s] -- Up-to-date: /home/ingejohan/Workspaces/ros2_cpp_ws/install/udemy_ros2_pkg/share/udemy_ros2_pkg//models/wheeled_model/model.sdf
[3.337s] -- Up-to-date: /home/ingejohan/Workspaces/ros2_cpp_ws/install/udemy_ros2_pkg/share/udemy_ros2_pkg//models/ground_plane
[3.338s] -- Up-to-date: /home/ingejohan/Workspaces/ros2_cpp_ws/install/udemy_ros2_pkg/share/udemy_ros2_pkg//models/ground_plane/model.config
[3.339s] -- Up-to-date: /home/ingejohan/Workspaces/ros2_cpp_ws/install/udemy_ros2_pkg/share/udemy_ros2_pkg//models/ground_plane/ground_plane.sdf
[3.340s] -- Up-to-date: /home/ingejohan/Workspaces/ros2_cpp_ws/install/udemy_ros2_pkg/share/ament_index/resource_index/package_run_dependencies/udemy_ros2_pkg
[3.342s] -- Up-to-date: /home/ingejohan/Workspaces/ros2_cpp_ws/install/udemy_ros2_pkg/share/ament_index/resource_index/parent_prefix_path/udemy_ros2_pkg
[3.343s] -- Up-to-date: /home/ingejohan/Workspaces/ros2_cpp_ws/install/udemy_ros2_pkg/share/udemy_ros2_pkg/environment/ament_prefix_path.sh
[3.343s] -- Up-to-date: /home/ingejohan/Workspaces/ros2_cpp_ws/install/udemy_ros2_pkg/share/udemy_ros2_pkg/environment/ament_prefix_path.dsv
[3.344s] -- Up-to-date: /home/ingejohan/Workspaces/ros2_cpp_ws/install/udemy_ros2_pkg/share/udemy_ros2_pkg/environment/path.sh
[3.344s] -- Up-to-date: /home/ingejohan/Workspaces/ros2_cpp_ws/install/udemy_ros2_pkg/share/udemy_ros2_pkg/environment/path.dsv
[3.345s] -- Up-to-date: /home/ingejohan/Workspaces/ros2_cpp_ws/install/udemy_ros2_pkg/share/udemy_ros2_pkg/local_setup.bash
[3.345s] -- Up-to-date: /home/ingejohan/Workspaces/ros2_cpp_ws/install/udemy_ros2_pkg/share/udemy_ros2_pkg/local_setup.sh
[3.346s] -- Up-to-date: /home/ingejohan/Workspaces/ros2_cpp_ws/install/udemy_ros2_pkg/share/udemy_ros2_pkg/local_setup.zsh
[3.346s] -- Up-to-date: /home/ingejohan/Workspaces/ros2_cpp_ws/install/udemy_ros2_pkg/share/udemy_ros2_pkg/local_setup.dsv
[3.347s] -- Installing: /home/ingejohan/Workspaces/ros2_cpp_ws/install/udemy_ros2_pkg/share/udemy_ros2_pkg/package.dsv
[3.348s] -- Up-to-date: /home/ingejohan/Workspaces/ros2_cpp_ws/install/udemy_ros2_pkg/share/ament_index/resource_index/packages/udemy_ros2_pkg
[3.348s] -- Up-to-date: /home/ingejohan/Workspaces/ros2_cpp_ws/install/udemy_ros2_pkg/share/udemy_ros2_pkg/cmake/export_udemy_ros2_pkg__rosidl_generator_cExport.cmake
[3.349s] -- Up-to-date: /home/ingejohan/Workspaces/ros2_cpp_ws/install/udemy_ros2_pkg/share/udemy_ros2_pkg/cmake/export_udemy_ros2_pkg__rosidl_generator_cExport-noconfig.cmake
[3.349s] -- Up-to-date: /home/ingejohan/Workspaces/ros2_cpp_ws/install/udemy_ros2_pkg/share/udemy_ros2_pkg/cmake/export_udemy_ros2_pkg__rosidl_typesupport_fastrtps_cExport.cmake
[3.350s] -- Up-to-date: /home/ingejohan/Workspaces/ros2_cpp_ws/install/udemy_ros2_pkg/share/udemy_ros2_pkg/cmake/export_udemy_ros2_pkg__rosidl_typesupport_fastrtps_cExport-noconfig.cmake
[3.350s] -- Up-to-date: /home/ingejohan/Workspaces/ros2_cpp_ws/install/udemy_ros2_pkg/share/udemy_ros2_pkg/cmake/export_udemy_ros2_pkg__rosidl_generator_cppExport.cmake
[3.351s] -- Up-to-date: /home/ingejohan/Workspaces/ros2_cpp_ws/install/udemy_ros2_pkg/share/udemy_ros2_pkg/cmake/export_udemy_ros2_pkg__rosidl_typesupport_fastrtps_cppExport.cmake
[3.351s] -- Up-to-date: /home/ingejohan/Workspaces/ros2_cpp_ws/install/udemy_ros2_pkg/share/udemy_ros2_pkg/cmake/export_udemy_ros2_pkg__rosidl_typesupport_fastrtps_cppExport-noconfig.cmake
[3.352s] -- Up-to-date: /home/ingejohan/Workspaces/ros2_cpp_ws/install/udemy_ros2_pkg/share/udemy_ros2_pkg/cmake/udemy_ros2_pkg__rosidl_typesupport_introspection_cExport.cmake
[3.352s] -- Up-to-date: /home/ingejohan/Workspaces/ros2_cpp_ws/install/udemy_ros2_pkg/share/udemy_ros2_pkg/cmake/udemy_ros2_pkg__rosidl_typesupport_introspection_cExport-noconfig.cmake
[3.352s] -- Up-to-date: /home/ingejohan/Workspaces/ros2_cpp_ws/install/udemy_ros2_pkg/share/udemy_ros2_pkg/cmake/udemy_ros2_pkg__rosidl_typesupport_cExport.cmake
[3.353s] -- Up-to-date: /home/ingejohan/Workspaces/ros2_cpp_ws/install/udemy_ros2_pkg/share/udemy_ros2_pkg/cmake/udemy_ros2_pkg__rosidl_typesupport_cExport-noconfig.cmake
[3.353s] -- Up-to-date: /home/ingejohan/Workspaces/ros2_cpp_ws/install/udemy_ros2_pkg/share/udemy_ros2_pkg/cmake/udemy_ros2_pkg__rosidl_typesupport_introspection_cppExport.cmake
[3.354s] -- Up-to-date: /home/ingejohan/Workspaces/ros2_cpp_ws/install/udemy_ros2_pkg/share/udemy_ros2_pkg/cmake/udemy_ros2_pkg__rosidl_typesupport_introspection_cppExport-noconfig.cmake
[3.354s] -- Up-to-date: /home/ingejohan/Workspaces/ros2_cpp_ws/install/udemy_ros2_pkg/share/udemy_ros2_pkg/cmake/udemy_ros2_pkg__rosidl_typesupport_cppExport.cmake
[3.355s] -- Up-to-date: /home/ingejohan/Workspaces/ros2_cpp_ws/install/udemy_ros2_pkg/share/udemy_ros2_pkg/cmake/udemy_ros2_pkg__rosidl_typesupport_cppExport-noconfig.cmake
[3.358s] -- Up-to-date: /home/ingejohan/Workspaces/ros2_cpp_ws/install/udemy_ros2_pkg/share/udemy_ros2_pkg/cmake/export_udemy_ros2_pkg__rosidl_generator_pyExport.cmake
[3.359s] -- Up-to-date: /home/ingejohan/Workspaces/ros2_cpp_ws/install/udemy_ros2_pkg/share/udemy_ros2_pkg/cmake/export_udemy_ros2_pkg__rosidl_generator_pyExport-noconfig.cmake
[3.359s] -- Up-to-date: /home/ingejohan/Workspaces/ros2_cpp_ws/install/udemy_ros2_pkg/share/udemy_ros2_pkg/cmake/rosidl_cmake-extras.cmake
[3.361s] -- Up-to-date: /home/ingejohan/Workspaces/ros2_cpp_ws/install/udemy_ros2_pkg/share/udemy_ros2_pkg/cmake/ament_cmake_export_dependencies-extras.cmake
[3.362s] -- Up-to-date: /home/ingejohan/Workspaces/ros2_cpp_ws/install/udemy_ros2_pkg/share/udemy_ros2_pkg/cmake/ament_cmake_export_include_directories-extras.cmake
[3.363s] -- Up-to-date: /home/ingejohan/Workspaces/ros2_cpp_ws/install/udemy_ros2_pkg/share/udemy_ros2_pkg/cmake/ament_cmake_export_libraries-extras.cmake
[3.363s] -- Up-to-date: /home/ingejohan/Workspaces/ros2_cpp_ws/install/udemy_ros2_pkg/share/udemy_ros2_pkg/cmake/ament_cmake_export_targets-extras.cmake
[3.364s] -- Up-to-date: /home/ingejohan/Workspaces/ros2_cpp_ws/install/udemy_ros2_pkg/share/udemy_ros2_pkg/cmake/rosidl_cmake_export_typesupport_targets-extras.cmake
[3.364s] -- Up-to-date: /home/ingejohan/Workspaces/ros2_cpp_ws/install/udemy_ros2_pkg/share/udemy_ros2_pkg/cmake/rosidl_cmake_export_typesupport_libraries-extras.cmake
[3.365s] -- Up-to-date: /home/ingejohan/Workspaces/ros2_cpp_ws/install/udemy_ros2_pkg/share/udemy_ros2_pkg/cmake/udemy_ros2_pkgConfig.cmake
[3.366s] -- Up-to-date: /home/ingejohan/Workspaces/ros2_cpp_ws/install/udemy_ros2_pkg/share/udemy_ros2_pkg/cmake/udemy_ros2_pkgConfig-version.cmake
[3.366s] -- Up-to-date: /home/ingejohan/Workspaces/ros2_cpp_ws/install/udemy_ros2_pkg/share/udemy_ros2_pkg/package.xml
[3.368s] Invoked command in '/home/ingejohan/Workspaces/ros2_cpp_ws/build/udemy_ros2_pkg' returned '0': CMAKE_PREFIX_PATH=${CMAKE_PREFIX_PATH}:/home/ingejohan/ros2_ws/install/rover:/home/ingejohan/ros2_ws/install/my_py_pkg:/opt/ros/humble /usr/bin/cmake --install /home/ingejohan/Workspaces/ros2_cpp_ws/build/udemy_ros2_pkg
