[0.000000] (-) TimerEvent: {}
[0.000615] (udemy_ros2_pkg) JobQueued: {'identifier': 'udemy_ros2_pkg', 'dependencies': OrderedDict()}
[0.001044] (udemy_ros2_pkg) JobStarted: {'identifier': 'udemy_ros2_pkg'}
[0.012135] (udemy_ros2_pkg) JobProgress: {'identifier': 'udemy_ros2_pkg', 'progress': 'cmake'}
[0.019839] (udemy_ros2_pkg) Command: {'cmd': ['/usr/bin/cmake', '/home/ingejohan/Workspaces/ros2_cpp_ws/src/udemy_ros2_pkg', '-DAMENT_CMAKE_SYMLINK_INSTALL=1', '-DCMAKE_INSTALL_PREFIX=/home/ingejohan/Workspaces/install/udemy_ros2_pkg'], 'cwd': '/home/ingejohan/Workspaces/build/udemy_ros2_pkg', 'env': OrderedDict([('GJS_DEBUG_TOPICS', 'JS ERROR;JS LOG'), ('LESSOPEN', '| /usr/bin/lesspipe %s'), ('USER', 'ingejohan'), ('LC_TIME', 'nb_NO.UTF-8'), ('GIO_MODULE_DIR', '/home/ingejohan/snap/code/common/.cache/gio-modules'), ('XDG_SESSION_TYPE', 'wayland'), ('GIT_ASKPASS', '/snap/code/140/usr/share/code/resources/app/extensions/git/dist/askpass.sh'), ('GTK_EXE_PREFIX_VSCODE_SNAP_ORIG', ''), ('GDK_BACKEND_VSCODE_SNAP_ORIG', ''), ('SHLVL', '0'), ('LD_LIBRARY_PATH', '/home/ingejohan/Workspaces/ros2_cpp_ws/install/udemy_ros2_pkg/lib:/opt/ros/humble/opt/rviz_ogre_vendor/lib:/opt/ros/humble/lib/x86_64-linux-gnu:/opt/ros/humble/lib'), ('HOME', '/home/ingejohan'), ('CHROME_DESKTOP', 'code-url-handler.desktop'), ('LOCPATH_VSCODE_SNAP_ORIG', ''), ('TERM_PROGRAM_VERSION', '1.82.2'), ('DESKTOP_SESSION', 'ubuntu'), ('GTK_PATH', '/snap/code/140/usr/lib/x86_64-linux-gnu/gtk-3.0'), ('GTK_IM_MODULE_FILE', '/home/ingejohan/snap/code/common/.cache/immodules/immodules.cache'), ('GIO_LAUNCHED_DESKTOP_FILE', '/var/lib/snapd/desktop/applications/code_code.desktop'), ('ROS_PYTHON_VERSION', '3'), ('GNOME_SHELL_SESSION_MODE', 'ubuntu'), ('GTK_MODULES', 'gail:atk-bridge'), ('GSETTINGS_SCHEMA_DIR_VSCODE_SNAP_ORIG', ''), ('VSCODE_GIT_ASKPASS_MAIN', '/snap/code/140/usr/share/code/resources/app/extensions/git/dist/askpass-main.js'), ('LC_MONETARY', 'nb_NO.UTF-8'), ('VSCODE_GIT_ASKPASS_NODE', '/snap/code/140/usr/share/code/code'), ('MANAGERPID', '2254'), ('SYSTEMD_EXEC_PID', '2499'), ('IM_CONFIG_CHECK_ENV', '1'), ('DBUS_SESSION_BUS_ADDRESS', 'unix:path=/run/user/1000/bus'), ('COLORTERM', 'truecolor'), ('GIO_LAUNCHED_DESKTOP_FILE_PID', '7849'), ('IM_CONFIG_PHASE', '1'), ('WAYLAND_DISPLAY', 'wayland-0'), ('COLCON_PREFIX_PATH', '/home/ingejohan/Workspaces/ros2_cpp_ws/install:/home/ingejohan/ros2_ws/install'), ('ROS_DISTRO', 'humble'), ('LOGNAME', 'ingejohan'), ('JOURNAL_STREAM', '8:37339'), ('_', '/usr/bin/colcon'), ('ROS_VERSION', '2'), ('XDG_CONFIG_DIRS_VSCODE_SNAP_ORIG', '/etc/xdg/xdg-ubuntu:/etc/xdg'), ('XDG_SESSION_CLASS', 'user'), ('XDG_DATA_DIRS_VSCODE_SNAP_ORIG', '/usr/share/ubuntu:/usr/local/share/:/usr/share/:/var/lib/snapd/desktop'), ('USERNAME', 'ingejohan'), ('TERM', 'xterm-256color'), ('GNOME_DESKTOP_SESSION_ID', 'this-is-deprecated'), ('ROS_LOCALHOST_ONLY', '0'), ('PATH', '/opt/ros/humble/bin:/usr/local/sbin:/usr/local/bin:/usr/sbin:/usr/bin:/sbin:/bin:/usr/games:/usr/local/games:/snap/bin:/snap/bin'), ('SESSION_MANAGER', 'local/ingejohan:@/tmp/.ICE-unix/2447,unix/ingejohan:/tmp/.ICE-unix/2447'), ('GTK_EXE_PREFIX', '/snap/code/140/usr'), ('INVOCATION_ID', '9828224f81984447b8aac0f866cf547b'), ('XDG_MENU_PREFIX', 'gnome-'), ('LC_ADDRESS', 'nb_NO.UTF-8'), ('BAMF_DESKTOP_FILE_HINT', '/var/lib/snapd/desktop/applications/code_code.desktop'), ('GNOME_SETUP_DISPLAY', ':1'), ('XDG_RUNTIME_DIR', '/run/user/1000'), ('GDK_BACKEND', 'x11'), ('DISPLAY', ':0'), ('LOCPATH', '/snap/code/140/usr/lib/locale'), ('LANG', 'en_US.UTF-8'), ('XDG_CURRENT_DESKTOP', 'Unity'), ('LC_TELEPHONE', 'nb_NO.UTF-8'), ('GIO_MODULE_DIR_VSCODE_SNAP_ORIG', ''), ('XMODIFIERS', '@im=ibus'), ('XDG_SESSION_DESKTOP', 'ubuntu'), ('XAUTHORITY', '/run/user/1000/.mutter-Xwaylandauth.HMA5B2'), ('LS_COLORS', ''), ('VSCODE_GIT_IPC_HANDLE', '/run/user/1000/vscode-git-3031922754.sock'), ('TERM_PROGRAM', 'vscode'), ('SSH_AGENT_LAUNCHER', 'gnome-keyring'), ('SSH_AUTH_SOCK', '/run/user/1000/keyring/ssh'), ('GSETTINGS_SCHEMA_DIR', '/home/ingejohan/snap/code/140/.local/share/glib-2.0/schemas'), ('AMENT_PREFIX_PATH', '/home/ingejohan/Workspaces/ros2_cpp_ws/install/udemy_ros2_pkg:/home/ingejohan/ros2_ws/install/rover:/home/ingejohan/ros2_ws/install/my_py_pkg:/home/ingejohan/ros2_ws/install/my_cpp_pkg:/opt/ros/humble'), ('ORIGINAL_XDG_CURRENT_DESKTOP', 'ubuntu:GNOME'), ('SHELL', '/bin/bash'), ('LC_NAME', 'nb_NO.UTF-8'), ('QT_ACCESSIBILITY', '1'), ('GDMSESSION', 'ubuntu'), ('LESSCLOSE', '/usr/bin/lesspipe %s %s'), ('GTK_PATH_VSCODE_SNAP_ORIG', ''), ('GTK_IM_MODULE_FILE_VSCODE_SNAP_ORIG', ''), ('LC_MEASUREMENT', 'nb_NO.UTF-8'), ('GJS_DEBUG_OUTPUT', 'stderr'), ('LC_IDENTIFICATION', 'nb_NO.UTF-8'), ('VSCODE_GIT_ASKPASS_EXTRA_ARGS', '--ms-enable-electron-run-as-node'), ('QT_IM_MODULE', 'ibus'), ('PWD', '/home/ingejohan/Workspaces/build/udemy_ros2_pkg'), ('XDG_CONFIG_DIRS', '/etc/xdg/xdg-ubuntu:/etc/xdg'), ('XDG_DATA_DIRS', '/home/ingejohan/snap/code/140/.local/share:/home/ingejohan/snap/code/140:/snap/code/140/usr/share:/usr/share/ubuntu:/usr/local/share/:/usr/share/:/var/lib/snapd/desktop'), ('PYTHONPATH', '/home/ingejohan/Workspaces/ros2_cpp_ws/install/udemy_ros2_pkg/local/lib/python3.10/dist-packages:/home/ingejohan/ros2_ws/install/rover/lib/python3.10/site-packages:/home/ingejohan/ros2_ws/install/my_py_pkg/lib/python3.10/site-packages:/opt/ros/humble/lib/python3.10/site-packages:/opt/ros/humble/local/lib/python3.10/dist-packages'), ('LC_NUMERIC', 'nb_NO.UTF-8'), ('LC_PAPER', 'nb_NO.UTF-8'), ('COLCON', '1'), ('CMAKE_PREFIX_PATH', '/home/ingejohan/Workspaces/ros2_cpp_ws/install/udemy_ros2_pkg:/home/ingejohan/ros2_ws/install/my_cpp_pkg:/home/ingejohan/ros2_ws/install/rover:/home/ingejohan/ros2_ws/install/my_py_pkg:/opt/ros/humble')]), 'shell': False}
[0.035336] (udemy_ros2_pkg) StdoutLine: {'line': b'-- Found ament_cmake: 1.3.5 (/opt/ros/humble/share/ament_cmake/cmake)\n'}
[0.100036] (-) TimerEvent: {}
[0.162891] (udemy_ros2_pkg) StdoutLine: {'line': b'-- Override CMake install command with custom implementation using symlinks instead of copying resources\n'}
[0.171896] (udemy_ros2_pkg) StdoutLine: {'line': b'-- Found rclcpp: 16.0.5 (/opt/ros/humble/share/rclcpp/cmake)\n'}
[0.199925] (udemy_ros2_pkg) StdoutLine: {'line': b'-- Found rosidl_generator_c: 3.1.5 (/opt/ros/humble/share/rosidl_generator_c/cmake)\n'}
[0.200102] (-) TimerEvent: {}
[0.202427] (udemy_ros2_pkg) StdoutLine: {'line': b'-- Found rosidl_adapter: 3.1.5 (/opt/ros/humble/share/rosidl_adapter/cmake)\n'}
[0.208179] (udemy_ros2_pkg) StdoutLine: {'line': b'-- Found rosidl_generator_cpp: 3.1.5 (/opt/ros/humble/share/rosidl_generator_cpp/cmake)\n'}
[0.219079] (udemy_ros2_pkg) StdoutLine: {'line': b'-- Using all available rosidl_typesupport_c: rosidl_typesupport_fastrtps_c;rosidl_typesupport_introspection_c\n'}
[0.234747] (udemy_ros2_pkg) StdoutLine: {'line': b'-- Using all available rosidl_typesupport_cpp: rosidl_typesupport_fastrtps_cpp;rosidl_typesupport_introspection_cpp\n'}
[0.292206] (udemy_ros2_pkg) StdoutLine: {'line': b'-- Found rmw_implementation_cmake: 6.1.1 (/opt/ros/humble/share/rmw_implementation_cmake/cmake)\n'}
[0.293518] (udemy_ros2_pkg) StdoutLine: {'line': b'-- Found rmw_fastrtps_cpp: 6.2.3 (/opt/ros/humble/share/rmw_fastrtps_cpp/cmake)\n'}
[0.300208] (-) TimerEvent: {}
[0.400456] (-) TimerEvent: {}
[0.410777] (udemy_ros2_pkg) StdoutLine: {'line': b"-- Using RMW implementation 'rmw_fastrtps_cpp' as default\n"}
[0.500580] (-) TimerEvent: {}
[0.575052] (udemy_ros2_pkg) StdoutLine: {'line': b'-- Found rosidl_default_generators: 1.2.0 (/opt/ros/humble/share/rosidl_default_generators/cmake)\n'}
[0.584288] (udemy_ros2_pkg) StdoutLine: {'line': b'-- Found sensor_msgs: 4.2.3 (/opt/ros/humble/share/sensor_msgs/cmake)\n'}
[0.600683] (-) TimerEvent: {}
[0.700938] (-) TimerEvent: {}
[0.720805] (udemy_ros2_pkg) StdoutLine: {'line': b'-- Found OpenCV: /usr (found version "4.5.4") \n'}
[0.722067] (udemy_ros2_pkg) StdoutLine: {'line': b'-- Found cv_bridge: 3.2.1 (/opt/ros/humble/share/cv_bridge/cmake)\n'}
[0.731542] (udemy_ros2_pkg) StdoutLine: {'line': b'-- Found action_msgs: 1.2.1 (/opt/ros/humble/share/action_msgs/cmake)\n'}
[0.801050] (-) TimerEvent: {}
[0.901369] (-) TimerEvent: {}
[1.001640] (-) TimerEvent: {}
[1.101898] (-) TimerEvent: {}
[1.132641] (udemy_ros2_pkg) StdoutLine: {'line': b'-- Found ament_cmake_cppcheck: 0.12.7 (/opt/ros/humble/share/ament_cmake_cppcheck/cmake)\n'}
[1.134537] (udemy_ros2_pkg) StdoutLine: {'line': b'-- Found ament_cmake_cpplint: 0.12.7 (/opt/ros/humble/share/ament_cmake_cpplint/cmake)\n'}
[1.135405] (udemy_ros2_pkg) StdoutLine: {'line': b'-- Found ament_cmake_uncrustify: 0.12.7 (/opt/ros/humble/share/ament_cmake_uncrustify/cmake)\n'}
[1.137350] (udemy_ros2_pkg) StdoutLine: {'line': b'-- Found ament_cmake_ros: 0.10.0 (/opt/ros/humble/share/ament_cmake_ros/cmake)\n'}
[1.202016] (-) TimerEvent: {}
[1.302307] (-) TimerEvent: {}
[1.402552] (-) TimerEvent: {}
[1.502799] (-) TimerEvent: {}
[1.590646] (udemy_ros2_pkg) StdoutLine: {'line': b'-- Using all available rosidl_typesupport_c: rosidl_typesupport_fastrtps_c;rosidl_typesupport_introspection_c\n'}
[1.602897] (-) TimerEvent: {}
[1.703131] (-) TimerEvent: {}
[1.772736] (udemy_ros2_pkg) StdoutLine: {'line': b'-- Using all available rosidl_typesupport_cpp: rosidl_typesupport_fastrtps_cpp;rosidl_typesupport_introspection_cpp\n'}
[1.794634] (udemy_ros2_pkg) StdoutLine: {'line': b'-- Found PythonInterp: /usr/bin/python3 (found suitable version "3.10.12", minimum required is "3.6") \n'}
[1.795959] (udemy_ros2_pkg) StdoutLine: {'line': b'-- Found python_cmake_module: 0.10.0 (/opt/ros/humble/share/python_cmake_module/cmake)\n'}
[1.803231] (-) TimerEvent: {}
[1.819166] (udemy_ros2_pkg) StdoutLine: {'line': b'-- Found PythonLibs: /usr/lib/x86_64-linux-gnu/libpython3.10.so (found suitable version "3.10.12", minimum required is "3.5") \n'}
[1.819374] (udemy_ros2_pkg) StdoutLine: {'line': b'-- Using PYTHON_EXECUTABLE: /usr/bin/python3\n'}
[1.819481] (udemy_ros2_pkg) StdoutLine: {'line': b'-- Using PYTHON_INCLUDE_DIRS: /usr/include/python3.10\n'}
[1.819581] (udemy_ros2_pkg) StdoutLine: {'line': b'-- Using PYTHON_LIBRARIES: /usr/lib/x86_64-linux-gnu/libpython3.10.so\n'}
[1.838742] (udemy_ros2_pkg) StdoutLine: {'line': b'-- Found PythonExtra: .so  \n'}
[1.903364] (-) TimerEvent: {}
[1.916272] (udemy_ros2_pkg) StdoutLine: {'line': b'-- Found ament_cmake_flake8: 0.12.7 (/opt/ros/humble/share/ament_cmake_flake8/cmake)\n'}
[1.917097] (udemy_ros2_pkg) StdoutLine: {'line': b'-- Found ament_cmake_pep257: 0.12.7 (/opt/ros/humble/share/ament_cmake_pep257/cmake)\n'}
[1.931041] (udemy_ros2_pkg) StdoutLine: {'line': b'-- Found ament_lint_auto: 0.12.7 (/opt/ros/humble/share/ament_lint_auto/cmake)\n'}
[1.955651] (udemy_ros2_pkg) StdoutLine: {'line': b"-- Added test 'cppcheck' to perform static code analysis on C / C++ code\n"}
[1.956741] (udemy_ros2_pkg) StdoutLine: {'line': b'-- Configured cppcheck include dirs: \n'}
[1.956924] (udemy_ros2_pkg) StdoutLine: {'line': b'-- Configured cppcheck exclude dirs and/or files: \n'}
[1.958700] (udemy_ros2_pkg) StdoutLine: {'line': b"-- Added test 'cpplint' to check C / C++ code against the Google style\n"}
[1.958886] (udemy_ros2_pkg) StdoutLine: {'line': b'-- Configured cpplint exclude dirs and/or files: \n'}
[1.960609] (udemy_ros2_pkg) StdoutLine: {'line': b"-- Added test 'uncrustify' to check C / C++ code style\n"}
[1.960797] (udemy_ros2_pkg) StdoutLine: {'line': b'-- Configured uncrustify additional arguments: \n'}
[1.961141] (udemy_ros2_pkg) StdoutLine: {'line': b"-- Added test 'flake8' to check Python code syntax and style conventions\n"}
[1.961615] (udemy_ros2_pkg) StdoutLine: {'line': b"-- Added test 'pep257' to check Python code against some of the docstring style conventions in PEP 257\n"}
[1.962292] (udemy_ros2_pkg) StdoutLine: {'line': b"-- Added test 'lint_cmake' to check CMake code style\n"}
[1.962850] (udemy_ros2_pkg) StdoutLine: {'line': b"-- Added test 'xmllint' to check XML markup files\n"}
[1.966778] (udemy_ros2_pkg) StdoutLine: {'line': b'-- Configuring done\n'}
[2.003461] (-) TimerEvent: {}
[2.035738] (udemy_ros2_pkg) StdoutLine: {'line': b'-- Generating done\n'}
[2.039844] (udemy_ros2_pkg) StdoutLine: {'line': b'-- Build files have been written to: /home/ingejohan/Workspaces/build/udemy_ros2_pkg\n'}
[2.049217] (udemy_ros2_pkg) CommandEnded: {'returncode': 0}
[2.050030] (udemy_ros2_pkg) JobProgress: {'identifier': 'udemy_ros2_pkg', 'progress': 'build'}
[2.051342] (udemy_ros2_pkg) Command: {'cmd': ['/usr/bin/cmake', '--build', '/home/ingejohan/Workspaces/build/udemy_ros2_pkg', '--', '-j16', '-l16'], 'cwd': '/home/ingejohan/Workspaces/build/udemy_ros2_pkg', 'env': OrderedDict([('GJS_DEBUG_TOPICS', 'JS ERROR;JS LOG'), ('LESSOPEN', '| /usr/bin/lesspipe %s'), ('USER', 'ingejohan'), ('LC_TIME', 'nb_NO.UTF-8'), ('GIO_MODULE_DIR', '/home/ingejohan/snap/code/common/.cache/gio-modules'), ('XDG_SESSION_TYPE', 'wayland'), ('GIT_ASKPASS', '/snap/code/140/usr/share/code/resources/app/extensions/git/dist/askpass.sh'), ('GTK_EXE_PREFIX_VSCODE_SNAP_ORIG', ''), ('GDK_BACKEND_VSCODE_SNAP_ORIG', ''), ('SHLVL', '0'), ('LD_LIBRARY_PATH', '/home/ingejohan/Workspaces/ros2_cpp_ws/install/udemy_ros2_pkg/lib:/opt/ros/humble/opt/rviz_ogre_vendor/lib:/opt/ros/humble/lib/x86_64-linux-gnu:/opt/ros/humble/lib'), ('HOME', '/home/ingejohan'), ('CHROME_DESKTOP', 'code-url-handler.desktop'), ('LOCPATH_VSCODE_SNAP_ORIG', ''), ('TERM_PROGRAM_VERSION', '1.82.2'), ('DESKTOP_SESSION', 'ubuntu'), ('GTK_PATH', '/snap/code/140/usr/lib/x86_64-linux-gnu/gtk-3.0'), ('GTK_IM_MODULE_FILE', '/home/ingejohan/snap/code/common/.cache/immodules/immodules.cache'), ('GIO_LAUNCHED_DESKTOP_FILE', '/var/lib/snapd/desktop/applications/code_code.desktop'), ('ROS_PYTHON_VERSION', '3'), ('GNOME_SHELL_SESSION_MODE', 'ubuntu'), ('GTK_MODULES', 'gail:atk-bridge'), ('GSETTINGS_SCHEMA_DIR_VSCODE_SNAP_ORIG', ''), ('VSCODE_GIT_ASKPASS_MAIN', '/snap/code/140/usr/share/code/resources/app/extensions/git/dist/askpass-main.js'), ('LC_MONETARY', 'nb_NO.UTF-8'), ('VSCODE_GIT_ASKPASS_NODE', '/snap/code/140/usr/share/code/code'), ('MANAGERPID', '2254'), ('SYSTEMD_EXEC_PID', '2499'), ('IM_CONFIG_CHECK_ENV', '1'), ('DBUS_SESSION_BUS_ADDRESS', 'unix:path=/run/user/1000/bus'), ('COLORTERM', 'truecolor'), ('GIO_LAUNCHED_DESKTOP_FILE_PID', '7849'), ('IM_CONFIG_PHASE', '1'), ('WAYLAND_DISPLAY', 'wayland-0'), ('COLCON_PREFIX_PATH', '/home/ingejohan/Workspaces/ros2_cpp_ws/install:/home/ingejohan/ros2_ws/install'), ('ROS_DISTRO', 'humble'), ('LOGNAME', 'ingejohan'), ('JOURNAL_STREAM', '8:37339'), ('_', '/usr/bin/colcon'), ('ROS_VERSION', '2'), ('XDG_CONFIG_DIRS_VSCODE_SNAP_ORIG', '/etc/xdg/xdg-ubuntu:/etc/xdg'), ('XDG_SESSION_CLASS', 'user'), ('XDG_DATA_DIRS_VSCODE_SNAP_ORIG', '/usr/share/ubuntu:/usr/local/share/:/usr/share/:/var/lib/snapd/desktop'), ('USERNAME', 'ingejohan'), ('TERM', 'xterm-256color'), ('GNOME_DESKTOP_SESSION_ID', 'this-is-deprecated'), ('ROS_LOCALHOST_ONLY', '0'), ('PATH', '/opt/ros/humble/bin:/usr/local/sbin:/usr/local/bin:/usr/sbin:/usr/bin:/sbin:/bin:/usr/games:/usr/local/games:/snap/bin:/snap/bin'), ('SESSION_MANAGER', 'local/ingejohan:@/tmp/.ICE-unix/2447,unix/ingejohan:/tmp/.ICE-unix/2447'), ('GTK_EXE_PREFIX', '/snap/code/140/usr'), ('INVOCATION_ID', '9828224f81984447b8aac0f866cf547b'), ('XDG_MENU_PREFIX', 'gnome-'), ('LC_ADDRESS', 'nb_NO.UTF-8'), ('BAMF_DESKTOP_FILE_HINT', '/var/lib/snapd/desktop/applications/code_code.desktop'), ('GNOME_SETUP_DISPLAY', ':1'), ('XDG_RUNTIME_DIR', '/run/user/1000'), ('GDK_BACKEND', 'x11'), ('DISPLAY', ':0'), ('LOCPATH', '/snap/code/140/usr/lib/locale'), ('LANG', 'en_US.UTF-8'), ('XDG_CURRENT_DESKTOP', 'Unity'), ('LC_TELEPHONE', 'nb_NO.UTF-8'), ('GIO_MODULE_DIR_VSCODE_SNAP_ORIG', ''), ('XMODIFIERS', '@im=ibus'), ('XDG_SESSION_DESKTOP', 'ubuntu'), ('XAUTHORITY', '/run/user/1000/.mutter-Xwaylandauth.HMA5B2'), ('LS_COLORS', ''), ('VSCODE_GIT_IPC_HANDLE', '/run/user/1000/vscode-git-3031922754.sock'), ('TERM_PROGRAM', 'vscode'), ('SSH_AGENT_LAUNCHER', 'gnome-keyring'), ('SSH_AUTH_SOCK', '/run/user/1000/keyring/ssh'), ('GSETTINGS_SCHEMA_DIR', '/home/ingejohan/snap/code/140/.local/share/glib-2.0/schemas'), ('AMENT_PREFIX_PATH', '/home/ingejohan/Workspaces/ros2_cpp_ws/install/udemy_ros2_pkg:/home/ingejohan/ros2_ws/install/rover:/home/ingejohan/ros2_ws/install/my_py_pkg:/home/ingejohan/ros2_ws/install/my_cpp_pkg:/opt/ros/humble'), ('ORIGINAL_XDG_CURRENT_DESKTOP', 'ubuntu:GNOME'), ('SHELL', '/bin/bash'), ('LC_NAME', 'nb_NO.UTF-8'), ('QT_ACCESSIBILITY', '1'), ('GDMSESSION', 'ubuntu'), ('LESSCLOSE', '/usr/bin/lesspipe %s %s'), ('GTK_PATH_VSCODE_SNAP_ORIG', ''), ('GTK_IM_MODULE_FILE_VSCODE_SNAP_ORIG', ''), ('LC_MEASUREMENT', 'nb_NO.UTF-8'), ('GJS_DEBUG_OUTPUT', 'stderr'), ('LC_IDENTIFICATION', 'nb_NO.UTF-8'), ('VSCODE_GIT_ASKPASS_EXTRA_ARGS', '--ms-enable-electron-run-as-node'), ('QT_IM_MODULE', 'ibus'), ('PWD', '/home/ingejohan/Workspaces/build/udemy_ros2_pkg'), ('XDG_CONFIG_DIRS', '/etc/xdg/xdg-ubuntu:/etc/xdg'), ('XDG_DATA_DIRS', '/home/ingejohan/snap/code/140/.local/share:/home/ingejohan/snap/code/140:/snap/code/140/usr/share:/usr/share/ubuntu:/usr/local/share/:/usr/share/:/var/lib/snapd/desktop'), ('PYTHONPATH', '/home/ingejohan/Workspaces/ros2_cpp_ws/install/udemy_ros2_pkg/local/lib/python3.10/dist-packages:/home/ingejohan/ros2_ws/install/rover/lib/python3.10/site-packages:/home/ingejohan/ros2_ws/install/my_py_pkg/lib/python3.10/site-packages:/opt/ros/humble/lib/python3.10/site-packages:/opt/ros/humble/local/lib/python3.10/dist-packages'), ('LC_NUMERIC', 'nb_NO.UTF-8'), ('LC_PAPER', 'nb_NO.UTF-8'), ('COLCON', '1'), ('CMAKE_PREFIX_PATH', '/home/ingejohan/Workspaces/ros2_cpp_ws/install/udemy_ros2_pkg:/home/ingejohan/ros2_ws/install/my_cpp_pkg:/home/ingejohan/ros2_ws/install/rover:/home/ingejohan/ros2_ws/install/my_py_pkg:/opt/ros/humble')]), 'shell': False}
[2.089301] (udemy_ros2_pkg) StdoutLine: {'line': b'[  1%] \x1b[34m\x1b[1mGenerating C code for ROS interfaces\x1b[0m\n'}
[2.090752] (udemy_ros2_pkg) StdoutLine: {'line': b'\x1b[35m\x1b[1mConsolidate compiler generated dependencies of target publisher\x1b[0m\n'}
[2.100573] (udemy_ros2_pkg) StdoutLine: {'line': b'[  4%] \x1b[32mBuilding CXX object CMakeFiles/speed_calc.dir/src/speed_calc.cpp.o\x1b[0m\n'}
[2.100927] (udemy_ros2_pkg) StdoutLine: {'line': b'[  4%] \x1b[32mBuilding CXX object CMakeFiles/subscriber.dir/src/subscriber.cpp.o\x1b[0m\n'}
[2.101070] (udemy_ros2_pkg) StdoutLine: {'line': b'[  6%] \x1b[34m\x1b[1mGenerating C++ code for ROS interfaces\x1b[0m\n'}
[2.101950] (udemy_ros2_pkg) StdoutLine: {'line': b'[  7%] \x1b[32mBuilding CXX object CMakeFiles/rpm_pub.dir/src/rpm_pub.cpp.o\x1b[0m\n'}
[2.103537] (-) TimerEvent: {}
[2.108478] (udemy_ros2_pkg) StdoutLine: {'line': b'[  7%] Built target ament_cmake_python_symlink_udemy_ros2_pkg\n'}
[2.110932] (udemy_ros2_pkg) StdoutLine: {'line': b'[  9%] \x1b[32mBuilding CXX object CMakeFiles/publisher.dir/src/publisher.cpp.o\x1b[0m\n'}
[2.203647] (-) TimerEvent: {}
[2.303986] (-) TimerEvent: {}
[2.404362] (-) TimerEvent: {}
[2.443107] (udemy_ros2_pkg) StdoutLine: {'line': b'running egg_info\n'}
[2.443786] (udemy_ros2_pkg) StdoutLine: {'line': b'creating udemy_ros2_pkg.egg-info\n'}
[2.444029] (udemy_ros2_pkg) StdoutLine: {'line': b'writing udemy_ros2_pkg.egg-info/PKG-INFO\n'}
[2.444297] (udemy_ros2_pkg) StdoutLine: {'line': b'writing dependency_links to udemy_ros2_pkg.egg-info/dependency_links.txt\n'}
[2.444526] (udemy_ros2_pkg) StdoutLine: {'line': b'writing top-level names to udemy_ros2_pkg.egg-info/top_level.txt\n'}
[2.444741] (udemy_ros2_pkg) StdoutLine: {'line': b"writing manifest file 'udemy_ros2_pkg.egg-info/SOURCES.txt'\n"}
[2.447221] (udemy_ros2_pkg) StdoutLine: {'line': b"reading manifest file 'udemy_ros2_pkg.egg-info/SOURCES.txt'\n"}
[2.447869] (udemy_ros2_pkg) StdoutLine: {'line': b"writing manifest file 'udemy_ros2_pkg.egg-info/SOURCES.txt'\n"}
[2.476162] (udemy_ros2_pkg) StdoutLine: {'line': b'[  9%] Built target ament_cmake_python_build_udemy_ros2_pkg_egg\n'}
[2.504448] (-) TimerEvent: {}
[2.604730] (-) TimerEvent: {}
[2.705052] (-) TimerEvent: {}
[2.805375] (-) TimerEvent: {}
[2.902603] (udemy_ros2_pkg) StdoutLine: {'line': b'[  9%] Built target udemy_ros2_pkg__cpp\n'}
[2.905477] (-) TimerEvent: {}
[2.918408] (udemy_ros2_pkg) StdoutLine: {'line': b'[ 11%] \x1b[34m\x1b[1mGenerating C++ type support for eProsima Fast-RTPS\x1b[0m\n'}
[2.919260] (udemy_ros2_pkg) StdoutLine: {'line': b'[ 12%] \x1b[34m\x1b[1mGenerating C++ type support dispatch for ROS interfaces\x1b[0m\n'}
[2.925747] (udemy_ros2_pkg) StdoutLine: {'line': b'[ 14%] \x1b[34m\x1b[1mGenerating C++ introspection for ROS interfaces\x1b[0m\n'}
[2.949047] (udemy_ros2_pkg) StdoutLine: {'line': b'[ 17%] \x1b[32mBuilding C object CMakeFiles/udemy_ros2_pkg__rosidl_generator_c.dir/rosidl_generator_c/udemy_ros2_pkg/srv/detail/turn_camera__functions.c.o\x1b[0m\n'}
[2.949367] (udemy_ros2_pkg) StdoutLine: {'line': b'[ 17%] \x1b[32mBuilding C object CMakeFiles/udemy_ros2_pkg__rosidl_generator_c.dir/rosidl_generator_c/udemy_ros2_pkg/srv/detail/odd_even_check__functions.c.o\x1b[0m\n'}
[2.953609] (udemy_ros2_pkg) StdoutLine: {'line': b'[ 19%] \x1b[32mBuilding C object CMakeFiles/udemy_ros2_pkg__rosidl_generator_c.dir/rosidl_generator_c/udemy_ros2_pkg/action/detail/navigate__functions.c.o\x1b[0m\n'}
[3.005595] (-) TimerEvent: {}
[3.105955] (-) TimerEvent: {}
[3.206324] (-) TimerEvent: {}
[3.306717] (-) TimerEvent: {}
[3.407088] (-) TimerEvent: {}
[3.507424] (-) TimerEvent: {}
[3.607764] (-) TimerEvent: {}
[3.612446] (udemy_ros2_pkg) StdoutLine: {'line': b'[ 20%] \x1b[32mBuilding CXX object CMakeFiles/udemy_ros2_pkg__rosidl_typesupport_cpp.dir/rosidl_typesupport_cpp/udemy_ros2_pkg/srv/odd_even_check__type_support.cpp.o\x1b[0m\n'}
[3.616951] (udemy_ros2_pkg) StdoutLine: {'line': b'[ 23%] \x1b[32mBuilding CXX object CMakeFiles/udemy_ros2_pkg__rosidl_typesupport_cpp.dir/rosidl_typesupport_cpp/udemy_ros2_pkg/srv/turn_camera__type_support.cpp.o\x1b[0m\n'}
[3.617226] (udemy_ros2_pkg) StdoutLine: {'line': b'[ 23%] \x1b[32mBuilding CXX object CMakeFiles/udemy_ros2_pkg__rosidl_typesupport_cpp.dir/rosidl_typesupport_cpp/udemy_ros2_pkg/action/navigate__type_support.cpp.o\x1b[0m\n'}
[3.638507] (udemy_ros2_pkg) StdoutLine: {'line': b'[ 25%] \x1b[32m\x1b[1mLinking C shared library libudemy_ros2_pkg__rosidl_generator_c.so\x1b[0m\n'}
[3.704884] (udemy_ros2_pkg) StdoutLine: {'line': b'[ 25%] Built target udemy_ros2_pkg__rosidl_generator_c\n'}
[3.706766] (udemy_ros2_pkg) StdoutLine: {'line': b'[ 26%] \x1b[32mBuilding CXX object CMakeFiles/udemy_ros2_pkg__rosidl_typesupport_introspection_cpp.dir/rosidl_typesupport_introspection_cpp/udemy_ros2_pkg/srv/detail/odd_even_check__type_support.cpp.o\x1b[0m\n'}
[3.707305] (udemy_ros2_pkg) StdoutLine: {'line': b'[ 28%] \x1b[32mBuilding CXX object CMakeFiles/udemy_ros2_pkg__rosidl_typesupport_introspection_cpp.dir/rosidl_typesupport_introspection_cpp/udemy_ros2_pkg/srv/detail/turn_camera__type_support.cpp.o\x1b[0m\n'}
[3.708002] (udemy_ros2_pkg) StdoutLine: {'line': b'[ 30%] \x1b[32mBuilding CXX object CMakeFiles/udemy_ros2_pkg__rosidl_typesupport_introspection_cpp.dir/rosidl_typesupport_introspection_cpp/udemy_ros2_pkg/action/detail/navigate__type_support.cpp.o\x1b[0m\n'}
[3.708202] (-) TimerEvent: {}
[3.722501] (udemy_ros2_pkg) StdoutLine: {'line': b'[ 31%] \x1b[34m\x1b[1mGenerating C introspection for ROS interfaces\x1b[0m\n'}
[3.723006] (udemy_ros2_pkg) StdoutLine: {'line': b'[ 34%] \x1b[34m\x1b[1mGenerating C type support dispatch for ROS interfaces\x1b[0m\n'}
[3.723201] (udemy_ros2_pkg) StdoutLine: {'line': b'[ 34%] \x1b[34m\x1b[1mGenerating C type support for eProsima Fast-RTPS\x1b[0m\n'}
[3.808316] (-) TimerEvent: {}
[3.908666] (-) TimerEvent: {}
[3.916885] (udemy_ros2_pkg) StdoutLine: {'line': b'[ 38%] \x1b[32mBuilding CXX object CMakeFiles/udemy_ros2_pkg__rosidl_typesupport_fastrtps_cpp.dir/rosidl_typesupport_fastrtps_cpp/udemy_ros2_pkg/srv/detail/dds_fastrtps/turn_camera__type_support.cpp.o\x1b[0m\n'}
[3.917841] (udemy_ros2_pkg) StdoutLine: {'line': b'[ 38%] \x1b[32mBuilding CXX object CMakeFiles/udemy_ros2_pkg__rosidl_typesupport_fastrtps_cpp.dir/rosidl_typesupport_fastrtps_cpp/udemy_ros2_pkg/srv/detail/dds_fastrtps/odd_even_check__type_support.cpp.o\x1b[0m\n'}
[3.924807] (udemy_ros2_pkg) StdoutLine: {'line': b'[ 39%] \x1b[32mBuilding CXX object CMakeFiles/udemy_ros2_pkg__rosidl_typesupport_fastrtps_cpp.dir/rosidl_typesupport_fastrtps_cpp/udemy_ros2_pkg/action/detail/dds_fastrtps/navigate__type_support.cpp.o\x1b[0m\n'}
[4.008791] (-) TimerEvent: {}
[4.109148] (-) TimerEvent: {}
[4.209527] (-) TimerEvent: {}
[4.309884] (-) TimerEvent: {}
[4.410218] (-) TimerEvent: {}
[4.510559] (-) TimerEvent: {}
[4.568066] (udemy_ros2_pkg) StdoutLine: {'line': b'[ 41%] \x1b[32m\x1b[1mLinking CXX shared library libudemy_ros2_pkg__rosidl_typesupport_cpp.so\x1b[0m\n'}
[4.610682] (-) TimerEvent: {}
[4.620484] (udemy_ros2_pkg) StdoutLine: {'line': b'[ 41%] Built target udemy_ros2_pkg__rosidl_typesupport_cpp\n'}
[4.639013] (udemy_ros2_pkg) StdoutLine: {'line': b'[ 42%] \x1b[32mBuilding CXX object CMakeFiles/udemy_ros2_pkg__rosidl_typesupport_c.dir/rosidl_typesupport_c/udemy_ros2_pkg/srv/turn_camera__type_support.cpp.o\x1b[0m\n'}
[4.652624] (udemy_ros2_pkg) StdoutLine: {'line': b'[ 44%] \x1b[32mBuilding CXX object CMakeFiles/udemy_ros2_pkg__rosidl_typesupport_c.dir/rosidl_typesupport_c/udemy_ros2_pkg/srv/odd_even_check__type_support.cpp.o\x1b[0m\n'}
[4.653547] (udemy_ros2_pkg) StdoutLine: {'line': b'[ 46%] \x1b[32mBuilding CXX object CMakeFiles/service_server.dir/src/service_server.cpp.o\x1b[0m\n'}
[4.656219] (udemy_ros2_pkg) StdoutLine: {'line': b'[ 47%] \x1b[32mBuilding CXX object CMakeFiles/turn_camera_client.dir/src/turn_camera_client.cpp.o\x1b[0m\n'}
[4.672344] (udemy_ros2_pkg) StdoutLine: {'line': b'[ 49%] \x1b[32mBuilding CXX object CMakeFiles/turn_camera_service.dir/src/turn_camera_service.cpp.o\x1b[0m\n'}
[4.693913] (udemy_ros2_pkg) StdoutLine: {'line': b'[ 50%] \x1b[32mBuilding CXX object CMakeFiles/service_client.dir/src/service_client.cpp.o\x1b[0m\n'}
[4.710789] (-) TimerEvent: {}
[4.719759] (udemy_ros2_pkg) StdoutLine: {'line': b'[ 52%] \x1b[32mBuilding CXX object CMakeFiles/udemy_ros2_pkg__rosidl_typesupport_c.dir/rosidl_typesupport_c/udemy_ros2_pkg/action/navigate__type_support.cpp.o\x1b[0m\n'}
[4.810899] (-) TimerEvent: {}
[4.842271] (udemy_ros2_pkg) StdoutLine: {'line': b'[ 53%] \x1b[32m\x1b[1mLinking CXX shared library libudemy_ros2_pkg__rosidl_typesupport_c.so\x1b[0m\n'}
[4.904991] (udemy_ros2_pkg) StdoutLine: {'line': b'[ 55%] \x1b[32mBuilding C object CMakeFiles/udemy_ros2_pkg__rosidl_typesupport_introspection_c.dir/rosidl_typesupport_introspection_c/udemy_ros2_pkg/srv/detail/odd_even_check__type_support.c.o\x1b[0m\n'}
[4.907652] (udemy_ros2_pkg) StdoutLine: {'line': b'[ 57%] \x1b[32mBuilding C object CMakeFiles/udemy_ros2_pkg__rosidl_typesupport_introspection_c.dir/rosidl_typesupport_introspection_c/udemy_ros2_pkg/srv/detail/turn_camera__type_support.c.o\x1b[0m\n'}
[4.910995] (-) TimerEvent: {}
[4.912080] (udemy_ros2_pkg) StdoutLine: {'line': b'[ 58%] \x1b[32mBuilding C object CMakeFiles/udemy_ros2_pkg__rosidl_typesupport_introspection_c.dir/rosidl_typesupport_introspection_c/udemy_ros2_pkg/action/detail/navigate__type_support.c.o\x1b[0m\n'}
[4.917816] (udemy_ros2_pkg) StdoutLine: {'line': b'[ 58%] Built target udemy_ros2_pkg__rosidl_typesupport_c\n'}
[5.011120] (-) TimerEvent: {}
[5.038139] (udemy_ros2_pkg) StdoutLine: {'line': b'[ 63%] \x1b[32mBuilding CXX object CMakeFiles/udemy_ros2_pkg__rosidl_typesupport_fastrtps_c.dir/rosidl_typesupport_fastrtps_c/udemy_ros2_pkg/srv/detail/turn_camera__type_support_c.cpp.o\x1b[0m\n'}
[5.038447] (udemy_ros2_pkg) StdoutLine: {'line': b'[ 63%] \x1b[32mBuilding CXX object CMakeFiles/udemy_ros2_pkg__rosidl_typesupport_fastrtps_c.dir/rosidl_typesupport_fastrtps_c/udemy_ros2_pkg/action/detail/navigate__type_support_c.cpp.o\x1b[0m\n'}
[5.039524] (udemy_ros2_pkg) StdoutLine: {'line': b'[ 63%] \x1b[32mBuilding CXX object CMakeFiles/udemy_ros2_pkg__rosidl_typesupport_fastrtps_c.dir/rosidl_typesupport_fastrtps_c/udemy_ros2_pkg/srv/detail/odd_even_check__type_support_c.cpp.o\x1b[0m\n'}
[5.047335] (udemy_ros2_pkg) StdoutLine: {'line': b'[ 65%] \x1b[32m\x1b[1mLinking C shared library libudemy_ros2_pkg__rosidl_typesupport_introspection_c.so\x1b[0m\n'}
[5.084430] (udemy_ros2_pkg) StdoutLine: {'line': b'[ 66%] \x1b[32m\x1b[1mLinking CXX shared library libudemy_ros2_pkg__rosidl_typesupport_introspection_cpp.so\x1b[0m\n'}
[5.105419] (udemy_ros2_pkg) StdoutLine: {'line': b'[ 66%] Built target udemy_ros2_pkg__rosidl_typesupport_introspection_c\n'}
[5.111236] (-) TimerEvent: {}
[5.189785] (udemy_ros2_pkg) StdoutLine: {'line': b'[ 66%] Built target udemy_ros2_pkg__rosidl_typesupport_introspection_cpp\n'}
[5.211353] (-) TimerEvent: {}
[5.282385] (udemy_ros2_pkg) StdoutLine: {'line': b'[ 68%] \x1b[32m\x1b[1mLinking CXX shared library libudemy_ros2_pkg__rosidl_typesupport_fastrtps_cpp.so\x1b[0m\n'}
[5.311478] (-) TimerEvent: {}
[5.384826] (udemy_ros2_pkg) StdoutLine: {'line': b'[ 68%] Built target udemy_ros2_pkg__rosidl_typesupport_fastrtps_cpp\n'}
[5.411595] (-) TimerEvent: {}
[5.512036] (-) TimerEvent: {}
[5.612498] (-) TimerEvent: {}
[5.712893] (-) TimerEvent: {}
[5.813294] (-) TimerEvent: {}
[5.913701] (-) TimerEvent: {}
[6.014092] (-) TimerEvent: {}
[6.018238] (udemy_ros2_pkg) StdoutLine: {'line': b'[ 69%] \x1b[32m\x1b[1mLinking CXX shared library libudemy_ros2_pkg__rosidl_typesupport_fastrtps_c.so\x1b[0m\n'}
[6.114225] (-) TimerEvent: {}
[6.119594] (udemy_ros2_pkg) StdoutLine: {'line': b'[ 69%] Built target udemy_ros2_pkg__rosidl_typesupport_fastrtps_c\n'}
[6.142200] (udemy_ros2_pkg) StdoutLine: {'line': b'[ 69%] Built target udemy_ros2_pkg\n'}
[6.166133] (udemy_ros2_pkg) StdoutLine: {'line': b'[ 71%] \x1b[34m\x1b[1mGenerating Python code for ROS interfaces\x1b[0m\n'}
[6.214336] (-) TimerEvent: {}
[6.314712] (-) TimerEvent: {}
[6.415107] (-) TimerEvent: {}
[6.515484] (-) TimerEvent: {}
[6.615873] (-) TimerEvent: {}
[6.716204] (-) TimerEvent: {}
[6.816574] (-) TimerEvent: {}
[6.916936] (-) TimerEvent: {}
[7.017279] (-) TimerEvent: {}
[7.117616] (-) TimerEvent: {}
[7.217961] (-) TimerEvent: {}
[7.318332] (-) TimerEvent: {}
[7.418678] (-) TimerEvent: {}
[7.519006] (-) TimerEvent: {}
[7.619335] (-) TimerEvent: {}
[7.696377] (udemy_ros2_pkg) StdoutLine: {'line': b'[ 71%] Built target udemy_ros2_pkg__py\n'}
[7.719215] (udemy_ros2_pkg) StdoutLine: {'line': b'[ 73%] \x1b[32mBuilding C object CMakeFiles/udemy_ros2_pkg__rosidl_generator_py.dir/rosidl_generator_py/udemy_ros2_pkg/srv/_odd_even_check_s.c.o\x1b[0m\n'}
[7.719512] (-) TimerEvent: {}
[7.722632] (udemy_ros2_pkg) StdoutLine: {'line': b'[ 74%] \x1b[32mBuilding C object CMakeFiles/udemy_ros2_pkg__rosidl_generator_py.dir/rosidl_generator_py/udemy_ros2_pkg/srv/_turn_camera_s.c.o\x1b[0m\n'}
[7.723282] (udemy_ros2_pkg) StdoutLine: {'line': b'[ 76%] \x1b[32mBuilding C object CMakeFiles/udemy_ros2_pkg__rosidl_generator_py.dir/rosidl_generator_py/udemy_ros2_pkg/action/_navigate_s.c.o\x1b[0m\n'}
[7.819640] (-) TimerEvent: {}
[7.920037] (-) TimerEvent: {}
[8.020412] (-) TimerEvent: {}
[8.120807] (-) TimerEvent: {}
[8.165298] (udemy_ros2_pkg) StdoutLine: {'line': b'[ 77%] \x1b[32m\x1b[1mLinking C shared library rosidl_generator_py/udemy_ros2_pkg/libudemy_ros2_pkg__rosidl_generator_py.so\x1b[0m\n'}
[8.214389] (udemy_ros2_pkg) StdoutLine: {'line': b'[ 77%] Built target udemy_ros2_pkg__rosidl_generator_py\n'}
[8.220926] (-) TimerEvent: {}
[8.238438] (udemy_ros2_pkg) StdoutLine: {'line': b'[ 79%] \x1b[32mBuilding C object CMakeFiles/udemy_ros2_pkg__rosidl_typesupport_fastrtps_c__pyext.dir/rosidl_generator_py/udemy_ros2_pkg/_udemy_ros2_pkg_s.ep.rosidl_typesupport_fastrtps_c.c.o\x1b[0m\n'}
[8.247896] (udemy_ros2_pkg) StdoutLine: {'line': b'[ 80%] \x1b[32mBuilding C object CMakeFiles/udemy_ros2_pkg__rosidl_typesupport_c__pyext.dir/rosidl_generator_py/udemy_ros2_pkg/_udemy_ros2_pkg_s.ep.rosidl_typesupport_c.c.o\x1b[0m\n'}
[8.249171] (udemy_ros2_pkg) StdoutLine: {'line': b'[ 82%] \x1b[32mBuilding C object CMakeFiles/udemy_ros2_pkg__rosidl_typesupport_introspection_c__pyext.dir/rosidl_generator_py/udemy_ros2_pkg/_udemy_ros2_pkg_s.ep.rosidl_typesupport_introspection_c.c.o\x1b[0m\n'}
[8.321046] (-) TimerEvent: {}
[8.421452] (-) TimerEvent: {}
[8.521832] (-) TimerEvent: {}
[8.622221] (-) TimerEvent: {}
[8.722612] (-) TimerEvent: {}
[8.789968] (udemy_ros2_pkg) StdoutLine: {'line': b'[ 84%] \x1b[32m\x1b[1mLinking C shared library rosidl_generator_py/udemy_ros2_pkg/udemy_ros2_pkg_s__rosidl_typesupport_fastrtps_c.cpython-310-x86_64-linux-gnu.so\x1b[0m\n'}
[8.802442] (udemy_ros2_pkg) StdoutLine: {'line': b'[ 85%] \x1b[32m\x1b[1mLinking C shared library rosidl_generator_py/udemy_ros2_pkg/udemy_ros2_pkg_s__rosidl_typesupport_introspection_c.cpython-310-x86_64-linux-gnu.so\x1b[0m\n'}
[8.802839] (udemy_ros2_pkg) StdoutLine: {'line': b'[ 87%] \x1b[32m\x1b[1mLinking C shared library rosidl_generator_py/udemy_ros2_pkg/udemy_ros2_pkg_s__rosidl_typesupport_c.cpython-310-x86_64-linux-gnu.so\x1b[0m\n'}
[8.822722] (-) TimerEvent: {}
[8.860224] (udemy_ros2_pkg) StdoutLine: {'line': b'[ 87%] Built target udemy_ros2_pkg__rosidl_typesupport_introspection_c__pyext\n'}
[8.868974] (udemy_ros2_pkg) StdoutLine: {'line': b'[ 87%] Built target udemy_ros2_pkg__rosidl_typesupport_fastrtps_c__pyext\n'}
[8.879997] (udemy_ros2_pkg) StdoutLine: {'line': b'[ 87%] Built target udemy_ros2_pkg__rosidl_typesupport_c__pyext\n'}
[8.922819] (-) TimerEvent: {}
[9.023129] (-) TimerEvent: {}
[9.123490] (-) TimerEvent: {}
[9.223848] (-) TimerEvent: {}
[9.324226] (-) TimerEvent: {}
[9.424596] (-) TimerEvent: {}
[9.524939] (-) TimerEvent: {}
[9.625313] (-) TimerEvent: {}
[9.725682] (-) TimerEvent: {}
[9.826062] (-) TimerEvent: {}
[9.926437] (-) TimerEvent: {}
[10.026808] (-) TimerEvent: {}
[10.130702] (-) TimerEvent: {}
[10.231061] (-) TimerEvent: {}
[10.331449] (-) TimerEvent: {}
[10.431816] (-) TimerEvent: {}
[10.532143] (-) TimerEvent: {}
[10.632530] (-) TimerEvent: {}
[10.732952] (-) TimerEvent: {}
[10.833354] (-) TimerEvent: {}
[10.933734] (-) TimerEvent: {}
[11.034103] (-) TimerEvent: {}
[11.134466] (-) TimerEvent: {}
[11.234858] (-) TimerEvent: {}
[11.335193] (-) TimerEvent: {}
[11.435557] (-) TimerEvent: {}
[11.535936] (-) TimerEvent: {}
[11.568671] (udemy_ros2_pkg) StdoutLine: {'line': b'[ 88%] \x1b[32m\x1b[1mLinking CXX executable service_client\x1b[0m\n'}
[11.636075] (-) TimerEvent: {}
[11.735966] (udemy_ros2_pkg) StdoutLine: {'line': b'[ 88%] Built target service_client\n'}
[11.736238] (-) TimerEvent: {}
[11.751372] (udemy_ros2_pkg) StdoutLine: {'line': b'[ 90%] \x1b[32m\x1b[1mLinking CXX executable publisher\x1b[0m\n'}
[11.804708] (udemy_ros2_pkg) StdoutLine: {'line': b'[ 92%] \x1b[32m\x1b[1mLinking CXX executable rpm_pub\x1b[0m\n'}
[11.836368] (-) TimerEvent: {}
[11.928859] (udemy_ros2_pkg) StdoutLine: {'line': b'[ 92%] Built target publisher\n'}
[11.936500] (-) TimerEvent: {}
[11.987846] (udemy_ros2_pkg) StdoutLine: {'line': b'[ 92%] Built target rpm_pub\n'}
[12.033481] (udemy_ros2_pkg) StdoutLine: {'line': b'[ 93%] \x1b[32m\x1b[1mLinking CXX executable turn_camera_client\x1b[0m\n'}
[12.036613] (-) TimerEvent: {}
[12.136990] (-) TimerEvent: {}
[12.237325] (-) TimerEvent: {}
[12.337649] (-) TimerEvent: {}
[12.438065] (-) TimerEvent: {}
[12.496642] (udemy_ros2_pkg) StdoutLine: {'line': b'[ 93%] Built target turn_camera_client\n'}
[12.510017] (udemy_ros2_pkg) StdoutLine: {'line': b'[ 95%] \x1b[32m\x1b[1mLinking CXX executable service_server\x1b[0m\n'}
[12.538293] (-) TimerEvent: {}
[12.638604] (-) TimerEvent: {}
[12.641542] (udemy_ros2_pkg) StdoutLine: {'line': b'[ 95%] Built target service_server\n'}
[12.738733] (-) TimerEvent: {}
[12.839068] (-) TimerEvent: {}
[12.927186] (udemy_ros2_pkg) StdoutLine: {'line': b'[ 96%] \x1b[32m\x1b[1mLinking CXX executable turn_camera_service\x1b[0m\n'}
[12.939200] (-) TimerEvent: {}
[13.039558] (-) TimerEvent: {}
[13.139935] (-) TimerEvent: {}
[13.240241] (-) TimerEvent: {}
[13.287094] (udemy_ros2_pkg) StdoutLine: {'line': b'[ 96%] Built target turn_camera_service\n'}
[13.340367] (-) TimerEvent: {}
[13.440676] (-) TimerEvent: {}
[13.540982] (-) TimerEvent: {}
[13.641267] (-) TimerEvent: {}
[13.741574] (-) TimerEvent: {}
[13.841861] (-) TimerEvent: {}
[13.942152] (-) TimerEvent: {}
[14.042501] (-) TimerEvent: {}
[14.142811] (-) TimerEvent: {}
[14.243117] (-) TimerEvent: {}
[14.343423] (-) TimerEvent: {}
[14.443735] (-) TimerEvent: {}
[14.544018] (-) TimerEvent: {}
[14.644345] (-) TimerEvent: {}
[14.744628] (-) TimerEvent: {}
[14.844917] (-) TimerEvent: {}
[14.945201] (-) TimerEvent: {}
[15.045486] (-) TimerEvent: {}
[15.145771] (-) TimerEvent: {}
[15.246057] (-) TimerEvent: {}
[15.346355] (-) TimerEvent: {}
[15.446642] (-) TimerEvent: {}
[15.546934] (-) TimerEvent: {}
[15.647223] (-) TimerEvent: {}
[15.747545] (-) TimerEvent: {}
[15.847834] (-) TimerEvent: {}
[15.948117] (-) TimerEvent: {}
[16.048479] (-) TimerEvent: {}
[16.148768] (-) TimerEvent: {}
[16.249053] (-) TimerEvent: {}
[16.349422] (-) TimerEvent: {}
[16.449743] (-) TimerEvent: {}
[16.550095] (-) TimerEvent: {}
[16.650510] (-) TimerEvent: {}
[16.750894] (-) TimerEvent: {}
[16.851299] (-) TimerEvent: {}
[16.951700] (-) TimerEvent: {}
[17.052222] (-) TimerEvent: {}
[17.152647] (-) TimerEvent: {}
[17.252948] (-) TimerEvent: {}
[17.353257] (-) TimerEvent: {}
[17.453574] (-) TimerEvent: {}
[17.553868] (-) TimerEvent: {}
[17.654131] (-) TimerEvent: {}
[17.754505] (-) TimerEvent: {}
[17.854772] (-) TimerEvent: {}
[17.955037] (-) TimerEvent: {}
[18.055335] (-) TimerEvent: {}
[18.155619] (-) TimerEvent: {}
[18.255890] (-) TimerEvent: {}
[18.356155] (-) TimerEvent: {}
[18.456422] (-) TimerEvent: {}
[18.556691] (-) TimerEvent: {}
[18.656990] (-) TimerEvent: {}
[18.757313] (-) TimerEvent: {}
[18.857627] (-) TimerEvent: {}
[18.957937] (-) TimerEvent: {}
[19.058227] (-) TimerEvent: {}
[19.158484] (-) TimerEvent: {}
[19.203906] (udemy_ros2_pkg) StdoutLine: {'line': b'[ 98%] \x1b[32m\x1b[1mLinking CXX executable subscriber\x1b[0m\n'}
[19.258614] (-) TimerEvent: {}
[19.358904] (-) TimerEvent: {}
[19.435513] (udemy_ros2_pkg) StdoutLine: {'line': b'[ 98%] Built target subscriber\n'}
[19.459028] (-) TimerEvent: {}
[19.542089] (udemy_ros2_pkg) StdoutLine: {'line': b'[100%] \x1b[32m\x1b[1mLinking CXX executable speed_calc\x1b[0m\n'}
[19.559150] (-) TimerEvent: {}
[19.659380] (-) TimerEvent: {}
[19.757871] (udemy_ros2_pkg) StdoutLine: {'line': b'[100%] Built target speed_calc\n'}
[19.759441] (-) TimerEvent: {}
[19.772960] (udemy_ros2_pkg) CommandEnded: {'returncode': 0}
[19.859586] (-) TimerEvent: {}
[19.960012] (-) TimerEvent: {}
[20.000413] (udemy_ros2_pkg) JobProgress: {'identifier': 'udemy_ros2_pkg', 'progress': 'install'}
[20.021738] (udemy_ros2_pkg) Command: {'cmd': ['/usr/bin/cmake', '--install', '/home/ingejohan/Workspaces/build/udemy_ros2_pkg'], 'cwd': '/home/ingejohan/Workspaces/build/udemy_ros2_pkg', 'env': OrderedDict([('GJS_DEBUG_TOPICS', 'JS ERROR;JS LOG'), ('LESSOPEN', '| /usr/bin/lesspipe %s'), ('USER', 'ingejohan'), ('LC_TIME', 'nb_NO.UTF-8'), ('GIO_MODULE_DIR', '/home/ingejohan/snap/code/common/.cache/gio-modules'), ('XDG_SESSION_TYPE', 'wayland'), ('GIT_ASKPASS', '/snap/code/140/usr/share/code/resources/app/extensions/git/dist/askpass.sh'), ('GTK_EXE_PREFIX_VSCODE_SNAP_ORIG', ''), ('GDK_BACKEND_VSCODE_SNAP_ORIG', ''), ('SHLVL', '0'), ('LD_LIBRARY_PATH', '/home/ingejohan/Workspaces/ros2_cpp_ws/install/udemy_ros2_pkg/lib:/opt/ros/humble/opt/rviz_ogre_vendor/lib:/opt/ros/humble/lib/x86_64-linux-gnu:/opt/ros/humble/lib'), ('HOME', '/home/ingejohan'), ('CHROME_DESKTOP', 'code-url-handler.desktop'), ('LOCPATH_VSCODE_SNAP_ORIG', ''), ('TERM_PROGRAM_VERSION', '1.82.2'), ('DESKTOP_SESSION', 'ubuntu'), ('GTK_PATH', '/snap/code/140/usr/lib/x86_64-linux-gnu/gtk-3.0'), ('GTK_IM_MODULE_FILE', '/home/ingejohan/snap/code/common/.cache/immodules/immodules.cache'), ('GIO_LAUNCHED_DESKTOP_FILE', '/var/lib/snapd/desktop/applications/code_code.desktop'), ('ROS_PYTHON_VERSION', '3'), ('GNOME_SHELL_SESSION_MODE', 'ubuntu'), ('GTK_MODULES', 'gail:atk-bridge'), ('GSETTINGS_SCHEMA_DIR_VSCODE_SNAP_ORIG', ''), ('VSCODE_GIT_ASKPASS_MAIN', '/snap/code/140/usr/share/code/resources/app/extensions/git/dist/askpass-main.js'), ('LC_MONETARY', 'nb_NO.UTF-8'), ('VSCODE_GIT_ASKPASS_NODE', '/snap/code/140/usr/share/code/code'), ('MANAGERPID', '2254'), ('SYSTEMD_EXEC_PID', '2499'), ('IM_CONFIG_CHECK_ENV', '1'), ('DBUS_SESSION_BUS_ADDRESS', 'unix:path=/run/user/1000/bus'), ('COLORTERM', 'truecolor'), ('GIO_LAUNCHED_DESKTOP_FILE_PID', '7849'), ('IM_CONFIG_PHASE', '1'), ('WAYLAND_DISPLAY', 'wayland-0'), ('COLCON_PREFIX_PATH', '/home/ingejohan/Workspaces/ros2_cpp_ws/install:/home/ingejohan/ros2_ws/install'), ('ROS_DISTRO', 'humble'), ('LOGNAME', 'ingejohan'), ('JOURNAL_STREAM', '8:37339'), ('_', '/usr/bin/colcon'), ('ROS_VERSION', '2'), ('XDG_CONFIG_DIRS_VSCODE_SNAP_ORIG', '/etc/xdg/xdg-ubuntu:/etc/xdg'), ('XDG_SESSION_CLASS', 'user'), ('XDG_DATA_DIRS_VSCODE_SNAP_ORIG', '/usr/share/ubuntu:/usr/local/share/:/usr/share/:/var/lib/snapd/desktop'), ('USERNAME', 'ingejohan'), ('TERM', 'xterm-256color'), ('GNOME_DESKTOP_SESSION_ID', 'this-is-deprecated'), ('ROS_LOCALHOST_ONLY', '0'), ('PATH', '/opt/ros/humble/bin:/usr/local/sbin:/usr/local/bin:/usr/sbin:/usr/bin:/sbin:/bin:/usr/games:/usr/local/games:/snap/bin:/snap/bin'), ('SESSION_MANAGER', 'local/ingejohan:@/tmp/.ICE-unix/2447,unix/ingejohan:/tmp/.ICE-unix/2447'), ('GTK_EXE_PREFIX', '/snap/code/140/usr'), ('INVOCATION_ID', '9828224f81984447b8aac0f866cf547b'), ('XDG_MENU_PREFIX', 'gnome-'), ('LC_ADDRESS', 'nb_NO.UTF-8'), ('BAMF_DESKTOP_FILE_HINT', '/var/lib/snapd/desktop/applications/code_code.desktop'), ('GNOME_SETUP_DISPLAY', ':1'), ('XDG_RUNTIME_DIR', '/run/user/1000'), ('GDK_BACKEND', 'x11'), ('DISPLAY', ':0'), ('LOCPATH', '/snap/code/140/usr/lib/locale'), ('LANG', 'en_US.UTF-8'), ('XDG_CURRENT_DESKTOP', 'Unity'), ('LC_TELEPHONE', 'nb_NO.UTF-8'), ('GIO_MODULE_DIR_VSCODE_SNAP_ORIG', ''), ('XMODIFIERS', '@im=ibus'), ('XDG_SESSION_DESKTOP', 'ubuntu'), ('XAUTHORITY', '/run/user/1000/.mutter-Xwaylandauth.HMA5B2'), ('LS_COLORS', ''), ('VSCODE_GIT_IPC_HANDLE', '/run/user/1000/vscode-git-3031922754.sock'), ('TERM_PROGRAM', 'vscode'), ('SSH_AGENT_LAUNCHER', 'gnome-keyring'), ('SSH_AUTH_SOCK', '/run/user/1000/keyring/ssh'), ('GSETTINGS_SCHEMA_DIR', '/home/ingejohan/snap/code/140/.local/share/glib-2.0/schemas'), ('AMENT_PREFIX_PATH', '/home/ingejohan/Workspaces/ros2_cpp_ws/install/udemy_ros2_pkg:/home/ingejohan/ros2_ws/install/rover:/home/ingejohan/ros2_ws/install/my_py_pkg:/home/ingejohan/ros2_ws/install/my_cpp_pkg:/opt/ros/humble'), ('ORIGINAL_XDG_CURRENT_DESKTOP', 'ubuntu:GNOME'), ('SHELL', '/bin/bash'), ('LC_NAME', 'nb_NO.UTF-8'), ('QT_ACCESSIBILITY', '1'), ('GDMSESSION', 'ubuntu'), ('LESSCLOSE', '/usr/bin/lesspipe %s %s'), ('GTK_PATH_VSCODE_SNAP_ORIG', ''), ('GTK_IM_MODULE_FILE_VSCODE_SNAP_ORIG', ''), ('LC_MEASUREMENT', 'nb_NO.UTF-8'), ('GJS_DEBUG_OUTPUT', 'stderr'), ('LC_IDENTIFICATION', 'nb_NO.UTF-8'), ('VSCODE_GIT_ASKPASS_EXTRA_ARGS', '--ms-enable-electron-run-as-node'), ('QT_IM_MODULE', 'ibus'), ('PWD', '/home/ingejohan/Workspaces/build/udemy_ros2_pkg'), ('XDG_CONFIG_DIRS', '/etc/xdg/xdg-ubuntu:/etc/xdg'), ('XDG_DATA_DIRS', '/home/ingejohan/snap/code/140/.local/share:/home/ingejohan/snap/code/140:/snap/code/140/usr/share:/usr/share/ubuntu:/usr/local/share/:/usr/share/:/var/lib/snapd/desktop'), ('PYTHONPATH', '/home/ingejohan/Workspaces/ros2_cpp_ws/install/udemy_ros2_pkg/local/lib/python3.10/dist-packages:/home/ingejohan/ros2_ws/install/rover/lib/python3.10/site-packages:/home/ingejohan/ros2_ws/install/my_py_pkg/lib/python3.10/site-packages:/opt/ros/humble/lib/python3.10/site-packages:/opt/ros/humble/local/lib/python3.10/dist-packages'), ('LC_NUMERIC', 'nb_NO.UTF-8'), ('LC_PAPER', 'nb_NO.UTF-8'), ('COLCON', '1'), ('CMAKE_PREFIX_PATH', '/home/ingejohan/Workspaces/ros2_cpp_ws/install/udemy_ros2_pkg:/home/ingejohan/ros2_ws/install/my_cpp_pkg:/home/ingejohan/ros2_ws/install/rover:/home/ingejohan/ros2_ws/install/my_py_pkg:/opt/ros/humble')]), 'shell': False}
[20.039603] (udemy_ros2_pkg) StdoutLine: {'line': b'-- Install configuration: "RelWithDebInfo"\n'}
[20.041133] (udemy_ros2_pkg) StdoutLine: {'line': b'-- Execute custom install script\n'}
[20.042013] (udemy_ros2_pkg) StdoutLine: {'line': b'-- Symlinking: /home/ingejohan/Workspaces/install/udemy_ros2_pkg/share/ament_index/resource_index/rosidl_interfaces/udemy_ros2_pkg\n'}
[20.060164] (-) TimerEvent: {}
[20.062197] (udemy_ros2_pkg) StdoutLine: {'line': b'-- Symlinking: /home/ingejohan/Workspaces/install/udemy_ros2_pkg/include/udemy_ros2_pkg/udemy_ros2_pkg/action/detail/navigate__functions.h\n'}
[20.079943] (udemy_ros2_pkg) StdoutLine: {'line': b'-- Symlinking: /home/ingejohan/Workspaces/install/udemy_ros2_pkg/include/udemy_ros2_pkg/udemy_ros2_pkg/action/detail/navigate__struct.h\n'}
[20.098578] (udemy_ros2_pkg) StdoutLine: {'line': b'-- Symlinking: /home/ingejohan/Workspaces/install/udemy_ros2_pkg/include/udemy_ros2_pkg/udemy_ros2_pkg/action/detail/navigate__type_support.h\n'}
[20.115927] (udemy_ros2_pkg) StdoutLine: {'line': b'-- Symlinking: /home/ingejohan/Workspaces/install/udemy_ros2_pkg/include/udemy_ros2_pkg/udemy_ros2_pkg/action/navigate.h\n'}
[20.126915] (udemy_ros2_pkg) StdoutLine: {'line': b'-- Symlinking: /home/ingejohan/Workspaces/install/udemy_ros2_pkg/include/udemy_ros2_pkg/udemy_ros2_pkg/msg/rosidl_generator_c__visibility_control.h\n'}
[20.138046] (udemy_ros2_pkg) StdoutLine: {'line': b'-- Symlinking: /home/ingejohan/Workspaces/install/udemy_ros2_pkg/include/udemy_ros2_pkg/udemy_ros2_pkg/srv/detail/odd_even_check__functions.h\n'}
[20.148739] (udemy_ros2_pkg) StdoutLine: {'line': b'-- Symlinking: /home/ingejohan/Workspaces/install/udemy_ros2_pkg/include/udemy_ros2_pkg/udemy_ros2_pkg/srv/detail/odd_even_check__struct.h\n'}
[20.160247] (udemy_ros2_pkg) StdoutLine: {'line': b'-- Symlinking: /home/ingejohan/Workspaces/install/udemy_ros2_pkg/include/udemy_ros2_pkg/udemy_ros2_pkg/srv/detail/odd_even_check__type_support.h\n'}
[20.160452] (-) TimerEvent: {}
[20.171092] (udemy_ros2_pkg) StdoutLine: {'line': b'-- Symlinking: /home/ingejohan/Workspaces/install/udemy_ros2_pkg/include/udemy_ros2_pkg/udemy_ros2_pkg/srv/detail/turn_camera__functions.h\n'}
[20.182550] (udemy_ros2_pkg) StdoutLine: {'line': b'-- Symlinking: /home/ingejohan/Workspaces/install/udemy_ros2_pkg/include/udemy_ros2_pkg/udemy_ros2_pkg/srv/detail/turn_camera__struct.h\n'}
[20.193692] (udemy_ros2_pkg) StdoutLine: {'line': b'-- Symlinking: /home/ingejohan/Workspaces/install/udemy_ros2_pkg/include/udemy_ros2_pkg/udemy_ros2_pkg/srv/detail/turn_camera__type_support.h\n'}
[20.204791] (udemy_ros2_pkg) StdoutLine: {'line': b'-- Symlinking: /home/ingejohan/Workspaces/install/udemy_ros2_pkg/include/udemy_ros2_pkg/udemy_ros2_pkg/srv/odd_even_check.h\n'}
[20.215333] (udemy_ros2_pkg) StdoutLine: {'line': b'-- Symlinking: /home/ingejohan/Workspaces/install/udemy_ros2_pkg/include/udemy_ros2_pkg/udemy_ros2_pkg/srv/turn_camera.h\n'}
[20.226142] (udemy_ros2_pkg) StdoutLine: {'line': b'-- Symlinking: /home/ingejohan/Workspaces/install/udemy_ros2_pkg/share/udemy_ros2_pkg/environment/library_path.sh\n'}
[20.236631] (udemy_ros2_pkg) StdoutLine: {'line': b'-- Symlinking: /home/ingejohan/Workspaces/install/udemy_ros2_pkg/share/udemy_ros2_pkg/environment/library_path.dsv\n'}
[20.247960] (udemy_ros2_pkg) StdoutLine: {'line': b'-- Symlinking: /home/ingejohan/Workspaces/install/udemy_ros2_pkg/include/udemy_ros2_pkg/udemy_ros2_pkg/action/detail/navigate__rosidl_typesupport_fastrtps_c.h\n'}
[20.260180] (udemy_ros2_pkg) StdoutLine: {'line': b'-- Symlinking: /home/ingejohan/Workspaces/install/udemy_ros2_pkg/include/udemy_ros2_pkg/udemy_ros2_pkg/msg/rosidl_typesupport_fastrtps_c__visibility_control.h\n'}
[20.260540] (-) TimerEvent: {}
[20.268999] (udemy_ros2_pkg) StdoutLine: {'line': b'-- Symlinking: /home/ingejohan/Workspaces/install/udemy_ros2_pkg/include/udemy_ros2_pkg/udemy_ros2_pkg/srv/detail/odd_even_check__rosidl_typesupport_fastrtps_c.h\n'}
[20.277291] (udemy_ros2_pkg) StdoutLine: {'line': b'-- Symlinking: /home/ingejohan/Workspaces/install/udemy_ros2_pkg/include/udemy_ros2_pkg/udemy_ros2_pkg/srv/detail/turn_camera__rosidl_typesupport_fastrtps_c.h\n'}
[20.285571] (udemy_ros2_pkg) StdoutLine: {'line': b'-- Symlinking: /home/ingejohan/Workspaces/install/udemy_ros2_pkg/include/udemy_ros2_pkg/udemy_ros2_pkg/action/detail/navigate__builder.hpp\n'}
[20.292910] (udemy_ros2_pkg) StdoutLine: {'line': b'-- Symlinking: /home/ingejohan/Workspaces/install/udemy_ros2_pkg/include/udemy_ros2_pkg/udemy_ros2_pkg/action/detail/navigate__struct.hpp\n'}
[20.300333] (udemy_ros2_pkg) StdoutLine: {'line': b'-- Symlinking: /home/ingejohan/Workspaces/install/udemy_ros2_pkg/include/udemy_ros2_pkg/udemy_ros2_pkg/action/detail/navigate__traits.hpp\n'}
[20.307538] (udemy_ros2_pkg) StdoutLine: {'line': b'-- Symlinking: /home/ingejohan/Workspaces/install/udemy_ros2_pkg/include/udemy_ros2_pkg/udemy_ros2_pkg/action/navigate.hpp\n'}
[20.314568] (udemy_ros2_pkg) StdoutLine: {'line': b'-- Symlinking: /home/ingejohan/Workspaces/install/udemy_ros2_pkg/include/udemy_ros2_pkg/udemy_ros2_pkg/srv/detail/odd_even_check__builder.hpp\n'}
[20.321433] (udemy_ros2_pkg) StdoutLine: {'line': b'-- Symlinking: /home/ingejohan/Workspaces/install/udemy_ros2_pkg/include/udemy_ros2_pkg/udemy_ros2_pkg/srv/detail/odd_even_check__struct.hpp\n'}
[20.328358] (udemy_ros2_pkg) StdoutLine: {'line': b'-- Symlinking: /home/ingejohan/Workspaces/install/udemy_ros2_pkg/include/udemy_ros2_pkg/udemy_ros2_pkg/srv/detail/odd_even_check__traits.hpp\n'}
[20.334890] (udemy_ros2_pkg) StdoutLine: {'line': b'-- Symlinking: /home/ingejohan/Workspaces/install/udemy_ros2_pkg/include/udemy_ros2_pkg/udemy_ros2_pkg/srv/detail/turn_camera__builder.hpp\n'}
[20.341277] (udemy_ros2_pkg) StdoutLine: {'line': b'-- Symlinking: /home/ingejohan/Workspaces/install/udemy_ros2_pkg/include/udemy_ros2_pkg/udemy_ros2_pkg/srv/detail/turn_camera__struct.hpp\n'}
[20.347948] (udemy_ros2_pkg) StdoutLine: {'line': b'-- Symlinking: /home/ingejohan/Workspaces/install/udemy_ros2_pkg/include/udemy_ros2_pkg/udemy_ros2_pkg/srv/detail/turn_camera__traits.hpp\n'}
[20.354822] (udemy_ros2_pkg) StdoutLine: {'line': b'-- Symlinking: /home/ingejohan/Workspaces/install/udemy_ros2_pkg/include/udemy_ros2_pkg/udemy_ros2_pkg/srv/odd_even_check.hpp\n'}
[20.360639] (-) TimerEvent: {}
[20.361345] (udemy_ros2_pkg) StdoutLine: {'line': b'-- Symlinking: /home/ingejohan/Workspaces/install/udemy_ros2_pkg/include/udemy_ros2_pkg/udemy_ros2_pkg/srv/turn_camera.hpp\n'}
[20.368744] (udemy_ros2_pkg) StdoutLine: {'line': b'-- Symlinking: /home/ingejohan/Workspaces/install/udemy_ros2_pkg/include/udemy_ros2_pkg/udemy_ros2_pkg/action/detail/navigate__rosidl_typesupport_fastrtps_cpp.hpp\n'}
[20.375369] (udemy_ros2_pkg) StdoutLine: {'line': b'-- Symlinking: /home/ingejohan/Workspaces/install/udemy_ros2_pkg/include/udemy_ros2_pkg/udemy_ros2_pkg/msg/rosidl_typesupport_fastrtps_cpp__visibility_control.h\n'}
[20.382516] (udemy_ros2_pkg) StdoutLine: {'line': b'-- Symlinking: /home/ingejohan/Workspaces/install/udemy_ros2_pkg/include/udemy_ros2_pkg/udemy_ros2_pkg/srv/detail/odd_even_check__rosidl_typesupport_fastrtps_cpp.hpp\n'}
[20.388996] (udemy_ros2_pkg) StdoutLine: {'line': b'-- Symlinking: /home/ingejohan/Workspaces/install/udemy_ros2_pkg/include/udemy_ros2_pkg/udemy_ros2_pkg/srv/detail/turn_camera__rosidl_typesupport_fastrtps_cpp.hpp\n'}
[20.396262] (udemy_ros2_pkg) StdoutLine: {'line': b'-- Symlinking: /home/ingejohan/Workspaces/install/udemy_ros2_pkg/include/udemy_ros2_pkg/udemy_ros2_pkg/action/detail/navigate__rosidl_typesupport_introspection_c.h\n'}
[20.402961] (udemy_ros2_pkg) StdoutLine: {'line': b'-- Symlinking: /home/ingejohan/Workspaces/install/udemy_ros2_pkg/include/udemy_ros2_pkg/udemy_ros2_pkg/msg/rosidl_typesupport_introspection_c__visibility_control.h\n'}
[20.409384] (udemy_ros2_pkg) StdoutLine: {'line': b'-- Symlinking: /home/ingejohan/Workspaces/install/udemy_ros2_pkg/include/udemy_ros2_pkg/udemy_ros2_pkg/srv/detail/odd_even_check__rosidl_typesupport_introspection_c.h\n'}
[20.415787] (udemy_ros2_pkg) StdoutLine: {'line': b'-- Symlinking: /home/ingejohan/Workspaces/install/udemy_ros2_pkg/include/udemy_ros2_pkg/udemy_ros2_pkg/srv/detail/turn_camera__rosidl_typesupport_introspection_c.h\n'}
[20.422581] (udemy_ros2_pkg) StdoutLine: {'line': b'-- Symlinking: /home/ingejohan/Workspaces/install/udemy_ros2_pkg/include/udemy_ros2_pkg/udemy_ros2_pkg/action/detail/navigate__rosidl_typesupport_introspection_cpp.hpp\n'}
[20.428948] (udemy_ros2_pkg) StdoutLine: {'line': b'-- Symlinking: /home/ingejohan/Workspaces/install/udemy_ros2_pkg/include/udemy_ros2_pkg/udemy_ros2_pkg/srv/detail/odd_even_check__rosidl_typesupport_introspection_cpp.hpp\n'}
[20.435414] (udemy_ros2_pkg) StdoutLine: {'line': b'-- Symlinking: /home/ingejohan/Workspaces/install/udemy_ros2_pkg/include/udemy_ros2_pkg/udemy_ros2_pkg/srv/detail/turn_camera__rosidl_typesupport_introspection_cpp.hpp\n'}
[20.441802] (udemy_ros2_pkg) StdoutLine: {'line': b'-- Symlinking: /home/ingejohan/Workspaces/install/udemy_ros2_pkg/share/udemy_ros2_pkg/environment/pythonpath.sh\n'}
[20.449106] (udemy_ros2_pkg) StdoutLine: {'line': b'-- Symlinking: /home/ingejohan/Workspaces/install/udemy_ros2_pkg/share/udemy_ros2_pkg/environment/pythonpath.dsv\n'}
[20.456622] (udemy_ros2_pkg) StdoutLine: {'line': b'-- Symlinking: /home/ingejohan/Workspaces/install/udemy_ros2_pkg/local/lib/python3.10/dist-packages/udemy_ros2_pkg-0.0.0-py3.10.egg-info/PKG-INFO\n'}
[20.460744] (-) TimerEvent: {}
[20.463917] (udemy_ros2_pkg) StdoutLine: {'line': b'-- Symlinking: /home/ingejohan/Workspaces/install/udemy_ros2_pkg/local/lib/python3.10/dist-packages/udemy_ros2_pkg-0.0.0-py3.10.egg-info/SOURCES.txt\n'}
[20.471121] (udemy_ros2_pkg) StdoutLine: {'line': b'-- Symlinking: /home/ingejohan/Workspaces/install/udemy_ros2_pkg/local/lib/python3.10/dist-packages/udemy_ros2_pkg-0.0.0-py3.10.egg-info/dependency_links.txt\n'}
[20.478536] (udemy_ros2_pkg) StdoutLine: {'line': b'-- Symlinking: /home/ingejohan/Workspaces/install/udemy_ros2_pkg/local/lib/python3.10/dist-packages/udemy_ros2_pkg-0.0.0-py3.10.egg-info/top_level.txt\n'}
[20.486412] (udemy_ros2_pkg) StdoutLine: {'line': b'-- Symlinking: /home/ingejohan/Workspaces/install/udemy_ros2_pkg/local/lib/python3.10/dist-packages/udemy_ros2_pkg/__init__.py\n'}
[20.493451] (udemy_ros2_pkg) StdoutLine: {'line': b'-- Symlinking: /home/ingejohan/Workspaces/install/udemy_ros2_pkg/local/lib/python3.10/dist-packages/udemy_ros2_pkg/_udemy_ros2_pkg_s.ep.rosidl_typesupport_c.c\n'}
[20.501215] (udemy_ros2_pkg) StdoutLine: {'line': b'-- Symlinking: /home/ingejohan/Workspaces/install/udemy_ros2_pkg/local/lib/python3.10/dist-packages/udemy_ros2_pkg/_udemy_ros2_pkg_s.ep.rosidl_typesupport_fastrtps_c.c\n'}
[20.508582] (udemy_ros2_pkg) StdoutLine: {'line': b'-- Symlinking: /home/ingejohan/Workspaces/install/udemy_ros2_pkg/local/lib/python3.10/dist-packages/udemy_ros2_pkg/_udemy_ros2_pkg_s.ep.rosidl_typesupport_introspection_c.c\n'}
[20.517380] (udemy_ros2_pkg) StdoutLine: {'line': b'-- Symlinking: /home/ingejohan/Workspaces/install/udemy_ros2_pkg/local/lib/python3.10/dist-packages/udemy_ros2_pkg/action/__init__.py\n'}
[20.526367] (udemy_ros2_pkg) StdoutLine: {'line': b'-- Symlinking: /home/ingejohan/Workspaces/install/udemy_ros2_pkg/local/lib/python3.10/dist-packages/udemy_ros2_pkg/action/_navigate.py\n'}
[20.534942] (udemy_ros2_pkg) StdoutLine: {'line': b'-- Symlinking: /home/ingejohan/Workspaces/install/udemy_ros2_pkg/local/lib/python3.10/dist-packages/udemy_ros2_pkg/action/_navigate_s.c\n'}
[20.544197] (udemy_ros2_pkg) StdoutLine: {'line': b'-- Symlinking: /home/ingejohan/Workspaces/install/udemy_ros2_pkg/local/lib/python3.10/dist-packages/udemy_ros2_pkg/libudemy_ros2_pkg__rosidl_generator_py.so\n'}
[20.553140] (udemy_ros2_pkg) StdoutLine: {'line': b'-- Symlinking: /home/ingejohan/Workspaces/install/udemy_ros2_pkg/local/lib/python3.10/dist-packages/udemy_ros2_pkg/srv/__init__.py\n'}
[20.560858] (-) TimerEvent: {}
[20.562171] (udemy_ros2_pkg) StdoutLine: {'line': b'-- Symlinking: /home/ingejohan/Workspaces/install/udemy_ros2_pkg/local/lib/python3.10/dist-packages/udemy_ros2_pkg/srv/_odd_even_check.py\n'}
[20.571312] (udemy_ros2_pkg) StdoutLine: {'line': b'-- Symlinking: /home/ingejohan/Workspaces/install/udemy_ros2_pkg/local/lib/python3.10/dist-packages/udemy_ros2_pkg/srv/_odd_even_check_s.c\n'}
[20.580478] (udemy_ros2_pkg) StdoutLine: {'line': b'-- Symlinking: /home/ingejohan/Workspaces/install/udemy_ros2_pkg/local/lib/python3.10/dist-packages/udemy_ros2_pkg/srv/_turn_camera.py\n'}
[20.589510] (udemy_ros2_pkg) StdoutLine: {'line': b'-- Symlinking: /home/ingejohan/Workspaces/install/udemy_ros2_pkg/local/lib/python3.10/dist-packages/udemy_ros2_pkg/srv/_turn_camera_s.c\n'}
[20.598537] (udemy_ros2_pkg) StdoutLine: {'line': b'-- Symlinking: /home/ingejohan/Workspaces/install/udemy_ros2_pkg/local/lib/python3.10/dist-packages/udemy_ros2_pkg/udemy_ros2_pkg_s__rosidl_typesupport_c.cpython-310-x86_64-linux-gnu.so\n'}
[20.607328] (udemy_ros2_pkg) StdoutLine: {'line': b'-- Symlinking: /home/ingejohan/Workspaces/install/udemy_ros2_pkg/local/lib/python3.10/dist-packages/udemy_ros2_pkg/udemy_ros2_pkg_s__rosidl_typesupport_fastrtps_c.cpython-310-x86_64-linux-gnu.so\n'}
[20.616374] (udemy_ros2_pkg) StdoutLine: {'line': b'-- Symlinking: /home/ingejohan/Workspaces/install/udemy_ros2_pkg/local/lib/python3.10/dist-packages/udemy_ros2_pkg/udemy_ros2_pkg_s__rosidl_typesupport_introspection_c.cpython-310-x86_64-linux-gnu.so\n'}
[20.625528] (udemy_ros2_pkg) StdoutLine: {'line': b'-- Up-to-date symlink: /home/ingejohan/Workspaces/install/udemy_ros2_pkg/local/lib/python3.10/dist-packages/udemy_ros2_pkg/udemy_ros2_pkg_s__rosidl_typesupport_fastrtps_c.cpython-310-x86_64-linux-gnu.so\n'}
[20.625906] (udemy_ros2_pkg) StdoutLine: {'line': b'-- Up-to-date symlink: /home/ingejohan/Workspaces/install/udemy_ros2_pkg/local/lib/python3.10/dist-packages/udemy_ros2_pkg/udemy_ros2_pkg_s__rosidl_typesupport_introspection_c.cpython-310-x86_64-linux-gnu.so\n'}
[20.626140] (udemy_ros2_pkg) StdoutLine: {'line': b'-- Up-to-date symlink: /home/ingejohan/Workspaces/install/udemy_ros2_pkg/local/lib/python3.10/dist-packages/udemy_ros2_pkg/udemy_ros2_pkg_s__rosidl_typesupport_c.cpython-310-x86_64-linux-gnu.so\n'}
[20.626475] (udemy_ros2_pkg) StdoutLine: {'line': b'-- Symlinking: /home/ingejohan/Workspaces/install/udemy_ros2_pkg/share/udemy_ros2_pkg/srv/OddEvenCheck.idl\n'}
[20.635557] (udemy_ros2_pkg) StdoutLine: {'line': b'-- Symlinking: /home/ingejohan/Workspaces/install/udemy_ros2_pkg/share/udemy_ros2_pkg/srv/TurnCamera.idl\n'}
[20.644553] (udemy_ros2_pkg) StdoutLine: {'line': b'-- Symlinking: /home/ingejohan/Workspaces/install/udemy_ros2_pkg/share/udemy_ros2_pkg/action/Navigate.idl\n'}
[20.653268] (udemy_ros2_pkg) StdoutLine: {'line': b'-- Symlinking: /home/ingejohan/Workspaces/install/udemy_ros2_pkg/share/udemy_ros2_pkg/srv/OddEvenCheck.srv\n'}
[20.660969] (-) TimerEvent: {}
[20.662092] (udemy_ros2_pkg) StdoutLine: {'line': b'-- Symlinking: /home/ingejohan/Workspaces/install/udemy_ros2_pkg/share/udemy_ros2_pkg/srv/OddEvenCheck_Request.msg\n'}
[20.671036] (udemy_ros2_pkg) StdoutLine: {'line': b'-- Symlinking: /home/ingejohan/Workspaces/install/udemy_ros2_pkg/share/udemy_ros2_pkg/srv/OddEvenCheck_Response.msg\n'}
[20.680159] (udemy_ros2_pkg) StdoutLine: {'line': b'-- Symlinking: /home/ingejohan/Workspaces/install/udemy_ros2_pkg/share/udemy_ros2_pkg/srv/TurnCamera.srv\n'}
[20.689299] (udemy_ros2_pkg) StdoutLine: {'line': b'-- Symlinking: /home/ingejohan/Workspaces/install/udemy_ros2_pkg/share/udemy_ros2_pkg/srv/TurnCamera_Request.msg\n'}
[20.698563] (udemy_ros2_pkg) StdoutLine: {'line': b'-- Symlinking: /home/ingejohan/Workspaces/install/udemy_ros2_pkg/share/udemy_ros2_pkg/srv/TurnCamera_Response.msg\n'}
[20.707386] (udemy_ros2_pkg) StdoutLine: {'line': b'-- Symlinking: /home/ingejohan/Workspaces/install/udemy_ros2_pkg/share/udemy_ros2_pkg/action/Navigate.action\n'}
[20.716448] (udemy_ros2_pkg) StdoutLine: {'line': b'-- Up-to-date symlink: /home/ingejohan/Workspaces/install/udemy_ros2_pkg/lib/udemy_ros2_pkg/publisher\n'}
[20.716714] (udemy_ros2_pkg) StdoutLine: {'line': b'-- Symlinking: /home/ingejohan/Workspaces/install/udemy_ros2_pkg/lib/udemy_ros2_pkg/subscriber\n'}
[20.725340] (udemy_ros2_pkg) StdoutLine: {'line': b'-- Symlinking: /home/ingejohan/Workspaces/install/udemy_ros2_pkg/lib/udemy_ros2_pkg/rpm_pub\n'}
[20.734057] (udemy_ros2_pkg) StdoutLine: {'line': b'-- Symlinking: /home/ingejohan/Workspaces/install/udemy_ros2_pkg/lib/udemy_ros2_pkg/speed_calc\n'}
[20.742840] (udemy_ros2_pkg) StdoutLine: {'line': b'-- Symlinking: /home/ingejohan/Workspaces/install/udemy_ros2_pkg/lib/udemy_ros2_pkg/service_server\n'}
[20.751728] (udemy_ros2_pkg) StdoutLine: {'line': b'-- Symlinking: /home/ingejohan/Workspaces/install/udemy_ros2_pkg/lib/udemy_ros2_pkg/service_client\n'}
[20.760190] (udemy_ros2_pkg) StdoutLine: {'line': b'-- Symlinking: /home/ingejohan/Workspaces/install/udemy_ros2_pkg/lib/udemy_ros2_pkg/turn_camera_service\n'}
[20.761065] (-) TimerEvent: {}
[20.767049] (udemy_ros2_pkg) StdoutLine: {'line': b'-- Symlinking: /home/ingejohan/Workspaces/install/udemy_ros2_pkg/lib/udemy_ros2_pkg/turn_camera_client\n'}
[20.773901] (udemy_ros2_pkg) StdoutLine: {'line': b'-- Symlinking: /home/ingejohan/Workspaces/install/udemy_ros2_pkg/share/udemy_ros2_pkg//launch/launch_project.launch.py\n'}
[20.781006] (udemy_ros2_pkg) StdoutLine: {'line': b'-- Symlinking: /home/ingejohan/Workspaces/install/udemy_ros2_pkg/share/udemy_ros2_pkg//launch/rpm_node.launch.py\n'}
[20.787626] (udemy_ros2_pkg) StdoutLine: {'line': b'-- Up-to-date symlink: /home/ingejohan/Workspaces/install/udemy_ros2_pkg/share/ament_index/resource_index/package_run_dependencies/udemy_ros2_pkg\n'}
[20.787851] (udemy_ros2_pkg) StdoutLine: {'line': b'-- Up-to-date symlink: /home/ingejohan/Workspaces/install/udemy_ros2_pkg/share/ament_index/resource_index/parent_prefix_path/udemy_ros2_pkg\n'}
[20.788101] (udemy_ros2_pkg) StdoutLine: {'line': b'-- Up-to-date symlink: /home/ingejohan/Workspaces/install/udemy_ros2_pkg/share/udemy_ros2_pkg/environment/ament_prefix_path.sh\n'}
[20.788222] (udemy_ros2_pkg) StdoutLine: {'line': b'-- Up-to-date symlink: /home/ingejohan/Workspaces/install/udemy_ros2_pkg/share/udemy_ros2_pkg/environment/ament_prefix_path.dsv\n'}
[20.788333] (udemy_ros2_pkg) StdoutLine: {'line': b'-- Up-to-date symlink: /home/ingejohan/Workspaces/install/udemy_ros2_pkg/share/udemy_ros2_pkg/environment/path.sh\n'}
[20.788461] (udemy_ros2_pkg) StdoutLine: {'line': b'-- Up-to-date symlink: /home/ingejohan/Workspaces/install/udemy_ros2_pkg/share/udemy_ros2_pkg/environment/path.dsv\n'}
[20.788640] (udemy_ros2_pkg) StdoutLine: {'line': b'-- Up-to-date symlink: /home/ingejohan/Workspaces/install/udemy_ros2_pkg/share/udemy_ros2_pkg/local_setup.bash\n'}
[20.788757] (udemy_ros2_pkg) StdoutLine: {'line': b'-- Up-to-date symlink: /home/ingejohan/Workspaces/install/udemy_ros2_pkg/share/udemy_ros2_pkg/local_setup.sh\n'}
[20.788854] (udemy_ros2_pkg) StdoutLine: {'line': b'-- Up-to-date symlink: /home/ingejohan/Workspaces/install/udemy_ros2_pkg/share/udemy_ros2_pkg/local_setup.zsh\n'}
[20.788981] (udemy_ros2_pkg) StdoutLine: {'line': b'-- Up-to-date symlink: /home/ingejohan/Workspaces/install/udemy_ros2_pkg/share/udemy_ros2_pkg/local_setup.dsv\n'}
[20.789091] (udemy_ros2_pkg) StdoutLine: {'line': b'-- Symlinking: /home/ingejohan/Workspaces/install/udemy_ros2_pkg/share/udemy_ros2_pkg/package.dsv\n'}
[20.796424] (udemy_ros2_pkg) StdoutLine: {'line': b'-- Up-to-date symlink: /home/ingejohan/Workspaces/install/udemy_ros2_pkg/share/ament_index/resource_index/packages/udemy_ros2_pkg\n'}
[20.796660] (udemy_ros2_pkg) StdoutLine: {'line': b'-- Symlinking: /home/ingejohan/Workspaces/install/udemy_ros2_pkg/share/udemy_ros2_pkg/cmake/rosidl_cmake-extras.cmake\n'}
[20.803173] (udemy_ros2_pkg) StdoutLine: {'line': b'-- Symlinking: /home/ingejohan/Workspaces/install/udemy_ros2_pkg/share/udemy_ros2_pkg/cmake/ament_cmake_export_dependencies-extras.cmake\n'}
[20.809623] (udemy_ros2_pkg) StdoutLine: {'line': b'-- Symlinking: /home/ingejohan/Workspaces/install/udemy_ros2_pkg/share/udemy_ros2_pkg/cmake/ament_cmake_export_include_directories-extras.cmake\n'}
[20.816192] (udemy_ros2_pkg) StdoutLine: {'line': b'-- Symlinking: /home/ingejohan/Workspaces/install/udemy_ros2_pkg/share/udemy_ros2_pkg/cmake/ament_cmake_export_libraries-extras.cmake\n'}
[20.822676] (udemy_ros2_pkg) StdoutLine: {'line': b'-- Symlinking: /home/ingejohan/Workspaces/install/udemy_ros2_pkg/share/udemy_ros2_pkg/cmake/ament_cmake_export_targets-extras.cmake\n'}
[20.829033] (udemy_ros2_pkg) StdoutLine: {'line': b'-- Symlinking: /home/ingejohan/Workspaces/install/udemy_ros2_pkg/share/udemy_ros2_pkg/cmake/rosidl_cmake_export_typesupport_targets-extras.cmake\n'}
[20.835842] (udemy_ros2_pkg) StdoutLine: {'line': b'-- Symlinking: /home/ingejohan/Workspaces/install/udemy_ros2_pkg/share/udemy_ros2_pkg/cmake/rosidl_cmake_export_typesupport_libraries-extras.cmake\n'}
[20.842464] (udemy_ros2_pkg) StdoutLine: {'line': b'-- Up-to-date symlink: /home/ingejohan/Workspaces/install/udemy_ros2_pkg/share/udemy_ros2_pkg/cmake/udemy_ros2_pkgConfig.cmake\n'}
[20.842911] (udemy_ros2_pkg) StdoutLine: {'line': b'-- Up-to-date symlink: /home/ingejohan/Workspaces/install/udemy_ros2_pkg/share/udemy_ros2_pkg/cmake/udemy_ros2_pkgConfig-version.cmake\n'}
[20.843223] (udemy_ros2_pkg) StdoutLine: {'line': b'-- Up-to-date symlink: /home/ingejohan/Workspaces/install/udemy_ros2_pkg/share/udemy_ros2_pkg/package.xml\n'}
[20.843315] (udemy_ros2_pkg) StdoutLine: {'line': b'-- Installing: /home/ingejohan/Workspaces/install/udemy_ros2_pkg/lib/libudemy_ros2_pkg__rosidl_generator_c.so\n'}
[20.843730] (udemy_ros2_pkg) StdoutLine: {'line': b'-- Set runtime path of "/home/ingejohan/Workspaces/install/udemy_ros2_pkg/lib/libudemy_ros2_pkg__rosidl_generator_c.so" to ""\n'}
[20.843960] (udemy_ros2_pkg) StdoutLine: {'line': b'-- Installing: /home/ingejohan/Workspaces/install/udemy_ros2_pkg/lib/libudemy_ros2_pkg__rosidl_typesupport_fastrtps_c.so\n'}
[20.844392] (udemy_ros2_pkg) StdoutLine: {'line': b'-- Set runtime path of "/home/ingejohan/Workspaces/install/udemy_ros2_pkg/lib/libudemy_ros2_pkg__rosidl_typesupport_fastrtps_c.so" to ""\n'}
[20.844526] (udemy_ros2_pkg) StdoutLine: {'line': b'-- Installing: /home/ingejohan/Workspaces/install/udemy_ros2_pkg/lib/libudemy_ros2_pkg__rosidl_typesupport_fastrtps_cpp.so\n'}
[20.845073] (udemy_ros2_pkg) StdoutLine: {'line': b'-- Set runtime path of "/home/ingejohan/Workspaces/install/udemy_ros2_pkg/lib/libudemy_ros2_pkg__rosidl_typesupport_fastrtps_cpp.so" to ""\n'}
[20.845345] (udemy_ros2_pkg) StdoutLine: {'line': b'-- Installing: /home/ingejohan/Workspaces/install/udemy_ros2_pkg/lib/libudemy_ros2_pkg__rosidl_typesupport_introspection_c.so\n'}
[20.845542] (udemy_ros2_pkg) StdoutLine: {'line': b'-- Set runtime path of "/home/ingejohan/Workspaces/install/udemy_ros2_pkg/lib/libudemy_ros2_pkg__rosidl_typesupport_introspection_c.so" to ""\n'}
[20.845755] (udemy_ros2_pkg) StdoutLine: {'line': b'-- Installing: /home/ingejohan/Workspaces/install/udemy_ros2_pkg/lib/libudemy_ros2_pkg__rosidl_typesupport_c.so\n'}
[20.845931] (udemy_ros2_pkg) StdoutLine: {'line': b'-- Set runtime path of "/home/ingejohan/Workspaces/install/udemy_ros2_pkg/lib/libudemy_ros2_pkg__rosidl_typesupport_c.so" to ""\n'}
[20.846029] (udemy_ros2_pkg) StdoutLine: {'line': b'-- Installing: /home/ingejohan/Workspaces/install/udemy_ros2_pkg/lib/libudemy_ros2_pkg__rosidl_typesupport_introspection_cpp.so\n'}
[20.846678] (udemy_ros2_pkg) StdoutLine: {'line': b'-- Set runtime path of "/home/ingejohan/Workspaces/install/udemy_ros2_pkg/lib/libudemy_ros2_pkg__rosidl_typesupport_introspection_cpp.so" to ""\n'}
[20.846778] (udemy_ros2_pkg) StdoutLine: {'line': b'-- Installing: /home/ingejohan/Workspaces/install/udemy_ros2_pkg/lib/libudemy_ros2_pkg__rosidl_typesupport_cpp.so\n'}
[20.847135] (udemy_ros2_pkg) StdoutLine: {'line': b'-- Set runtime path of "/home/ingejohan/Workspaces/install/udemy_ros2_pkg/lib/libudemy_ros2_pkg__rosidl_typesupport_cpp.so" to ""\n'}
[20.861171] (-) TimerEvent: {}
[20.886118] (udemy_ros2_pkg) StdoutLine: {'line': b"Listing '/home/ingejohan/Workspaces/install/udemy_ros2_pkg/local/lib/python3.10/dist-packages/udemy_ros2_pkg'...\n"}
[20.886340] (udemy_ros2_pkg) StdoutLine: {'line': b"Compiling '/home/ingejohan/Workspaces/install/udemy_ros2_pkg/local/lib/python3.10/dist-packages/udemy_ros2_pkg/__init__.py'...\n"}
[20.886411] (udemy_ros2_pkg) StdoutLine: {'line': b"Listing '/home/ingejohan/Workspaces/install/udemy_ros2_pkg/local/lib/python3.10/dist-packages/udemy_ros2_pkg/action'...\n"}
[20.886475] (udemy_ros2_pkg) StdoutLine: {'line': b"Compiling '/home/ingejohan/Workspaces/install/udemy_ros2_pkg/local/lib/python3.10/dist-packages/udemy_ros2_pkg/action/__init__.py'...\n"}
[20.886538] (udemy_ros2_pkg) StdoutLine: {'line': b"Compiling '/home/ingejohan/Workspaces/install/udemy_ros2_pkg/local/lib/python3.10/dist-packages/udemy_ros2_pkg/action/_navigate.py'...\n"}
[20.886638] (udemy_ros2_pkg) StdoutLine: {'line': b"Listing '/home/ingejohan/Workspaces/install/udemy_ros2_pkg/local/lib/python3.10/dist-packages/udemy_ros2_pkg/srv'...\n"}
[20.886698] (udemy_ros2_pkg) StdoutLine: {'line': b"Compiling '/home/ingejohan/Workspaces/install/udemy_ros2_pkg/local/lib/python3.10/dist-packages/udemy_ros2_pkg/srv/__init__.py'...\n"}
[20.886757] (udemy_ros2_pkg) StdoutLine: {'line': b"Compiling '/home/ingejohan/Workspaces/install/udemy_ros2_pkg/local/lib/python3.10/dist-packages/udemy_ros2_pkg/srv/_odd_even_check.py'...\n"}
[20.886824] (udemy_ros2_pkg) StdoutLine: {'line': b"Compiling '/home/ingejohan/Workspaces/install/udemy_ros2_pkg/local/lib/python3.10/dist-packages/udemy_ros2_pkg/srv/_turn_camera.py'...\n"}
[20.890348] (udemy_ros2_pkg) StdoutLine: {'line': b'-- Installing: /home/ingejohan/Workspaces/install/udemy_ros2_pkg/lib/libudemy_ros2_pkg__rosidl_generator_py.so\n'}
[20.890710] (udemy_ros2_pkg) StdoutLine: {'line': b'-- Set runtime path of "/home/ingejohan/Workspaces/install/udemy_ros2_pkg/lib/libudemy_ros2_pkg__rosidl_generator_py.so" to ""\n'}
[20.890932] (udemy_ros2_pkg) StdoutLine: {'line': b'-- Installing: /home/ingejohan/Workspaces/install/udemy_ros2_pkg/share/udemy_ros2_pkg/cmake/export_udemy_ros2_pkg__rosidl_generator_cExport.cmake\n'}
[20.891143] (udemy_ros2_pkg) StdoutLine: {'line': b'-- Installing: /home/ingejohan/Workspaces/install/udemy_ros2_pkg/share/udemy_ros2_pkg/cmake/export_udemy_ros2_pkg__rosidl_generator_cExport-relwithdebinfo.cmake\n'}
[20.891293] (udemy_ros2_pkg) StdoutLine: {'line': b'-- Installing: /home/ingejohan/Workspaces/install/udemy_ros2_pkg/share/udemy_ros2_pkg/cmake/export_udemy_ros2_pkg__rosidl_typesupport_fastrtps_cExport.cmake\n'}
[20.891477] (udemy_ros2_pkg) StdoutLine: {'line': b'-- Installing: /home/ingejohan/Workspaces/install/udemy_ros2_pkg/share/udemy_ros2_pkg/cmake/export_udemy_ros2_pkg__rosidl_typesupport_fastrtps_cExport-relwithdebinfo.cmake\n'}
[20.891597] (udemy_ros2_pkg) StdoutLine: {'line': b'-- Installing: /home/ingejohan/Workspaces/install/udemy_ros2_pkg/share/udemy_ros2_pkg/cmake/export_udemy_ros2_pkg__rosidl_generator_cppExport.cmake\n'}
[20.891665] (udemy_ros2_pkg) StdoutLine: {'line': b'-- Installing: /home/ingejohan/Workspaces/install/udemy_ros2_pkg/share/udemy_ros2_pkg/cmake/export_udemy_ros2_pkg__rosidl_typesupport_fastrtps_cppExport.cmake\n'}
[20.891789] (udemy_ros2_pkg) StdoutLine: {'line': b'-- Installing: /home/ingejohan/Workspaces/install/udemy_ros2_pkg/share/udemy_ros2_pkg/cmake/export_udemy_ros2_pkg__rosidl_typesupport_fastrtps_cppExport-relwithdebinfo.cmake\n'}
[20.891951] (udemy_ros2_pkg) StdoutLine: {'line': b'-- Installing: /home/ingejohan/Workspaces/install/udemy_ros2_pkg/share/udemy_ros2_pkg/cmake/udemy_ros2_pkg__rosidl_typesupport_introspection_cExport.cmake\n'}
[20.892124] (udemy_ros2_pkg) StdoutLine: {'line': b'-- Installing: /home/ingejohan/Workspaces/install/udemy_ros2_pkg/share/udemy_ros2_pkg/cmake/udemy_ros2_pkg__rosidl_typesupport_introspection_cExport-relwithdebinfo.cmake\n'}
[20.892361] (udemy_ros2_pkg) StdoutLine: {'line': b'-- Installing: /home/ingejohan/Workspaces/install/udemy_ros2_pkg/share/udemy_ros2_pkg/cmake/udemy_ros2_pkg__rosidl_typesupport_cExport.cmake\n'}
[20.892531] (udemy_ros2_pkg) StdoutLine: {'line': b'-- Installing: /home/ingejohan/Workspaces/install/udemy_ros2_pkg/share/udemy_ros2_pkg/cmake/udemy_ros2_pkg__rosidl_typesupport_cExport-relwithdebinfo.cmake\n'}
[20.892878] (udemy_ros2_pkg) StdoutLine: {'line': b'-- Installing: /home/ingejohan/Workspaces/install/udemy_ros2_pkg/share/udemy_ros2_pkg/cmake/udemy_ros2_pkg__rosidl_typesupport_introspection_cppExport.cmake\n'}
[20.893268] (udemy_ros2_pkg) StdoutLine: {'line': b'-- Installing: /home/ingejohan/Workspaces/install/udemy_ros2_pkg/share/udemy_ros2_pkg/cmake/udemy_ros2_pkg__rosidl_typesupport_introspection_cppExport-relwithdebinfo.cmake\n'}
[20.893619] (udemy_ros2_pkg) StdoutLine: {'line': b'-- Installing: /home/ingejohan/Workspaces/install/udemy_ros2_pkg/share/udemy_ros2_pkg/cmake/udemy_ros2_pkg__rosidl_typesupport_cppExport.cmake\n'}
[20.893768] (udemy_ros2_pkg) StdoutLine: {'line': b'-- Installing: /home/ingejohan/Workspaces/install/udemy_ros2_pkg/share/udemy_ros2_pkg/cmake/udemy_ros2_pkg__rosidl_typesupport_cppExport-relwithdebinfo.cmake\n'}
[20.893880] (udemy_ros2_pkg) StdoutLine: {'line': b'-- Installing: /home/ingejohan/Workspaces/install/udemy_ros2_pkg/share/udemy_ros2_pkg/cmake/export_udemy_ros2_pkg__rosidl_generator_pyExport.cmake\n'}
[20.894028] (udemy_ros2_pkg) StdoutLine: {'line': b'-- Installing: /home/ingejohan/Workspaces/install/udemy_ros2_pkg/share/udemy_ros2_pkg/cmake/export_udemy_ros2_pkg__rosidl_generator_pyExport-relwithdebinfo.cmake\n'}
[20.896034] (udemy_ros2_pkg) CommandEnded: {'returncode': 0}
[20.961268] (-) TimerEvent: {}
[21.014577] (udemy_ros2_pkg) JobEnded: {'identifier': 'udemy_ros2_pkg', 'rc': 0}
[21.015457] (-) EventReactorShutdown: {}
