[1.968s] DEBUG:colcon:Command line arguments: ['/usr/bin/colcon', 'build']
[1.969s] DEBUG:colcon:Parsed command line arguments: Namespace(log_base=None, log_level=None, verb_name='build', build_base='build', install_base='install', merge_install=False, symlink_install=False, test_result_base=None, continue_on_error=False, executor='parallel', parallel_workers=16, event_handlers=None, ignore_user_meta=False, metas=['./colcon.meta'], base_paths=['.'], packages_ignore=None, packages_ignore_regex=None, paths=None, packages_up_to=None, packages_up_to_regex=None, packages_above=None, packages_above_and_dependencies=None, packages_above_depth=None, packages_select_by_dep=None, packages_skip_by_dep=None, packages_skip_up_to=None, packages_select_build_failed=False, packages_skip_build_finished=False, packages_select_test_failures=False, packages_skip_test_passed=False, packages_select=None, packages_skip=None, packages_select_regex=None, packages_skip_regex=None, packages_start=None, packages_end=None, allow_overriding=[], cmake_args=None, cmake_target=None, cmake_target_skip_unavailable=False, cmake_clean_cache=False, cmake_clean_first=False, cmake_force_configure=False, ament_cmake_args=None, catkin_cmake_args=None, catkin_skip_building_tests=False, verb_parser=<colcon_defaults.argument_parser.defaults.DefaultArgumentsDecorator object at 0x7f7f97b82a10>, verb_extension=<colcon_core.verb.build.BuildVerb object at 0x7f7f97b80190>, main=<bound method BuildVerb.main of <colcon_core.verb.build.BuildVerb object at 0x7f7f97b80190>>)
[2.051s] Level 1:colcon.colcon_core.package_discovery:discover_packages(colcon_meta) check parameters
[2.052s] Level 1:colcon.colcon_core.package_discovery:discover_packages(recursive) check parameters
[2.052s] Level 1:colcon.colcon_core.package_discovery:discover_packages(ignore) check parameters
[2.052s] Level 1:colcon.colcon_core.package_discovery:discover_packages(path) check parameters
[2.052s] Level 1:colcon.colcon_core.package_discovery:discover_packages(colcon_meta) discover
[2.052s] Level 1:colcon.colcon_core.package_discovery:discover_packages(recursive) discover
[2.052s] INFO:colcon.colcon_core.package_discovery:Crawling recursively for packages in '/home/ingejohan/Workspaces/ros2_cpp_ws'
[2.052s] Level 1:colcon.colcon_core.package_identification:_identify(.) by extensions ['ignore', 'ignore_ament_install']
[2.052s] Level 1:colcon.colcon_core.package_identification:_identify(.) by extension 'ignore'
[2.052s] Level 1:colcon.colcon_core.package_identification:_identify(.) by extension 'ignore_ament_install'
[2.052s] Level 1:colcon.colcon_core.package_identification:_identify(.) by extensions ['colcon_pkg']
[2.052s] Level 1:colcon.colcon_core.package_identification:_identify(.) by extension 'colcon_pkg'
[2.052s] Level 1:colcon.colcon_core.package_identification:_identify(.) by extensions ['colcon_meta']
[2.053s] Level 1:colcon.colcon_core.package_identification:_identify(.) by extension 'colcon_meta'
[2.053s] Level 1:colcon.colcon_core.package_identification:_identify(.) by extensions ['ros']
[2.053s] Level 1:colcon.colcon_core.package_identification:_identify(.) by extension 'ros'
[2.070s] Level 1:colcon.colcon_core.package_identification:_identify(.) by extensions ['cmake', 'python']
[2.070s] Level 1:colcon.colcon_core.package_identification:_identify(.) by extension 'cmake'
[2.070s] Level 1:colcon.colcon_core.package_identification:_identify(.) by extension 'python'
[2.070s] Level 1:colcon.colcon_core.package_identification:_identify(.) by extensions ['python_setup_py']
[2.070s] Level 1:colcon.colcon_core.package_identification:_identify(.) by extension 'python_setup_py'
[2.070s] Level 1:colcon.colcon_core.package_identification:_identify(build) by extensions ['ignore', 'ignore_ament_install']
[2.071s] Level 1:colcon.colcon_core.package_identification:_identify(build) by extension 'ignore'
[2.071s] Level 1:colcon.colcon_core.package_identification:_identify(build) ignored
[2.071s] Level 1:colcon.colcon_core.package_identification:_identify(install) by extensions ['ignore', 'ignore_ament_install']
[2.071s] Level 1:colcon.colcon_core.package_identification:_identify(install) by extension 'ignore'
[2.071s] Level 1:colcon.colcon_core.package_identification:_identify(install) ignored
[2.072s] Level 1:colcon.colcon_core.package_identification:_identify(log) by extensions ['ignore', 'ignore_ament_install']
[2.072s] Level 1:colcon.colcon_core.package_identification:_identify(log) by extension 'ignore'
[2.072s] Level 1:colcon.colcon_core.package_identification:_identify(log) ignored
[2.072s] Level 1:colcon.colcon_core.package_identification:_identify(src) by extensions ['ignore', 'ignore_ament_install']
[2.072s] Level 1:colcon.colcon_core.package_identification:_identify(src) by extension 'ignore'
[2.072s] Level 1:colcon.colcon_core.package_identification:_identify(src) by extension 'ignore_ament_install'
[2.072s] Level 1:colcon.colcon_core.package_identification:_identify(src) by extensions ['colcon_pkg']
[2.072s] Level 1:colcon.colcon_core.package_identification:_identify(src) by extension 'colcon_pkg'
[2.072s] Level 1:colcon.colcon_core.package_identification:_identify(src) by extensions ['colcon_meta']
[2.072s] Level 1:colcon.colcon_core.package_identification:_identify(src) by extension 'colcon_meta'
[2.073s] Level 1:colcon.colcon_core.package_identification:_identify(src) by extensions ['ros']
[2.073s] Level 1:colcon.colcon_core.package_identification:_identify(src) by extension 'ros'
[2.073s] Level 1:colcon.colcon_core.package_identification:_identify(src) by extensions ['cmake', 'python']
[2.073s] Level 1:colcon.colcon_core.package_identification:_identify(src) by extension 'cmake'
[2.073s] Level 1:colcon.colcon_core.package_identification:_identify(src) by extension 'python'
[2.073s] Level 1:colcon.colcon_core.package_identification:_identify(src) by extensions ['python_setup_py']
[2.073s] Level 1:colcon.colcon_core.package_identification:_identify(src) by extension 'python_setup_py'
[2.073s] Level 1:colcon.colcon_core.package_identification:_identify(src/build) by extensions ['ignore', 'ignore_ament_install']
[2.073s] Level 1:colcon.colcon_core.package_identification:_identify(src/build) by extension 'ignore'
[2.073s] Level 1:colcon.colcon_core.package_identification:_identify(src/build) ignored
[2.074s] Level 1:colcon.colcon_core.package_identification:_identify(src/install) by extensions ['ignore', 'ignore_ament_install']
[2.074s] Level 1:colcon.colcon_core.package_identification:_identify(src/install) by extension 'ignore'
[2.074s] Level 1:colcon.colcon_core.package_identification:_identify(src/install) ignored
[2.074s] Level 1:colcon.colcon_core.package_identification:_identify(src/log) by extensions ['ignore', 'ignore_ament_install']
[2.074s] Level 1:colcon.colcon_core.package_identification:_identify(src/log) by extension 'ignore'
[2.074s] Level 1:colcon.colcon_core.package_identification:_identify(src/log) ignored
[2.074s] Level 1:colcon.colcon_core.package_identification:_identify(src/udemy_ros2_pkg) by extensions ['ignore', 'ignore_ament_install']
[2.074s] Level 1:colcon.colcon_core.package_identification:_identify(src/udemy_ros2_pkg) by extension 'ignore'
[2.075s] Level 1:colcon.colcon_core.package_identification:_identify(src/udemy_ros2_pkg) by extension 'ignore_ament_install'
[2.075s] Level 1:colcon.colcon_core.package_identification:_identify(src/udemy_ros2_pkg) by extensions ['colcon_pkg']
[2.075s] Level 1:colcon.colcon_core.package_identification:_identify(src/udemy_ros2_pkg) by extension 'colcon_pkg'
[2.075s] Level 1:colcon.colcon_core.package_identification:_identify(src/udemy_ros2_pkg) by extensions ['colcon_meta']
[2.075s] Level 1:colcon.colcon_core.package_identification:_identify(src/udemy_ros2_pkg) by extension 'colcon_meta'
[2.075s] Level 1:colcon.colcon_core.package_identification:_identify(src/udemy_ros2_pkg) by extensions ['ros']
[2.075s] Level 1:colcon.colcon_core.package_identification:_identify(src/udemy_ros2_pkg) by extension 'ros'
[2.080s] DEBUG:colcon.colcon_core.package_identification:Package 'src/udemy_ros2_pkg' with type 'ros.ament_cmake' and name 'udemy_ros2_pkg'
[2.080s] Level 1:colcon.colcon_core.package_discovery:discover_packages(recursive) using defaults
[2.080s] Level 1:colcon.colcon_core.package_discovery:discover_packages(ignore) discover
[2.080s] Level 1:colcon.colcon_core.package_discovery:discover_packages(ignore) using defaults
[2.080s] Level 1:colcon.colcon_core.package_discovery:discover_packages(path) discover
[2.080s] Level 1:colcon.colcon_core.package_discovery:discover_packages(path) using defaults
[2.246s] Level 1:colcon.colcon_core.package_discovery:discover_packages(prefix_path) check parameters
[2.246s] Level 1:colcon.colcon_core.package_discovery:discover_packages(prefix_path) discover
[2.303s] DEBUG:colcon.colcon_installed_package_information.package_discovery:Found 1 installed packages in /home/ingejohan/Workspaces/ros2_cpp_ws/install
[2.331s] DEBUG:colcon.colcon_installed_package_information.package_discovery:Found 3 installed packages in /home/ingejohan/ros2_ws/install
[2.360s] DEBUG:colcon.colcon_installed_package_information.package_discovery:Found 335 installed packages in /opt/ros/humble
[2.362s] Level 1:colcon.colcon_core.package_discovery:discover_packages(prefix_path) using defaults
[2.535s] Level 5:colcon.colcon_core.verb:set package 'udemy_ros2_pkg' build argument 'cmake_args' from command line to 'None'
[2.535s] Level 5:colcon.colcon_core.verb:set package 'udemy_ros2_pkg' build argument 'cmake_target' from command line to 'None'
[2.535s] Level 5:colcon.colcon_core.verb:set package 'udemy_ros2_pkg' build argument 'cmake_target_skip_unavailable' from command line to 'False'
[2.535s] Level 5:colcon.colcon_core.verb:set package 'udemy_ros2_pkg' build argument 'cmake_clean_cache' from command line to 'False'
[2.535s] Level 5:colcon.colcon_core.verb:set package 'udemy_ros2_pkg' build argument 'cmake_clean_first' from command line to 'False'
[2.535s] Level 5:colcon.colcon_core.verb:set package 'udemy_ros2_pkg' build argument 'cmake_force_configure' from command line to 'False'
[2.535s] Level 5:colcon.colcon_core.verb:set package 'udemy_ros2_pkg' build argument 'ament_cmake_args' from command line to 'None'
[2.535s] Level 5:colcon.colcon_core.verb:set package 'udemy_ros2_pkg' build argument 'catkin_cmake_args' from command line to 'None'
[2.535s] Level 5:colcon.colcon_core.verb:set package 'udemy_ros2_pkg' build argument 'catkin_skip_building_tests' from command line to 'False'
[2.535s] DEBUG:colcon.colcon_core.verb:Building package 'udemy_ros2_pkg' with the following arguments: {'ament_cmake_args': None, 'build_base': '/home/ingejohan/Workspaces/ros2_cpp_ws/build/udemy_ros2_pkg', 'catkin_cmake_args': None, 'catkin_skip_building_tests': False, 'cmake_args': None, 'cmake_clean_cache': False, 'cmake_clean_first': False, 'cmake_force_configure': False, 'cmake_target': None, 'cmake_target_skip_unavailable': False, 'install_base': '/home/ingejohan/Workspaces/ros2_cpp_ws/install/udemy_ros2_pkg', 'merge_install': False, 'path': '/home/ingejohan/Workspaces/ros2_cpp_ws/src/udemy_ros2_pkg', 'symlink_install': False, 'test_result_base': None}
[2.562s] INFO:colcon.colcon_core.executor:Executing jobs using 'parallel' executor
[2.590s] DEBUG:colcon.colcon_parallel_executor.executor.parallel:run_until_complete
[2.591s] INFO:colcon.colcon_ros.task.ament_cmake.build:Building ROS package in '/home/ingejohan/Workspaces/ros2_cpp_ws/src/udemy_ros2_pkg' with build type 'ament_cmake'
[2.591s] INFO:colcon.colcon_cmake.task.cmake.build:Building CMake package in '/home/ingejohan/Workspaces/ros2_cpp_ws/src/udemy_ros2_pkg'
[2.623s] INFO:colcon.colcon_core.plugin_system:Skipping extension 'colcon_core.shell.bat': Not used on non-Windows systems
[2.623s] INFO:colcon.colcon_core.shell:Skip shell extension 'powershell' for command environment: Not usable outside of PowerShell
[2.623s] DEBUG:colcon.colcon_core.shell:Skip shell extension 'dsv' for command environment
[2.747s] DEBUG:colcon.colcon_core.event_handler.log_command:Invoking command in '/home/ingejohan/Workspaces/ros2_cpp_ws/build/udemy_ros2_pkg': CMAKE_PREFIX_PATH=${CMAKE_PREFIX_PATH}:/home/ingejohan/ros2_ws/install/rover:/home/ingejohan/ros2_ws/install/my_py_pkg:/opt/ros/humble /usr/bin/cmake --build /home/ingejohan/Workspaces/ros2_cpp_ws/build/udemy_ros2_pkg -- -j16 -l16
[3.321s] DEBUG:colcon.colcon_core.event_handler.log_command:Invoked command in '/home/ingejohan/Workspaces/ros2_cpp_ws/build/udemy_ros2_pkg' returned '0': CMAKE_PREFIX_PATH=${CMAKE_PREFIX_PATH}:/home/ingejohan/ros2_ws/install/rover:/home/ingejohan/ros2_ws/install/my_py_pkg:/opt/ros/humble /usr/bin/cmake --build /home/ingejohan/Workspaces/ros2_cpp_ws/build/udemy_ros2_pkg -- -j16 -l16
[3.460s] DEBUG:colcon.colcon_core.event_handler.log_command:Invoking command in '/home/ingejohan/Workspaces/ros2_cpp_ws/build/udemy_ros2_pkg': CMAKE_PREFIX_PATH=${CMAKE_PREFIX_PATH}:/home/ingejohan/ros2_ws/install/rover:/home/ingejohan/ros2_ws/install/my_py_pkg:/opt/ros/humble /usr/bin/cmake --install /home/ingejohan/Workspaces/ros2_cpp_ws/build/udemy_ros2_pkg
[3.546s] Level 1:colcon.colcon_core.environment:create_environment_scripts_only(udemy_ros2_pkg)
[3.568s] DEBUG:colcon.colcon_core.event_handler.log_command:Invoked command in '/home/ingejohan/Workspaces/ros2_cpp_ws/build/udemy_ros2_pkg' returned '0': CMAKE_PREFIX_PATH=${CMAKE_PREFIX_PATH}:/home/ingejohan/ros2_ws/install/rover:/home/ingejohan/ros2_ws/install/my_py_pkg:/opt/ros/humble /usr/bin/cmake --install /home/ingejohan/Workspaces/ros2_cpp_ws/build/udemy_ros2_pkg
[3.586s] Level 1:colcon.colcon_core.environment:checking '/home/ingejohan/Workspaces/ros2_cpp_ws/install/udemy_ros2_pkg' for CMake module files
[3.588s] Level 1:colcon.colcon_core.environment:checking '/home/ingejohan/Workspaces/ros2_cpp_ws/install/udemy_ros2_pkg' for CMake config files
[3.588s] Level 1:colcon.colcon_core.shell:create_environment_hook('udemy_ros2_pkg', 'cmake_prefix_path')
[3.616s] INFO:colcon.colcon_core.shell:Creating environment hook '/home/ingejohan/Workspaces/ros2_cpp_ws/install/udemy_ros2_pkg/share/udemy_ros2_pkg/hook/cmake_prefix_path.ps1'
[3.617s] INFO:colcon.colcon_core.shell:Creating environment descriptor '/home/ingejohan/Workspaces/ros2_cpp_ws/install/udemy_ros2_pkg/share/udemy_ros2_pkg/hook/cmake_prefix_path.dsv'
[3.618s] INFO:colcon.colcon_core.shell:Creating environment hook '/home/ingejohan/Workspaces/ros2_cpp_ws/install/udemy_ros2_pkg/share/udemy_ros2_pkg/hook/cmake_prefix_path.sh'
[3.619s] Level 1:colcon.colcon_core.environment:checking '/home/ingejohan/Workspaces/ros2_cpp_ws/install/udemy_ros2_pkg/lib'
[3.619s] Level 1:colcon.colcon_core.shell:create_environment_hook('udemy_ros2_pkg', 'ld_library_path_lib')
[3.645s] INFO:colcon.colcon_core.shell:Creating environment hook '/home/ingejohan/Workspaces/ros2_cpp_ws/install/udemy_ros2_pkg/share/udemy_ros2_pkg/hook/ld_library_path_lib.ps1'
[3.645s] INFO:colcon.colcon_core.shell:Creating environment descriptor '/home/ingejohan/Workspaces/ros2_cpp_ws/install/udemy_ros2_pkg/share/udemy_ros2_pkg/hook/ld_library_path_lib.dsv'
[3.646s] INFO:colcon.colcon_core.shell:Creating environment hook '/home/ingejohan/Workspaces/ros2_cpp_ws/install/udemy_ros2_pkg/share/udemy_ros2_pkg/hook/ld_library_path_lib.sh'
[3.646s] Level 1:colcon.colcon_core.environment:checking '/home/ingejohan/Workspaces/ros2_cpp_ws/install/udemy_ros2_pkg/bin'
[3.646s] Level 1:colcon.colcon_core.environment:checking '/home/ingejohan/Workspaces/ros2_cpp_ws/install/udemy_ros2_pkg/lib/pkgconfig/udemy_ros2_pkg.pc'
[3.647s] Level 1:colcon.colcon_core.environment:checking '/home/ingejohan/Workspaces/ros2_cpp_ws/install/udemy_ros2_pkg/lib/python3.10/site-packages'
[3.647s] Level 1:colcon.colcon_core.environment:checking '/home/ingejohan/Workspaces/ros2_cpp_ws/install/udemy_ros2_pkg/bin'
[3.675s] INFO:colcon.colcon_core.shell:Creating package script '/home/ingejohan/Workspaces/ros2_cpp_ws/install/udemy_ros2_pkg/share/udemy_ros2_pkg/package.ps1'
[3.677s] INFO:colcon.colcon_core.shell:Creating package descriptor '/home/ingejohan/Workspaces/ros2_cpp_ws/install/udemy_ros2_pkg/share/udemy_ros2_pkg/package.dsv'
[3.677s] INFO:colcon.colcon_core.shell:Creating package script '/home/ingejohan/Workspaces/ros2_cpp_ws/install/udemy_ros2_pkg/share/udemy_ros2_pkg/package.sh'
[3.678s] INFO:colcon.colcon_core.shell:Creating package script '/home/ingejohan/Workspaces/ros2_cpp_ws/install/udemy_ros2_pkg/share/udemy_ros2_pkg/package.bash'
[3.679s] INFO:colcon.colcon_core.shell:Creating package script '/home/ingejohan/Workspaces/ros2_cpp_ws/install/udemy_ros2_pkg/share/udemy_ros2_pkg/package.zsh'
[3.680s] Level 1:colcon.colcon_core.environment:create_file_with_runtime_dependencies(/home/ingejohan/Workspaces/ros2_cpp_ws/install/udemy_ros2_pkg/share/colcon-core/packages/udemy_ros2_pkg)
[3.845s] Level 1:colcon.colcon_core.environment:create_environment_scripts_only(udemy_ros2_pkg)
[3.872s] Level 1:colcon.colcon_core.environment:checking '/home/ingejohan/Workspaces/ros2_cpp_ws/install/udemy_ros2_pkg' for CMake module files
[3.873s] Level 1:colcon.colcon_core.environment:checking '/home/ingejohan/Workspaces/ros2_cpp_ws/install/udemy_ros2_pkg' for CMake config files
[3.874s] Level 1:colcon.colcon_core.shell:create_environment_hook('udemy_ros2_pkg', 'cmake_prefix_path')
[3.906s] INFO:colcon.colcon_core.shell:Creating environment hook '/home/ingejohan/Workspaces/ros2_cpp_ws/install/udemy_ros2_pkg/share/udemy_ros2_pkg/hook/cmake_prefix_path.ps1'
[3.907s] INFO:colcon.colcon_core.shell:Creating environment descriptor '/home/ingejohan/Workspaces/ros2_cpp_ws/install/udemy_ros2_pkg/share/udemy_ros2_pkg/hook/cmake_prefix_path.dsv'
[3.907s] INFO:colcon.colcon_core.shell:Creating environment hook '/home/ingejohan/Workspaces/ros2_cpp_ws/install/udemy_ros2_pkg/share/udemy_ros2_pkg/hook/cmake_prefix_path.sh'
[3.908s] Level 1:colcon.colcon_core.environment:checking '/home/ingejohan/Workspaces/ros2_cpp_ws/install/udemy_ros2_pkg/lib'
[3.908s] Level 1:colcon.colcon_core.shell:create_environment_hook('udemy_ros2_pkg', 'ld_library_path_lib')
[3.935s] INFO:colcon.colcon_core.shell:Creating environment hook '/home/ingejohan/Workspaces/ros2_cpp_ws/install/udemy_ros2_pkg/share/udemy_ros2_pkg/hook/ld_library_path_lib.ps1'
[3.935s] INFO:colcon.colcon_core.shell:Creating environment descriptor '/home/ingejohan/Workspaces/ros2_cpp_ws/install/udemy_ros2_pkg/share/udemy_ros2_pkg/hook/ld_library_path_lib.dsv'
[3.936s] INFO:colcon.colcon_core.shell:Creating environment hook '/home/ingejohan/Workspaces/ros2_cpp_ws/install/udemy_ros2_pkg/share/udemy_ros2_pkg/hook/ld_library_path_lib.sh'
[3.936s] Level 1:colcon.colcon_core.environment:checking '/home/ingejohan/Workspaces/ros2_cpp_ws/install/udemy_ros2_pkg/bin'
[3.936s] Level 1:colcon.colcon_core.environment:checking '/home/ingejohan/Workspaces/ros2_cpp_ws/install/udemy_ros2_pkg/lib/pkgconfig/udemy_ros2_pkg.pc'
[3.937s] Level 1:colcon.colcon_core.environment:checking '/home/ingejohan/Workspaces/ros2_cpp_ws/install/udemy_ros2_pkg/lib/python3.10/site-packages'
[3.937s] Level 1:colcon.colcon_core.environment:checking '/home/ingejohan/Workspaces/ros2_cpp_ws/install/udemy_ros2_pkg/bin'
[3.963s] INFO:colcon.colcon_core.shell:Creating package script '/home/ingejohan/Workspaces/ros2_cpp_ws/install/udemy_ros2_pkg/share/udemy_ros2_pkg/package.ps1'
[3.964s] INFO:colcon.colcon_core.shell:Creating package descriptor '/home/ingejohan/Workspaces/ros2_cpp_ws/install/udemy_ros2_pkg/share/udemy_ros2_pkg/package.dsv'
[3.965s] INFO:colcon.colcon_core.shell:Creating package script '/home/ingejohan/Workspaces/ros2_cpp_ws/install/udemy_ros2_pkg/share/udemy_ros2_pkg/package.sh'
[3.965s] INFO:colcon.colcon_core.shell:Creating package script '/home/ingejohan/Workspaces/ros2_cpp_ws/install/udemy_ros2_pkg/share/udemy_ros2_pkg/package.bash'
[3.966s] INFO:colcon.colcon_core.shell:Creating package script '/home/ingejohan/Workspaces/ros2_cpp_ws/install/udemy_ros2_pkg/share/udemy_ros2_pkg/package.zsh'
[3.966s] Level 1:colcon.colcon_core.environment:create_file_with_runtime_dependencies(/home/ingejohan/Workspaces/ros2_cpp_ws/install/udemy_ros2_pkg/share/colcon-core/packages/udemy_ros2_pkg)
[3.967s] DEBUG:colcon.colcon_parallel_executor.executor.parallel:closing loop
[3.967s] DEBUG:colcon.colcon_parallel_executor.executor.parallel:loop closed
[3.967s] DEBUG:colcon.colcon_parallel_executor.executor.parallel:run_until_complete finished with '0'
[3.967s] DEBUG:colcon.colcon_core.event_reactor:joining thread
[4.002s] INFO:colcon.colcon_core.plugin_system:Skipping extension 'colcon_notification.desktop_notification.terminal_notifier': Not used on non-Darwin systems
[4.002s] INFO:colcon.colcon_core.plugin_system:Skipping extension 'colcon_notification.desktop_notification.win32': Not used on non-Windows systems
[4.002s] INFO:colcon.colcon_notification.desktop_notification:Sending desktop notification using 'notify2'
[4.017s] DEBUG:colcon.colcon_core.event_reactor:joined thread
[4.045s] INFO:colcon.colcon_core.shell:Creating prefix script '/home/ingejohan/Workspaces/ros2_cpp_ws/install/local_setup.ps1'
[4.047s] INFO:colcon.colcon_core.shell:Creating prefix util module '/home/ingejohan/Workspaces/ros2_cpp_ws/install/_local_setup_util_ps1.py'
[4.048s] INFO:colcon.colcon_core.shell:Creating prefix chain script '/home/ingejohan/Workspaces/ros2_cpp_ws/install/setup.ps1'
[4.077s] INFO:colcon.colcon_core.shell:Creating prefix script '/home/ingejohan/Workspaces/ros2_cpp_ws/install/local_setup.sh'
[4.078s] INFO:colcon.colcon_core.shell:Creating prefix util module '/home/ingejohan/Workspaces/ros2_cpp_ws/install/_local_setup_util_sh.py'
[4.078s] INFO:colcon.colcon_core.shell:Creating prefix chain script '/home/ingejohan/Workspaces/ros2_cpp_ws/install/setup.sh'
[4.107s] INFO:colcon.colcon_core.shell:Creating prefix script '/home/ingejohan/Workspaces/ros2_cpp_ws/install/local_setup.bash'
[4.107s] INFO:colcon.colcon_core.shell:Creating prefix chain script '/home/ingejohan/Workspaces/ros2_cpp_ws/install/setup.bash'
[4.136s] INFO:colcon.colcon_core.shell:Creating prefix script '/home/ingejohan/Workspaces/ros2_cpp_ws/install/local_setup.zsh'
[4.137s] INFO:colcon.colcon_core.shell:Creating prefix chain script '/home/ingejohan/Workspaces/ros2_cpp_ws/install/setup.zsh'
