-- The C compiler identification is GNU 11.4.0
-- The CXX compiler identification is GNU 11.4.0
-- Detecting C compiler ABI info
-- Detecting C compiler ABI info - done
-- Check for working C compiler: /usr/bin/cc - skipped
-- Detecting C compile features
-- Detecting C compile features - done
-- Detecting CXX compiler ABI info
-- Detecting CXX compiler ABI info - done
-- Check for working CXX compiler: /usr/bin/c++ - skipped
-- Detecting CXX compile features
-- Detecting CXX compile features - done
-- Found ament_cmake: 1.3.5 (/opt/ros/humble/share/ament_cmake/cmake)
-- Found Python3: /usr/bin/python3.10 (found version "3.10.12") found components: Interpreter 
-- Found rclcpp: 16.0.5 (/opt/ros/humble/share/rclcpp/cmake)
-- Found rosidl_generator_c: 3.1.5 (/opt/ros/humble/share/rosidl_generator_c/cmake)
-- Found rosidl_adapter: 3.1.5 (/opt/ros/humble/share/rosidl_adapter/cmake)
-- Found rosidl_generator_cpp: 3.1.5 (/opt/ros/humble/share/rosidl_generator_cpp/cmake)
-- Using all available rosidl_typesupport_c: rosidl_typesupport_fastrtps_c;rosidl_typesupport_introspection_c
-- Using all available rosidl_typesupport_cpp: rosidl_typesupport_fastrtps_cpp;rosidl_typesupport_introspection_cpp
-- Found rmw_implementation_cmake: 6.1.1 (/opt/ros/humble/share/rmw_implementation_cmake/cmake)
-- Found rmw_fastrtps_cpp: 6.2.3 (/opt/ros/humble/share/rmw_fastrtps_cpp/cmake)
-- Found OpenSSL: /usr/lib/x86_64-linux-gnu/libcrypto.so (found version "3.0.2")  
-- Found FastRTPS: /opt/ros/humble/include  
-- Using RMW implementation 'rmw_fastrtps_cpp' as default
-- Looking for pthread.h
-- Looking for pthread.h - found
-- Performing Test CMAKE_HAVE_LIBC_PTHREAD
-- Performing Test CMAKE_HAVE_LIBC_PTHREAD - Success
-- Found Threads: TRUE  
-- Found rosidl_default_generators: 1.2.0 (/opt/ros/humble/share/rosidl_default_generators/cmake)
-- Found sensor_msgs: 4.2.3 (/opt/ros/humble/share/sensor_msgs/cmake)
-- Found OpenCV: /usr (found version "4.5.4") 
-- Found cv_bridge: 3.2.1 (/opt/ros/humble/share/cv_bridge/cmake)
-- Found action_msgs: 1.2.1 (/opt/ros/humble/share/action_msgs/cmake)
-- Found rclcpp_action: 16.0.5 (/opt/ros/humble/share/rclcpp_action/cmake)
-- Found ament_cmake_cppcheck: 0.12.7 (/opt/ros/humble/share/ament_cmake_cppcheck/cmake)
-- Found ament_cmake_cpplint: 0.12.7 (/opt/ros/humble/share/ament_cmake_cpplint/cmake)
-- Found ament_cmake_uncrustify: 0.12.7 (/opt/ros/humble/share/ament_cmake_uncrustify/cmake)
-- Found ament_cmake_ros: 0.10.0 (/opt/ros/humble/share/ament_cmake_ros/cmake)
-- Using all available rosidl_typesupport_c: rosidl_typesupport_fastrtps_c;rosidl_typesupport_introspection_c
-- Using all available rosidl_typesupport_cpp: rosidl_typesupport_fastrtps_cpp;rosidl_typesupport_introspection_cpp
-- Found PythonInterp: /usr/bin/python3 (found suitable version "3.10.12", minimum required is "3.6") 
-- Found python_cmake_module: 0.10.0 (/opt/ros/humble/share/python_cmake_module/cmake)
-- Found PythonLibs: /usr/lib/x86_64-linux-gnu/libpython3.10.so (found suitable version "3.10.12", minimum required is "3.5") 
-- Using PYTHON_EXECUTABLE: /usr/bin/python3
-- Using PYTHON_INCLUDE_DIRS: /usr/include/python3.10
-- Using PYTHON_LIBRARIES: /usr/lib/x86_64-linux-gnu/libpython3.10.so
-- Found PythonExtra: .so  
-- Found ament_cmake_flake8: 0.12.7 (/opt/ros/humble/share/ament_cmake_flake8/cmake)
-- Found ament_cmake_pep257: 0.12.7 (/opt/ros/humble/share/ament_cmake_pep257/cmake)
-- Found ament_lint_auto: 0.12.7 (/opt/ros/humble/share/ament_lint_auto/cmake)
-- Added test 'cppcheck' to perform static code analysis on C / C++ code
-- Configured cppcheck include dirs: $<BUILD_INTERFACE:/home/ingejohan/Workspaces/ros2_cpp_ws/src/udemy_ros2_pkg/build/udemy_ros2_pkg/rosidl_generator_c>;$<BUILD_INTERFACE:/home/ingejohan/Workspaces/ros2_cpp_ws/src/udemy_ros2_pkg/build/udemy_ros2_pkg/rosidl_typesupport_fastrtps_c>;$<BUILD_INTERFACE:/home/ingejohan/Workspaces/ros2_cpp_ws/src/udemy_ros2_pkg/build/udemy_ros2_pkg/rosidl_generator_cpp>;$<BUILD_INTERFACE:/home/ingejohan/Workspaces/ros2_cpp_ws/src/udemy_ros2_pkg/build/udemy_ros2_pkg/rosidl_typesupport_fastrtps_cpp>;$<BUILD_INTERFACE:/home/ingejohan/Workspaces/ros2_cpp_ws/src/udemy_ros2_pkg/build/udemy_ros2_pkg/rosidl_typesupport_introspection_c>;$<BUILD_INTERFACE:/home/ingejohan/Workspaces/ros2_cpp_ws/src/udemy_ros2_pkg/build/udemy_ros2_pkg/rosidl_typesupport_introspection_cpp>;/home/ingejohan/Workspaces/ros2_cpp_ws/src/udemy_ros2_pkg/build/udemy_ros2_pkg/rosidl_generator_c;/home/ingejohan/Workspaces/ros2_cpp_ws/src/udemy_ros2_pkg/build/udemy_ros2_pkg/rosidl_generator_py
-- Configured cppcheck exclude dirs and/or files: 
-- Added test 'cpplint' to check C / C++ code against the Google style
-- Configured cpplint exclude dirs and/or files: 
-- Added test 'uncrustify' to check C / C++ code style
-- Configured uncrustify additional arguments: 
-- Added test 'flake8' to check Python code syntax and style conventions
-- Added test 'pep257' to check Python code against some of the docstring style conventions in PEP 257
-- Added test 'lint_cmake' to check CMake code style
-- Added test 'xmllint' to check XML markup files
-- Configuring done
-- Generating done
-- Build files have been written to: /home/ingejohan/Workspaces/ros2_cpp_ws/src/udemy_ros2_pkg/build/udemy_ros2_pkg
[  1%] [34m[1mGenerating C code for ROS interfaces[0m
[  2%] [32mBuilding CXX object CMakeFiles/publisher.dir/src/publisher.cpp.o[0m
[  4%] [32mBuilding CXX object CMakeFiles/subscriber.dir/src/subscriber.cpp.o[0m
[  5%] [34m[1mGenerating C++ code for ROS interfaces[0m
[  7%] [32mBuilding CXX object CMakeFiles/speed_calc.dir/src/speed_calc.cpp.o[0m
[  8%] [32mBuilding CXX object CMakeFiles/rpm_pub.dir/src/rpm_pub.cpp.o[0m
[  8%] Built target ament_cmake_python_copy_udemy_ros2_pkg
running egg_info
creating udemy_ros2_pkg.egg-info
writing udemy_ros2_pkg.egg-info/PKG-INFO
writing dependency_links to udemy_ros2_pkg.egg-info/dependency_links.txt
writing top-level names to udemy_ros2_pkg.egg-info/top_level.txt
writing manifest file 'udemy_ros2_pkg.egg-info/SOURCES.txt'
reading manifest file 'udemy_ros2_pkg.egg-info/SOURCES.txt'
writing manifest file 'udemy_ros2_pkg.egg-info/SOURCES.txt'
[  8%] Built target ament_cmake_python_build_udemy_ros2_pkg_egg
[  8%] Built target udemy_ros2_pkg__cpp
[ 10%] [34m[1mGenerating C++ type support dispatch for ROS interfaces[0m
[ 11%] [34m[1mGenerating C++ type support for eProsima Fast-RTPS[0m
[ 13%] [34m[1mGenerating C++ introspection for ROS interfaces[0m
[ 14%] [32mBuilding C object CMakeFiles/udemy_ros2_pkg__rosidl_generator_c.dir/rosidl_generator_c/udemy_ros2_pkg/srv/detail/odd_even_check__functions.c.o[0m
[ 17%] [32mBuilding C object CMakeFiles/udemy_ros2_pkg__rosidl_generator_c.dir/rosidl_generator_c/udemy_ros2_pkg/action/detail/navigate__functions.c.o[0m
[ 17%] [32mBuilding C object CMakeFiles/udemy_ros2_pkg__rosidl_generator_c.dir/rosidl_generator_c/udemy_ros2_pkg/srv/detail/turn_camera__functions.c.o[0m
[ 19%] [32m[1mLinking C shared library libudemy_ros2_pkg__rosidl_generator_c.so[0m
[ 19%] Built target udemy_ros2_pkg__rosidl_generator_c
[ 20%] [34m[1mGenerating C type support for eProsima Fast-RTPS[0m
[ 22%] [34m[1mGenerating C type support dispatch for ROS interfaces[0m
[ 23%] [34m[1mGenerating C introspection for ROS interfaces[0m
[ 25%] [32mBuilding CXX object CMakeFiles/udemy_ros2_pkg__rosidl_typesupport_introspection_cpp.dir/rosidl_typesupport_introspection_cpp/udemy_ros2_pkg/srv/detail/turn_camera__type_support.cpp.o[0m
[ 28%] [32mBuilding CXX object CMakeFiles/udemy_ros2_pkg__rosidl_typesupport_introspection_cpp.dir/rosidl_typesupport_introspection_cpp/udemy_ros2_pkg/action/detail/navigate__type_support.cpp.o[0m
[ 28%] [32mBuilding CXX object CMakeFiles/udemy_ros2_pkg__rosidl_typesupport_introspection_cpp.dir/rosidl_typesupport_introspection_cpp/udemy_ros2_pkg/srv/detail/odd_even_check__type_support.cpp.o[0m
[ 31%] [32mBuilding CXX object CMakeFiles/udemy_ros2_pkg__rosidl_typesupport_fastrtps_cpp.dir/rosidl_typesupport_fastrtps_cpp/udemy_ros2_pkg/srv/detail/dds_fastrtps/odd_even_check__type_support.cpp.o[0m
[ 31%] [32mBuilding CXX object CMakeFiles/udemy_ros2_pkg__rosidl_typesupport_fastrtps_cpp.dir/rosidl_typesupport_fastrtps_cpp/udemy_ros2_pkg/srv/detail/dds_fastrtps/turn_camera__type_support.cpp.o[0m
[ 32%] [32mBuilding CXX object CMakeFiles/udemy_ros2_pkg__rosidl_typesupport_fastrtps_cpp.dir/rosidl_typesupport_fastrtps_cpp/udemy_ros2_pkg/action/detail/dds_fastrtps/navigate__type_support.cpp.o[0m
[ 34%] [32mBuilding CXX object CMakeFiles/udemy_ros2_pkg__rosidl_typesupport_cpp.dir/rosidl_typesupport_cpp/udemy_ros2_pkg/srv/odd_even_check__type_support.cpp.o[0m
[ 35%] [32mBuilding CXX object CMakeFiles/udemy_ros2_pkg__rosidl_typesupport_cpp.dir/rosidl_typesupport_cpp/udemy_ros2_pkg/action/navigate__type_support.cpp.o[0m
[ 37%] [32mBuilding CXX object CMakeFiles/udemy_ros2_pkg__rosidl_typesupport_cpp.dir/rosidl_typesupport_cpp/udemy_ros2_pkg/srv/turn_camera__type_support.cpp.o[0m
[ 38%] [32mBuilding CXX object CMakeFiles/udemy_ros2_pkg__rosidl_typesupport_c.dir/rosidl_typesupport_c/udemy_ros2_pkg/srv/odd_even_check__type_support.cpp.o[0m
[ 40%] [32mBuilding CXX object CMakeFiles/udemy_ros2_pkg__rosidl_typesupport_c.dir/rosidl_typesupport_c/udemy_ros2_pkg/srv/turn_camera__type_support.cpp.o[0m
[ 41%] [32mBuilding CXX object CMakeFiles/udemy_ros2_pkg__rosidl_typesupport_c.dir/rosidl_typesupport_c/udemy_ros2_pkg/action/navigate__type_support.cpp.o[0m
[ 43%] [32m[1mLinking CXX shared library libudemy_ros2_pkg__rosidl_typesupport_c.so[0m
[ 43%] Built target udemy_ros2_pkg__rosidl_typesupport_c
[ 44%] [32mBuilding C object CMakeFiles/udemy_ros2_pkg__rosidl_typesupport_introspection_c.dir/rosidl_typesupport_introspection_c/udemy_ros2_pkg/srv/detail/odd_even_check__type_support.c.o[0m
[ 46%] [32mBuilding C object CMakeFiles/udemy_ros2_pkg__rosidl_typesupport_introspection_c.dir/rosidl_typesupport_introspection_c/udemy_ros2_pkg/srv/detail/turn_camera__type_support.c.o[0m
[ 47%] [32mBuilding C object CMakeFiles/udemy_ros2_pkg__rosidl_typesupport_introspection_c.dir/rosidl_typesupport_introspection_c/udemy_ros2_pkg/action/detail/navigate__type_support.c.o[0m
[ 49%] [32mBuilding CXX object CMakeFiles/udemy_ros2_pkg__rosidl_typesupport_fastrtps_c.dir/rosidl_typesupport_fastrtps_c/udemy_ros2_pkg/srv/detail/odd_even_check__type_support_c.cpp.o[0m
[ 50%] [32mBuilding CXX object CMakeFiles/udemy_ros2_pkg__rosidl_typesupport_fastrtps_c.dir/rosidl_typesupport_fastrtps_c/udemy_ros2_pkg/srv/detail/turn_camera__type_support_c.cpp.o[0m
[ 52%] [32mBuilding CXX object CMakeFiles/udemy_ros2_pkg__rosidl_typesupport_fastrtps_c.dir/rosidl_typesupport_fastrtps_c/udemy_ros2_pkg/action/detail/navigate__type_support_c.cpp.o[0m
[ 53%] [32m[1mLinking C shared library libudemy_ros2_pkg__rosidl_typesupport_introspection_c.so[0m
[ 53%] Built target udemy_ros2_pkg__rosidl_typesupport_introspection_c
[ 55%] [32m[1mLinking CXX shared library libudemy_ros2_pkg__rosidl_typesupport_cpp.so[0m
[ 55%] Built target udemy_ros2_pkg__rosidl_typesupport_cpp
[ 56%] [32mBuilding CXX object CMakeFiles/action_client.dir/src/action_client.cpp.o[0m
[ 59%] [32mBuilding CXX object CMakeFiles/turn_camera_service.dir/src/turn_camera_service.cpp.o[0m
[ 61%] [32mBuilding CXX object CMakeFiles/service_client.dir/src/service_client.cpp.o[0m
[ 62%] [32mBuilding CXX object CMakeFiles/service_server.dir/src/service_server.cpp.o[0m
[ 64%] [32mBuilding CXX object CMakeFiles/turn_camera_client.dir/src/turn_camera_client.cpp.o[0m
[ 64%] [32mBuilding CXX object CMakeFiles/action_server.dir/src/action_server.cpp.o[0m
[ 65%] [32m[1mLinking CXX shared library libudemy_ros2_pkg__rosidl_typesupport_introspection_cpp.so[0m
[ 67%] [32m[1mLinking CXX shared library libudemy_ros2_pkg__rosidl_typesupport_fastrtps_cpp.so[0m
[ 67%] Built target udemy_ros2_pkg__rosidl_typesupport_introspection_cpp
[ 67%] Built target udemy_ros2_pkg__rosidl_typesupport_fastrtps_cpp
[ 68%] [32m[1mLinking CXX shared library libudemy_ros2_pkg__rosidl_typesupport_fastrtps_c.so[0m
[ 68%] Built target udemy_ros2_pkg__rosidl_typesupport_fastrtps_c
[ 68%] Built target udemy_ros2_pkg
[ 70%] [34m[1mGenerating Python code for ROS interfaces[0m
[ 70%] Built target udemy_ros2_pkg__py
[ 71%] [32mBuilding C object CMakeFiles/udemy_ros2_pkg__rosidl_generator_py.dir/rosidl_generator_py/udemy_ros2_pkg/srv/_odd_even_check_s.c.o[0m
[ 74%] [32mBuilding C object CMakeFiles/udemy_ros2_pkg__rosidl_generator_py.dir/rosidl_generator_py/udemy_ros2_pkg/action/_navigate_s.c.o[0m
[ 74%] [32mBuilding C object CMakeFiles/udemy_ros2_pkg__rosidl_generator_py.dir/rosidl_generator_py/udemy_ros2_pkg/srv/_turn_camera_s.c.o[0m
[ 76%] [32m[1mLinking C shared library rosidl_generator_py/udemy_ros2_pkg/libudemy_ros2_pkg__rosidl_generator_py.so[0m
[ 76%] Built target udemy_ros2_pkg__rosidl_generator_py
[ 77%] [32mBuilding C object CMakeFiles/udemy_ros2_pkg__rosidl_typesupport_c__pyext.dir/rosidl_generator_py/udemy_ros2_pkg/_udemy_ros2_pkg_s.ep.rosidl_typesupport_c.c.o[0m
[ 80%] [32mBuilding C object CMakeFiles/udemy_ros2_pkg__rosidl_typesupport_fastrtps_c__pyext.dir/rosidl_generator_py/udemy_ros2_pkg/_udemy_ros2_pkg_s.ep.rosidl_typesupport_fastrtps_c.c.o[0m
[ 80%] [32mBuilding C object CMakeFiles/udemy_ros2_pkg__rosidl_typesupport_introspection_c__pyext.dir/rosidl_generator_py/udemy_ros2_pkg/_udemy_ros2_pkg_s.ep.rosidl_typesupport_introspection_c.c.o[0m
[ 82%] [32m[1mLinking C shared library rosidl_generator_py/udemy_ros2_pkg/udemy_ros2_pkg_s__rosidl_typesupport_c.cpython-310-x86_64-linux-gnu.so[0m
[ 82%] Built target udemy_ros2_pkg__rosidl_typesupport_c__pyext
[ 83%] [32m[1mLinking C shared library rosidl_generator_py/udemy_ros2_pkg/udemy_ros2_pkg_s__rosidl_typesupport_fastrtps_c.cpython-310-x86_64-linux-gnu.so[0m
[ 85%] [32m[1mLinking C shared library rosidl_generator_py/udemy_ros2_pkg/udemy_ros2_pkg_s__rosidl_typesupport_introspection_c.cpython-310-x86_64-linux-gnu.so[0m
[ 85%] Built target udemy_ros2_pkg__rosidl_typesupport_introspection_c__pyext
[ 85%] Built target udemy_ros2_pkg__rosidl_typesupport_fastrtps_c__pyext
[ 86%] [32m[1mLinking CXX executable publisher[0m
[ 86%] Built target publisher
[ 88%] [32m[1mLinking CXX executable rpm_pub[0m
[ 89%] [32m[1mLinking CXX executable service_server[0m
[ 89%] Built target service_server
[ 89%] Built target rpm_pub
[ 91%] [32m[1mLinking CXX executable turn_camera_service[0m
[ 92%] [32m[1mLinking CXX executable service_client[0m
[ 92%] Built target turn_camera_service
[ 92%] Built target service_client
[ 94%] [32m[1mLinking CXX executable turn_camera_client[0m
[ 95%] [32m[1mLinking CXX executable action_client[0m
[ 95%] Built target action_client
[ 95%] Built target turn_camera_client
[ 97%] [32m[1mLinking CXX executable subscriber[0m
[ 97%] Built target subscriber
[ 98%] [32m[1mLinking CXX executable speed_calc[0m
[ 98%] Built target speed_calc
[100%] [32m[1mLinking CXX executable action_server[0m
[100%] Built target action_server
-- Install configuration: ""
-- Installing: /home/ingejohan/Workspaces/ros2_cpp_ws/src/udemy_ros2_pkg/install/udemy_ros2_pkg/share/ament_index/resource_index/rosidl_interfaces/udemy_ros2_pkg
-- Installing: /home/ingejohan/Workspaces/ros2_cpp_ws/src/udemy_ros2_pkg/install/udemy_ros2_pkg/include/udemy_ros2_pkg/udemy_ros2_pkg
-- Installing: /home/ingejohan/Workspaces/ros2_cpp_ws/src/udemy_ros2_pkg/install/udemy_ros2_pkg/include/udemy_ros2_pkg/udemy_ros2_pkg/action
-- Installing: /home/ingejohan/Workspaces/ros2_cpp_ws/src/udemy_ros2_pkg/install/udemy_ros2_pkg/include/udemy_ros2_pkg/udemy_ros2_pkg/action/navigate.h
-- Installing: /home/ingejohan/Workspaces/ros2_cpp_ws/src/udemy_ros2_pkg/install/udemy_ros2_pkg/include/udemy_ros2_pkg/udemy_ros2_pkg/action/detail
-- Installing: /home/ingejohan/Workspaces/ros2_cpp_ws/src/udemy_ros2_pkg/install/udemy_ros2_pkg/include/udemy_ros2_pkg/udemy_ros2_pkg/action/detail/navigate__struct.h
-- Installing: /home/ingejohan/Workspaces/ros2_cpp_ws/src/udemy_ros2_pkg/install/udemy_ros2_pkg/include/udemy_ros2_pkg/udemy_ros2_pkg/action/detail/navigate__functions.h
-- Installing: /home/ingejohan/Workspaces/ros2_cpp_ws/src/udemy_ros2_pkg/install/udemy_ros2_pkg/include/udemy_ros2_pkg/udemy_ros2_pkg/action/detail/navigate__type_support.h
-- Installing: /home/ingejohan/Workspaces/ros2_cpp_ws/src/udemy_ros2_pkg/install/udemy_ros2_pkg/include/udemy_ros2_pkg/udemy_ros2_pkg/action/detail/navigate__functions.c
-- Installing: /home/ingejohan/Workspaces/ros2_cpp_ws/src/udemy_ros2_pkg/install/udemy_ros2_pkg/include/udemy_ros2_pkg/udemy_ros2_pkg/srv
-- Installing: /home/ingejohan/Workspaces/ros2_cpp_ws/src/udemy_ros2_pkg/install/udemy_ros2_pkg/include/udemy_ros2_pkg/udemy_ros2_pkg/srv/odd_even_check.h
-- Installing: /home/ingejohan/Workspaces/ros2_cpp_ws/src/udemy_ros2_pkg/install/udemy_ros2_pkg/include/udemy_ros2_pkg/udemy_ros2_pkg/srv/turn_camera.h
-- Installing: /home/ingejohan/Workspaces/ros2_cpp_ws/src/udemy_ros2_pkg/install/udemy_ros2_pkg/include/udemy_ros2_pkg/udemy_ros2_pkg/srv/detail
-- Installing: /home/ingejohan/Workspaces/ros2_cpp_ws/src/udemy_ros2_pkg/install/udemy_ros2_pkg/include/udemy_ros2_pkg/udemy_ros2_pkg/srv/detail/odd_even_check__type_support.h
-- Installing: /home/ingejohan/Workspaces/ros2_cpp_ws/src/udemy_ros2_pkg/install/udemy_ros2_pkg/include/udemy_ros2_pkg/udemy_ros2_pkg/srv/detail/turn_camera__functions.c
-- Installing: /home/ingejohan/Workspaces/ros2_cpp_ws/src/udemy_ros2_pkg/install/udemy_ros2_pkg/include/udemy_ros2_pkg/udemy_ros2_pkg/srv/detail/turn_camera__type_support.h
-- Installing: /home/ingejohan/Workspaces/ros2_cpp_ws/src/udemy_ros2_pkg/install/udemy_ros2_pkg/include/udemy_ros2_pkg/udemy_ros2_pkg/srv/detail/odd_even_check__struct.h
-- Installing: /home/ingejohan/Workspaces/ros2_cpp_ws/src/udemy_ros2_pkg/install/udemy_ros2_pkg/include/udemy_ros2_pkg/udemy_ros2_pkg/srv/detail/turn_camera__functions.h
-- Installing: /home/ingejohan/Workspaces/ros2_cpp_ws/src/udemy_ros2_pkg/install/udemy_ros2_pkg/include/udemy_ros2_pkg/udemy_ros2_pkg/srv/detail/turn_camera__struct.h
-- Installing: /home/ingejohan/Workspaces/ros2_cpp_ws/src/udemy_ros2_pkg/install/udemy_ros2_pkg/include/udemy_ros2_pkg/udemy_ros2_pkg/srv/detail/odd_even_check__functions.c
-- Installing: /home/ingejohan/Workspaces/ros2_cpp_ws/src/udemy_ros2_pkg/install/udemy_ros2_pkg/include/udemy_ros2_pkg/udemy_ros2_pkg/srv/detail/odd_even_check__functions.h
-- Installing: /home/ingejohan/Workspaces/ros2_cpp_ws/src/udemy_ros2_pkg/install/udemy_ros2_pkg/include/udemy_ros2_pkg/udemy_ros2_pkg/msg
-- Installing: /home/ingejohan/Workspaces/ros2_cpp_ws/src/udemy_ros2_pkg/install/udemy_ros2_pkg/include/udemy_ros2_pkg/udemy_ros2_pkg/msg/rosidl_generator_c__visibility_control.h
-- Installing: /home/ingejohan/Workspaces/ros2_cpp_ws/src/udemy_ros2_pkg/install/udemy_ros2_pkg/share/udemy_ros2_pkg/environment/library_path.sh
-- Installing: /home/ingejohan/Workspaces/ros2_cpp_ws/src/udemy_ros2_pkg/install/udemy_ros2_pkg/share/udemy_ros2_pkg/environment/library_path.dsv
-- Installing: /home/ingejohan/Workspaces/ros2_cpp_ws/src/udemy_ros2_pkg/install/udemy_ros2_pkg/lib/libudemy_ros2_pkg__rosidl_generator_c.so
-- Set runtime path of "/home/ingejohan/Workspaces/ros2_cpp_ws/src/udemy_ros2_pkg/install/udemy_ros2_pkg/lib/libudemy_ros2_pkg__rosidl_generator_c.so" to ""
-- Up-to-date: /home/ingejohan/Workspaces/ros2_cpp_ws/src/udemy_ros2_pkg/install/udemy_ros2_pkg/include/udemy_ros2_pkg/udemy_ros2_pkg
-- Up-to-date: /home/ingejohan/Workspaces/ros2_cpp_ws/src/udemy_ros2_pkg/install/udemy_ros2_pkg/include/udemy_ros2_pkg/udemy_ros2_pkg/action
-- Up-to-date: /home/ingejohan/Workspaces/ros2_cpp_ws/src/udemy_ros2_pkg/install/udemy_ros2_pkg/include/udemy_ros2_pkg/udemy_ros2_pkg/action/detail
-- Installing: /home/ingejohan/Workspaces/ros2_cpp_ws/src/udemy_ros2_pkg/install/udemy_ros2_pkg/include/udemy_ros2_pkg/udemy_ros2_pkg/action/detail/navigate__rosidl_typesupport_fastrtps_c.h
-- Up-to-date: /home/ingejohan/Workspaces/ros2_cpp_ws/src/udemy_ros2_pkg/install/udemy_ros2_pkg/include/udemy_ros2_pkg/udemy_ros2_pkg/srv
-- Up-to-date: /home/ingejohan/Workspaces/ros2_cpp_ws/src/udemy_ros2_pkg/install/udemy_ros2_pkg/include/udemy_ros2_pkg/udemy_ros2_pkg/srv/detail
-- Installing: /home/ingejohan/Workspaces/ros2_cpp_ws/src/udemy_ros2_pkg/install/udemy_ros2_pkg/include/udemy_ros2_pkg/udemy_ros2_pkg/srv/detail/turn_camera__rosidl_typesupport_fastrtps_c.h
-- Installing: /home/ingejohan/Workspaces/ros2_cpp_ws/src/udemy_ros2_pkg/install/udemy_ros2_pkg/include/udemy_ros2_pkg/udemy_ros2_pkg/srv/detail/odd_even_check__rosidl_typesupport_fastrtps_c.h
-- Up-to-date: /home/ingejohan/Workspaces/ros2_cpp_ws/src/udemy_ros2_pkg/install/udemy_ros2_pkg/include/udemy_ros2_pkg/udemy_ros2_pkg/msg
-- Installing: /home/ingejohan/Workspaces/ros2_cpp_ws/src/udemy_ros2_pkg/install/udemy_ros2_pkg/include/udemy_ros2_pkg/udemy_ros2_pkg/msg/rosidl_typesupport_fastrtps_c__visibility_control.h
-- Installing: /home/ingejohan/Workspaces/ros2_cpp_ws/src/udemy_ros2_pkg/install/udemy_ros2_pkg/lib/libudemy_ros2_pkg__rosidl_typesupport_fastrtps_c.so
-- Set runtime path of "/home/ingejohan/Workspaces/ros2_cpp_ws/src/udemy_ros2_pkg/install/udemy_ros2_pkg/lib/libudemy_ros2_pkg__rosidl_typesupport_fastrtps_c.so" to ""
-- Up-to-date: /home/ingejohan/Workspaces/ros2_cpp_ws/src/udemy_ros2_pkg/install/udemy_ros2_pkg/include/udemy_ros2_pkg/udemy_ros2_pkg
-- Up-to-date: /home/ingejohan/Workspaces/ros2_cpp_ws/src/udemy_ros2_pkg/install/udemy_ros2_pkg/include/udemy_ros2_pkg/udemy_ros2_pkg/action
-- Installing: /home/ingejohan/Workspaces/ros2_cpp_ws/src/udemy_ros2_pkg/install/udemy_ros2_pkg/include/udemy_ros2_pkg/udemy_ros2_pkg/action/navigate.hpp
-- Up-to-date: /home/ingejohan/Workspaces/ros2_cpp_ws/src/udemy_ros2_pkg/install/udemy_ros2_pkg/include/udemy_ros2_pkg/udemy_ros2_pkg/action/detail
-- Installing: /home/ingejohan/Workspaces/ros2_cpp_ws/src/udemy_ros2_pkg/install/udemy_ros2_pkg/include/udemy_ros2_pkg/udemy_ros2_pkg/action/detail/navigate__builder.hpp
-- Installing: /home/ingejohan/Workspaces/ros2_cpp_ws/src/udemy_ros2_pkg/install/udemy_ros2_pkg/include/udemy_ros2_pkg/udemy_ros2_pkg/action/detail/navigate__struct.hpp
-- Installing: /home/ingejohan/Workspaces/ros2_cpp_ws/src/udemy_ros2_pkg/install/udemy_ros2_pkg/include/udemy_ros2_pkg/udemy_ros2_pkg/action/detail/navigate__traits.hpp
-- Up-to-date: /home/ingejohan/Workspaces/ros2_cpp_ws/src/udemy_ros2_pkg/install/udemy_ros2_pkg/include/udemy_ros2_pkg/udemy_ros2_pkg/srv
-- Installing: /home/ingejohan/Workspaces/ros2_cpp_ws/src/udemy_ros2_pkg/install/udemy_ros2_pkg/include/udemy_ros2_pkg/udemy_ros2_pkg/srv/turn_camera.hpp
-- Installing: /home/ingejohan/Workspaces/ros2_cpp_ws/src/udemy_ros2_pkg/install/udemy_ros2_pkg/include/udemy_ros2_pkg/udemy_ros2_pkg/srv/odd_even_check.hpp
-- Up-to-date: /home/ingejohan/Workspaces/ros2_cpp_ws/src/udemy_ros2_pkg/install/udemy_ros2_pkg/include/udemy_ros2_pkg/udemy_ros2_pkg/srv/detail
-- Installing: /home/ingejohan/Workspaces/ros2_cpp_ws/src/udemy_ros2_pkg/install/udemy_ros2_pkg/include/udemy_ros2_pkg/udemy_ros2_pkg/srv/detail/odd_even_check__struct.hpp
-- Installing: /home/ingejohan/Workspaces/ros2_cpp_ws/src/udemy_ros2_pkg/install/udemy_ros2_pkg/include/udemy_ros2_pkg/udemy_ros2_pkg/srv/detail/odd_even_check__traits.hpp
-- Installing: /home/ingejohan/Workspaces/ros2_cpp_ws/src/udemy_ros2_pkg/install/udemy_ros2_pkg/include/udemy_ros2_pkg/udemy_ros2_pkg/srv/detail/odd_even_check__builder.hpp
-- Installing: /home/ingejohan/Workspaces/ros2_cpp_ws/src/udemy_ros2_pkg/install/udemy_ros2_pkg/include/udemy_ros2_pkg/udemy_ros2_pkg/srv/detail/turn_camera__builder.hpp
-- Installing: /home/ingejohan/Workspaces/ros2_cpp_ws/src/udemy_ros2_pkg/install/udemy_ros2_pkg/include/udemy_ros2_pkg/udemy_ros2_pkg/srv/detail/turn_camera__struct.hpp
-- Installing: /home/ingejohan/Workspaces/ros2_cpp_ws/src/udemy_ros2_pkg/install/udemy_ros2_pkg/include/udemy_ros2_pkg/udemy_ros2_pkg/srv/detail/turn_camera__traits.hpp
-- Up-to-date: /home/ingejohan/Workspaces/ros2_cpp_ws/src/udemy_ros2_pkg/install/udemy_ros2_pkg/include/udemy_ros2_pkg/udemy_ros2_pkg
-- Up-to-date: /home/ingejohan/Workspaces/ros2_cpp_ws/src/udemy_ros2_pkg/install/udemy_ros2_pkg/include/udemy_ros2_pkg/udemy_ros2_pkg/action
-- Up-to-date: /home/ingejohan/Workspaces/ros2_cpp_ws/src/udemy_ros2_pkg/install/udemy_ros2_pkg/include/udemy_ros2_pkg/udemy_ros2_pkg/action/detail
-- Installing: /home/ingejohan/Workspaces/ros2_cpp_ws/src/udemy_ros2_pkg/install/udemy_ros2_pkg/include/udemy_ros2_pkg/udemy_ros2_pkg/action/detail/navigate__rosidl_typesupport_fastrtps_cpp.hpp
-- Installing: /home/ingejohan/Workspaces/ros2_cpp_ws/src/udemy_ros2_pkg/install/udemy_ros2_pkg/include/udemy_ros2_pkg/udemy_ros2_pkg/action/detail/dds_fastrtps
-- Up-to-date: /home/ingejohan/Workspaces/ros2_cpp_ws/src/udemy_ros2_pkg/install/udemy_ros2_pkg/include/udemy_ros2_pkg/udemy_ros2_pkg/srv
-- Up-to-date: /home/ingejohan/Workspaces/ros2_cpp_ws/src/udemy_ros2_pkg/install/udemy_ros2_pkg/include/udemy_ros2_pkg/udemy_ros2_pkg/srv/detail
-- Installing: /home/ingejohan/Workspaces/ros2_cpp_ws/src/udemy_ros2_pkg/install/udemy_ros2_pkg/include/udemy_ros2_pkg/udemy_ros2_pkg/srv/detail/odd_even_check__rosidl_typesupport_fastrtps_cpp.hpp
-- Installing: /home/ingejohan/Workspaces/ros2_cpp_ws/src/udemy_ros2_pkg/install/udemy_ros2_pkg/include/udemy_ros2_pkg/udemy_ros2_pkg/srv/detail/turn_camera__rosidl_typesupport_fastrtps_cpp.hpp
-- Installing: /home/ingejohan/Workspaces/ros2_cpp_ws/src/udemy_ros2_pkg/install/udemy_ros2_pkg/include/udemy_ros2_pkg/udemy_ros2_pkg/srv/detail/dds_fastrtps
-- Up-to-date: /home/ingejohan/Workspaces/ros2_cpp_ws/src/udemy_ros2_pkg/install/udemy_ros2_pkg/include/udemy_ros2_pkg/udemy_ros2_pkg/msg
-- Installing: /home/ingejohan/Workspaces/ros2_cpp_ws/src/udemy_ros2_pkg/install/udemy_ros2_pkg/include/udemy_ros2_pkg/udemy_ros2_pkg/msg/rosidl_typesupport_fastrtps_cpp__visibility_control.h
-- Installing: /home/ingejohan/Workspaces/ros2_cpp_ws/src/udemy_ros2_pkg/install/udemy_ros2_pkg/lib/libudemy_ros2_pkg__rosidl_typesupport_fastrtps_cpp.so
-- Set runtime path of "/home/ingejohan/Workspaces/ros2_cpp_ws/src/udemy_ros2_pkg/install/udemy_ros2_pkg/lib/libudemy_ros2_pkg__rosidl_typesupport_fastrtps_cpp.so" to ""
-- Up-to-date: /home/ingejohan/Workspaces/ros2_cpp_ws/src/udemy_ros2_pkg/install/udemy_ros2_pkg/include/udemy_ros2_pkg/udemy_ros2_pkg
-- Up-to-date: /home/ingejohan/Workspaces/ros2_cpp_ws/src/udemy_ros2_pkg/install/udemy_ros2_pkg/include/udemy_ros2_pkg/udemy_ros2_pkg/action
-- Up-to-date: /home/ingejohan/Workspaces/ros2_cpp_ws/src/udemy_ros2_pkg/install/udemy_ros2_pkg/include/udemy_ros2_pkg/udemy_ros2_pkg/action/detail
-- Installing: /home/ingejohan/Workspaces/ros2_cpp_ws/src/udemy_ros2_pkg/install/udemy_ros2_pkg/include/udemy_ros2_pkg/udemy_ros2_pkg/action/detail/navigate__type_support.c
-- Installing: /home/ingejohan/Workspaces/ros2_cpp_ws/src/udemy_ros2_pkg/install/udemy_ros2_pkg/include/udemy_ros2_pkg/udemy_ros2_pkg/action/detail/navigate__rosidl_typesupport_introspection_c.h
-- Up-to-date: /home/ingejohan/Workspaces/ros2_cpp_ws/src/udemy_ros2_pkg/install/udemy_ros2_pkg/include/udemy_ros2_pkg/udemy_ros2_pkg/srv
-- Up-to-date: /home/ingejohan/Workspaces/ros2_cpp_ws/src/udemy_ros2_pkg/install/udemy_ros2_pkg/include/udemy_ros2_pkg/udemy_ros2_pkg/srv/detail
-- Installing: /home/ingejohan/Workspaces/ros2_cpp_ws/src/udemy_ros2_pkg/install/udemy_ros2_pkg/include/udemy_ros2_pkg/udemy_ros2_pkg/srv/detail/odd_even_check__rosidl_typesupport_introspection_c.h
-- Installing: /home/ingejohan/Workspaces/ros2_cpp_ws/src/udemy_ros2_pkg/install/udemy_ros2_pkg/include/udemy_ros2_pkg/udemy_ros2_pkg/srv/detail/turn_camera__type_support.c
-- Installing: /home/ingejohan/Workspaces/ros2_cpp_ws/src/udemy_ros2_pkg/install/udemy_ros2_pkg/include/udemy_ros2_pkg/udemy_ros2_pkg/srv/detail/odd_even_check__type_support.c
-- Installing: /home/ingejohan/Workspaces/ros2_cpp_ws/src/udemy_ros2_pkg/install/udemy_ros2_pkg/include/udemy_ros2_pkg/udemy_ros2_pkg/srv/detail/turn_camera__rosidl_typesupport_introspection_c.h
-- Up-to-date: /home/ingejohan/Workspaces/ros2_cpp_ws/src/udemy_ros2_pkg/install/udemy_ros2_pkg/include/udemy_ros2_pkg/udemy_ros2_pkg/msg
-- Installing: /home/ingejohan/Workspaces/ros2_cpp_ws/src/udemy_ros2_pkg/install/udemy_ros2_pkg/include/udemy_ros2_pkg/udemy_ros2_pkg/msg/rosidl_typesupport_introspection_c__visibility_control.h
-- Installing: /home/ingejohan/Workspaces/ros2_cpp_ws/src/udemy_ros2_pkg/install/udemy_ros2_pkg/lib/libudemy_ros2_pkg__rosidl_typesupport_introspection_c.so
-- Set runtime path of "/home/ingejohan/Workspaces/ros2_cpp_ws/src/udemy_ros2_pkg/install/udemy_ros2_pkg/lib/libudemy_ros2_pkg__rosidl_typesupport_introspection_c.so" to ""
-- Installing: /home/ingejohan/Workspaces/ros2_cpp_ws/src/udemy_ros2_pkg/install/udemy_ros2_pkg/lib/libudemy_ros2_pkg__rosidl_typesupport_c.so
-- Set runtime path of "/home/ingejohan/Workspaces/ros2_cpp_ws/src/udemy_ros2_pkg/install/udemy_ros2_pkg/lib/libudemy_ros2_pkg__rosidl_typesupport_c.so" to ""
-- Up-to-date: /home/ingejohan/Workspaces/ros2_cpp_ws/src/udemy_ros2_pkg/install/udemy_ros2_pkg/include/udemy_ros2_pkg/udemy_ros2_pkg
-- Up-to-date: /home/ingejohan/Workspaces/ros2_cpp_ws/src/udemy_ros2_pkg/install/udemy_ros2_pkg/include/udemy_ros2_pkg/udemy_ros2_pkg/action
-- Up-to-date: /home/ingejohan/Workspaces/ros2_cpp_ws/src/udemy_ros2_pkg/install/udemy_ros2_pkg/include/udemy_ros2_pkg/udemy_ros2_pkg/action/detail
-- Installing: /home/ingejohan/Workspaces/ros2_cpp_ws/src/udemy_ros2_pkg/install/udemy_ros2_pkg/include/udemy_ros2_pkg/udemy_ros2_pkg/action/detail/navigate__rosidl_typesupport_introspection_cpp.hpp
-- Installing: /home/ingejohan/Workspaces/ros2_cpp_ws/src/udemy_ros2_pkg/install/udemy_ros2_pkg/include/udemy_ros2_pkg/udemy_ros2_pkg/action/detail/navigate__type_support.cpp
-- Up-to-date: /home/ingejohan/Workspaces/ros2_cpp_ws/src/udemy_ros2_pkg/install/udemy_ros2_pkg/include/udemy_ros2_pkg/udemy_ros2_pkg/srv
-- Up-to-date: /home/ingejohan/Workspaces/ros2_cpp_ws/src/udemy_ros2_pkg/install/udemy_ros2_pkg/include/udemy_ros2_pkg/udemy_ros2_pkg/srv/detail
-- Installing: /home/ingejohan/Workspaces/ros2_cpp_ws/src/udemy_ros2_pkg/install/udemy_ros2_pkg/include/udemy_ros2_pkg/udemy_ros2_pkg/srv/detail/turn_camera__rosidl_typesupport_introspection_cpp.hpp
-- Installing: /home/ingejohan/Workspaces/ros2_cpp_ws/src/udemy_ros2_pkg/install/udemy_ros2_pkg/include/udemy_ros2_pkg/udemy_ros2_pkg/srv/detail/odd_even_check__type_support.cpp
-- Installing: /home/ingejohan/Workspaces/ros2_cpp_ws/src/udemy_ros2_pkg/install/udemy_ros2_pkg/include/udemy_ros2_pkg/udemy_ros2_pkg/srv/detail/odd_even_check__rosidl_typesupport_introspection_cpp.hpp
-- Installing: /home/ingejohan/Workspaces/ros2_cpp_ws/src/udemy_ros2_pkg/install/udemy_ros2_pkg/include/udemy_ros2_pkg/udemy_ros2_pkg/srv/detail/turn_camera__type_support.cpp
-- Installing: /home/ingejohan/Workspaces/ros2_cpp_ws/src/udemy_ros2_pkg/install/udemy_ros2_pkg/lib/libudemy_ros2_pkg__rosidl_typesupport_introspection_cpp.so
-- Set runtime path of "/home/ingejohan/Workspaces/ros2_cpp_ws/src/udemy_ros2_pkg/install/udemy_ros2_pkg/lib/libudemy_ros2_pkg__rosidl_typesupport_introspection_cpp.so" to ""
-- Installing: /home/ingejohan/Workspaces/ros2_cpp_ws/src/udemy_ros2_pkg/install/udemy_ros2_pkg/lib/libudemy_ros2_pkg__rosidl_typesupport_cpp.so
-- Set runtime path of "/home/ingejohan/Workspaces/ros2_cpp_ws/src/udemy_ros2_pkg/install/udemy_ros2_pkg/lib/libudemy_ros2_pkg__rosidl_typesupport_cpp.so" to ""
-- Installing: /home/ingejohan/Workspaces/ros2_cpp_ws/src/udemy_ros2_pkg/install/udemy_ros2_pkg/share/udemy_ros2_pkg/environment/pythonpath.sh
-- Installing: /home/ingejohan/Workspaces/ros2_cpp_ws/src/udemy_ros2_pkg/install/udemy_ros2_pkg/share/udemy_ros2_pkg/environment/pythonpath.dsv
-- Installing: /home/ingejohan/Workspaces/ros2_cpp_ws/src/udemy_ros2_pkg/install/udemy_ros2_pkg/local/lib/python3.10/dist-packages/udemy_ros2_pkg-0.0.0-py3.10.egg-info
-- Installing: /home/ingejohan/Workspaces/ros2_cpp_ws/src/udemy_ros2_pkg/install/udemy_ros2_pkg/local/lib/python3.10/dist-packages/udemy_ros2_pkg-0.0.0-py3.10.egg-info/PKG-INFO
-- Installing: /home/ingejohan/Workspaces/ros2_cpp_ws/src/udemy_ros2_pkg/install/udemy_ros2_pkg/local/lib/python3.10/dist-packages/udemy_ros2_pkg-0.0.0-py3.10.egg-info/dependency_links.txt
-- Installing: /home/ingejohan/Workspaces/ros2_cpp_ws/src/udemy_ros2_pkg/install/udemy_ros2_pkg/local/lib/python3.10/dist-packages/udemy_ros2_pkg-0.0.0-py3.10.egg-info/top_level.txt
-- Installing: /home/ingejohan/Workspaces/ros2_cpp_ws/src/udemy_ros2_pkg/install/udemy_ros2_pkg/local/lib/python3.10/dist-packages/udemy_ros2_pkg-0.0.0-py3.10.egg-info/SOURCES.txt
-- Installing: /home/ingejohan/Workspaces/ros2_cpp_ws/src/udemy_ros2_pkg/install/udemy_ros2_pkg/local/lib/python3.10/dist-packages/udemy_ros2_pkg
-- Installing: /home/ingejohan/Workspaces/ros2_cpp_ws/src/udemy_ros2_pkg/install/udemy_ros2_pkg/local/lib/python3.10/dist-packages/udemy_ros2_pkg/udemy_ros2_pkg_s__rosidl_typesupport_introspection_c.cpython-310-x86_64-linux-gnu.so
-- Installing: /home/ingejohan/Workspaces/ros2_cpp_ws/src/udemy_ros2_pkg/install/udemy_ros2_pkg/local/lib/python3.10/dist-packages/udemy_ros2_pkg/_udemy_ros2_pkg_s.ep.rosidl_typesupport_c.c
-- Installing: /home/ingejohan/Workspaces/ros2_cpp_ws/src/udemy_ros2_pkg/install/udemy_ros2_pkg/local/lib/python3.10/dist-packages/udemy_ros2_pkg/libudemy_ros2_pkg__rosidl_generator_py.so
-- Installing: /home/ingejohan/Workspaces/ros2_cpp_ws/src/udemy_ros2_pkg/install/udemy_ros2_pkg/local/lib/python3.10/dist-packages/udemy_ros2_pkg/action
-- Installing: /home/ingejohan/Workspaces/ros2_cpp_ws/src/udemy_ros2_pkg/install/udemy_ros2_pkg/local/lib/python3.10/dist-packages/udemy_ros2_pkg/action/_navigate_s.c
-- Installing: /home/ingejohan/Workspaces/ros2_cpp_ws/src/udemy_ros2_pkg/install/udemy_ros2_pkg/local/lib/python3.10/dist-packages/udemy_ros2_pkg/action/_navigate.py
-- Installing: /home/ingejohan/Workspaces/ros2_cpp_ws/src/udemy_ros2_pkg/install/udemy_ros2_pkg/local/lib/python3.10/dist-packages/udemy_ros2_pkg/action/__init__.py
-- Installing: /home/ingejohan/Workspaces/ros2_cpp_ws/src/udemy_ros2_pkg/install/udemy_ros2_pkg/local/lib/python3.10/dist-packages/udemy_ros2_pkg/_udemy_ros2_pkg_s.ep.rosidl_typesupport_fastrtps_c.c
-- Installing: /home/ingejohan/Workspaces/ros2_cpp_ws/src/udemy_ros2_pkg/install/udemy_ros2_pkg/local/lib/python3.10/dist-packages/udemy_ros2_pkg/udemy_ros2_pkg_s__rosidl_typesupport_fastrtps_c.cpython-310-x86_64-linux-gnu.so
-- Installing: /home/ingejohan/Workspaces/ros2_cpp_ws/src/udemy_ros2_pkg/install/udemy_ros2_pkg/local/lib/python3.10/dist-packages/udemy_ros2_pkg/_udemy_ros2_pkg_s.ep.rosidl_typesupport_introspection_c.c
-- Installing: /home/ingejohan/Workspaces/ros2_cpp_ws/src/udemy_ros2_pkg/install/udemy_ros2_pkg/local/lib/python3.10/dist-packages/udemy_ros2_pkg/srv
-- Installing: /home/ingejohan/Workspaces/ros2_cpp_ws/src/udemy_ros2_pkg/install/udemy_ros2_pkg/local/lib/python3.10/dist-packages/udemy_ros2_pkg/srv/_turn_camera.py
-- Installing: /home/ingejohan/Workspaces/ros2_cpp_ws/src/udemy_ros2_pkg/install/udemy_ros2_pkg/local/lib/python3.10/dist-packages/udemy_ros2_pkg/srv/_odd_even_check_s.c
-- Installing: /home/ingejohan/Workspaces/ros2_cpp_ws/src/udemy_ros2_pkg/install/udemy_ros2_pkg/local/lib/python3.10/dist-packages/udemy_ros2_pkg/srv/_turn_camera_s.c
-- Installing: /home/ingejohan/Workspaces/ros2_cpp_ws/src/udemy_ros2_pkg/install/udemy_ros2_pkg/local/lib/python3.10/dist-packages/udemy_ros2_pkg/srv/_odd_even_check.py
-- Installing: /home/ingejohan/Workspaces/ros2_cpp_ws/src/udemy_ros2_pkg/install/udemy_ros2_pkg/local/lib/python3.10/dist-packages/udemy_ros2_pkg/srv/__init__.py
-- Installing: /home/ingejohan/Workspaces/ros2_cpp_ws/src/udemy_ros2_pkg/install/udemy_ros2_pkg/local/lib/python3.10/dist-packages/udemy_ros2_pkg/udemy_ros2_pkg_s__rosidl_typesupport_c.cpython-310-x86_64-linux-gnu.so
-- Installing: /home/ingejohan/Workspaces/ros2_cpp_ws/src/udemy_ros2_pkg/install/udemy_ros2_pkg/local/lib/python3.10/dist-packages/udemy_ros2_pkg/__init__.py
Listing '/home/ingejohan/Workspaces/ros2_cpp_ws/src/udemy_ros2_pkg/install/udemy_ros2_pkg/local/lib/python3.10/dist-packages/udemy_ros2_pkg'...
Compiling '/home/ingejohan/Workspaces/ros2_cpp_ws/src/udemy_ros2_pkg/install/udemy_ros2_pkg/local/lib/python3.10/dist-packages/udemy_ros2_pkg/__init__.py'...
Listing '/home/ingejohan/Workspaces/ros2_cpp_ws/src/udemy_ros2_pkg/install/udemy_ros2_pkg/local/lib/python3.10/dist-packages/udemy_ros2_pkg/action'...
Compiling '/home/ingejohan/Workspaces/ros2_cpp_ws/src/udemy_ros2_pkg/install/udemy_ros2_pkg/local/lib/python3.10/dist-packages/udemy_ros2_pkg/action/__init__.py'...
Compiling '/home/ingejohan/Workspaces/ros2_cpp_ws/src/udemy_ros2_pkg/install/udemy_ros2_pkg/local/lib/python3.10/dist-packages/udemy_ros2_pkg/action/_navigate.py'...
Listing '/home/ingejohan/Workspaces/ros2_cpp_ws/src/udemy_ros2_pkg/install/udemy_ros2_pkg/local/lib/python3.10/dist-packages/udemy_ros2_pkg/srv'...
Compiling '/home/ingejohan/Workspaces/ros2_cpp_ws/src/udemy_ros2_pkg/install/udemy_ros2_pkg/local/lib/python3.10/dist-packages/udemy_ros2_pkg/srv/__init__.py'...
Compiling '/home/ingejohan/Workspaces/ros2_cpp_ws/src/udemy_ros2_pkg/install/udemy_ros2_pkg/local/lib/python3.10/dist-packages/udemy_ros2_pkg/srv/_odd_even_check.py'...
Compiling '/home/ingejohan/Workspaces/ros2_cpp_ws/src/udemy_ros2_pkg/install/udemy_ros2_pkg/local/lib/python3.10/dist-packages/udemy_ros2_pkg/srv/_turn_camera.py'...
-- Installing: /home/ingejohan/Workspaces/ros2_cpp_ws/src/udemy_ros2_pkg/install/udemy_ros2_pkg/local/lib/python3.10/dist-packages/udemy_ros2_pkg/udemy_ros2_pkg_s__rosidl_typesupport_fastrtps_c.cpython-310-x86_64-linux-gnu.so
-- Set runtime path of "/home/ingejohan/Workspaces/ros2_cpp_ws/src/udemy_ros2_pkg/install/udemy_ros2_pkg/local/lib/python3.10/dist-packages/udemy_ros2_pkg/udemy_ros2_pkg_s__rosidl_typesupport_fastrtps_c.cpython-310-x86_64-linux-gnu.so" to ""
-- Installing: /home/ingejohan/Workspaces/ros2_cpp_ws/src/udemy_ros2_pkg/install/udemy_ros2_pkg/local/lib/python3.10/dist-packages/udemy_ros2_pkg/udemy_ros2_pkg_s__rosidl_typesupport_introspection_c.cpython-310-x86_64-linux-gnu.so
-- Set runtime path of "/home/ingejohan/Workspaces/ros2_cpp_ws/src/udemy_ros2_pkg/install/udemy_ros2_pkg/local/lib/python3.10/dist-packages/udemy_ros2_pkg/udemy_ros2_pkg_s__rosidl_typesupport_introspection_c.cpython-310-x86_64-linux-gnu.so" to ""
-- Installing: /home/ingejohan/Workspaces/ros2_cpp_ws/src/udemy_ros2_pkg/install/udemy_ros2_pkg/local/lib/python3.10/dist-packages/udemy_ros2_pkg/udemy_ros2_pkg_s__rosidl_typesupport_c.cpython-310-x86_64-linux-gnu.so
-- Set runtime path of "/home/ingejohan/Workspaces/ros2_cpp_ws/src/udemy_ros2_pkg/install/udemy_ros2_pkg/local/lib/python3.10/dist-packages/udemy_ros2_pkg/udemy_ros2_pkg_s__rosidl_typesupport_c.cpython-310-x86_64-linux-gnu.so" to ""
-- Installing: /home/ingejohan/Workspaces/ros2_cpp_ws/src/udemy_ros2_pkg/install/udemy_ros2_pkg/lib/libudemy_ros2_pkg__rosidl_generator_py.so
-- Set runtime path of "/home/ingejohan/Workspaces/ros2_cpp_ws/src/udemy_ros2_pkg/install/udemy_ros2_pkg/lib/libudemy_ros2_pkg__rosidl_generator_py.so" to ""
-- Installing: /home/ingejohan/Workspaces/ros2_cpp_ws/src/udemy_ros2_pkg/install/udemy_ros2_pkg/share/udemy_ros2_pkg/srv/OddEvenCheck.idl
-- Installing: /home/ingejohan/Workspaces/ros2_cpp_ws/src/udemy_ros2_pkg/install/udemy_ros2_pkg/share/udemy_ros2_pkg/srv/TurnCamera.idl
-- Installing: /home/ingejohan/Workspaces/ros2_cpp_ws/src/udemy_ros2_pkg/install/udemy_ros2_pkg/share/udemy_ros2_pkg/action/Navigate.idl
-- Installing: /home/ingejohan/Workspaces/ros2_cpp_ws/src/udemy_ros2_pkg/install/udemy_ros2_pkg/share/udemy_ros2_pkg/srv/OddEvenCheck.srv
-- Installing: /home/ingejohan/Workspaces/ros2_cpp_ws/src/udemy_ros2_pkg/install/udemy_ros2_pkg/share/udemy_ros2_pkg/srv/OddEvenCheck_Request.msg
-- Installing: /home/ingejohan/Workspaces/ros2_cpp_ws/src/udemy_ros2_pkg/install/udemy_ros2_pkg/share/udemy_ros2_pkg/srv/OddEvenCheck_Response.msg
-- Installing: /home/ingejohan/Workspaces/ros2_cpp_ws/src/udemy_ros2_pkg/install/udemy_ros2_pkg/share/udemy_ros2_pkg/srv/TurnCamera.srv
-- Installing: /home/ingejohan/Workspaces/ros2_cpp_ws/src/udemy_ros2_pkg/install/udemy_ros2_pkg/share/udemy_ros2_pkg/srv/TurnCamera_Request.msg
-- Installing: /home/ingejohan/Workspaces/ros2_cpp_ws/src/udemy_ros2_pkg/install/udemy_ros2_pkg/share/udemy_ros2_pkg/srv/TurnCamera_Response.msg
-- Installing: /home/ingejohan/Workspaces/ros2_cpp_ws/src/udemy_ros2_pkg/install/udemy_ros2_pkg/share/udemy_ros2_pkg/action/Navigate.action
-- Installing: /home/ingejohan/Workspaces/ros2_cpp_ws/src/udemy_ros2_pkg/install/udemy_ros2_pkg/lib/udemy_ros2_pkg/publisher
-- Set runtime path of "/home/ingejohan/Workspaces/ros2_cpp_ws/src/udemy_ros2_pkg/install/udemy_ros2_pkg/lib/udemy_ros2_pkg/publisher" to ""
-- Installing: /home/ingejohan/Workspaces/ros2_cpp_ws/src/udemy_ros2_pkg/install/udemy_ros2_pkg/lib/udemy_ros2_pkg/subscriber
-- Set runtime path of "/home/ingejohan/Workspaces/ros2_cpp_ws/src/udemy_ros2_pkg/install/udemy_ros2_pkg/lib/udemy_ros2_pkg/subscriber" to ""
-- Installing: /home/ingejohan/Workspaces/ros2_cpp_ws/src/udemy_ros2_pkg/install/udemy_ros2_pkg/lib/udemy_ros2_pkg/rpm_pub
-- Set runtime path of "/home/ingejohan/Workspaces/ros2_cpp_ws/src/udemy_ros2_pkg/install/udemy_ros2_pkg/lib/udemy_ros2_pkg/rpm_pub" to ""
-- Installing: /home/ingejohan/Workspaces/ros2_cpp_ws/src/udemy_ros2_pkg/install/udemy_ros2_pkg/lib/udemy_ros2_pkg/speed_calc
-- Set runtime path of "/home/ingejohan/Workspaces/ros2_cpp_ws/src/udemy_ros2_pkg/install/udemy_ros2_pkg/lib/udemy_ros2_pkg/speed_calc" to ""
-- Installing: /home/ingejohan/Workspaces/ros2_cpp_ws/src/udemy_ros2_pkg/install/udemy_ros2_pkg/lib/udemy_ros2_pkg/service_server
-- Set runtime path of "/home/ingejohan/Workspaces/ros2_cpp_ws/src/udemy_ros2_pkg/install/udemy_ros2_pkg/lib/udemy_ros2_pkg/service_server" to ""
-- Installing: /home/ingejohan/Workspaces/ros2_cpp_ws/src/udemy_ros2_pkg/install/udemy_ros2_pkg/lib/udemy_ros2_pkg/service_client
-- Set runtime path of "/home/ingejohan/Workspaces/ros2_cpp_ws/src/udemy_ros2_pkg/install/udemy_ros2_pkg/lib/udemy_ros2_pkg/service_client" to ""
-- Installing: /home/ingejohan/Workspaces/ros2_cpp_ws/src/udemy_ros2_pkg/install/udemy_ros2_pkg/lib/udemy_ros2_pkg/turn_camera_service
-- Set runtime path of "/home/ingejohan/Workspaces/ros2_cpp_ws/src/udemy_ros2_pkg/install/udemy_ros2_pkg/lib/udemy_ros2_pkg/turn_camera_service" to ""
-- Installing: /home/ingejohan/Workspaces/ros2_cpp_ws/src/udemy_ros2_pkg/install/udemy_ros2_pkg/lib/udemy_ros2_pkg/turn_camera_client
-- Set runtime path of "/home/ingejohan/Workspaces/ros2_cpp_ws/src/udemy_ros2_pkg/install/udemy_ros2_pkg/lib/udemy_ros2_pkg/turn_camera_client" to ""
-- Installing: /home/ingejohan/Workspaces/ros2_cpp_ws/src/udemy_ros2_pkg/install/udemy_ros2_pkg/lib/udemy_ros2_pkg/action_server
-- Set runtime path of "/home/ingejohan/Workspaces/ros2_cpp_ws/src/udemy_ros2_pkg/install/udemy_ros2_pkg/lib/udemy_ros2_pkg/action_server" to ""
-- Installing: /home/ingejohan/Workspaces/ros2_cpp_ws/src/udemy_ros2_pkg/install/udemy_ros2_pkg/lib/udemy_ros2_pkg/action_client
-- Set runtime path of "/home/ingejohan/Workspaces/ros2_cpp_ws/src/udemy_ros2_pkg/install/udemy_ros2_pkg/lib/udemy_ros2_pkg/action_client" to ""
-- Installing: /home/ingejohan/Workspaces/ros2_cpp_ws/src/udemy_ros2_pkg/install/udemy_ros2_pkg/share/udemy_ros2_pkg//launch
-- Installing: /home/ingejohan/Workspaces/ros2_cpp_ws/src/udemy_ros2_pkg/install/udemy_ros2_pkg/share/udemy_ros2_pkg//launch/rpm_node.launch.py
-- Installing: /home/ingejohan/Workspaces/ros2_cpp_ws/src/udemy_ros2_pkg/install/udemy_ros2_pkg/share/udemy_ros2_pkg//launch/launch_project.launch.py
-- Installing: /home/ingejohan/Workspaces/ros2_cpp_ws/src/udemy_ros2_pkg/install/udemy_ros2_pkg/share/ament_index/resource_index/package_run_dependencies/udemy_ros2_pkg
-- Installing: /home/ingejohan/Workspaces/ros2_cpp_ws/src/udemy_ros2_pkg/install/udemy_ros2_pkg/share/ament_index/resource_index/parent_prefix_path/udemy_ros2_pkg
-- Installing: /home/ingejohan/Workspaces/ros2_cpp_ws/src/udemy_ros2_pkg/install/udemy_ros2_pkg/share/udemy_ros2_pkg/environment/ament_prefix_path.sh
-- Installing: /home/ingejohan/Workspaces/ros2_cpp_ws/src/udemy_ros2_pkg/install/udemy_ros2_pkg/share/udemy_ros2_pkg/environment/ament_prefix_path.dsv
-- Installing: /home/ingejohan/Workspaces/ros2_cpp_ws/src/udemy_ros2_pkg/install/udemy_ros2_pkg/share/udemy_ros2_pkg/environment/path.sh
-- Installing: /home/ingejohan/Workspaces/ros2_cpp_ws/src/udemy_ros2_pkg/install/udemy_ros2_pkg/share/udemy_ros2_pkg/environment/path.dsv
-- Installing: /home/ingejohan/Workspaces/ros2_cpp_ws/src/udemy_ros2_pkg/install/udemy_ros2_pkg/share/udemy_ros2_pkg/local_setup.bash
-- Installing: /home/ingejohan/Workspaces/ros2_cpp_ws/src/udemy_ros2_pkg/install/udemy_ros2_pkg/share/udemy_ros2_pkg/local_setup.sh
-- Installing: /home/ingejohan/Workspaces/ros2_cpp_ws/src/udemy_ros2_pkg/install/udemy_ros2_pkg/share/udemy_ros2_pkg/local_setup.zsh
-- Installing: /home/ingejohan/Workspaces/ros2_cpp_ws/src/udemy_ros2_pkg/install/udemy_ros2_pkg/share/udemy_ros2_pkg/local_setup.dsv
-- Installing: /home/ingejohan/Workspaces/ros2_cpp_ws/src/udemy_ros2_pkg/install/udemy_ros2_pkg/share/udemy_ros2_pkg/package.dsv
-- Installing: /home/ingejohan/Workspaces/ros2_cpp_ws/src/udemy_ros2_pkg/install/udemy_ros2_pkg/share/ament_index/resource_index/packages/udemy_ros2_pkg
-- Installing: /home/ingejohan/Workspaces/ros2_cpp_ws/src/udemy_ros2_pkg/install/udemy_ros2_pkg/share/udemy_ros2_pkg/cmake/export_udemy_ros2_pkg__rosidl_generator_cExport.cmake
-- Installing: /home/ingejohan/Workspaces/ros2_cpp_ws/src/udemy_ros2_pkg/install/udemy_ros2_pkg/share/udemy_ros2_pkg/cmake/export_udemy_ros2_pkg__rosidl_generator_cExport-noconfig.cmake
-- Installing: /home/ingejohan/Workspaces/ros2_cpp_ws/src/udemy_ros2_pkg/install/udemy_ros2_pkg/share/udemy_ros2_pkg/cmake/export_udemy_ros2_pkg__rosidl_typesupport_fastrtps_cExport.cmake
-- Installing: /home/ingejohan/Workspaces/ros2_cpp_ws/src/udemy_ros2_pkg/install/udemy_ros2_pkg/share/udemy_ros2_pkg/cmake/export_udemy_ros2_pkg__rosidl_typesupport_fastrtps_cExport-noconfig.cmake
-- Installing: /home/ingejohan/Workspaces/ros2_cpp_ws/src/udemy_ros2_pkg/install/udemy_ros2_pkg/share/udemy_ros2_pkg/cmake/export_udemy_ros2_pkg__rosidl_generator_cppExport.cmake
-- Installing: /home/ingejohan/Workspaces/ros2_cpp_ws/src/udemy_ros2_pkg/install/udemy_ros2_pkg/share/udemy_ros2_pkg/cmake/export_udemy_ros2_pkg__rosidl_typesupport_fastrtps_cppExport.cmake
-- Installing: /home/ingejohan/Workspaces/ros2_cpp_ws/src/udemy_ros2_pkg/install/udemy_ros2_pkg/share/udemy_ros2_pkg/cmake/export_udemy_ros2_pkg__rosidl_typesupport_fastrtps_cppExport-noconfig.cmake
-- Installing: /home/ingejohan/Workspaces/ros2_cpp_ws/src/udemy_ros2_pkg/install/udemy_ros2_pkg/share/udemy_ros2_pkg/cmake/udemy_ros2_pkg__rosidl_typesupport_introspection_cExport.cmake
-- Installing: /home/ingejohan/Workspaces/ros2_cpp_ws/src/udemy_ros2_pkg/install/udemy_ros2_pkg/share/udemy_ros2_pkg/cmake/udemy_ros2_pkg__rosidl_typesupport_introspection_cExport-noconfig.cmake
-- Installing: /home/ingejohan/Workspaces/ros2_cpp_ws/src/udemy_ros2_pkg/install/udemy_ros2_pkg/share/udemy_ros2_pkg/cmake/udemy_ros2_pkg__rosidl_typesupport_cExport.cmake
-- Installing: /home/ingejohan/Workspaces/ros2_cpp_ws/src/udemy_ros2_pkg/install/udemy_ros2_pkg/share/udemy_ros2_pkg/cmake/udemy_ros2_pkg__rosidl_typesupport_cExport-noconfig.cmake
-- Installing: /home/ingejohan/Workspaces/ros2_cpp_ws/src/udemy_ros2_pkg/install/udemy_ros2_pkg/share/udemy_ros2_pkg/cmake/udemy_ros2_pkg__rosidl_typesupport_introspection_cppExport.cmake
-- Installing: /home/ingejohan/Workspaces/ros2_cpp_ws/src/udemy_ros2_pkg/install/udemy_ros2_pkg/share/udemy_ros2_pkg/cmake/udemy_ros2_pkg__rosidl_typesupport_introspection_cppExport-noconfig.cmake
-- Installing: /home/ingejohan/Workspaces/ros2_cpp_ws/src/udemy_ros2_pkg/install/udemy_ros2_pkg/share/udemy_ros2_pkg/cmake/udemy_ros2_pkg__rosidl_typesupport_cppExport.cmake
-- Installing: /home/ingejohan/Workspaces/ros2_cpp_ws/src/udemy_ros2_pkg/install/udemy_ros2_pkg/share/udemy_ros2_pkg/cmake/udemy_ros2_pkg__rosidl_typesupport_cppExport-noconfig.cmake
-- Installing: /home/ingejohan/Workspaces/ros2_cpp_ws/src/udemy_ros2_pkg/install/udemy_ros2_pkg/share/udemy_ros2_pkg/cmake/export_udemy_ros2_pkg__rosidl_generator_pyExport.cmake
-- Installing: /home/ingejohan/Workspaces/ros2_cpp_ws/src/udemy_ros2_pkg/install/udemy_ros2_pkg/share/udemy_ros2_pkg/cmake/export_udemy_ros2_pkg__rosidl_generator_pyExport-noconfig.cmake
-- Installing: /home/ingejohan/Workspaces/ros2_cpp_ws/src/udemy_ros2_pkg/install/udemy_ros2_pkg/share/udemy_ros2_pkg/cmake/rosidl_cmake-extras.cmake
-- Installing: /home/ingejohan/Workspaces/ros2_cpp_ws/src/udemy_ros2_pkg/install/udemy_ros2_pkg/share/udemy_ros2_pkg/cmake/ament_cmake_export_dependencies-extras.cmake
-- Installing: /home/ingejohan/Workspaces/ros2_cpp_ws/src/udemy_ros2_pkg/install/udemy_ros2_pkg/share/udemy_ros2_pkg/cmake/ament_cmake_export_include_directories-extras.cmake
-- Installing: /home/ingejohan/Workspaces/ros2_cpp_ws/src/udemy_ros2_pkg/install/udemy_ros2_pkg/share/udemy_ros2_pkg/cmake/ament_cmake_export_libraries-extras.cmake
-- Installing: /home/ingejohan/Workspaces/ros2_cpp_ws/src/udemy_ros2_pkg/install/udemy_ros2_pkg/share/udemy_ros2_pkg/cmake/ament_cmake_export_targets-extras.cmake
-- Installing: /home/ingejohan/Workspaces/ros2_cpp_ws/src/udemy_ros2_pkg/install/udemy_ros2_pkg/share/udemy_ros2_pkg/cmake/rosidl_cmake_export_typesupport_targets-extras.cmake
-- Installing: /home/ingejohan/Workspaces/ros2_cpp_ws/src/udemy_ros2_pkg/install/udemy_ros2_pkg/share/udemy_ros2_pkg/cmake/rosidl_cmake_export_typesupport_libraries-extras.cmake
-- Installing: /home/ingejohan/Workspaces/ros2_cpp_ws/src/udemy_ros2_pkg/install/udemy_ros2_pkg/share/udemy_ros2_pkg/cmake/udemy_ros2_pkgConfig.cmake
-- Installing: /home/ingejohan/Workspaces/ros2_cpp_ws/src/udemy_ros2_pkg/install/udemy_ros2_pkg/share/udemy_ros2_pkg/cmake/udemy_ros2_pkgConfig-version.cmake
-- Installing: /home/ingejohan/Workspaces/ros2_cpp_ws/src/udemy_ros2_pkg/install/udemy_ros2_pkg/share/udemy_ros2_pkg/package.xml
