[0.024s] Invoking command in '/home/ingejohan/Workspaces/ros2_cpp_ws/src/udemy_ros2_pkg/build/udemy_ros2_pkg': CMAKE_PREFIX_PATH=${CMAKE_PREFIX_PATH}:/home/ingejohan/ros2_ws/install/rover:/home/ingejohan/ros2_ws/install/my_py_pkg:/opt/ros/humble /usr/bin/cmake /home/ingejohan/Workspaces/ros2_cpp_ws/src/udemy_ros2_pkg -DCMAKE_INSTALL_PREFIX=/home/ingejohan/Workspaces/ros2_cpp_ws/src/udemy_ros2_pkg/install/udemy_ros2_pkg
[0.103s] -- The C compiler identification is GNU 11.4.0
[0.180s] -- The CXX compiler identification is GNU 11.4.0
[0.190s] -- Detecting C compiler ABI info
[0.255s] -- Detecting C compiler ABI info - done
[0.263s] -- Check for working C compiler: /usr/bin/cc - skipped
[0.263s] -- Detecting C compile features
[0.264s] -- Detecting C compile features - done
[0.268s] -- Detecting CXX compiler ABI info
[0.346s] -- Detecting CXX compiler ABI info - done
[0.354s] -- Check for working CXX compiler: /usr/bin/c++ - skipped
[0.355s] -- Detecting CXX compile features
[0.355s] -- Detecting CXX compile features - done
[0.359s] -- Found ament_cmake: 1.3.5 (/opt/ros/humble/share/ament_cmake/cmake)
[0.568s] -- Found Python3: /usr/bin/python3.10 (found version "3.10.12") found components: Interpreter 
[0.672s] -- Found rclcpp: 16.0.5 (/opt/ros/humble/share/rclcpp/cmake)
[0.722s] -- Found rosidl_generator_c: 3.1.5 (/opt/ros/humble/share/rosidl_generator_c/cmake)
[0.727s] -- Found rosidl_adapter: 3.1.5 (/opt/ros/humble/share/rosidl_adapter/cmake)
[0.738s] -- Found rosidl_generator_cpp: 3.1.5 (/opt/ros/humble/share/rosidl_generator_cpp/cmake)
[0.754s] -- Using all available rosidl_typesupport_c: rosidl_typesupport_fastrtps_c;rosidl_typesupport_introspection_c
[0.776s] -- Using all available rosidl_typesupport_cpp: rosidl_typesupport_fastrtps_cpp;rosidl_typesupport_introspection_cpp
[0.860s] -- Found rmw_implementation_cmake: 6.1.1 (/opt/ros/humble/share/rmw_implementation_cmake/cmake)
[0.863s] -- Found rmw_fastrtps_cpp: 6.2.3 (/opt/ros/humble/share/rmw_fastrtps_cpp/cmake)
[0.961s] -- Found OpenSSL: /usr/lib/x86_64-linux-gnu/libcrypto.so (found version "3.0.2")  
[0.987s] -- Found FastRTPS: /opt/ros/humble/include  
[1.041s] -- Using RMW implementation 'rmw_fastrtps_cpp' as default
[1.054s] -- Looking for pthread.h
[1.120s] -- Looking for pthread.h - found
[1.121s] -- Performing Test CMAKE_HAVE_LIBC_PTHREAD
[1.191s] -- Performing Test CMAKE_HAVE_LIBC_PTHREAD - Success
[1.192s] -- Found Threads: TRUE  
[1.394s] -- Found rosidl_default_generators: 1.2.0 (/opt/ros/humble/share/rosidl_default_generators/cmake)
[1.406s] -- Found sensor_msgs: 4.2.3 (/opt/ros/humble/share/sensor_msgs/cmake)
[1.574s] -- Found OpenCV: /usr (found version "4.5.4") 
[1.577s] -- Found cv_bridge: 3.2.1 (/opt/ros/humble/share/cv_bridge/cmake)
[1.588s] -- Found action_msgs: 1.2.1 (/opt/ros/humble/share/action_msgs/cmake)
[1.662s] -- Found rclcpp_action: 16.0.5 (/opt/ros/humble/share/rclcpp_action/cmake)
[2.028s] -- Found ament_cmake_cppcheck: 0.12.7 (/opt/ros/humble/share/ament_cmake_cppcheck/cmake)
[2.031s] -- Found ament_cmake_cpplint: 0.12.7 (/opt/ros/humble/share/ament_cmake_cpplint/cmake)
[2.034s] -- Found ament_cmake_uncrustify: 0.12.7 (/opt/ros/humble/share/ament_cmake_uncrustify/cmake)
[2.037s] -- Found ament_cmake_ros: 0.10.0 (/opt/ros/humble/share/ament_cmake_ros/cmake)
[2.541s] -- Using all available rosidl_typesupport_c: rosidl_typesupport_fastrtps_c;rosidl_typesupport_introspection_c
[2.744s] -- Using all available rosidl_typesupport_cpp: rosidl_typesupport_fastrtps_cpp;rosidl_typesupport_introspection_cpp
[2.770s] -- Found PythonInterp: /usr/bin/python3 (found suitable version "3.10.12", minimum required is "3.6") 
[2.771s] -- Found python_cmake_module: 0.10.0 (/opt/ros/humble/share/python_cmake_module/cmake)
[2.797s] -- Found PythonLibs: /usr/lib/x86_64-linux-gnu/libpython3.10.so (found suitable version "3.10.12", minimum required is "3.5") 
[2.798s] -- Using PYTHON_EXECUTABLE: /usr/bin/python3
[2.798s] -- Using PYTHON_INCLUDE_DIRS: /usr/include/python3.10
[2.798s] -- Using PYTHON_LIBRARIES: /usr/lib/x86_64-linux-gnu/libpython3.10.so
[2.819s] -- Found PythonExtra: .so  
[2.907s] -- Found ament_cmake_flake8: 0.12.7 (/opt/ros/humble/share/ament_cmake_flake8/cmake)
[2.909s] -- Found ament_cmake_pep257: 0.12.7 (/opt/ros/humble/share/ament_cmake_pep257/cmake)
[2.933s] -- Found ament_lint_auto: 0.12.7 (/opt/ros/humble/share/ament_lint_auto/cmake)
[2.956s] -- Added test 'cppcheck' to perform static code analysis on C / C++ code
[2.957s] -- Configured cppcheck include dirs: $<BUILD_INTERFACE:/home/ingejohan/Workspaces/ros2_cpp_ws/src/udemy_ros2_pkg/build/udemy_ros2_pkg/rosidl_generator_c>;$<BUILD_INTERFACE:/home/ingejohan/Workspaces/ros2_cpp_ws/src/udemy_ros2_pkg/build/udemy_ros2_pkg/rosidl_typesupport_fastrtps_c>;$<BUILD_INTERFACE:/home/ingejohan/Workspaces/ros2_cpp_ws/src/udemy_ros2_pkg/build/udemy_ros2_pkg/rosidl_generator_cpp>;$<BUILD_INTERFACE:/home/ingejohan/Workspaces/ros2_cpp_ws/src/udemy_ros2_pkg/build/udemy_ros2_pkg/rosidl_typesupport_fastrtps_cpp>;$<BUILD_INTERFACE:/home/ingejohan/Workspaces/ros2_cpp_ws/src/udemy_ros2_pkg/build/udemy_ros2_pkg/rosidl_typesupport_introspection_c>;$<BUILD_INTERFACE:/home/ingejohan/Workspaces/ros2_cpp_ws/src/udemy_ros2_pkg/build/udemy_ros2_pkg/rosidl_typesupport_introspection_cpp>;/home/ingejohan/Workspaces/ros2_cpp_ws/src/udemy_ros2_pkg/build/udemy_ros2_pkg/rosidl_generator_c;/home/ingejohan/Workspaces/ros2_cpp_ws/src/udemy_ros2_pkg/build/udemy_ros2_pkg/rosidl_generator_py
[2.958s] -- Configured cppcheck exclude dirs and/or files: 
[2.965s] -- Added test 'cpplint' to check C / C++ code against the Google style
[2.965s] -- Configured cpplint exclude dirs and/or files: 
[2.973s] -- Added test 'uncrustify' to check C / C++ code style
[2.973s] -- Configured uncrustify additional arguments: 
[2.974s] -- Added test 'flake8' to check Python code syntax and style conventions
[2.976s] -- Added test 'pep257' to check Python code against some of the docstring style conventions in PEP 257
[2.978s] -- Added test 'lint_cmake' to check CMake code style
[2.980s] -- Added test 'xmllint' to check XML markup files
[2.983s] -- Configuring done
[3.071s] -- Generating done
[3.076s] -- Build files have been written to: /home/ingejohan/Workspaces/ros2_cpp_ws/src/udemy_ros2_pkg/build/udemy_ros2_pkg
[3.089s] Invoked command in '/home/ingejohan/Workspaces/ros2_cpp_ws/src/udemy_ros2_pkg/build/udemy_ros2_pkg' returned '0': CMAKE_PREFIX_PATH=${CMAKE_PREFIX_PATH}:/home/ingejohan/ros2_ws/install/rover:/home/ingejohan/ros2_ws/install/my_py_pkg:/opt/ros/humble /usr/bin/cmake /home/ingejohan/Workspaces/ros2_cpp_ws/src/udemy_ros2_pkg -DCMAKE_INSTALL_PREFIX=/home/ingejohan/Workspaces/ros2_cpp_ws/src/udemy_ros2_pkg/install/udemy_ros2_pkg
[3.092s] Invoking command in '/home/ingejohan/Workspaces/ros2_cpp_ws/src/udemy_ros2_pkg/build/udemy_ros2_pkg': CMAKE_PREFIX_PATH=${CMAKE_PREFIX_PATH}:/home/ingejohan/ros2_ws/install/rover:/home/ingejohan/ros2_ws/install/my_py_pkg:/opt/ros/humble /usr/bin/cmake --build /home/ingejohan/Workspaces/ros2_cpp_ws/src/udemy_ros2_pkg/build/udemy_ros2_pkg -- -j16 -l16
[3.131s] [  1%] [34m[1mGenerating C code for ROS interfaces[0m
[3.143s] [  2%] [32mBuilding CXX object CMakeFiles/publisher.dir/src/publisher.cpp.o[0m
[3.143s] [  4%] [32mBuilding CXX object CMakeFiles/subscriber.dir/src/subscriber.cpp.o[0m
[3.143s] [  5%] [34m[1mGenerating C++ code for ROS interfaces[0m
[3.144s] [  7%] [32mBuilding CXX object CMakeFiles/speed_calc.dir/src/speed_calc.cpp.o[0m
[3.144s] [  8%] [32mBuilding CXX object CMakeFiles/rpm_pub.dir/src/rpm_pub.cpp.o[0m
[3.153s] [  8%] Built target ament_cmake_python_copy_udemy_ros2_pkg
[3.556s] running egg_info
[3.556s] creating udemy_ros2_pkg.egg-info
[3.557s] writing udemy_ros2_pkg.egg-info/PKG-INFO
[3.557s] writing dependency_links to udemy_ros2_pkg.egg-info/dependency_links.txt
[3.557s] writing top-level names to udemy_ros2_pkg.egg-info/top_level.txt
[3.558s] writing manifest file 'udemy_ros2_pkg.egg-info/SOURCES.txt'
[3.561s] reading manifest file 'udemy_ros2_pkg.egg-info/SOURCES.txt'
[3.562s] writing manifest file 'udemy_ros2_pkg.egg-info/SOURCES.txt'
[3.594s] [  8%] Built target ament_cmake_python_build_udemy_ros2_pkg_egg
[4.070s] [  8%] Built target udemy_ros2_pkg__cpp
[4.086s] [ 10%] [34m[1mGenerating C++ type support dispatch for ROS interfaces[0m
[4.090s] [ 11%] [34m[1mGenerating C++ type support for eProsima Fast-RTPS[0m
[4.094s] [ 13%] [34m[1mGenerating C++ introspection for ROS interfaces[0m
[4.115s] [ 14%] [32mBuilding C object CMakeFiles/udemy_ros2_pkg__rosidl_generator_c.dir/rosidl_generator_c/udemy_ros2_pkg/srv/detail/odd_even_check__functions.c.o[0m
[4.120s] [ 17%] [32mBuilding C object CMakeFiles/udemy_ros2_pkg__rosidl_generator_c.dir/rosidl_generator_c/udemy_ros2_pkg/action/detail/navigate__functions.c.o[0m
[4.120s] [ 17%] [32mBuilding C object CMakeFiles/udemy_ros2_pkg__rosidl_generator_c.dir/rosidl_generator_c/udemy_ros2_pkg/srv/detail/turn_camera__functions.c.o[0m
[4.335s] [ 19%] [32m[1mLinking C shared library libudemy_ros2_pkg__rosidl_generator_c.so[0m
[4.384s] [ 19%] Built target udemy_ros2_pkg__rosidl_generator_c
[4.399s] [ 20%] [34m[1mGenerating C type support for eProsima Fast-RTPS[0m
[4.401s] [ 22%] [34m[1mGenerating C type support dispatch for ROS interfaces[0m
[4.401s] [ 23%] [34m[1mGenerating C introspection for ROS interfaces[0m
[4.836s] [ 25%] [32mBuilding CXX object CMakeFiles/udemy_ros2_pkg__rosidl_typesupport_introspection_cpp.dir/rosidl_typesupport_introspection_cpp/udemy_ros2_pkg/srv/detail/turn_camera__type_support.cpp.o[0m
[4.840s] [ 28%] [32mBuilding CXX object CMakeFiles/udemy_ros2_pkg__rosidl_typesupport_introspection_cpp.dir/rosidl_typesupport_introspection_cpp/udemy_ros2_pkg/action/detail/navigate__type_support.cpp.o[0m
[4.840s] [ 28%] [32mBuilding CXX object CMakeFiles/udemy_ros2_pkg__rosidl_typesupport_introspection_cpp.dir/rosidl_typesupport_introspection_cpp/udemy_ros2_pkg/srv/detail/odd_even_check__type_support.cpp.o[0m
[5.026s] [ 31%] [32mBuilding CXX object CMakeFiles/udemy_ros2_pkg__rosidl_typesupport_fastrtps_cpp.dir/rosidl_typesupport_fastrtps_cpp/udemy_ros2_pkg/srv/detail/dds_fastrtps/odd_even_check__type_support.cpp.o[0m
[5.026s] [ 31%] [32mBuilding CXX object CMakeFiles/udemy_ros2_pkg__rosidl_typesupport_fastrtps_cpp.dir/rosidl_typesupport_fastrtps_cpp/udemy_ros2_pkg/srv/detail/dds_fastrtps/turn_camera__type_support.cpp.o[0m
[5.027s] [ 32%] [32mBuilding CXX object CMakeFiles/udemy_ros2_pkg__rosidl_typesupport_fastrtps_cpp.dir/rosidl_typesupport_fastrtps_cpp/udemy_ros2_pkg/action/detail/dds_fastrtps/navigate__type_support.cpp.o[0m
[5.030s] [ 34%] [32mBuilding CXX object CMakeFiles/udemy_ros2_pkg__rosidl_typesupport_cpp.dir/rosidl_typesupport_cpp/udemy_ros2_pkg/srv/odd_even_check__type_support.cpp.o[0m
[5.030s] [ 35%] [32mBuilding CXX object CMakeFiles/udemy_ros2_pkg__rosidl_typesupport_cpp.dir/rosidl_typesupport_cpp/udemy_ros2_pkg/action/navigate__type_support.cpp.o[0m
[5.040s] [ 37%] [32mBuilding CXX object CMakeFiles/udemy_ros2_pkg__rosidl_typesupport_cpp.dir/rosidl_typesupport_cpp/udemy_ros2_pkg/srv/turn_camera__type_support.cpp.o[0m
[5.502s] [ 38%] [32mBuilding CXX object CMakeFiles/udemy_ros2_pkg__rosidl_typesupport_c.dir/rosidl_typesupport_c/udemy_ros2_pkg/srv/odd_even_check__type_support.cpp.o[0m
[5.568s] [ 40%] [32mBuilding CXX object CMakeFiles/udemy_ros2_pkg__rosidl_typesupport_c.dir/rosidl_typesupport_c/udemy_ros2_pkg/srv/turn_camera__type_support.cpp.o[0m
[5.611s] [ 41%] [32mBuilding CXX object CMakeFiles/udemy_ros2_pkg__rosidl_typesupport_c.dir/rosidl_typesupport_c/udemy_ros2_pkg/action/navigate__type_support.cpp.o[0m
[5.711s] [ 43%] [32m[1mLinking CXX shared library libudemy_ros2_pkg__rosidl_typesupport_c.so[0m
[5.803s] [ 43%] Built target udemy_ros2_pkg__rosidl_typesupport_c
[5.827s] [ 44%] [32mBuilding C object CMakeFiles/udemy_ros2_pkg__rosidl_typesupport_introspection_c.dir/rosidl_typesupport_introspection_c/udemy_ros2_pkg/srv/detail/odd_even_check__type_support.c.o[0m
[5.832s] [ 46%] [32mBuilding C object CMakeFiles/udemy_ros2_pkg__rosidl_typesupport_introspection_c.dir/rosidl_typesupport_introspection_c/udemy_ros2_pkg/srv/detail/turn_camera__type_support.c.o[0m
[5.837s] [ 47%] [32mBuilding C object CMakeFiles/udemy_ros2_pkg__rosidl_typesupport_introspection_c.dir/rosidl_typesupport_introspection_c/udemy_ros2_pkg/action/detail/navigate__type_support.c.o[0m
[5.859s] [ 49%] [32mBuilding CXX object CMakeFiles/udemy_ros2_pkg__rosidl_typesupport_fastrtps_c.dir/rosidl_typesupport_fastrtps_c/udemy_ros2_pkg/srv/detail/odd_even_check__type_support_c.cpp.o[0m
[5.859s] [ 50%] [32mBuilding CXX object CMakeFiles/udemy_ros2_pkg__rosidl_typesupport_fastrtps_c.dir/rosidl_typesupport_fastrtps_c/udemy_ros2_pkg/srv/detail/turn_camera__type_support_c.cpp.o[0m
[5.862s] [ 52%] [32mBuilding CXX object CMakeFiles/udemy_ros2_pkg__rosidl_typesupport_fastrtps_c.dir/rosidl_typesupport_fastrtps_c/udemy_ros2_pkg/action/detail/navigate__type_support_c.cpp.o[0m
[5.926s] [ 53%] [32m[1mLinking C shared library libudemy_ros2_pkg__rosidl_typesupport_introspection_c.so[0m
[5.971s] [ 53%] Built target udemy_ros2_pkg__rosidl_typesupport_introspection_c
[5.976s] [ 55%] [32m[1mLinking CXX shared library libudemy_ros2_pkg__rosidl_typesupport_cpp.so[0m
[6.030s] [ 55%] Built target udemy_ros2_pkg__rosidl_typesupport_cpp
[6.061s] [ 56%] [32mBuilding CXX object CMakeFiles/action_client.dir/src/action_client.cpp.o[0m
[6.065s] [ 59%] [32mBuilding CXX object CMakeFiles/turn_camera_service.dir/src/turn_camera_service.cpp.o[0m
[6.066s] [ 61%] [32mBuilding CXX object CMakeFiles/service_client.dir/src/service_client.cpp.o[0m
[6.066s] [ 62%] [32mBuilding CXX object CMakeFiles/service_server.dir/src/service_server.cpp.o[0m
[6.067s] [ 64%] [32mBuilding CXX object CMakeFiles/turn_camera_client.dir/src/turn_camera_client.cpp.o[0m
[6.067s] [ 64%] [32mBuilding CXX object CMakeFiles/action_server.dir/src/action_server.cpp.o[0m
[6.110s] [ 65%] [32m[1mLinking CXX shared library libudemy_ros2_pkg__rosidl_typesupport_introspection_cpp.so[0m
[6.230s] [ 67%] [32m[1mLinking CXX shared library libudemy_ros2_pkg__rosidl_typesupport_fastrtps_cpp.so[0m
[6.284s] [ 67%] Built target udemy_ros2_pkg__rosidl_typesupport_introspection_cpp
[6.385s] [ 67%] Built target udemy_ros2_pkg__rosidl_typesupport_fastrtps_cpp
[6.679s] [ 68%] [32m[1mLinking CXX shared library libudemy_ros2_pkg__rosidl_typesupport_fastrtps_c.so[0m
[6.788s] [ 68%] Built target udemy_ros2_pkg__rosidl_typesupport_fastrtps_c
[6.811s] [ 68%] Built target udemy_ros2_pkg
[6.837s] [ 70%] [34m[1mGenerating Python code for ROS interfaces[0m
[8.598s] [ 70%] Built target udemy_ros2_pkg__py
[8.622s] [ 71%] [32mBuilding C object CMakeFiles/udemy_ros2_pkg__rosidl_generator_py.dir/rosidl_generator_py/udemy_ros2_pkg/srv/_odd_even_check_s.c.o[0m
[8.626s] [ 74%] [32mBuilding C object CMakeFiles/udemy_ros2_pkg__rosidl_generator_py.dir/rosidl_generator_py/udemy_ros2_pkg/action/_navigate_s.c.o[0m
[8.626s] [ 74%] [32mBuilding C object CMakeFiles/udemy_ros2_pkg__rosidl_generator_py.dir/rosidl_generator_py/udemy_ros2_pkg/srv/_turn_camera_s.c.o[0m
[8.936s] [ 76%] [32m[1mLinking C shared library rosidl_generator_py/udemy_ros2_pkg/libudemy_ros2_pkg__rosidl_generator_py.so[0m
[8.996s] [ 76%] Built target udemy_ros2_pkg__rosidl_generator_py
[9.031s] [ 77%] [32mBuilding C object CMakeFiles/udemy_ros2_pkg__rosidl_typesupport_c__pyext.dir/rosidl_generator_py/udemy_ros2_pkg/_udemy_ros2_pkg_s.ep.rosidl_typesupport_c.c.o[0m
[9.031s] [ 80%] [32mBuilding C object CMakeFiles/udemy_ros2_pkg__rosidl_typesupport_fastrtps_c__pyext.dir/rosidl_generator_py/udemy_ros2_pkg/_udemy_ros2_pkg_s.ep.rosidl_typesupport_fastrtps_c.c.o[0m
[9.031s] [ 80%] [32mBuilding C object CMakeFiles/udemy_ros2_pkg__rosidl_typesupport_introspection_c__pyext.dir/rosidl_generator_py/udemy_ros2_pkg/_udemy_ros2_pkg_s.ep.rosidl_typesupport_introspection_c.c.o[0m
[9.226s] [ 82%] [32m[1mLinking C shared library rosidl_generator_py/udemy_ros2_pkg/udemy_ros2_pkg_s__rosidl_typesupport_c.cpython-310-x86_64-linux-gnu.so[0m
[9.294s] [ 82%] Built target udemy_ros2_pkg__rosidl_typesupport_c__pyext
[9.297s] [ 83%] [32m[1mLinking C shared library rosidl_generator_py/udemy_ros2_pkg/udemy_ros2_pkg_s__rosidl_typesupport_fastrtps_c.cpython-310-x86_64-linux-gnu.so[0m
[9.306s] [ 85%] [32m[1mLinking C shared library rosidl_generator_py/udemy_ros2_pkg/udemy_ros2_pkg_s__rosidl_typesupport_introspection_c.cpython-310-x86_64-linux-gnu.so[0m
[9.367s] [ 85%] Built target udemy_ros2_pkg__rosidl_typesupport_introspection_c__pyext
[9.379s] [ 85%] Built target udemy_ros2_pkg__rosidl_typesupport_fastrtps_c__pyext
[9.688s] [ 86%] [32m[1mLinking CXX executable publisher[0m
[9.946s] [ 86%] Built target publisher
[11.139s] [ 88%] [32m[1mLinking CXX executable rpm_pub[0m
[11.205s] [ 89%] [32m[1mLinking CXX executable service_server[0m
[11.406s] [ 89%] Built target service_server
[11.498s] [ 89%] Built target rpm_pub
[11.919s] [ 91%] [32m[1mLinking CXX executable turn_camera_service[0m
[12.375s] [ 92%] [32m[1mLinking CXX executable service_client[0m
[12.446s] [ 92%] Built target turn_camera_service
[12.566s] [ 92%] Built target service_client
[13.030s] [ 94%] [32m[1mLinking CXX executable turn_camera_client[0m
[13.054s] [ 95%] [32m[1mLinking CXX executable action_client[0m
[13.272s] [ 95%] Built target action_client
[13.566s] [ 95%] Built target turn_camera_client
[14.837s] [ 97%] [32m[1mLinking CXX executable subscriber[0m
[15.250s] [ 97%] Built target subscriber
[15.960s] [ 98%] [32m[1mLinking CXX executable speed_calc[0m
[16.314s] [ 98%] Built target speed_calc
[18.695s] [100%] [32m[1mLinking CXX executable action_server[0m
[19.084s] [100%] Built target action_server
[19.097s] Invoked command in '/home/ingejohan/Workspaces/ros2_cpp_ws/src/udemy_ros2_pkg/build/udemy_ros2_pkg' returned '0': CMAKE_PREFIX_PATH=${CMAKE_PREFIX_PATH}:/home/ingejohan/ros2_ws/install/rover:/home/ingejohan/ros2_ws/install/my_py_pkg:/opt/ros/humble /usr/bin/cmake --build /home/ingejohan/Workspaces/ros2_cpp_ws/src/udemy_ros2_pkg/build/udemy_ros2_pkg -- -j16 -l16
[19.214s] Invoking command in '/home/ingejohan/Workspaces/ros2_cpp_ws/src/udemy_ros2_pkg/build/udemy_ros2_pkg': CMAKE_PREFIX_PATH=${CMAKE_PREFIX_PATH}:/home/ingejohan/ros2_ws/install/rover:/home/ingejohan/ros2_ws/install/my_py_pkg:/opt/ros/humble /usr/bin/cmake --install /home/ingejohan/Workspaces/ros2_cpp_ws/src/udemy_ros2_pkg/build/udemy_ros2_pkg
[19.222s] -- Install configuration: ""
[19.222s] -- Installing: /home/ingejohan/Workspaces/ros2_cpp_ws/src/udemy_ros2_pkg/install/udemy_ros2_pkg/share/ament_index/resource_index/rosidl_interfaces/udemy_ros2_pkg
[19.222s] -- Installing: /home/ingejohan/Workspaces/ros2_cpp_ws/src/udemy_ros2_pkg/install/udemy_ros2_pkg/include/udemy_ros2_pkg/udemy_ros2_pkg
[19.222s] -- Installing: /home/ingejohan/Workspaces/ros2_cpp_ws/src/udemy_ros2_pkg/install/udemy_ros2_pkg/include/udemy_ros2_pkg/udemy_ros2_pkg/action
[19.222s] -- Installing: /home/ingejohan/Workspaces/ros2_cpp_ws/src/udemy_ros2_pkg/install/udemy_ros2_pkg/include/udemy_ros2_pkg/udemy_ros2_pkg/action/navigate.h
[19.222s] -- Installing: /home/ingejohan/Workspaces/ros2_cpp_ws/src/udemy_ros2_pkg/install/udemy_ros2_pkg/include/udemy_ros2_pkg/udemy_ros2_pkg/action/detail
[19.222s] -- Installing: /home/ingejohan/Workspaces/ros2_cpp_ws/src/udemy_ros2_pkg/install/udemy_ros2_pkg/include/udemy_ros2_pkg/udemy_ros2_pkg/action/detail/navigate__struct.h
[19.223s] -- Installing: /home/ingejohan/Workspaces/ros2_cpp_ws/src/udemy_ros2_pkg/install/udemy_ros2_pkg/include/udemy_ros2_pkg/udemy_ros2_pkg/action/detail/navigate__functions.h
[19.223s] -- Installing: /home/ingejohan/Workspaces/ros2_cpp_ws/src/udemy_ros2_pkg/install/udemy_ros2_pkg/include/udemy_ros2_pkg/udemy_ros2_pkg/action/detail/navigate__type_support.h
[19.223s] -- Installing: /home/ingejohan/Workspaces/ros2_cpp_ws/src/udemy_ros2_pkg/install/udemy_ros2_pkg/include/udemy_ros2_pkg/udemy_ros2_pkg/action/detail/navigate__functions.c
[19.223s] -- Installing: /home/ingejohan/Workspaces/ros2_cpp_ws/src/udemy_ros2_pkg/install/udemy_ros2_pkg/include/udemy_ros2_pkg/udemy_ros2_pkg/srv
[19.223s] -- Installing: /home/ingejohan/Workspaces/ros2_cpp_ws/src/udemy_ros2_pkg/install/udemy_ros2_pkg/include/udemy_ros2_pkg/udemy_ros2_pkg/srv/odd_even_check.h
[19.223s] -- Installing: /home/ingejohan/Workspaces/ros2_cpp_ws/src/udemy_ros2_pkg/install/udemy_ros2_pkg/include/udemy_ros2_pkg/udemy_ros2_pkg/srv/turn_camera.h
[19.223s] -- Installing: /home/ingejohan/Workspaces/ros2_cpp_ws/src/udemy_ros2_pkg/install/udemy_ros2_pkg/include/udemy_ros2_pkg/udemy_ros2_pkg/srv/detail
[19.223s] -- Installing: /home/ingejohan/Workspaces/ros2_cpp_ws/src/udemy_ros2_pkg/install/udemy_ros2_pkg/include/udemy_ros2_pkg/udemy_ros2_pkg/srv/detail/odd_even_check__type_support.h
[19.224s] -- Installing: /home/ingejohan/Workspaces/ros2_cpp_ws/src/udemy_ros2_pkg/install/udemy_ros2_pkg/include/udemy_ros2_pkg/udemy_ros2_pkg/srv/detail/turn_camera__functions.c
[19.224s] -- Installing: /home/ingejohan/Workspaces/ros2_cpp_ws/src/udemy_ros2_pkg/install/udemy_ros2_pkg/include/udemy_ros2_pkg/udemy_ros2_pkg/srv/detail/turn_camera__type_support.h
[19.224s] -- Installing: /home/ingejohan/Workspaces/ros2_cpp_ws/src/udemy_ros2_pkg/install/udemy_ros2_pkg/include/udemy_ros2_pkg/udemy_ros2_pkg/srv/detail/odd_even_check__struct.h
[19.224s] -- Installing: /home/ingejohan/Workspaces/ros2_cpp_ws/src/udemy_ros2_pkg/install/udemy_ros2_pkg/include/udemy_ros2_pkg/udemy_ros2_pkg/srv/detail/turn_camera__functions.h
[19.224s] -- Installing: /home/ingejohan/Workspaces/ros2_cpp_ws/src/udemy_ros2_pkg/install/udemy_ros2_pkg/include/udemy_ros2_pkg/udemy_ros2_pkg/srv/detail/turn_camera__struct.h
[19.224s] -- Installing: /home/ingejohan/Workspaces/ros2_cpp_ws/src/udemy_ros2_pkg/install/udemy_ros2_pkg/include/udemy_ros2_pkg/udemy_ros2_pkg/srv/detail/odd_even_check__functions.c
[19.224s] -- Installing: /home/ingejohan/Workspaces/ros2_cpp_ws/src/udemy_ros2_pkg/install/udemy_ros2_pkg/include/udemy_ros2_pkg/udemy_ros2_pkg/srv/detail/odd_even_check__functions.h
[19.224s] -- Installing: /home/ingejohan/Workspaces/ros2_cpp_ws/src/udemy_ros2_pkg/install/udemy_ros2_pkg/include/udemy_ros2_pkg/udemy_ros2_pkg/msg
[19.224s] -- Installing: /home/ingejohan/Workspaces/ros2_cpp_ws/src/udemy_ros2_pkg/install/udemy_ros2_pkg/include/udemy_ros2_pkg/udemy_ros2_pkg/msg/rosidl_generator_c__visibility_control.h
[19.225s] -- Installing: /home/ingejohan/Workspaces/ros2_cpp_ws/src/udemy_ros2_pkg/install/udemy_ros2_pkg/share/udemy_ros2_pkg/environment/library_path.sh
[19.225s] -- Installing: /home/ingejohan/Workspaces/ros2_cpp_ws/src/udemy_ros2_pkg/install/udemy_ros2_pkg/share/udemy_ros2_pkg/environment/library_path.dsv
[19.225s] -- Installing: /home/ingejohan/Workspaces/ros2_cpp_ws/src/udemy_ros2_pkg/install/udemy_ros2_pkg/lib/libudemy_ros2_pkg__rosidl_generator_c.so
[19.226s] -- Set runtime path of "/home/ingejohan/Workspaces/ros2_cpp_ws/src/udemy_ros2_pkg/install/udemy_ros2_pkg/lib/libudemy_ros2_pkg__rosidl_generator_c.so" to ""
[19.226s] -- Up-to-date: /home/ingejohan/Workspaces/ros2_cpp_ws/src/udemy_ros2_pkg/install/udemy_ros2_pkg/include/udemy_ros2_pkg/udemy_ros2_pkg
[19.226s] -- Up-to-date: /home/ingejohan/Workspaces/ros2_cpp_ws/src/udemy_ros2_pkg/install/udemy_ros2_pkg/include/udemy_ros2_pkg/udemy_ros2_pkg/action
[19.226s] -- Up-to-date: /home/ingejohan/Workspaces/ros2_cpp_ws/src/udemy_ros2_pkg/install/udemy_ros2_pkg/include/udemy_ros2_pkg/udemy_ros2_pkg/action/detail
[19.226s] -- Installing: /home/ingejohan/Workspaces/ros2_cpp_ws/src/udemy_ros2_pkg/install/udemy_ros2_pkg/include/udemy_ros2_pkg/udemy_ros2_pkg/action/detail/navigate__rosidl_typesupport_fastrtps_c.h
[19.226s] -- Up-to-date: /home/ingejohan/Workspaces/ros2_cpp_ws/src/udemy_ros2_pkg/install/udemy_ros2_pkg/include/udemy_ros2_pkg/udemy_ros2_pkg/srv
[19.226s] -- Up-to-date: /home/ingejohan/Workspaces/ros2_cpp_ws/src/udemy_ros2_pkg/install/udemy_ros2_pkg/include/udemy_ros2_pkg/udemy_ros2_pkg/srv/detail
[19.227s] -- Installing: /home/ingejohan/Workspaces/ros2_cpp_ws/src/udemy_ros2_pkg/install/udemy_ros2_pkg/include/udemy_ros2_pkg/udemy_ros2_pkg/srv/detail/turn_camera__rosidl_typesupport_fastrtps_c.h
[19.227s] -- Installing: /home/ingejohan/Workspaces/ros2_cpp_ws/src/udemy_ros2_pkg/install/udemy_ros2_pkg/include/udemy_ros2_pkg/udemy_ros2_pkg/srv/detail/odd_even_check__rosidl_typesupport_fastrtps_c.h
[19.227s] -- Up-to-date: /home/ingejohan/Workspaces/ros2_cpp_ws/src/udemy_ros2_pkg/install/udemy_ros2_pkg/include/udemy_ros2_pkg/udemy_ros2_pkg/msg
[19.227s] -- Installing: /home/ingejohan/Workspaces/ros2_cpp_ws/src/udemy_ros2_pkg/install/udemy_ros2_pkg/include/udemy_ros2_pkg/udemy_ros2_pkg/msg/rosidl_typesupport_fastrtps_c__visibility_control.h
[19.227s] -- Installing: /home/ingejohan/Workspaces/ros2_cpp_ws/src/udemy_ros2_pkg/install/udemy_ros2_pkg/lib/libudemy_ros2_pkg__rosidl_typesupport_fastrtps_c.so
[19.227s] -- Set runtime path of "/home/ingejohan/Workspaces/ros2_cpp_ws/src/udemy_ros2_pkg/install/udemy_ros2_pkg/lib/libudemy_ros2_pkg__rosidl_typesupport_fastrtps_c.so" to ""
[19.227s] -- Up-to-date: /home/ingejohan/Workspaces/ros2_cpp_ws/src/udemy_ros2_pkg/install/udemy_ros2_pkg/include/udemy_ros2_pkg/udemy_ros2_pkg
[19.227s] -- Up-to-date: /home/ingejohan/Workspaces/ros2_cpp_ws/src/udemy_ros2_pkg/install/udemy_ros2_pkg/include/udemy_ros2_pkg/udemy_ros2_pkg/action
[19.228s] -- Installing: /home/ingejohan/Workspaces/ros2_cpp_ws/src/udemy_ros2_pkg/install/udemy_ros2_pkg/include/udemy_ros2_pkg/udemy_ros2_pkg/action/navigate.hpp
[19.228s] -- Up-to-date: /home/ingejohan/Workspaces/ros2_cpp_ws/src/udemy_ros2_pkg/install/udemy_ros2_pkg/include/udemy_ros2_pkg/udemy_ros2_pkg/action/detail
[19.228s] -- Installing: /home/ingejohan/Workspaces/ros2_cpp_ws/src/udemy_ros2_pkg/install/udemy_ros2_pkg/include/udemy_ros2_pkg/udemy_ros2_pkg/action/detail/navigate__builder.hpp
[19.228s] -- Installing: /home/ingejohan/Workspaces/ros2_cpp_ws/src/udemy_ros2_pkg/install/udemy_ros2_pkg/include/udemy_ros2_pkg/udemy_ros2_pkg/action/detail/navigate__struct.hpp
[19.228s] -- Installing: /home/ingejohan/Workspaces/ros2_cpp_ws/src/udemy_ros2_pkg/install/udemy_ros2_pkg/include/udemy_ros2_pkg/udemy_ros2_pkg/action/detail/navigate__traits.hpp
[19.228s] -- Up-to-date: /home/ingejohan/Workspaces/ros2_cpp_ws/src/udemy_ros2_pkg/install/udemy_ros2_pkg/include/udemy_ros2_pkg/udemy_ros2_pkg/srv
[19.228s] -- Installing: /home/ingejohan/Workspaces/ros2_cpp_ws/src/udemy_ros2_pkg/install/udemy_ros2_pkg/include/udemy_ros2_pkg/udemy_ros2_pkg/srv/turn_camera.hpp
[19.228s] -- Installing: /home/ingejohan/Workspaces/ros2_cpp_ws/src/udemy_ros2_pkg/install/udemy_ros2_pkg/include/udemy_ros2_pkg/udemy_ros2_pkg/srv/odd_even_check.hpp
[19.228s] -- Up-to-date: /home/ingejohan/Workspaces/ros2_cpp_ws/src/udemy_ros2_pkg/install/udemy_ros2_pkg/include/udemy_ros2_pkg/udemy_ros2_pkg/srv/detail
[19.229s] -- Installing: /home/ingejohan/Workspaces/ros2_cpp_ws/src/udemy_ros2_pkg/install/udemy_ros2_pkg/include/udemy_ros2_pkg/udemy_ros2_pkg/srv/detail/odd_even_check__struct.hpp
[19.229s] -- Installing: /home/ingejohan/Workspaces/ros2_cpp_ws/src/udemy_ros2_pkg/install/udemy_ros2_pkg/include/udemy_ros2_pkg/udemy_ros2_pkg/srv/detail/odd_even_check__traits.hpp
[19.229s] -- Installing: /home/ingejohan/Workspaces/ros2_cpp_ws/src/udemy_ros2_pkg/install/udemy_ros2_pkg/include/udemy_ros2_pkg/udemy_ros2_pkg/srv/detail/odd_even_check__builder.hpp
[19.229s] -- Installing: /home/ingejohan/Workspaces/ros2_cpp_ws/src/udemy_ros2_pkg/install/udemy_ros2_pkg/include/udemy_ros2_pkg/udemy_ros2_pkg/srv/detail/turn_camera__builder.hpp
[19.229s] -- Installing: /home/ingejohan/Workspaces/ros2_cpp_ws/src/udemy_ros2_pkg/install/udemy_ros2_pkg/include/udemy_ros2_pkg/udemy_ros2_pkg/srv/detail/turn_camera__struct.hpp
[19.229s] -- Installing: /home/ingejohan/Workspaces/ros2_cpp_ws/src/udemy_ros2_pkg/install/udemy_ros2_pkg/include/udemy_ros2_pkg/udemy_ros2_pkg/srv/detail/turn_camera__traits.hpp
[19.229s] -- Up-to-date: /home/ingejohan/Workspaces/ros2_cpp_ws/src/udemy_ros2_pkg/install/udemy_ros2_pkg/include/udemy_ros2_pkg/udemy_ros2_pkg
[19.229s] -- Up-to-date: /home/ingejohan/Workspaces/ros2_cpp_ws/src/udemy_ros2_pkg/install/udemy_ros2_pkg/include/udemy_ros2_pkg/udemy_ros2_pkg/action
[19.229s] -- Up-to-date: /home/ingejohan/Workspaces/ros2_cpp_ws/src/udemy_ros2_pkg/install/udemy_ros2_pkg/include/udemy_ros2_pkg/udemy_ros2_pkg/action/detail
[19.230s] -- Installing: /home/ingejohan/Workspaces/ros2_cpp_ws/src/udemy_ros2_pkg/install/udemy_ros2_pkg/include/udemy_ros2_pkg/udemy_ros2_pkg/action/detail/navigate__rosidl_typesupport_fastrtps_cpp.hpp
[19.230s] -- Installing: /home/ingejohan/Workspaces/ros2_cpp_ws/src/udemy_ros2_pkg/install/udemy_ros2_pkg/include/udemy_ros2_pkg/udemy_ros2_pkg/action/detail/dds_fastrtps
[19.230s] -- Up-to-date: /home/ingejohan/Workspaces/ros2_cpp_ws/src/udemy_ros2_pkg/install/udemy_ros2_pkg/include/udemy_ros2_pkg/udemy_ros2_pkg/srv
[19.230s] -- Up-to-date: /home/ingejohan/Workspaces/ros2_cpp_ws/src/udemy_ros2_pkg/install/udemy_ros2_pkg/include/udemy_ros2_pkg/udemy_ros2_pkg/srv/detail
[19.230s] -- Installing: /home/ingejohan/Workspaces/ros2_cpp_ws/src/udemy_ros2_pkg/install/udemy_ros2_pkg/include/udemy_ros2_pkg/udemy_ros2_pkg/srv/detail/odd_even_check__rosidl_typesupport_fastrtps_cpp.hpp
[19.230s] -- Installing: /home/ingejohan/Workspaces/ros2_cpp_ws/src/udemy_ros2_pkg/install/udemy_ros2_pkg/include/udemy_ros2_pkg/udemy_ros2_pkg/srv/detail/turn_camera__rosidl_typesupport_fastrtps_cpp.hpp
[19.230s] -- Installing: /home/ingejohan/Workspaces/ros2_cpp_ws/src/udemy_ros2_pkg/install/udemy_ros2_pkg/include/udemy_ros2_pkg/udemy_ros2_pkg/srv/detail/dds_fastrtps
[19.230s] -- Up-to-date: /home/ingejohan/Workspaces/ros2_cpp_ws/src/udemy_ros2_pkg/install/udemy_ros2_pkg/include/udemy_ros2_pkg/udemy_ros2_pkg/msg
[19.230s] -- Installing: /home/ingejohan/Workspaces/ros2_cpp_ws/src/udemy_ros2_pkg/install/udemy_ros2_pkg/include/udemy_ros2_pkg/udemy_ros2_pkg/msg/rosidl_typesupport_fastrtps_cpp__visibility_control.h
[19.230s] -- Installing: /home/ingejohan/Workspaces/ros2_cpp_ws/src/udemy_ros2_pkg/install/udemy_ros2_pkg/lib/libudemy_ros2_pkg__rosidl_typesupport_fastrtps_cpp.so
[19.231s] -- Set runtime path of "/home/ingejohan/Workspaces/ros2_cpp_ws/src/udemy_ros2_pkg/install/udemy_ros2_pkg/lib/libudemy_ros2_pkg__rosidl_typesupport_fastrtps_cpp.so" to ""
[19.231s] -- Up-to-date: /home/ingejohan/Workspaces/ros2_cpp_ws/src/udemy_ros2_pkg/install/udemy_ros2_pkg/include/udemy_ros2_pkg/udemy_ros2_pkg
[19.231s] -- Up-to-date: /home/ingejohan/Workspaces/ros2_cpp_ws/src/udemy_ros2_pkg/install/udemy_ros2_pkg/include/udemy_ros2_pkg/udemy_ros2_pkg/action
[19.231s] -- Up-to-date: /home/ingejohan/Workspaces/ros2_cpp_ws/src/udemy_ros2_pkg/install/udemy_ros2_pkg/include/udemy_ros2_pkg/udemy_ros2_pkg/action/detail
[19.231s] -- Installing: /home/ingejohan/Workspaces/ros2_cpp_ws/src/udemy_ros2_pkg/install/udemy_ros2_pkg/include/udemy_ros2_pkg/udemy_ros2_pkg/action/detail/navigate__type_support.c
[19.231s] -- Installing: /home/ingejohan/Workspaces/ros2_cpp_ws/src/udemy_ros2_pkg/install/udemy_ros2_pkg/include/udemy_ros2_pkg/udemy_ros2_pkg/action/detail/navigate__rosidl_typesupport_introspection_c.h
[19.231s] -- Up-to-date: /home/ingejohan/Workspaces/ros2_cpp_ws/src/udemy_ros2_pkg/install/udemy_ros2_pkg/include/udemy_ros2_pkg/udemy_ros2_pkg/srv
[19.231s] -- Up-to-date: /home/ingejohan/Workspaces/ros2_cpp_ws/src/udemy_ros2_pkg/install/udemy_ros2_pkg/include/udemy_ros2_pkg/udemy_ros2_pkg/srv/detail
[19.231s] -- Installing: /home/ingejohan/Workspaces/ros2_cpp_ws/src/udemy_ros2_pkg/install/udemy_ros2_pkg/include/udemy_ros2_pkg/udemy_ros2_pkg/srv/detail/odd_even_check__rosidl_typesupport_introspection_c.h
[19.231s] -- Installing: /home/ingejohan/Workspaces/ros2_cpp_ws/src/udemy_ros2_pkg/install/udemy_ros2_pkg/include/udemy_ros2_pkg/udemy_ros2_pkg/srv/detail/turn_camera__type_support.c
[19.232s] -- Installing: /home/ingejohan/Workspaces/ros2_cpp_ws/src/udemy_ros2_pkg/install/udemy_ros2_pkg/include/udemy_ros2_pkg/udemy_ros2_pkg/srv/detail/odd_even_check__type_support.c
[19.232s] -- Installing: /home/ingejohan/Workspaces/ros2_cpp_ws/src/udemy_ros2_pkg/install/udemy_ros2_pkg/include/udemy_ros2_pkg/udemy_ros2_pkg/srv/detail/turn_camera__rosidl_typesupport_introspection_c.h
[19.232s] -- Up-to-date: /home/ingejohan/Workspaces/ros2_cpp_ws/src/udemy_ros2_pkg/install/udemy_ros2_pkg/include/udemy_ros2_pkg/udemy_ros2_pkg/msg
[19.232s] -- Installing: /home/ingejohan/Workspaces/ros2_cpp_ws/src/udemy_ros2_pkg/install/udemy_ros2_pkg/include/udemy_ros2_pkg/udemy_ros2_pkg/msg/rosidl_typesupport_introspection_c__visibility_control.h
[19.232s] -- Installing: /home/ingejohan/Workspaces/ros2_cpp_ws/src/udemy_ros2_pkg/install/udemy_ros2_pkg/lib/libudemy_ros2_pkg__rosidl_typesupport_introspection_c.so
[19.232s] -- Set runtime path of "/home/ingejohan/Workspaces/ros2_cpp_ws/src/udemy_ros2_pkg/install/udemy_ros2_pkg/lib/libudemy_ros2_pkg__rosidl_typesupport_introspection_c.so" to ""
[19.232s] -- Installing: /home/ingejohan/Workspaces/ros2_cpp_ws/src/udemy_ros2_pkg/install/udemy_ros2_pkg/lib/libudemy_ros2_pkg__rosidl_typesupport_c.so
[19.232s] -- Set runtime path of "/home/ingejohan/Workspaces/ros2_cpp_ws/src/udemy_ros2_pkg/install/udemy_ros2_pkg/lib/libudemy_ros2_pkg__rosidl_typesupport_c.so" to ""
[19.232s] -- Up-to-date: /home/ingejohan/Workspaces/ros2_cpp_ws/src/udemy_ros2_pkg/install/udemy_ros2_pkg/include/udemy_ros2_pkg/udemy_ros2_pkg
[19.233s] -- Up-to-date: /home/ingejohan/Workspaces/ros2_cpp_ws/src/udemy_ros2_pkg/install/udemy_ros2_pkg/include/udemy_ros2_pkg/udemy_ros2_pkg/action
[19.233s] -- Up-to-date: /home/ingejohan/Workspaces/ros2_cpp_ws/src/udemy_ros2_pkg/install/udemy_ros2_pkg/include/udemy_ros2_pkg/udemy_ros2_pkg/action/detail
[19.233s] -- Installing: /home/ingejohan/Workspaces/ros2_cpp_ws/src/udemy_ros2_pkg/install/udemy_ros2_pkg/include/udemy_ros2_pkg/udemy_ros2_pkg/action/detail/navigate__rosidl_typesupport_introspection_cpp.hpp
[19.233s] -- Installing: /home/ingejohan/Workspaces/ros2_cpp_ws/src/udemy_ros2_pkg/install/udemy_ros2_pkg/include/udemy_ros2_pkg/udemy_ros2_pkg/action/detail/navigate__type_support.cpp
[19.233s] -- Up-to-date: /home/ingejohan/Workspaces/ros2_cpp_ws/src/udemy_ros2_pkg/install/udemy_ros2_pkg/include/udemy_ros2_pkg/udemy_ros2_pkg/srv
[19.233s] -- Up-to-date: /home/ingejohan/Workspaces/ros2_cpp_ws/src/udemy_ros2_pkg/install/udemy_ros2_pkg/include/udemy_ros2_pkg/udemy_ros2_pkg/srv/detail
[19.233s] -- Installing: /home/ingejohan/Workspaces/ros2_cpp_ws/src/udemy_ros2_pkg/install/udemy_ros2_pkg/include/udemy_ros2_pkg/udemy_ros2_pkg/srv/detail/turn_camera__rosidl_typesupport_introspection_cpp.hpp
[19.233s] -- Installing: /home/ingejohan/Workspaces/ros2_cpp_ws/src/udemy_ros2_pkg/install/udemy_ros2_pkg/include/udemy_ros2_pkg/udemy_ros2_pkg/srv/detail/odd_even_check__type_support.cpp
[19.233s] -- Installing: /home/ingejohan/Workspaces/ros2_cpp_ws/src/udemy_ros2_pkg/install/udemy_ros2_pkg/include/udemy_ros2_pkg/udemy_ros2_pkg/srv/detail/odd_even_check__rosidl_typesupport_introspection_cpp.hpp
[19.233s] -- Installing: /home/ingejohan/Workspaces/ros2_cpp_ws/src/udemy_ros2_pkg/install/udemy_ros2_pkg/include/udemy_ros2_pkg/udemy_ros2_pkg/srv/detail/turn_camera__type_support.cpp
[19.233s] -- Installing: /home/ingejohan/Workspaces/ros2_cpp_ws/src/udemy_ros2_pkg/install/udemy_ros2_pkg/lib/libudemy_ros2_pkg__rosidl_typesupport_introspection_cpp.so
[19.233s] -- Set runtime path of "/home/ingejohan/Workspaces/ros2_cpp_ws/src/udemy_ros2_pkg/install/udemy_ros2_pkg/lib/libudemy_ros2_pkg__rosidl_typesupport_introspection_cpp.so" to ""
[19.234s] -- Installing: /home/ingejohan/Workspaces/ros2_cpp_ws/src/udemy_ros2_pkg/install/udemy_ros2_pkg/lib/libudemy_ros2_pkg__rosidl_typesupport_cpp.so
[19.234s] -- Set runtime path of "/home/ingejohan/Workspaces/ros2_cpp_ws/src/udemy_ros2_pkg/install/udemy_ros2_pkg/lib/libudemy_ros2_pkg__rosidl_typesupport_cpp.so" to ""
[19.234s] -- Installing: /home/ingejohan/Workspaces/ros2_cpp_ws/src/udemy_ros2_pkg/install/udemy_ros2_pkg/share/udemy_ros2_pkg/environment/pythonpath.sh
[19.234s] -- Installing: /home/ingejohan/Workspaces/ros2_cpp_ws/src/udemy_ros2_pkg/install/udemy_ros2_pkg/share/udemy_ros2_pkg/environment/pythonpath.dsv
[19.234s] -- Installing: /home/ingejohan/Workspaces/ros2_cpp_ws/src/udemy_ros2_pkg/install/udemy_ros2_pkg/local/lib/python3.10/dist-packages/udemy_ros2_pkg-0.0.0-py3.10.egg-info
[19.234s] -- Installing: /home/ingejohan/Workspaces/ros2_cpp_ws/src/udemy_ros2_pkg/install/udemy_ros2_pkg/local/lib/python3.10/dist-packages/udemy_ros2_pkg-0.0.0-py3.10.egg-info/PKG-INFO
[19.234s] -- Installing: /home/ingejohan/Workspaces/ros2_cpp_ws/src/udemy_ros2_pkg/install/udemy_ros2_pkg/local/lib/python3.10/dist-packages/udemy_ros2_pkg-0.0.0-py3.10.egg-info/dependency_links.txt
[19.234s] -- Installing: /home/ingejohan/Workspaces/ros2_cpp_ws/src/udemy_ros2_pkg/install/udemy_ros2_pkg/local/lib/python3.10/dist-packages/udemy_ros2_pkg-0.0.0-py3.10.egg-info/top_level.txt
[19.234s] -- Installing: /home/ingejohan/Workspaces/ros2_cpp_ws/src/udemy_ros2_pkg/install/udemy_ros2_pkg/local/lib/python3.10/dist-packages/udemy_ros2_pkg-0.0.0-py3.10.egg-info/SOURCES.txt
[19.235s] -- Installing: /home/ingejohan/Workspaces/ros2_cpp_ws/src/udemy_ros2_pkg/install/udemy_ros2_pkg/local/lib/python3.10/dist-packages/udemy_ros2_pkg
[19.235s] -- Installing: /home/ingejohan/Workspaces/ros2_cpp_ws/src/udemy_ros2_pkg/install/udemy_ros2_pkg/local/lib/python3.10/dist-packages/udemy_ros2_pkg/udemy_ros2_pkg_s__rosidl_typesupport_introspection_c.cpython-310-x86_64-linux-gnu.so
[19.235s] -- Installing: /home/ingejohan/Workspaces/ros2_cpp_ws/src/udemy_ros2_pkg/install/udemy_ros2_pkg/local/lib/python3.10/dist-packages/udemy_ros2_pkg/_udemy_ros2_pkg_s.ep.rosidl_typesupport_c.c
[19.235s] -- Installing: /home/ingejohan/Workspaces/ros2_cpp_ws/src/udemy_ros2_pkg/install/udemy_ros2_pkg/local/lib/python3.10/dist-packages/udemy_ros2_pkg/libudemy_ros2_pkg__rosidl_generator_py.so
[19.235s] -- Installing: /home/ingejohan/Workspaces/ros2_cpp_ws/src/udemy_ros2_pkg/install/udemy_ros2_pkg/local/lib/python3.10/dist-packages/udemy_ros2_pkg/action
[19.235s] -- Installing: /home/ingejohan/Workspaces/ros2_cpp_ws/src/udemy_ros2_pkg/install/udemy_ros2_pkg/local/lib/python3.10/dist-packages/udemy_ros2_pkg/action/_navigate_s.c
[19.235s] -- Installing: /home/ingejohan/Workspaces/ros2_cpp_ws/src/udemy_ros2_pkg/install/udemy_ros2_pkg/local/lib/python3.10/dist-packages/udemy_ros2_pkg/action/_navigate.py
[19.235s] -- Installing: /home/ingejohan/Workspaces/ros2_cpp_ws/src/udemy_ros2_pkg/install/udemy_ros2_pkg/local/lib/python3.10/dist-packages/udemy_ros2_pkg/action/__init__.py
[19.236s] -- Installing: /home/ingejohan/Workspaces/ros2_cpp_ws/src/udemy_ros2_pkg/install/udemy_ros2_pkg/local/lib/python3.10/dist-packages/udemy_ros2_pkg/_udemy_ros2_pkg_s.ep.rosidl_typesupport_fastrtps_c.c
[19.236s] -- Installing: /home/ingejohan/Workspaces/ros2_cpp_ws/src/udemy_ros2_pkg/install/udemy_ros2_pkg/local/lib/python3.10/dist-packages/udemy_ros2_pkg/udemy_ros2_pkg_s__rosidl_typesupport_fastrtps_c.cpython-310-x86_64-linux-gnu.so
[19.236s] -- Installing: /home/ingejohan/Workspaces/ros2_cpp_ws/src/udemy_ros2_pkg/install/udemy_ros2_pkg/local/lib/python3.10/dist-packages/udemy_ros2_pkg/_udemy_ros2_pkg_s.ep.rosidl_typesupport_introspection_c.c
[19.236s] -- Installing: /home/ingejohan/Workspaces/ros2_cpp_ws/src/udemy_ros2_pkg/install/udemy_ros2_pkg/local/lib/python3.10/dist-packages/udemy_ros2_pkg/srv
[19.236s] -- Installing: /home/ingejohan/Workspaces/ros2_cpp_ws/src/udemy_ros2_pkg/install/udemy_ros2_pkg/local/lib/python3.10/dist-packages/udemy_ros2_pkg/srv/_turn_camera.py
[19.236s] -- Installing: /home/ingejohan/Workspaces/ros2_cpp_ws/src/udemy_ros2_pkg/install/udemy_ros2_pkg/local/lib/python3.10/dist-packages/udemy_ros2_pkg/srv/_odd_even_check_s.c
[19.236s] -- Installing: /home/ingejohan/Workspaces/ros2_cpp_ws/src/udemy_ros2_pkg/install/udemy_ros2_pkg/local/lib/python3.10/dist-packages/udemy_ros2_pkg/srv/_turn_camera_s.c
[19.236s] -- Installing: /home/ingejohan/Workspaces/ros2_cpp_ws/src/udemy_ros2_pkg/install/udemy_ros2_pkg/local/lib/python3.10/dist-packages/udemy_ros2_pkg/srv/_odd_even_check.py
[19.237s] -- Installing: /home/ingejohan/Workspaces/ros2_cpp_ws/src/udemy_ros2_pkg/install/udemy_ros2_pkg/local/lib/python3.10/dist-packages/udemy_ros2_pkg/srv/__init__.py
[19.237s] -- Installing: /home/ingejohan/Workspaces/ros2_cpp_ws/src/udemy_ros2_pkg/install/udemy_ros2_pkg/local/lib/python3.10/dist-packages/udemy_ros2_pkg/udemy_ros2_pkg_s__rosidl_typesupport_c.cpython-310-x86_64-linux-gnu.so
[19.237s] -- Installing: /home/ingejohan/Workspaces/ros2_cpp_ws/src/udemy_ros2_pkg/install/udemy_ros2_pkg/local/lib/python3.10/dist-packages/udemy_ros2_pkg/__init__.py
[19.292s] Listing '/home/ingejohan/Workspaces/ros2_cpp_ws/src/udemy_ros2_pkg/install/udemy_ros2_pkg/local/lib/python3.10/dist-packages/udemy_ros2_pkg'...
[19.292s] Compiling '/home/ingejohan/Workspaces/ros2_cpp_ws/src/udemy_ros2_pkg/install/udemy_ros2_pkg/local/lib/python3.10/dist-packages/udemy_ros2_pkg/__init__.py'...
[19.292s] Listing '/home/ingejohan/Workspaces/ros2_cpp_ws/src/udemy_ros2_pkg/install/udemy_ros2_pkg/local/lib/python3.10/dist-packages/udemy_ros2_pkg/action'...
[19.292s] Compiling '/home/ingejohan/Workspaces/ros2_cpp_ws/src/udemy_ros2_pkg/install/udemy_ros2_pkg/local/lib/python3.10/dist-packages/udemy_ros2_pkg/action/__init__.py'...
[19.293s] Compiling '/home/ingejohan/Workspaces/ros2_cpp_ws/src/udemy_ros2_pkg/install/udemy_ros2_pkg/local/lib/python3.10/dist-packages/udemy_ros2_pkg/action/_navigate.py'...
[19.293s] Listing '/home/ingejohan/Workspaces/ros2_cpp_ws/src/udemy_ros2_pkg/install/udemy_ros2_pkg/local/lib/python3.10/dist-packages/udemy_ros2_pkg/srv'...
[19.293s] Compiling '/home/ingejohan/Workspaces/ros2_cpp_ws/src/udemy_ros2_pkg/install/udemy_ros2_pkg/local/lib/python3.10/dist-packages/udemy_ros2_pkg/srv/__init__.py'...
[19.293s] Compiling '/home/ingejohan/Workspaces/ros2_cpp_ws/src/udemy_ros2_pkg/install/udemy_ros2_pkg/local/lib/python3.10/dist-packages/udemy_ros2_pkg/srv/_odd_even_check.py'...
[19.293s] Compiling '/home/ingejohan/Workspaces/ros2_cpp_ws/src/udemy_ros2_pkg/install/udemy_ros2_pkg/local/lib/python3.10/dist-packages/udemy_ros2_pkg/srv/_turn_camera.py'...
[19.297s] -- Installing: /home/ingejohan/Workspaces/ros2_cpp_ws/src/udemy_ros2_pkg/install/udemy_ros2_pkg/local/lib/python3.10/dist-packages/udemy_ros2_pkg/udemy_ros2_pkg_s__rosidl_typesupport_fastrtps_c.cpython-310-x86_64-linux-gnu.so
[19.297s] -- Set runtime path of "/home/ingejohan/Workspaces/ros2_cpp_ws/src/udemy_ros2_pkg/install/udemy_ros2_pkg/local/lib/python3.10/dist-packages/udemy_ros2_pkg/udemy_ros2_pkg_s__rosidl_typesupport_fastrtps_c.cpython-310-x86_64-linux-gnu.so" to ""
[19.298s] -- Installing: /home/ingejohan/Workspaces/ros2_cpp_ws/src/udemy_ros2_pkg/install/udemy_ros2_pkg/local/lib/python3.10/dist-packages/udemy_ros2_pkg/udemy_ros2_pkg_s__rosidl_typesupport_introspection_c.cpython-310-x86_64-linux-gnu.so
[19.298s] -- Set runtime path of "/home/ingejohan/Workspaces/ros2_cpp_ws/src/udemy_ros2_pkg/install/udemy_ros2_pkg/local/lib/python3.10/dist-packages/udemy_ros2_pkg/udemy_ros2_pkg_s__rosidl_typesupport_introspection_c.cpython-310-x86_64-linux-gnu.so" to ""
[19.298s] -- Installing: /home/ingejohan/Workspaces/ros2_cpp_ws/src/udemy_ros2_pkg/install/udemy_ros2_pkg/local/lib/python3.10/dist-packages/udemy_ros2_pkg/udemy_ros2_pkg_s__rosidl_typesupport_c.cpython-310-x86_64-linux-gnu.so
[19.299s] -- Set runtime path of "/home/ingejohan/Workspaces/ros2_cpp_ws/src/udemy_ros2_pkg/install/udemy_ros2_pkg/local/lib/python3.10/dist-packages/udemy_ros2_pkg/udemy_ros2_pkg_s__rosidl_typesupport_c.cpython-310-x86_64-linux-gnu.so" to ""
[19.299s] -- Installing: /home/ingejohan/Workspaces/ros2_cpp_ws/src/udemy_ros2_pkg/install/udemy_ros2_pkg/lib/libudemy_ros2_pkg__rosidl_generator_py.so
[19.299s] -- Set runtime path of "/home/ingejohan/Workspaces/ros2_cpp_ws/src/udemy_ros2_pkg/install/udemy_ros2_pkg/lib/libudemy_ros2_pkg__rosidl_generator_py.so" to ""
[19.299s] -- Installing: /home/ingejohan/Workspaces/ros2_cpp_ws/src/udemy_ros2_pkg/install/udemy_ros2_pkg/share/udemy_ros2_pkg/srv/OddEvenCheck.idl
[19.299s] -- Installing: /home/ingejohan/Workspaces/ros2_cpp_ws/src/udemy_ros2_pkg/install/udemy_ros2_pkg/share/udemy_ros2_pkg/srv/TurnCamera.idl
[19.300s] -- Installing: /home/ingejohan/Workspaces/ros2_cpp_ws/src/udemy_ros2_pkg/install/udemy_ros2_pkg/share/udemy_ros2_pkg/action/Navigate.idl
[19.300s] -- Installing: /home/ingejohan/Workspaces/ros2_cpp_ws/src/udemy_ros2_pkg/install/udemy_ros2_pkg/share/udemy_ros2_pkg/srv/OddEvenCheck.srv
[19.300s] -- Installing: /home/ingejohan/Workspaces/ros2_cpp_ws/src/udemy_ros2_pkg/install/udemy_ros2_pkg/share/udemy_ros2_pkg/srv/OddEvenCheck_Request.msg
[19.300s] -- Installing: /home/ingejohan/Workspaces/ros2_cpp_ws/src/udemy_ros2_pkg/install/udemy_ros2_pkg/share/udemy_ros2_pkg/srv/OddEvenCheck_Response.msg
[19.300s] -- Installing: /home/ingejohan/Workspaces/ros2_cpp_ws/src/udemy_ros2_pkg/install/udemy_ros2_pkg/share/udemy_ros2_pkg/srv/TurnCamera.srv
[19.300s] -- Installing: /home/ingejohan/Workspaces/ros2_cpp_ws/src/udemy_ros2_pkg/install/udemy_ros2_pkg/share/udemy_ros2_pkg/srv/TurnCamera_Request.msg
[19.300s] -- Installing: /home/ingejohan/Workspaces/ros2_cpp_ws/src/udemy_ros2_pkg/install/udemy_ros2_pkg/share/udemy_ros2_pkg/srv/TurnCamera_Response.msg
[19.300s] -- Installing: /home/ingejohan/Workspaces/ros2_cpp_ws/src/udemy_ros2_pkg/install/udemy_ros2_pkg/share/udemy_ros2_pkg/action/Navigate.action
[19.301s] -- Installing: /home/ingejohan/Workspaces/ros2_cpp_ws/src/udemy_ros2_pkg/install/udemy_ros2_pkg/lib/udemy_ros2_pkg/publisher
[19.302s] -- Set runtime path of "/home/ingejohan/Workspaces/ros2_cpp_ws/src/udemy_ros2_pkg/install/udemy_ros2_pkg/lib/udemy_ros2_pkg/publisher" to ""
[19.302s] -- Installing: /home/ingejohan/Workspaces/ros2_cpp_ws/src/udemy_ros2_pkg/install/udemy_ros2_pkg/lib/udemy_ros2_pkg/subscriber
[19.307s] -- Set runtime path of "/home/ingejohan/Workspaces/ros2_cpp_ws/src/udemy_ros2_pkg/install/udemy_ros2_pkg/lib/udemy_ros2_pkg/subscriber" to ""
[19.307s] -- Installing: /home/ingejohan/Workspaces/ros2_cpp_ws/src/udemy_ros2_pkg/install/udemy_ros2_pkg/lib/udemy_ros2_pkg/rpm_pub
[19.308s] -- Set runtime path of "/home/ingejohan/Workspaces/ros2_cpp_ws/src/udemy_ros2_pkg/install/udemy_ros2_pkg/lib/udemy_ros2_pkg/rpm_pub" to ""
[19.308s] -- Installing: /home/ingejohan/Workspaces/ros2_cpp_ws/src/udemy_ros2_pkg/install/udemy_ros2_pkg/lib/udemy_ros2_pkg/speed_calc
[19.312s] -- Set runtime path of "/home/ingejohan/Workspaces/ros2_cpp_ws/src/udemy_ros2_pkg/install/udemy_ros2_pkg/lib/udemy_ros2_pkg/speed_calc" to ""
[19.312s] -- Installing: /home/ingejohan/Workspaces/ros2_cpp_ws/src/udemy_ros2_pkg/install/udemy_ros2_pkg/lib/udemy_ros2_pkg/service_server
[19.313s] -- Set runtime path of "/home/ingejohan/Workspaces/ros2_cpp_ws/src/udemy_ros2_pkg/install/udemy_ros2_pkg/lib/udemy_ros2_pkg/service_server" to ""
[19.313s] -- Installing: /home/ingejohan/Workspaces/ros2_cpp_ws/src/udemy_ros2_pkg/install/udemy_ros2_pkg/lib/udemy_ros2_pkg/service_client
[19.314s] -- Set runtime path of "/home/ingejohan/Workspaces/ros2_cpp_ws/src/udemy_ros2_pkg/install/udemy_ros2_pkg/lib/udemy_ros2_pkg/service_client" to ""
[19.315s] -- Installing: /home/ingejohan/Workspaces/ros2_cpp_ws/src/udemy_ros2_pkg/install/udemy_ros2_pkg/lib/udemy_ros2_pkg/turn_camera_service
[19.316s] -- Set runtime path of "/home/ingejohan/Workspaces/ros2_cpp_ws/src/udemy_ros2_pkg/install/udemy_ros2_pkg/lib/udemy_ros2_pkg/turn_camera_service" to ""
[19.316s] -- Installing: /home/ingejohan/Workspaces/ros2_cpp_ws/src/udemy_ros2_pkg/install/udemy_ros2_pkg/lib/udemy_ros2_pkg/turn_camera_client
[19.317s] -- Set runtime path of "/home/ingejohan/Workspaces/ros2_cpp_ws/src/udemy_ros2_pkg/install/udemy_ros2_pkg/lib/udemy_ros2_pkg/turn_camera_client" to ""
[19.317s] -- Installing: /home/ingejohan/Workspaces/ros2_cpp_ws/src/udemy_ros2_pkg/install/udemy_ros2_pkg/lib/udemy_ros2_pkg/action_server
[19.322s] -- Set runtime path of "/home/ingejohan/Workspaces/ros2_cpp_ws/src/udemy_ros2_pkg/install/udemy_ros2_pkg/lib/udemy_ros2_pkg/action_server" to ""
[19.322s] -- Installing: /home/ingejohan/Workspaces/ros2_cpp_ws/src/udemy_ros2_pkg/install/udemy_ros2_pkg/lib/udemy_ros2_pkg/action_client
[19.323s] -- Set runtime path of "/home/ingejohan/Workspaces/ros2_cpp_ws/src/udemy_ros2_pkg/install/udemy_ros2_pkg/lib/udemy_ros2_pkg/action_client" to ""
[19.323s] -- Installing: /home/ingejohan/Workspaces/ros2_cpp_ws/src/udemy_ros2_pkg/install/udemy_ros2_pkg/share/udemy_ros2_pkg//launch
[19.324s] -- Installing: /home/ingejohan/Workspaces/ros2_cpp_ws/src/udemy_ros2_pkg/install/udemy_ros2_pkg/share/udemy_ros2_pkg//launch/rpm_node.launch.py
[19.324s] -- Installing: /home/ingejohan/Workspaces/ros2_cpp_ws/src/udemy_ros2_pkg/install/udemy_ros2_pkg/share/udemy_ros2_pkg//launch/launch_project.launch.py
[19.324s] -- Installing: /home/ingejohan/Workspaces/ros2_cpp_ws/src/udemy_ros2_pkg/install/udemy_ros2_pkg/share/ament_index/resource_index/package_run_dependencies/udemy_ros2_pkg
[19.324s] -- Installing: /home/ingejohan/Workspaces/ros2_cpp_ws/src/udemy_ros2_pkg/install/udemy_ros2_pkg/share/ament_index/resource_index/parent_prefix_path/udemy_ros2_pkg
[19.324s] -- Installing: /home/ingejohan/Workspaces/ros2_cpp_ws/src/udemy_ros2_pkg/install/udemy_ros2_pkg/share/udemy_ros2_pkg/environment/ament_prefix_path.sh
[19.324s] -- Installing: /home/ingejohan/Workspaces/ros2_cpp_ws/src/udemy_ros2_pkg/install/udemy_ros2_pkg/share/udemy_ros2_pkg/environment/ament_prefix_path.dsv
[19.324s] -- Installing: /home/ingejohan/Workspaces/ros2_cpp_ws/src/udemy_ros2_pkg/install/udemy_ros2_pkg/share/udemy_ros2_pkg/environment/path.sh
[19.325s] -- Installing: /home/ingejohan/Workspaces/ros2_cpp_ws/src/udemy_ros2_pkg/install/udemy_ros2_pkg/share/udemy_ros2_pkg/environment/path.dsv
[19.325s] -- Installing: /home/ingejohan/Workspaces/ros2_cpp_ws/src/udemy_ros2_pkg/install/udemy_ros2_pkg/share/udemy_ros2_pkg/local_setup.bash
[19.325s] -- Installing: /home/ingejohan/Workspaces/ros2_cpp_ws/src/udemy_ros2_pkg/install/udemy_ros2_pkg/share/udemy_ros2_pkg/local_setup.sh
[19.325s] -- Installing: /home/ingejohan/Workspaces/ros2_cpp_ws/src/udemy_ros2_pkg/install/udemy_ros2_pkg/share/udemy_ros2_pkg/local_setup.zsh
[19.325s] -- Installing: /home/ingejohan/Workspaces/ros2_cpp_ws/src/udemy_ros2_pkg/install/udemy_ros2_pkg/share/udemy_ros2_pkg/local_setup.dsv
[19.325s] -- Installing: /home/ingejohan/Workspaces/ros2_cpp_ws/src/udemy_ros2_pkg/install/udemy_ros2_pkg/share/udemy_ros2_pkg/package.dsv
[19.325s] -- Installing: /home/ingejohan/Workspaces/ros2_cpp_ws/src/udemy_ros2_pkg/install/udemy_ros2_pkg/share/ament_index/resource_index/packages/udemy_ros2_pkg
[19.325s] -- Installing: /home/ingejohan/Workspaces/ros2_cpp_ws/src/udemy_ros2_pkg/install/udemy_ros2_pkg/share/udemy_ros2_pkg/cmake/export_udemy_ros2_pkg__rosidl_generator_cExport.cmake
[19.326s] -- Installing: /home/ingejohan/Workspaces/ros2_cpp_ws/src/udemy_ros2_pkg/install/udemy_ros2_pkg/share/udemy_ros2_pkg/cmake/export_udemy_ros2_pkg__rosidl_generator_cExport-noconfig.cmake
[19.326s] -- Installing: /home/ingejohan/Workspaces/ros2_cpp_ws/src/udemy_ros2_pkg/install/udemy_ros2_pkg/share/udemy_ros2_pkg/cmake/export_udemy_ros2_pkg__rosidl_typesupport_fastrtps_cExport.cmake
[19.326s] -- Installing: /home/ingejohan/Workspaces/ros2_cpp_ws/src/udemy_ros2_pkg/install/udemy_ros2_pkg/share/udemy_ros2_pkg/cmake/export_udemy_ros2_pkg__rosidl_typesupport_fastrtps_cExport-noconfig.cmake
[19.326s] -- Installing: /home/ingejohan/Workspaces/ros2_cpp_ws/src/udemy_ros2_pkg/install/udemy_ros2_pkg/share/udemy_ros2_pkg/cmake/export_udemy_ros2_pkg__rosidl_generator_cppExport.cmake
[19.326s] -- Installing: /home/ingejohan/Workspaces/ros2_cpp_ws/src/udemy_ros2_pkg/install/udemy_ros2_pkg/share/udemy_ros2_pkg/cmake/export_udemy_ros2_pkg__rosidl_typesupport_fastrtps_cppExport.cmake
[19.326s] -- Installing: /home/ingejohan/Workspaces/ros2_cpp_ws/src/udemy_ros2_pkg/install/udemy_ros2_pkg/share/udemy_ros2_pkg/cmake/export_udemy_ros2_pkg__rosidl_typesupport_fastrtps_cppExport-noconfig.cmake
[19.326s] -- Installing: /home/ingejohan/Workspaces/ros2_cpp_ws/src/udemy_ros2_pkg/install/udemy_ros2_pkg/share/udemy_ros2_pkg/cmake/udemy_ros2_pkg__rosidl_typesupport_introspection_cExport.cmake
[19.327s] -- Installing: /home/ingejohan/Workspaces/ros2_cpp_ws/src/udemy_ros2_pkg/install/udemy_ros2_pkg/share/udemy_ros2_pkg/cmake/udemy_ros2_pkg__rosidl_typesupport_introspection_cExport-noconfig.cmake
[19.327s] -- Installing: /home/ingejohan/Workspaces/ros2_cpp_ws/src/udemy_ros2_pkg/install/udemy_ros2_pkg/share/udemy_ros2_pkg/cmake/udemy_ros2_pkg__rosidl_typesupport_cExport.cmake
[19.327s] -- Installing: /home/ingejohan/Workspaces/ros2_cpp_ws/src/udemy_ros2_pkg/install/udemy_ros2_pkg/share/udemy_ros2_pkg/cmake/udemy_ros2_pkg__rosidl_typesupport_cExport-noconfig.cmake
[19.327s] -- Installing: /home/ingejohan/Workspaces/ros2_cpp_ws/src/udemy_ros2_pkg/install/udemy_ros2_pkg/share/udemy_ros2_pkg/cmake/udemy_ros2_pkg__rosidl_typesupport_introspection_cppExport.cmake
[19.327s] -- Installing: /home/ingejohan/Workspaces/ros2_cpp_ws/src/udemy_ros2_pkg/install/udemy_ros2_pkg/share/udemy_ros2_pkg/cmake/udemy_ros2_pkg__rosidl_typesupport_introspection_cppExport-noconfig.cmake
[19.327s] -- Installing: /home/ingejohan/Workspaces/ros2_cpp_ws/src/udemy_ros2_pkg/install/udemy_ros2_pkg/share/udemy_ros2_pkg/cmake/udemy_ros2_pkg__rosidl_typesupport_cppExport.cmake
[19.327s] -- Installing: /home/ingejohan/Workspaces/ros2_cpp_ws/src/udemy_ros2_pkg/install/udemy_ros2_pkg/share/udemy_ros2_pkg/cmake/udemy_ros2_pkg__rosidl_typesupport_cppExport-noconfig.cmake
[19.328s] -- Installing: /home/ingejohan/Workspaces/ros2_cpp_ws/src/udemy_ros2_pkg/install/udemy_ros2_pkg/share/udemy_ros2_pkg/cmake/export_udemy_ros2_pkg__rosidl_generator_pyExport.cmake
[19.328s] -- Installing: /home/ingejohan/Workspaces/ros2_cpp_ws/src/udemy_ros2_pkg/install/udemy_ros2_pkg/share/udemy_ros2_pkg/cmake/export_udemy_ros2_pkg__rosidl_generator_pyExport-noconfig.cmake
[19.328s] -- Installing: /home/ingejohan/Workspaces/ros2_cpp_ws/src/udemy_ros2_pkg/install/udemy_ros2_pkg/share/udemy_ros2_pkg/cmake/rosidl_cmake-extras.cmake
[19.328s] -- Installing: /home/ingejohan/Workspaces/ros2_cpp_ws/src/udemy_ros2_pkg/install/udemy_ros2_pkg/share/udemy_ros2_pkg/cmake/ament_cmake_export_dependencies-extras.cmake
[19.328s] -- Installing: /home/ingejohan/Workspaces/ros2_cpp_ws/src/udemy_ros2_pkg/install/udemy_ros2_pkg/share/udemy_ros2_pkg/cmake/ament_cmake_export_include_directories-extras.cmake
[19.328s] -- Installing: /home/ingejohan/Workspaces/ros2_cpp_ws/src/udemy_ros2_pkg/install/udemy_ros2_pkg/share/udemy_ros2_pkg/cmake/ament_cmake_export_libraries-extras.cmake
[19.329s] -- Installing: /home/ingejohan/Workspaces/ros2_cpp_ws/src/udemy_ros2_pkg/install/udemy_ros2_pkg/share/udemy_ros2_pkg/cmake/ament_cmake_export_targets-extras.cmake
[19.329s] -- Installing: /home/ingejohan/Workspaces/ros2_cpp_ws/src/udemy_ros2_pkg/install/udemy_ros2_pkg/share/udemy_ros2_pkg/cmake/rosidl_cmake_export_typesupport_targets-extras.cmake
[19.329s] -- Installing: /home/ingejohan/Workspaces/ros2_cpp_ws/src/udemy_ros2_pkg/install/udemy_ros2_pkg/share/udemy_ros2_pkg/cmake/rosidl_cmake_export_typesupport_libraries-extras.cmake
[19.329s] -- Installing: /home/ingejohan/Workspaces/ros2_cpp_ws/src/udemy_ros2_pkg/install/udemy_ros2_pkg/share/udemy_ros2_pkg/cmake/udemy_ros2_pkgConfig.cmake
[19.329s] -- Installing: /home/ingejohan/Workspaces/ros2_cpp_ws/src/udemy_ros2_pkg/install/udemy_ros2_pkg/share/udemy_ros2_pkg/cmake/udemy_ros2_pkgConfig-version.cmake
[19.329s] -- Installing: /home/ingejohan/Workspaces/ros2_cpp_ws/src/udemy_ros2_pkg/install/udemy_ros2_pkg/share/udemy_ros2_pkg/package.xml
[19.332s] Invoked command in '/home/ingejohan/Workspaces/ros2_cpp_ws/src/udemy_ros2_pkg/build/udemy_ros2_pkg' returned '0': CMAKE_PREFIX_PATH=${CMAKE_PREFIX_PATH}:/home/ingejohan/ros2_ws/install/rover:/home/ingejohan/ros2_ws/install/my_py_pkg:/opt/ros/humble /usr/bin/cmake --install /home/ingejohan/Workspaces/ros2_cpp_ws/src/udemy_ros2_pkg/build/udemy_ros2_pkg
