[0.210s] Invoking command in '/home/ingejohan/Workspaces/ros2_cpp_ws/build/udemy_ros2_pkg': CMAKE_PREFIX_PATH=${CMAKE_PREFIX_PATH}:/home/ingejohan/ros2_ws/install/rover:/home/ingejohan/ros2_ws/install/my_py_pkg:/opt/ros/humble /usr/bin/cmake --build /home/ingejohan/Workspaces/ros2_cpp_ws/build/udemy_ros2_pkg -- -j16 -l16
[0.301s] [  1%] Built target udemy_ros2_pkg__cpp
[0.344s] [  4%] Built target speed_calc
[0.385s] [ 11%] Built target udemy_ros2_pkg__rosidl_typesupport_introspection_cpp
[0.428s] [ 19%] Built target udemy_ros2_pkg__rosidl_typesupport_fastrtps_cpp
[0.469s] [ 26%] Built target udemy_ros2_pkg__rosidl_typesupport_cpp
[0.513s] [ 29%] Built target rpm_pub
[0.559s] [ 32%] Built target action_client
[0.605s] [ 35%] Built target action_server
[0.651s] [ 38%] Built target turn_camera_client
[0.696s] [ 41%] Built target turn_camera_service
[0.739s] [ 44%] Built target service_client
[0.783s] [ 47%] Built target service_server
[0.825s] [ 50%] Built target subscriber
[0.869s] [ 53%] Built target publisher
[0.921s] [ 53%] Built target ament_cmake_python_copy_udemy_ros2_pkg
[0.959s] [ 61%] Built target udemy_ros2_pkg__rosidl_generator_c
[1.558s] running egg_info
[1.559s] writing udemy_ros2_pkg.egg-info/PKG-INFO
[1.560s] writing dependency_links to udemy_ros2_pkg.egg-info/dependency_links.txt
[1.560s] writing top-level names to udemy_ros2_pkg.egg-info/top_level.txt
[1.564s] reading manifest file 'udemy_ros2_pkg.egg-info/SOURCES.txt'
[1.566s] writing manifest file 'udemy_ros2_pkg.egg-info/SOURCES.txt'
[1.606s] [ 61%] Built target ament_cmake_python_build_udemy_ros2_pkg_egg
[1.645s] [ 68%] Built target udemy_ros2_pkg__rosidl_typesupport_c
[1.683s] [ 76%] Built target udemy_ros2_pkg__rosidl_typesupport_introspection_c
[1.725s] [ 83%] Built target udemy_ros2_pkg__rosidl_typesupport_fastrtps_c
[1.760s] [ 83%] Built target udemy_ros2_pkg
[1.795s] [ 85%] Built target udemy_ros2_pkg__py
[1.834s] [ 91%] Built target udemy_ros2_pkg__rosidl_generator_py
[1.873s] [ 94%] Built target udemy_ros2_pkg__rosidl_typesupport_fastrtps_c__pyext
[1.910s] [ 97%] Built target udemy_ros2_pkg__rosidl_typesupport_c__pyext
[1.948s] [100%] Built target udemy_ros2_pkg__rosidl_typesupport_introspection_c__pyext
[1.970s] Invoked command in '/home/ingejohan/Workspaces/ros2_cpp_ws/build/udemy_ros2_pkg' returned '0': CMAKE_PREFIX_PATH=${CMAKE_PREFIX_PATH}:/home/ingejohan/ros2_ws/install/rover:/home/ingejohan/ros2_ws/install/my_py_pkg:/opt/ros/humble /usr/bin/cmake --build /home/ingejohan/Workspaces/ros2_cpp_ws/build/udemy_ros2_pkg -- -j16 -l16
[2.176s] Invoking command in '/home/ingejohan/Workspaces/ros2_cpp_ws/build/udemy_ros2_pkg': CMAKE_PREFIX_PATH=${CMAKE_PREFIX_PATH}:/home/ingejohan/ros2_ws/install/rover:/home/ingejohan/ros2_ws/install/my_py_pkg:/opt/ros/humble /usr/bin/cmake --install /home/ingejohan/Workspaces/ros2_cpp_ws/build/udemy_ros2_pkg
[2.189s] -- Install configuration: ""
[2.190s] -- Up-to-date: /home/ingejohan/Workspaces/ros2_cpp_ws/install/udemy_ros2_pkg/share/ament_index/resource_index/rosidl_interfaces/udemy_ros2_pkg
[2.190s] -- Up-to-date: /home/ingejohan/Workspaces/ros2_cpp_ws/install/udemy_ros2_pkg/include/udemy_ros2_pkg/udemy_ros2_pkg
[2.190s] -- Up-to-date: /home/ingejohan/Workspaces/ros2_cpp_ws/install/udemy_ros2_pkg/include/udemy_ros2_pkg/udemy_ros2_pkg/action
[2.190s] -- Up-to-date: /home/ingejohan/Workspaces/ros2_cpp_ws/install/udemy_ros2_pkg/include/udemy_ros2_pkg/udemy_ros2_pkg/action/navigate.h
[2.190s] -- Up-to-date: /home/ingejohan/Workspaces/ros2_cpp_ws/install/udemy_ros2_pkg/include/udemy_ros2_pkg/udemy_ros2_pkg/action/detail
[2.190s] -- Up-to-date: /home/ingejohan/Workspaces/ros2_cpp_ws/install/udemy_ros2_pkg/include/udemy_ros2_pkg/udemy_ros2_pkg/action/detail/navigate__struct.h
[2.191s] -- Up-to-date: /home/ingejohan/Workspaces/ros2_cpp_ws/install/udemy_ros2_pkg/include/udemy_ros2_pkg/udemy_ros2_pkg/action/detail/navigate__functions.h
[2.191s] -- Up-to-date: /home/ingejohan/Workspaces/ros2_cpp_ws/install/udemy_ros2_pkg/include/udemy_ros2_pkg/udemy_ros2_pkg/action/detail/navigate__type_support.h
[2.191s] -- Up-to-date: /home/ingejohan/Workspaces/ros2_cpp_ws/install/udemy_ros2_pkg/include/udemy_ros2_pkg/udemy_ros2_pkg/action/detail/navigate__functions.c
[2.191s] -- Up-to-date: /home/ingejohan/Workspaces/ros2_cpp_ws/install/udemy_ros2_pkg/include/udemy_ros2_pkg/udemy_ros2_pkg/srv
[2.191s] -- Up-to-date: /home/ingejohan/Workspaces/ros2_cpp_ws/install/udemy_ros2_pkg/include/udemy_ros2_pkg/udemy_ros2_pkg/srv/odd_even_check.h
[2.192s] -- Up-to-date: /home/ingejohan/Workspaces/ros2_cpp_ws/install/udemy_ros2_pkg/include/udemy_ros2_pkg/udemy_ros2_pkg/srv/turn_camera.h
[2.192s] -- Up-to-date: /home/ingejohan/Workspaces/ros2_cpp_ws/install/udemy_ros2_pkg/include/udemy_ros2_pkg/udemy_ros2_pkg/srv/detail
[2.192s] -- Up-to-date: /home/ingejohan/Workspaces/ros2_cpp_ws/install/udemy_ros2_pkg/include/udemy_ros2_pkg/udemy_ros2_pkg/srv/detail/odd_even_check__type_support.h
[2.192s] -- Up-to-date: /home/ingejohan/Workspaces/ros2_cpp_ws/install/udemy_ros2_pkg/include/udemy_ros2_pkg/udemy_ros2_pkg/srv/detail/turn_camera__functions.c
[2.192s] -- Up-to-date: /home/ingejohan/Workspaces/ros2_cpp_ws/install/udemy_ros2_pkg/include/udemy_ros2_pkg/udemy_ros2_pkg/srv/detail/turn_camera__type_support.h
[2.192s] -- Up-to-date: /home/ingejohan/Workspaces/ros2_cpp_ws/install/udemy_ros2_pkg/include/udemy_ros2_pkg/udemy_ros2_pkg/srv/detail/odd_even_check__struct.h
[2.193s] -- Up-to-date: /home/ingejohan/Workspaces/ros2_cpp_ws/install/udemy_ros2_pkg/include/udemy_ros2_pkg/udemy_ros2_pkg/srv/detail/turn_camera__functions.h
[2.193s] -- Up-to-date: /home/ingejohan/Workspaces/ros2_cpp_ws/install/udemy_ros2_pkg/include/udemy_ros2_pkg/udemy_ros2_pkg/srv/detail/turn_camera__struct.h
[2.193s] -- Up-to-date: /home/ingejohan/Workspaces/ros2_cpp_ws/install/udemy_ros2_pkg/include/udemy_ros2_pkg/udemy_ros2_pkg/srv/detail/odd_even_check__functions.c
[2.193s] -- Up-to-date: /home/ingejohan/Workspaces/ros2_cpp_ws/install/udemy_ros2_pkg/include/udemy_ros2_pkg/udemy_ros2_pkg/srv/detail/odd_even_check__functions.h
[2.193s] -- Up-to-date: /home/ingejohan/Workspaces/ros2_cpp_ws/install/udemy_ros2_pkg/include/udemy_ros2_pkg/udemy_ros2_pkg/msg
[2.193s] -- Up-to-date: /home/ingejohan/Workspaces/ros2_cpp_ws/install/udemy_ros2_pkg/include/udemy_ros2_pkg/udemy_ros2_pkg/msg/rosidl_generator_c__visibility_control.h
[2.194s] -- Up-to-date: /home/ingejohan/Workspaces/ros2_cpp_ws/install/udemy_ros2_pkg/share/udemy_ros2_pkg/environment/library_path.sh
[2.194s] -- Up-to-date: /home/ingejohan/Workspaces/ros2_cpp_ws/install/udemy_ros2_pkg/share/udemy_ros2_pkg/environment/library_path.dsv
[2.194s] -- Up-to-date: /home/ingejohan/Workspaces/ros2_cpp_ws/install/udemy_ros2_pkg/lib/libudemy_ros2_pkg__rosidl_generator_c.so
[2.194s] -- Up-to-date: /home/ingejohan/Workspaces/ros2_cpp_ws/install/udemy_ros2_pkg/include/udemy_ros2_pkg/udemy_ros2_pkg
[2.195s] -- Up-to-date: /home/ingejohan/Workspaces/ros2_cpp_ws/install/udemy_ros2_pkg/include/udemy_ros2_pkg/udemy_ros2_pkg/action
[2.195s] -- Up-to-date: /home/ingejohan/Workspaces/ros2_cpp_ws/install/udemy_ros2_pkg/include/udemy_ros2_pkg/udemy_ros2_pkg/action/detail
[2.195s] -- Up-to-date: /home/ingejohan/Workspaces/ros2_cpp_ws/install/udemy_ros2_pkg/include/udemy_ros2_pkg/udemy_ros2_pkg/action/detail/navigate__rosidl_typesupport_fastrtps_c.h
[2.196s] -- Up-to-date: /home/ingejohan/Workspaces/ros2_cpp_ws/install/udemy_ros2_pkg/include/udemy_ros2_pkg/udemy_ros2_pkg/srv
[2.196s] -- Up-to-date: /home/ingejohan/Workspaces/ros2_cpp_ws/install/udemy_ros2_pkg/include/udemy_ros2_pkg/udemy_ros2_pkg/srv/detail
[2.196s] -- Up-to-date: /home/ingejohan/Workspaces/ros2_cpp_ws/install/udemy_ros2_pkg/include/udemy_ros2_pkg/udemy_ros2_pkg/srv/detail/turn_camera__rosidl_typesupport_fastrtps_c.h
[2.197s] -- Up-to-date: /home/ingejohan/Workspaces/ros2_cpp_ws/install/udemy_ros2_pkg/include/udemy_ros2_pkg/udemy_ros2_pkg/srv/detail/odd_even_check__rosidl_typesupport_fastrtps_c.h
[2.197s] -- Up-to-date: /home/ingejohan/Workspaces/ros2_cpp_ws/install/udemy_ros2_pkg/include/udemy_ros2_pkg/udemy_ros2_pkg/msg
[2.198s] -- Up-to-date: /home/ingejohan/Workspaces/ros2_cpp_ws/install/udemy_ros2_pkg/include/udemy_ros2_pkg/udemy_ros2_pkg/msg/rosidl_typesupport_fastrtps_c__visibility_control.h
[2.198s] -- Up-to-date: /home/ingejohan/Workspaces/ros2_cpp_ws/install/udemy_ros2_pkg/lib/libudemy_ros2_pkg__rosidl_typesupport_fastrtps_c.so
[2.198s] -- Up-to-date: /home/ingejohan/Workspaces/ros2_cpp_ws/install/udemy_ros2_pkg/include/udemy_ros2_pkg/udemy_ros2_pkg
[2.199s] -- Up-to-date: /home/ingejohan/Workspaces/ros2_cpp_ws/install/udemy_ros2_pkg/include/udemy_ros2_pkg/udemy_ros2_pkg/action
[2.199s] -- Up-to-date: /home/ingejohan/Workspaces/ros2_cpp_ws/install/udemy_ros2_pkg/include/udemy_ros2_pkg/udemy_ros2_pkg/action/navigate.hpp
[2.200s] -- Up-to-date: /home/ingejohan/Workspaces/ros2_cpp_ws/install/udemy_ros2_pkg/include/udemy_ros2_pkg/udemy_ros2_pkg/action/detail
[2.200s] -- Up-to-date: /home/ingejohan/Workspaces/ros2_cpp_ws/install/udemy_ros2_pkg/include/udemy_ros2_pkg/udemy_ros2_pkg/action/detail/navigate__builder.hpp
[2.200s] -- Up-to-date: /home/ingejohan/Workspaces/ros2_cpp_ws/install/udemy_ros2_pkg/include/udemy_ros2_pkg/udemy_ros2_pkg/action/detail/navigate__struct.hpp
[2.200s] -- Up-to-date: /home/ingejohan/Workspaces/ros2_cpp_ws/install/udemy_ros2_pkg/include/udemy_ros2_pkg/udemy_ros2_pkg/action/detail/navigate__traits.hpp
[2.200s] -- Up-to-date: /home/ingejohan/Workspaces/ros2_cpp_ws/install/udemy_ros2_pkg/include/udemy_ros2_pkg/udemy_ros2_pkg/srv
[2.200s] -- Up-to-date: /home/ingejohan/Workspaces/ros2_cpp_ws/install/udemy_ros2_pkg/include/udemy_ros2_pkg/udemy_ros2_pkg/srv/turn_camera.hpp
[2.201s] -- Up-to-date: /home/ingejohan/Workspaces/ros2_cpp_ws/install/udemy_ros2_pkg/include/udemy_ros2_pkg/udemy_ros2_pkg/srv/odd_even_check.hpp
[2.201s] -- Up-to-date: /home/ingejohan/Workspaces/ros2_cpp_ws/install/udemy_ros2_pkg/include/udemy_ros2_pkg/udemy_ros2_pkg/srv/detail
[2.201s] -- Up-to-date: /home/ingejohan/Workspaces/ros2_cpp_ws/install/udemy_ros2_pkg/include/udemy_ros2_pkg/udemy_ros2_pkg/srv/detail/odd_even_check__struct.hpp
[2.201s] -- Up-to-date: /home/ingejohan/Workspaces/ros2_cpp_ws/install/udemy_ros2_pkg/include/udemy_ros2_pkg/udemy_ros2_pkg/srv/detail/odd_even_check__traits.hpp
[2.201s] -- Up-to-date: /home/ingejohan/Workspaces/ros2_cpp_ws/install/udemy_ros2_pkg/include/udemy_ros2_pkg/udemy_ros2_pkg/srv/detail/odd_even_check__builder.hpp
[2.201s] -- Up-to-date: /home/ingejohan/Workspaces/ros2_cpp_ws/install/udemy_ros2_pkg/include/udemy_ros2_pkg/udemy_ros2_pkg/srv/detail/turn_camera__builder.hpp
[2.201s] -- Up-to-date: /home/ingejohan/Workspaces/ros2_cpp_ws/install/udemy_ros2_pkg/include/udemy_ros2_pkg/udemy_ros2_pkg/srv/detail/turn_camera__struct.hpp
[2.202s] -- Up-to-date: /home/ingejohan/Workspaces/ros2_cpp_ws/install/udemy_ros2_pkg/include/udemy_ros2_pkg/udemy_ros2_pkg/srv/detail/turn_camera__traits.hpp
[2.202s] -- Up-to-date: /home/ingejohan/Workspaces/ros2_cpp_ws/install/udemy_ros2_pkg/include/udemy_ros2_pkg/udemy_ros2_pkg
[2.202s] -- Up-to-date: /home/ingejohan/Workspaces/ros2_cpp_ws/install/udemy_ros2_pkg/include/udemy_ros2_pkg/udemy_ros2_pkg/action
[2.202s] -- Up-to-date: /home/ingejohan/Workspaces/ros2_cpp_ws/install/udemy_ros2_pkg/include/udemy_ros2_pkg/udemy_ros2_pkg/action/detail
[2.202s] -- Up-to-date: /home/ingejohan/Workspaces/ros2_cpp_ws/install/udemy_ros2_pkg/include/udemy_ros2_pkg/udemy_ros2_pkg/action/detail/navigate__rosidl_typesupport_fastrtps_cpp.hpp
[2.202s] -- Up-to-date: /home/ingejohan/Workspaces/ros2_cpp_ws/install/udemy_ros2_pkg/include/udemy_ros2_pkg/udemy_ros2_pkg/action/detail/dds_fastrtps
[2.202s] -- Up-to-date: /home/ingejohan/Workspaces/ros2_cpp_ws/install/udemy_ros2_pkg/include/udemy_ros2_pkg/udemy_ros2_pkg/srv
[2.203s] -- Up-to-date: /home/ingejohan/Workspaces/ros2_cpp_ws/install/udemy_ros2_pkg/include/udemy_ros2_pkg/udemy_ros2_pkg/srv/detail
[2.203s] -- Up-to-date: /home/ingejohan/Workspaces/ros2_cpp_ws/install/udemy_ros2_pkg/include/udemy_ros2_pkg/udemy_ros2_pkg/srv/detail/odd_even_check__rosidl_typesupport_fastrtps_cpp.hpp
[2.203s] -- Up-to-date: /home/ingejohan/Workspaces/ros2_cpp_ws/install/udemy_ros2_pkg/include/udemy_ros2_pkg/udemy_ros2_pkg/srv/detail/turn_camera__rosidl_typesupport_fastrtps_cpp.hpp
[2.203s] -- Up-to-date: /home/ingejohan/Workspaces/ros2_cpp_ws/install/udemy_ros2_pkg/include/udemy_ros2_pkg/udemy_ros2_pkg/srv/detail/dds_fastrtps
[2.203s] -- Up-to-date: /home/ingejohan/Workspaces/ros2_cpp_ws/install/udemy_ros2_pkg/include/udemy_ros2_pkg/udemy_ros2_pkg/msg
[2.203s] -- Up-to-date: /home/ingejohan/Workspaces/ros2_cpp_ws/install/udemy_ros2_pkg/include/udemy_ros2_pkg/udemy_ros2_pkg/msg/rosidl_typesupport_fastrtps_cpp__visibility_control.h
[2.204s] -- Up-to-date: /home/ingejohan/Workspaces/ros2_cpp_ws/install/udemy_ros2_pkg/lib/libudemy_ros2_pkg__rosidl_typesupport_fastrtps_cpp.so
[2.204s] -- Up-to-date: /home/ingejohan/Workspaces/ros2_cpp_ws/install/udemy_ros2_pkg/include/udemy_ros2_pkg/udemy_ros2_pkg
[2.204s] -- Up-to-date: /home/ingejohan/Workspaces/ros2_cpp_ws/install/udemy_ros2_pkg/include/udemy_ros2_pkg/udemy_ros2_pkg/action
[2.204s] -- Up-to-date: /home/ingejohan/Workspaces/ros2_cpp_ws/install/udemy_ros2_pkg/include/udemy_ros2_pkg/udemy_ros2_pkg/action/detail
[2.204s] -- Up-to-date: /home/ingejohan/Workspaces/ros2_cpp_ws/install/udemy_ros2_pkg/include/udemy_ros2_pkg/udemy_ros2_pkg/action/detail/navigate__type_support.c
[2.204s] -- Up-to-date: /home/ingejohan/Workspaces/ros2_cpp_ws/install/udemy_ros2_pkg/include/udemy_ros2_pkg/udemy_ros2_pkg/action/detail/navigate__rosidl_typesupport_introspection_c.h
[2.205s] -- Up-to-date: /home/ingejohan/Workspaces/ros2_cpp_ws/install/udemy_ros2_pkg/include/udemy_ros2_pkg/udemy_ros2_pkg/srv
[2.205s] -- Up-to-date: /home/ingejohan/Workspaces/ros2_cpp_ws/install/udemy_ros2_pkg/include/udemy_ros2_pkg/udemy_ros2_pkg/srv/detail
[2.205s] -- Up-to-date: /home/ingejohan/Workspaces/ros2_cpp_ws/install/udemy_ros2_pkg/include/udemy_ros2_pkg/udemy_ros2_pkg/srv/detail/odd_even_check__rosidl_typesupport_introspection_c.h
[2.205s] -- Up-to-date: /home/ingejohan/Workspaces/ros2_cpp_ws/install/udemy_ros2_pkg/include/udemy_ros2_pkg/udemy_ros2_pkg/srv/detail/turn_camera__type_support.c
[2.205s] -- Up-to-date: /home/ingejohan/Workspaces/ros2_cpp_ws/install/udemy_ros2_pkg/include/udemy_ros2_pkg/udemy_ros2_pkg/srv/detail/odd_even_check__type_support.c
[2.205s] -- Up-to-date: /home/ingejohan/Workspaces/ros2_cpp_ws/install/udemy_ros2_pkg/include/udemy_ros2_pkg/udemy_ros2_pkg/srv/detail/turn_camera__rosidl_typesupport_introspection_c.h
[2.205s] -- Up-to-date: /home/ingejohan/Workspaces/ros2_cpp_ws/install/udemy_ros2_pkg/include/udemy_ros2_pkg/udemy_ros2_pkg/msg
[2.206s] -- Up-to-date: /home/ingejohan/Workspaces/ros2_cpp_ws/install/udemy_ros2_pkg/include/udemy_ros2_pkg/udemy_ros2_pkg/msg/rosidl_typesupport_introspection_c__visibility_control.h
[2.206s] -- Up-to-date: /home/ingejohan/Workspaces/ros2_cpp_ws/install/udemy_ros2_pkg/lib/libudemy_ros2_pkg__rosidl_typesupport_introspection_c.so
[2.206s] -- Up-to-date: /home/ingejohan/Workspaces/ros2_cpp_ws/install/udemy_ros2_pkg/lib/libudemy_ros2_pkg__rosidl_typesupport_c.so
[2.206s] -- Up-to-date: /home/ingejohan/Workspaces/ros2_cpp_ws/install/udemy_ros2_pkg/include/udemy_ros2_pkg/udemy_ros2_pkg
[2.206s] -- Up-to-date: /home/ingejohan/Workspaces/ros2_cpp_ws/install/udemy_ros2_pkg/include/udemy_ros2_pkg/udemy_ros2_pkg/action
[2.206s] -- Up-to-date: /home/ingejohan/Workspaces/ros2_cpp_ws/install/udemy_ros2_pkg/include/udemy_ros2_pkg/udemy_ros2_pkg/action/detail
[2.207s] -- Up-to-date: /home/ingejohan/Workspaces/ros2_cpp_ws/install/udemy_ros2_pkg/include/udemy_ros2_pkg/udemy_ros2_pkg/action/detail/navigate__rosidl_typesupport_introspection_cpp.hpp
[2.207s] -- Up-to-date: /home/ingejohan/Workspaces/ros2_cpp_ws/install/udemy_ros2_pkg/include/udemy_ros2_pkg/udemy_ros2_pkg/action/detail/navigate__type_support.cpp
[2.207s] -- Up-to-date: /home/ingejohan/Workspaces/ros2_cpp_ws/install/udemy_ros2_pkg/include/udemy_ros2_pkg/udemy_ros2_pkg/srv
[2.207s] -- Up-to-date: /home/ingejohan/Workspaces/ros2_cpp_ws/install/udemy_ros2_pkg/include/udemy_ros2_pkg/udemy_ros2_pkg/srv/detail
[2.207s] -- Up-to-date: /home/ingejohan/Workspaces/ros2_cpp_ws/install/udemy_ros2_pkg/include/udemy_ros2_pkg/udemy_ros2_pkg/srv/detail/turn_camera__rosidl_typesupport_introspection_cpp.hpp
[2.207s] -- Up-to-date: /home/ingejohan/Workspaces/ros2_cpp_ws/install/udemy_ros2_pkg/include/udemy_ros2_pkg/udemy_ros2_pkg/srv/detail/odd_even_check__type_support.cpp
[2.208s] -- Up-to-date: /home/ingejohan/Workspaces/ros2_cpp_ws/install/udemy_ros2_pkg/include/udemy_ros2_pkg/udemy_ros2_pkg/srv/detail/odd_even_check__rosidl_typesupport_introspection_cpp.hpp
[2.208s] -- Up-to-date: /home/ingejohan/Workspaces/ros2_cpp_ws/install/udemy_ros2_pkg/include/udemy_ros2_pkg/udemy_ros2_pkg/srv/detail/turn_camera__type_support.cpp
[2.208s] -- Up-to-date: /home/ingejohan/Workspaces/ros2_cpp_ws/install/udemy_ros2_pkg/lib/libudemy_ros2_pkg__rosidl_typesupport_introspection_cpp.so
[2.208s] -- Up-to-date: /home/ingejohan/Workspaces/ros2_cpp_ws/install/udemy_ros2_pkg/lib/libudemy_ros2_pkg__rosidl_typesupport_cpp.so
[2.208s] -- Up-to-date: /home/ingejohan/Workspaces/ros2_cpp_ws/install/udemy_ros2_pkg/share/udemy_ros2_pkg/environment/pythonpath.sh
[2.208s] -- Up-to-date: /home/ingejohan/Workspaces/ros2_cpp_ws/install/udemy_ros2_pkg/share/udemy_ros2_pkg/environment/pythonpath.dsv
[2.209s] -- Up-to-date: /home/ingejohan/Workspaces/ros2_cpp_ws/install/udemy_ros2_pkg/local/lib/python3.10/dist-packages/udemy_ros2_pkg-0.0.0-py3.10.egg-info
[2.209s] -- Installing: /home/ingejohan/Workspaces/ros2_cpp_ws/install/udemy_ros2_pkg/local/lib/python3.10/dist-packages/udemy_ros2_pkg-0.0.0-py3.10.egg-info/PKG-INFO
[2.209s] -- Installing: /home/ingejohan/Workspaces/ros2_cpp_ws/install/udemy_ros2_pkg/local/lib/python3.10/dist-packages/udemy_ros2_pkg-0.0.0-py3.10.egg-info/dependency_links.txt
[2.209s] -- Installing: /home/ingejohan/Workspaces/ros2_cpp_ws/install/udemy_ros2_pkg/local/lib/python3.10/dist-packages/udemy_ros2_pkg-0.0.0-py3.10.egg-info/top_level.txt
[2.209s] -- Installing: /home/ingejohan/Workspaces/ros2_cpp_ws/install/udemy_ros2_pkg/local/lib/python3.10/dist-packages/udemy_ros2_pkg-0.0.0-py3.10.egg-info/SOURCES.txt
[2.210s] -- Up-to-date: /home/ingejohan/Workspaces/ros2_cpp_ws/install/udemy_ros2_pkg/local/lib/python3.10/dist-packages/udemy_ros2_pkg
[2.210s] -- Up-to-date: /home/ingejohan/Workspaces/ros2_cpp_ws/install/udemy_ros2_pkg/local/lib/python3.10/dist-packages/udemy_ros2_pkg/udemy_ros2_pkg_s__rosidl_typesupport_introspection_c.cpython-310-x86_64-linux-gnu.so
[2.210s] -- Up-to-date: /home/ingejohan/Workspaces/ros2_cpp_ws/install/udemy_ros2_pkg/local/lib/python3.10/dist-packages/udemy_ros2_pkg/_udemy_ros2_pkg_s.ep.rosidl_typesupport_c.c
[2.210s] -- Up-to-date: /home/ingejohan/Workspaces/ros2_cpp_ws/install/udemy_ros2_pkg/local/lib/python3.10/dist-packages/udemy_ros2_pkg/libudemy_ros2_pkg__rosidl_generator_py.so
[2.210s] -- Up-to-date: /home/ingejohan/Workspaces/ros2_cpp_ws/install/udemy_ros2_pkg/local/lib/python3.10/dist-packages/udemy_ros2_pkg/action
[2.210s] -- Up-to-date: /home/ingejohan/Workspaces/ros2_cpp_ws/install/udemy_ros2_pkg/local/lib/python3.10/dist-packages/udemy_ros2_pkg/action/_navigate_s.c
[2.211s] -- Up-to-date: /home/ingejohan/Workspaces/ros2_cpp_ws/install/udemy_ros2_pkg/local/lib/python3.10/dist-packages/udemy_ros2_pkg/action/_navigate.py
[2.211s] -- Up-to-date: /home/ingejohan/Workspaces/ros2_cpp_ws/install/udemy_ros2_pkg/local/lib/python3.10/dist-packages/udemy_ros2_pkg/action/__init__.py
[2.211s] -- Up-to-date: /home/ingejohan/Workspaces/ros2_cpp_ws/install/udemy_ros2_pkg/local/lib/python3.10/dist-packages/udemy_ros2_pkg/_udemy_ros2_pkg_s.ep.rosidl_typesupport_fastrtps_c.c
[2.211s] -- Up-to-date: /home/ingejohan/Workspaces/ros2_cpp_ws/install/udemy_ros2_pkg/local/lib/python3.10/dist-packages/udemy_ros2_pkg/udemy_ros2_pkg_s__rosidl_typesupport_fastrtps_c.cpython-310-x86_64-linux-gnu.so
[2.211s] -- Up-to-date: /home/ingejohan/Workspaces/ros2_cpp_ws/install/udemy_ros2_pkg/local/lib/python3.10/dist-packages/udemy_ros2_pkg/_udemy_ros2_pkg_s.ep.rosidl_typesupport_introspection_c.c
[2.211s] -- Up-to-date: /home/ingejohan/Workspaces/ros2_cpp_ws/install/udemy_ros2_pkg/local/lib/python3.10/dist-packages/udemy_ros2_pkg/srv
[2.211s] -- Up-to-date: /home/ingejohan/Workspaces/ros2_cpp_ws/install/udemy_ros2_pkg/local/lib/python3.10/dist-packages/udemy_ros2_pkg/srv/_turn_camera.py
[2.212s] -- Up-to-date: /home/ingejohan/Workspaces/ros2_cpp_ws/install/udemy_ros2_pkg/local/lib/python3.10/dist-packages/udemy_ros2_pkg/srv/_odd_even_check_s.c
[2.212s] -- Up-to-date: /home/ingejohan/Workspaces/ros2_cpp_ws/install/udemy_ros2_pkg/local/lib/python3.10/dist-packages/udemy_ros2_pkg/srv/_turn_camera_s.c
[2.212s] -- Up-to-date: /home/ingejohan/Workspaces/ros2_cpp_ws/install/udemy_ros2_pkg/local/lib/python3.10/dist-packages/udemy_ros2_pkg/srv/_odd_even_check.py
[2.212s] -- Up-to-date: /home/ingejohan/Workspaces/ros2_cpp_ws/install/udemy_ros2_pkg/local/lib/python3.10/dist-packages/udemy_ros2_pkg/srv/__init__.py
[2.212s] -- Up-to-date: /home/ingejohan/Workspaces/ros2_cpp_ws/install/udemy_ros2_pkg/local/lib/python3.10/dist-packages/udemy_ros2_pkg/udemy_ros2_pkg_s__rosidl_typesupport_c.cpython-310-x86_64-linux-gnu.so
[2.212s] -- Up-to-date: /home/ingejohan/Workspaces/ros2_cpp_ws/install/udemy_ros2_pkg/local/lib/python3.10/dist-packages/udemy_ros2_pkg/__init__.py
[2.266s] Listing '/home/ingejohan/Workspaces/ros2_cpp_ws/install/udemy_ros2_pkg/local/lib/python3.10/dist-packages/udemy_ros2_pkg'...
[2.266s] Listing '/home/ingejohan/Workspaces/ros2_cpp_ws/install/udemy_ros2_pkg/local/lib/python3.10/dist-packages/udemy_ros2_pkg/action'...
[2.266s] Listing '/home/ingejohan/Workspaces/ros2_cpp_ws/install/udemy_ros2_pkg/local/lib/python3.10/dist-packages/udemy_ros2_pkg/srv'...
[2.273s] -- Up-to-date: /home/ingejohan/Workspaces/ros2_cpp_ws/install/udemy_ros2_pkg/local/lib/python3.10/dist-packages/udemy_ros2_pkg/udemy_ros2_pkg_s__rosidl_typesupport_fastrtps_c.cpython-310-x86_64-linux-gnu.so
[2.274s] -- Up-to-date: /home/ingejohan/Workspaces/ros2_cpp_ws/install/udemy_ros2_pkg/local/lib/python3.10/dist-packages/udemy_ros2_pkg/udemy_ros2_pkg_s__rosidl_typesupport_introspection_c.cpython-310-x86_64-linux-gnu.so
[2.274s] -- Up-to-date: /home/ingejohan/Workspaces/ros2_cpp_ws/install/udemy_ros2_pkg/local/lib/python3.10/dist-packages/udemy_ros2_pkg/udemy_ros2_pkg_s__rosidl_typesupport_c.cpython-310-x86_64-linux-gnu.so
[2.274s] -- Up-to-date: /home/ingejohan/Workspaces/ros2_cpp_ws/install/udemy_ros2_pkg/lib/libudemy_ros2_pkg__rosidl_generator_py.so
[2.275s] -- Up-to-date: /home/ingejohan/Workspaces/ros2_cpp_ws/install/udemy_ros2_pkg/share/udemy_ros2_pkg/srv/OddEvenCheck.idl
[2.275s] -- Up-to-date: /home/ingejohan/Workspaces/ros2_cpp_ws/install/udemy_ros2_pkg/share/udemy_ros2_pkg/srv/TurnCamera.idl
[2.275s] -- Up-to-date: /home/ingejohan/Workspaces/ros2_cpp_ws/install/udemy_ros2_pkg/share/udemy_ros2_pkg/action/Navigate.idl
[2.276s] -- Up-to-date: /home/ingejohan/Workspaces/ros2_cpp_ws/install/udemy_ros2_pkg/share/udemy_ros2_pkg/srv/OddEvenCheck.srv
[2.276s] -- Up-to-date: /home/ingejohan/Workspaces/ros2_cpp_ws/install/udemy_ros2_pkg/share/udemy_ros2_pkg/srv/OddEvenCheck_Request.msg
[2.276s] -- Up-to-date: /home/ingejohan/Workspaces/ros2_cpp_ws/install/udemy_ros2_pkg/share/udemy_ros2_pkg/srv/OddEvenCheck_Response.msg
[2.276s] -- Up-to-date: /home/ingejohan/Workspaces/ros2_cpp_ws/install/udemy_ros2_pkg/share/udemy_ros2_pkg/srv/TurnCamera.srv
[2.276s] -- Up-to-date: /home/ingejohan/Workspaces/ros2_cpp_ws/install/udemy_ros2_pkg/share/udemy_ros2_pkg/srv/TurnCamera_Request.msg
[2.277s] -- Up-to-date: /home/ingejohan/Workspaces/ros2_cpp_ws/install/udemy_ros2_pkg/share/udemy_ros2_pkg/srv/TurnCamera_Response.msg
[2.277s] -- Up-to-date: /home/ingejohan/Workspaces/ros2_cpp_ws/install/udemy_ros2_pkg/share/udemy_ros2_pkg/action/Navigate.action
[2.277s] -- Up-to-date: /home/ingejohan/Workspaces/ros2_cpp_ws/install/udemy_ros2_pkg/lib/udemy_ros2_pkg/obstacle_avoiding.py
[2.277s] -- Up-to-date: /home/ingejohan/Workspaces/ros2_cpp_ws/install/udemy_ros2_pkg/lib/udemy_ros2_pkg/publisher
[2.277s] -- Up-to-date: /home/ingejohan/Workspaces/ros2_cpp_ws/install/udemy_ros2_pkg/lib/udemy_ros2_pkg/subscriber
[2.277s] -- Up-to-date: /home/ingejohan/Workspaces/ros2_cpp_ws/install/udemy_ros2_pkg/lib/udemy_ros2_pkg/rpm_pub
[2.278s] -- Up-to-date: /home/ingejohan/Workspaces/ros2_cpp_ws/install/udemy_ros2_pkg/lib/udemy_ros2_pkg/speed_calc
[2.278s] -- Up-to-date: /home/ingejohan/Workspaces/ros2_cpp_ws/install/udemy_ros2_pkg/lib/udemy_ros2_pkg/service_server
[2.278s] -- Up-to-date: /home/ingejohan/Workspaces/ros2_cpp_ws/install/udemy_ros2_pkg/lib/udemy_ros2_pkg/service_client
[2.279s] -- Up-to-date: /home/ingejohan/Workspaces/ros2_cpp_ws/install/udemy_ros2_pkg/lib/udemy_ros2_pkg/turn_camera_service
[2.279s] -- Up-to-date: /home/ingejohan/Workspaces/ros2_cpp_ws/install/udemy_ros2_pkg/lib/udemy_ros2_pkg/turn_camera_client
[2.280s] -- Up-to-date: /home/ingejohan/Workspaces/ros2_cpp_ws/install/udemy_ros2_pkg/lib/udemy_ros2_pkg/action_server
[2.280s] -- Up-to-date: /home/ingejohan/Workspaces/ros2_cpp_ws/install/udemy_ros2_pkg/lib/udemy_ros2_pkg/action_client
[2.284s] -- Up-to-date: /home/ingejohan/Workspaces/ros2_cpp_ws/install/udemy_ros2_pkg/share/udemy_ros2_pkg//launch
[2.284s] -- Up-to-date: /home/ingejohan/Workspaces/ros2_cpp_ws/install/udemy_ros2_pkg/share/udemy_ros2_pkg//launch/rpm_node.launch.py
[2.285s] -- Up-to-date: /home/ingejohan/Workspaces/ros2_cpp_ws/install/udemy_ros2_pkg/share/udemy_ros2_pkg//launch/robot_model_simulation.launch.py
[2.285s] -- Up-to-date: /home/ingejohan/Workspaces/ros2_cpp_ws/install/udemy_ros2_pkg/share/udemy_ros2_pkg//launch/wheeled_model_simulation.launch.py
[2.285s] -- Up-to-date: /home/ingejohan/Workspaces/ros2_cpp_ws/install/udemy_ros2_pkg/share/udemy_ros2_pkg//launch/launch_project.launch.py
[2.285s] -- Up-to-date: /home/ingejohan/Workspaces/ros2_cpp_ws/install/udemy_ros2_pkg/share/udemy_ros2_pkg//launch/rc.launch.py
[2.285s] -- Up-to-date: /home/ingejohan/Workspaces/ros2_cpp_ws/install/udemy_ros2_pkg/share/udemy_ros2_pkg//world
[2.286s] -- Up-to-date: /home/ingejohan/Workspaces/ros2_cpp_ws/install/udemy_ros2_pkg/share/udemy_ros2_pkg//world/install
[2.286s] -- Up-to-date: /home/ingejohan/Workspaces/ros2_cpp_ws/install/udemy_ros2_pkg/share/udemy_ros2_pkg//world/install/local_setup.ps1
[2.286s] -- Up-to-date: /home/ingejohan/Workspaces/ros2_cpp_ws/install/udemy_ros2_pkg/share/udemy_ros2_pkg//world/install/local_setup.zsh
[2.286s] -- Up-to-date: /home/ingejohan/Workspaces/ros2_cpp_ws/install/udemy_ros2_pkg/share/udemy_ros2_pkg//world/install/.colcon_install_layout
[2.286s] -- Up-to-date: /home/ingejohan/Workspaces/ros2_cpp_ws/install/udemy_ros2_pkg/share/udemy_ros2_pkg//world/install/setup.zsh
[2.286s] -- Up-to-date: /home/ingejohan/Workspaces/ros2_cpp_ws/install/udemy_ros2_pkg/share/udemy_ros2_pkg//world/install/setup.bash
[2.286s] -- Up-to-date: /home/ingejohan/Workspaces/ros2_cpp_ws/install/udemy_ros2_pkg/share/udemy_ros2_pkg//world/install/_local_setup_util_ps1.py
[2.287s] -- Up-to-date: /home/ingejohan/Workspaces/ros2_cpp_ws/install/udemy_ros2_pkg/share/udemy_ros2_pkg//world/install/local_setup.sh
[2.287s] -- Up-to-date: /home/ingejohan/Workspaces/ros2_cpp_ws/install/udemy_ros2_pkg/share/udemy_ros2_pkg//world/install/setup.ps1
[2.288s] -- Up-to-date: /home/ingejohan/Workspaces/ros2_cpp_ws/install/udemy_ros2_pkg/share/udemy_ros2_pkg//world/install/COLCON_IGNORE
[2.288s] -- Up-to-date: /home/ingejohan/Workspaces/ros2_cpp_ws/install/udemy_ros2_pkg/share/udemy_ros2_pkg//world/install/setup.sh
[2.288s] -- Up-to-date: /home/ingejohan/Workspaces/ros2_cpp_ws/install/udemy_ros2_pkg/share/udemy_ros2_pkg//world/install/local_setup.bash
[2.289s] -- Up-to-date: /home/ingejohan/Workspaces/ros2_cpp_ws/install/udemy_ros2_pkg/share/udemy_ros2_pkg//world/install/_local_setup_util_sh.py
[2.289s] -- Up-to-date: /home/ingejohan/Workspaces/ros2_cpp_ws/install/udemy_ros2_pkg/share/udemy_ros2_pkg//world/log
[2.289s] -- Up-to-date: /home/ingejohan/Workspaces/ros2_cpp_ws/install/udemy_ros2_pkg/share/udemy_ros2_pkg//world/log/build_2023-10-03_14-46-04
[2.289s] -- Up-to-date: /home/ingejohan/Workspaces/ros2_cpp_ws/install/udemy_ros2_pkg/share/udemy_ros2_pkg//world/log/build_2023-10-03_14-46-04/events.log
[2.289s] -- Up-to-date: /home/ingejohan/Workspaces/ros2_cpp_ws/install/udemy_ros2_pkg/share/udemy_ros2_pkg//world/log/build_2023-10-03_14-46-04/logger_all.log
[2.290s] -- Up-to-date: /home/ingejohan/Workspaces/ros2_cpp_ws/install/udemy_ros2_pkg/share/udemy_ros2_pkg//world/log/build_2023-10-03_14-31-42
[2.290s] -- Up-to-date: /home/ingejohan/Workspaces/ros2_cpp_ws/install/udemy_ros2_pkg/share/udemy_ros2_pkg//world/log/build_2023-10-03_14-31-42/events.log
[2.290s] -- Up-to-date: /home/ingejohan/Workspaces/ros2_cpp_ws/install/udemy_ros2_pkg/share/udemy_ros2_pkg//world/log/build_2023-10-03_14-31-42/logger_all.log
[2.291s] -- Up-to-date: /home/ingejohan/Workspaces/ros2_cpp_ws/install/udemy_ros2_pkg/share/udemy_ros2_pkg//world/log/build_2023-10-03_14-34-47
[2.291s] -- Up-to-date: /home/ingejohan/Workspaces/ros2_cpp_ws/install/udemy_ros2_pkg/share/udemy_ros2_pkg//world/log/build_2023-10-03_14-34-47/events.log
[2.291s] -- Up-to-date: /home/ingejohan/Workspaces/ros2_cpp_ws/install/udemy_ros2_pkg/share/udemy_ros2_pkg//world/log/build_2023-10-03_14-34-47/logger_all.log
[2.291s] -- Up-to-date: /home/ingejohan/Workspaces/ros2_cpp_ws/install/udemy_ros2_pkg/share/udemy_ros2_pkg//world/log/latest_build
[2.292s] -- Up-to-date: /home/ingejohan/Workspaces/ros2_cpp_ws/install/udemy_ros2_pkg/share/udemy_ros2_pkg//world/log/latest
[2.292s] -- Up-to-date: /home/ingejohan/Workspaces/ros2_cpp_ws/install/udemy_ros2_pkg/share/udemy_ros2_pkg//world/log/build_2023-10-03_14-29-44
[2.292s] -- Up-to-date: /home/ingejohan/Workspaces/ros2_cpp_ws/install/udemy_ros2_pkg/share/udemy_ros2_pkg//world/log/build_2023-10-03_14-29-44/events.log
[2.292s] -- Up-to-date: /home/ingejohan/Workspaces/ros2_cpp_ws/install/udemy_ros2_pkg/share/udemy_ros2_pkg//world/log/build_2023-10-03_14-29-44/logger_all.log
[2.293s] -- Up-to-date: /home/ingejohan/Workspaces/ros2_cpp_ws/install/udemy_ros2_pkg/share/udemy_ros2_pkg//world/log/build_2023-09-27_17-06-55
[2.293s] -- Up-to-date: /home/ingejohan/Workspaces/ros2_cpp_ws/install/udemy_ros2_pkg/share/udemy_ros2_pkg//world/log/build_2023-09-27_17-06-55/events.log
[2.293s] -- Up-to-date: /home/ingejohan/Workspaces/ros2_cpp_ws/install/udemy_ros2_pkg/share/udemy_ros2_pkg//world/log/build_2023-09-27_17-06-55/logger_all.log
[2.293s] -- Up-to-date: /home/ingejohan/Workspaces/ros2_cpp_ws/install/udemy_ros2_pkg/share/udemy_ros2_pkg//world/log/build_2023-10-03_14-37-38
[2.293s] -- Up-to-date: /home/ingejohan/Workspaces/ros2_cpp_ws/install/udemy_ros2_pkg/share/udemy_ros2_pkg//world/log/build_2023-10-03_14-37-38/events.log
[2.294s] -- Up-to-date: /home/ingejohan/Workspaces/ros2_cpp_ws/install/udemy_ros2_pkg/share/udemy_ros2_pkg//world/log/build_2023-10-03_14-37-38/logger_all.log
[2.294s] -- Up-to-date: /home/ingejohan/Workspaces/ros2_cpp_ws/install/udemy_ros2_pkg/share/udemy_ros2_pkg//world/log/build_2023-10-03_14-36-09
[2.294s] -- Up-to-date: /home/ingejohan/Workspaces/ros2_cpp_ws/install/udemy_ros2_pkg/share/udemy_ros2_pkg//world/log/build_2023-10-03_14-36-09/events.log
[2.294s] -- Up-to-date: /home/ingejohan/Workspaces/ros2_cpp_ws/install/udemy_ros2_pkg/share/udemy_ros2_pkg//world/log/build_2023-10-03_14-36-09/logger_all.log
[2.294s] -- Up-to-date: /home/ingejohan/Workspaces/ros2_cpp_ws/install/udemy_ros2_pkg/share/udemy_ros2_pkg//world/log/COLCON_IGNORE
[2.294s] -- Up-to-date: /home/ingejohan/Workspaces/ros2_cpp_ws/install/udemy_ros2_pkg/share/udemy_ros2_pkg//world/log/build_2023-10-03_14-32-18
[2.295s] -- Up-to-date: /home/ingejohan/Workspaces/ros2_cpp_ws/install/udemy_ros2_pkg/share/udemy_ros2_pkg//world/log/build_2023-10-03_14-32-18/events.log
[2.295s] -- Up-to-date: /home/ingejohan/Workspaces/ros2_cpp_ws/install/udemy_ros2_pkg/share/udemy_ros2_pkg//world/log/build_2023-10-03_14-32-18/logger_all.log
[2.295s] -- Up-to-date: /home/ingejohan/Workspaces/ros2_cpp_ws/install/udemy_ros2_pkg/share/udemy_ros2_pkg//world/wheeled_model_world.sdf
[2.295s] -- Up-to-date: /home/ingejohan/Workspaces/ros2_cpp_ws/install/udemy_ros2_pkg/share/udemy_ros2_pkg//world/test_world.sdf
[2.295s] -- Up-to-date: /home/ingejohan/Workspaces/ros2_cpp_ws/install/udemy_ros2_pkg/share/udemy_ros2_pkg//world/robot_model_world.sdf
[2.321s] -- Up-to-date: /home/ingejohan/Workspaces/ros2_cpp_ws/install/udemy_ros2_pkg/share/udemy_ros2_pkg//world/build
[2.321s] -- Up-to-date: /home/ingejohan/Workspaces/ros2_cpp_ws/install/udemy_ros2_pkg/share/udemy_ros2_pkg//world/build/.built_by
[2.321s] -- Up-to-date: /home/ingejohan/Workspaces/ros2_cpp_ws/install/udemy_ros2_pkg/share/udemy_ros2_pkg//world/build/COLCON_IGNORE
[2.322s] -- Up-to-date: /home/ingejohan/Workspaces/ros2_cpp_ws/install/udemy_ros2_pkg/share/udemy_ros2_pkg//models
[2.322s] -- Up-to-date: /home/ingejohan/Workspaces/ros2_cpp_ws/install/udemy_ros2_pkg/share/udemy_ros2_pkg//models/test
[2.322s] -- Up-to-date: /home/ingejohan/Workspaces/ros2_cpp_ws/install/udemy_ros2_pkg/share/udemy_ros2_pkg//models/test/model.config
[2.322s] -- Up-to-date: /home/ingejohan/Workspaces/ros2_cpp_ws/install/udemy_ros2_pkg/share/udemy_ros2_pkg//models/test/model.sdf
[2.322s] -- Up-to-date: /home/ingejohan/Workspaces/ros2_cpp_ws/install/udemy_ros2_pkg/share/udemy_ros2_pkg//models/project_robot
[2.322s] -- Up-to-date: /home/ingejohan/Workspaces/ros2_cpp_ws/install/udemy_ros2_pkg/share/udemy_ros2_pkg//models/project_robot/model.config
[2.322s] -- Up-to-date: /home/ingejohan/Workspaces/ros2_cpp_ws/install/udemy_ros2_pkg/share/udemy_ros2_pkg//models/project_robot/model.sdf
[2.323s] -- Up-to-date: /home/ingejohan/Workspaces/ros2_cpp_ws/install/udemy_ros2_pkg/share/udemy_ros2_pkg//models/car_blue
[2.323s] -- Up-to-date: /home/ingejohan/Workspaces/ros2_cpp_ws/install/udemy_ros2_pkg/share/udemy_ros2_pkg//models/car_blue/model.config
[2.323s] -- Up-to-date: /home/ingejohan/Workspaces/ros2_cpp_ws/install/udemy_ros2_pkg/share/udemy_ros2_pkg//models/car_blue/car_blue.sdf
[2.323s] -- Up-to-date: /home/ingejohan/Workspaces/ros2_cpp_ws/install/udemy_ros2_pkg/share/udemy_ros2_pkg//models/RC
[2.323s] -- Up-to-date: /home/ingejohan/Workspaces/ros2_cpp_ws/install/udemy_ros2_pkg/share/udemy_ros2_pkg//models/RC/TopReduced.dae
[2.323s] -- Up-to-date: /home/ingejohan/Workspaces/ros2_cpp_ws/install/udemy_ros2_pkg/share/udemy_ros2_pkg//models/RC/model.config
[2.324s] -- Up-to-date: /home/ingejohan/Workspaces/ros2_cpp_ws/install/udemy_ros2_pkg/share/udemy_ros2_pkg//models/RC/3.png
[2.324s] -- Up-to-date: /home/ingejohan/Workspaces/ros2_cpp_ws/install/udemy_ros2_pkg/share/udemy_ros2_pkg//models/RC/5.png
[2.324s] -- Up-to-date: /home/ingejohan/Workspaces/ros2_cpp_ws/install/udemy_ros2_pkg/share/udemy_ros2_pkg//models/RC/1.png
[2.324s] -- Up-to-date: /home/ingejohan/Workspaces/ros2_cpp_ws/install/udemy_ros2_pkg/share/udemy_ros2_pkg//models/RC/BaseReduced.dae
[2.324s] -- Up-to-date: /home/ingejohan/Workspaces/ros2_cpp_ws/install/udemy_ros2_pkg/share/udemy_ros2_pkg//models/RC/4.png
[2.324s] -- Up-to-date: /home/ingejohan/Workspaces/ros2_cpp_ws/install/udemy_ros2_pkg/share/udemy_ros2_pkg//models/RC/2.png
[2.325s] -- Up-to-date: /home/ingejohan/Workspaces/ros2_cpp_ws/install/udemy_ros2_pkg/share/udemy_ros2_pkg//models/RC/Wheel.dae
[2.325s] -- Installing: /home/ingejohan/Workspaces/ros2_cpp_ws/install/udemy_ros2_pkg/share/udemy_ros2_pkg//models/RC/model.sdf
[2.325s] -- Up-to-date: /home/ingejohan/Workspaces/ros2_cpp_ws/install/udemy_ros2_pkg/share/udemy_ros2_pkg//models/wheeled_model
[2.325s] -- Up-to-date: /home/ingejohan/Workspaces/ros2_cpp_ws/install/udemy_ros2_pkg/share/udemy_ros2_pkg//models/wheeled_model/model.config
[2.325s] -- Up-to-date: /home/ingejohan/Workspaces/ros2_cpp_ws/install/udemy_ros2_pkg/share/udemy_ros2_pkg//models/wheeled_model/model.sdf
[2.325s] -- Up-to-date: /home/ingejohan/Workspaces/ros2_cpp_ws/install/udemy_ros2_pkg/share/udemy_ros2_pkg//models/ground_plane
[2.326s] -- Up-to-date: /home/ingejohan/Workspaces/ros2_cpp_ws/install/udemy_ros2_pkg/share/udemy_ros2_pkg//models/ground_plane/model.config
[2.326s] -- Up-to-date: /home/ingejohan/Workspaces/ros2_cpp_ws/install/udemy_ros2_pkg/share/udemy_ros2_pkg//models/ground_plane/ground_plane.sdf
[2.326s] -- Up-to-date: /home/ingejohan/Workspaces/ros2_cpp_ws/install/udemy_ros2_pkg/share/ament_index/resource_index/package_run_dependencies/udemy_ros2_pkg
[2.326s] -- Up-to-date: /home/ingejohan/Workspaces/ros2_cpp_ws/install/udemy_ros2_pkg/share/ament_index/resource_index/parent_prefix_path/udemy_ros2_pkg
[2.326s] -- Up-to-date: /home/ingejohan/Workspaces/ros2_cpp_ws/install/udemy_ros2_pkg/share/udemy_ros2_pkg/environment/ament_prefix_path.sh
[2.327s] -- Up-to-date: /home/ingejohan/Workspaces/ros2_cpp_ws/install/udemy_ros2_pkg/share/udemy_ros2_pkg/environment/ament_prefix_path.dsv
[2.327s] -- Up-to-date: /home/ingejohan/Workspaces/ros2_cpp_ws/install/udemy_ros2_pkg/share/udemy_ros2_pkg/environment/path.sh
[2.327s] -- Up-to-date: /home/ingejohan/Workspaces/ros2_cpp_ws/install/udemy_ros2_pkg/share/udemy_ros2_pkg/environment/path.dsv
[2.327s] -- Up-to-date: /home/ingejohan/Workspaces/ros2_cpp_ws/install/udemy_ros2_pkg/share/udemy_ros2_pkg/local_setup.bash
[2.327s] -- Up-to-date: /home/ingejohan/Workspaces/ros2_cpp_ws/install/udemy_ros2_pkg/share/udemy_ros2_pkg/local_setup.sh
[2.327s] -- Up-to-date: /home/ingejohan/Workspaces/ros2_cpp_ws/install/udemy_ros2_pkg/share/udemy_ros2_pkg/local_setup.zsh
[2.328s] -- Up-to-date: /home/ingejohan/Workspaces/ros2_cpp_ws/install/udemy_ros2_pkg/share/udemy_ros2_pkg/local_setup.dsv
[2.328s] -- Installing: /home/ingejohan/Workspaces/ros2_cpp_ws/install/udemy_ros2_pkg/share/udemy_ros2_pkg/package.dsv
[2.328s] -- Up-to-date: /home/ingejohan/Workspaces/ros2_cpp_ws/install/udemy_ros2_pkg/share/ament_index/resource_index/packages/udemy_ros2_pkg
[2.328s] -- Up-to-date: /home/ingejohan/Workspaces/ros2_cpp_ws/install/udemy_ros2_pkg/share/udemy_ros2_pkg/cmake/export_udemy_ros2_pkg__rosidl_generator_cExport.cmake
[2.328s] -- Up-to-date: /home/ingejohan/Workspaces/ros2_cpp_ws/install/udemy_ros2_pkg/share/udemy_ros2_pkg/cmake/export_udemy_ros2_pkg__rosidl_generator_cExport-noconfig.cmake
[2.328s] -- Up-to-date: /home/ingejohan/Workspaces/ros2_cpp_ws/install/udemy_ros2_pkg/share/udemy_ros2_pkg/cmake/export_udemy_ros2_pkg__rosidl_typesupport_fastrtps_cExport.cmake
[2.329s] -- Up-to-date: /home/ingejohan/Workspaces/ros2_cpp_ws/install/udemy_ros2_pkg/share/udemy_ros2_pkg/cmake/export_udemy_ros2_pkg__rosidl_typesupport_fastrtps_cExport-noconfig.cmake
[2.329s] -- Up-to-date: /home/ingejohan/Workspaces/ros2_cpp_ws/install/udemy_ros2_pkg/share/udemy_ros2_pkg/cmake/export_udemy_ros2_pkg__rosidl_generator_cppExport.cmake
[2.329s] -- Up-to-date: /home/ingejohan/Workspaces/ros2_cpp_ws/install/udemy_ros2_pkg/share/udemy_ros2_pkg/cmake/export_udemy_ros2_pkg__rosidl_typesupport_fastrtps_cppExport.cmake
[2.329s] -- Up-to-date: /home/ingejohan/Workspaces/ros2_cpp_ws/install/udemy_ros2_pkg/share/udemy_ros2_pkg/cmake/export_udemy_ros2_pkg__rosidl_typesupport_fastrtps_cppExport-noconfig.cmake
[2.329s] -- Up-to-date: /home/ingejohan/Workspaces/ros2_cpp_ws/install/udemy_ros2_pkg/share/udemy_ros2_pkg/cmake/udemy_ros2_pkg__rosidl_typesupport_introspection_cExport.cmake
[2.329s] -- Up-to-date: /home/ingejohan/Workspaces/ros2_cpp_ws/install/udemy_ros2_pkg/share/udemy_ros2_pkg/cmake/udemy_ros2_pkg__rosidl_typesupport_introspection_cExport-noconfig.cmake
[2.330s] -- Up-to-date: /home/ingejohan/Workspaces/ros2_cpp_ws/install/udemy_ros2_pkg/share/udemy_ros2_pkg/cmake/udemy_ros2_pkg__rosidl_typesupport_cExport.cmake
[2.330s] -- Up-to-date: /home/ingejohan/Workspaces/ros2_cpp_ws/install/udemy_ros2_pkg/share/udemy_ros2_pkg/cmake/udemy_ros2_pkg__rosidl_typesupport_cExport-noconfig.cmake
[2.330s] -- Up-to-date: /home/ingejohan/Workspaces/ros2_cpp_ws/install/udemy_ros2_pkg/share/udemy_ros2_pkg/cmake/udemy_ros2_pkg__rosidl_typesupport_introspection_cppExport.cmake
[2.330s] -- Up-to-date: /home/ingejohan/Workspaces/ros2_cpp_ws/install/udemy_ros2_pkg/share/udemy_ros2_pkg/cmake/udemy_ros2_pkg__rosidl_typesupport_introspection_cppExport-noconfig.cmake
[2.330s] -- Up-to-date: /home/ingejohan/Workspaces/ros2_cpp_ws/install/udemy_ros2_pkg/share/udemy_ros2_pkg/cmake/udemy_ros2_pkg__rosidl_typesupport_cppExport.cmake
[2.331s] -- Up-to-date: /home/ingejohan/Workspaces/ros2_cpp_ws/install/udemy_ros2_pkg/share/udemy_ros2_pkg/cmake/udemy_ros2_pkg__rosidl_typesupport_cppExport-noconfig.cmake
[2.331s] -- Up-to-date: /home/ingejohan/Workspaces/ros2_cpp_ws/install/udemy_ros2_pkg/share/udemy_ros2_pkg/cmake/export_udemy_ros2_pkg__rosidl_generator_pyExport.cmake
[2.331s] -- Up-to-date: /home/ingejohan/Workspaces/ros2_cpp_ws/install/udemy_ros2_pkg/share/udemy_ros2_pkg/cmake/export_udemy_ros2_pkg__rosidl_generator_pyExport-noconfig.cmake
[2.331s] -- Up-to-date: /home/ingejohan/Workspaces/ros2_cpp_ws/install/udemy_ros2_pkg/share/udemy_ros2_pkg/cmake/rosidl_cmake-extras.cmake
[2.331s] -- Up-to-date: /home/ingejohan/Workspaces/ros2_cpp_ws/install/udemy_ros2_pkg/share/udemy_ros2_pkg/cmake/ament_cmake_export_dependencies-extras.cmake
[2.331s] -- Up-to-date: /home/ingejohan/Workspaces/ros2_cpp_ws/install/udemy_ros2_pkg/share/udemy_ros2_pkg/cmake/ament_cmake_export_include_directories-extras.cmake
[2.331s] -- Up-to-date: /home/ingejohan/Workspaces/ros2_cpp_ws/install/udemy_ros2_pkg/share/udemy_ros2_pkg/cmake/ament_cmake_export_libraries-extras.cmake
[2.332s] -- Up-to-date: /home/ingejohan/Workspaces/ros2_cpp_ws/install/udemy_ros2_pkg/share/udemy_ros2_pkg/cmake/ament_cmake_export_targets-extras.cmake
[2.332s] -- Up-to-date: /home/ingejohan/Workspaces/ros2_cpp_ws/install/udemy_ros2_pkg/share/udemy_ros2_pkg/cmake/rosidl_cmake_export_typesupport_targets-extras.cmake
[2.332s] -- Up-to-date: /home/ingejohan/Workspaces/ros2_cpp_ws/install/udemy_ros2_pkg/share/udemy_ros2_pkg/cmake/rosidl_cmake_export_typesupport_libraries-extras.cmake
[2.332s] -- Up-to-date: /home/ingejohan/Workspaces/ros2_cpp_ws/install/udemy_ros2_pkg/share/udemy_ros2_pkg/cmake/udemy_ros2_pkgConfig.cmake
[2.332s] -- Up-to-date: /home/ingejohan/Workspaces/ros2_cpp_ws/install/udemy_ros2_pkg/share/udemy_ros2_pkg/cmake/udemy_ros2_pkgConfig-version.cmake
[2.332s] -- Up-to-date: /home/ingejohan/Workspaces/ros2_cpp_ws/install/udemy_ros2_pkg/share/udemy_ros2_pkg/package.xml
[2.333s] Invoked command in '/home/ingejohan/Workspaces/ros2_cpp_ws/build/udemy_ros2_pkg' returned '0': CMAKE_PREFIX_PATH=${CMAKE_PREFIX_PATH}:/home/ingejohan/ros2_ws/install/rover:/home/ingejohan/ros2_ws/install/my_py_pkg:/opt/ros/humble /usr/bin/cmake --install /home/ingejohan/Workspaces/ros2_cpp_ws/build/udemy_ros2_pkg
