[7.643s] DEBUG:colcon:Command line arguments: ['/usr/bin/colcon', 'build']
[7.643s] DEBUG:colcon:Parsed command line arguments: Namespace(log_base=None, log_level=None, verb_name='build', build_base='build', install_base='install', merge_install=False, symlink_install=False, test_result_base=None, continue_on_error=False, executor='parallel', parallel_workers=16, event_handlers=None, ignore_user_meta=False, metas=['./colcon.meta'], base_paths=['.'], packages_ignore=None, packages_ignore_regex=None, paths=None, packages_up_to=None, packages_up_to_regex=None, packages_above=None, packages_above_and_dependencies=None, packages_above_depth=None, packages_select_by_dep=None, packages_skip_by_dep=None, packages_skip_up_to=None, packages_select_build_failed=False, packages_skip_build_finished=False, packages_select_test_failures=False, packages_skip_test_passed=False, packages_select=None, packages_skip=None, packages_select_regex=None, packages_skip_regex=None, packages_start=None, packages_end=None, allow_overriding=[], cmake_args=None, cmake_target=None, cmake_target_skip_unavailable=False, cmake_clean_cache=False, cmake_clean_first=False, cmake_force_configure=False, ament_cmake_args=None, catkin_cmake_args=None, catkin_skip_building_tests=False, verb_parser=<colcon_defaults.argument_parser.defaults.DefaultArgumentsDecorator object at 0x7f09dc2ed8d0>, verb_extension=<colcon_core.verb.build.BuildVerb object at 0x7f09dc2ef0a0>, main=<bound method BuildVerb.main of <colcon_core.verb.build.BuildVerb object at 0x7f09dc2ef0a0>>)
[7.971s] Level 1:colcon.colcon_core.package_discovery:discover_packages(colcon_meta) check parameters
[7.971s] Level 1:colcon.colcon_core.package_discovery:discover_packages(recursive) check parameters
[7.972s] Level 1:colcon.colcon_core.package_discovery:discover_packages(ignore) check parameters
[7.972s] Level 1:colcon.colcon_core.package_discovery:discover_packages(path) check parameters
[7.972s] Level 1:colcon.colcon_core.package_discovery:discover_packages(colcon_meta) discover
[7.972s] Level 1:colcon.colcon_core.package_discovery:discover_packages(recursive) discover
[7.973s] INFO:colcon.colcon_core.package_discovery:Crawling recursively for packages in '/home/ingejohan/Workspaces/ros2_cpp_ws'
[7.973s] Level 1:colcon.colcon_core.package_identification:_identify(.) by extensions ['ignore', 'ignore_ament_install']
[7.974s] Level 1:colcon.colcon_core.package_identification:_identify(.) by extension 'ignore'
[7.974s] Level 1:colcon.colcon_core.package_identification:_identify(.) by extension 'ignore_ament_install'
[7.975s] Level 1:colcon.colcon_core.package_identification:_identify(.) by extensions ['colcon_pkg']
[7.975s] Level 1:colcon.colcon_core.package_identification:_identify(.) by extension 'colcon_pkg'
[7.975s] Level 1:colcon.colcon_core.package_identification:_identify(.) by extensions ['colcon_meta']
[7.975s] Level 1:colcon.colcon_core.package_identification:_identify(.) by extension 'colcon_meta'
[7.976s] Level 1:colcon.colcon_core.package_identification:_identify(.) by extensions ['ros']
[7.976s] Level 1:colcon.colcon_core.package_identification:_identify(.) by extension 'ros'
[8.046s] Level 1:colcon.colcon_core.package_identification:_identify(.) by extensions ['cmake', 'python']
[8.047s] Level 1:colcon.colcon_core.package_identification:_identify(.) by extension 'cmake'
[8.047s] Level 1:colcon.colcon_core.package_identification:_identify(.) by extension 'python'
[8.047s] Level 1:colcon.colcon_core.package_identification:_identify(.) by extensions ['python_setup_py']
[8.048s] Level 1:colcon.colcon_core.package_identification:_identify(.) by extension 'python_setup_py'
[8.048s] Level 1:colcon.colcon_core.package_identification:_identify(build) by extensions ['ignore', 'ignore_ament_install']
[8.049s] Level 1:colcon.colcon_core.package_identification:_identify(build) by extension 'ignore'
[8.049s] Level 1:colcon.colcon_core.package_identification:_identify(build) ignored
[8.050s] Level 1:colcon.colcon_core.package_identification:_identify(install) by extensions ['ignore', 'ignore_ament_install']
[8.050s] Level 1:colcon.colcon_core.package_identification:_identify(install) by extension 'ignore'
[8.051s] Level 1:colcon.colcon_core.package_identification:_identify(install) ignored
[8.052s] Level 1:colcon.colcon_core.package_identification:_identify(log) by extensions ['ignore', 'ignore_ament_install']
[8.053s] Level 1:colcon.colcon_core.package_identification:_identify(log) by extension 'ignore'
[8.053s] Level 1:colcon.colcon_core.package_identification:_identify(log) ignored
[8.053s] Level 1:colcon.colcon_core.package_identification:_identify(src) by extensions ['ignore', 'ignore_ament_install']
[8.054s] Level 1:colcon.colcon_core.package_identification:_identify(src) by extension 'ignore'
[8.054s] Level 1:colcon.colcon_core.package_identification:_identify(src) by extension 'ignore_ament_install'
[8.055s] Level 1:colcon.colcon_core.package_identification:_identify(src) by extensions ['colcon_pkg']
[8.055s] Level 1:colcon.colcon_core.package_identification:_identify(src) by extension 'colcon_pkg'
[8.055s] Level 1:colcon.colcon_core.package_identification:_identify(src) by extensions ['colcon_meta']
[8.056s] Level 1:colcon.colcon_core.package_identification:_identify(src) by extension 'colcon_meta'
[8.056s] Level 1:colcon.colcon_core.package_identification:_identify(src) by extensions ['ros']
[8.056s] Level 1:colcon.colcon_core.package_identification:_identify(src) by extension 'ros'
[8.057s] Level 1:colcon.colcon_core.package_identification:_identify(src) by extensions ['cmake', 'python']
[8.057s] Level 1:colcon.colcon_core.package_identification:_identify(src) by extension 'cmake'
[8.057s] Level 1:colcon.colcon_core.package_identification:_identify(src) by extension 'python'
[8.058s] Level 1:colcon.colcon_core.package_identification:_identify(src) by extensions ['python_setup_py']
[8.058s] Level 1:colcon.colcon_core.package_identification:_identify(src) by extension 'python_setup_py'
[8.058s] Level 1:colcon.colcon_core.package_identification:_identify(src/build) by extensions ['ignore', 'ignore_ament_install']
[8.059s] Level 1:colcon.colcon_core.package_identification:_identify(src/build) by extension 'ignore'
[8.059s] Level 1:colcon.colcon_core.package_identification:_identify(src/build) ignored
[8.060s] Level 1:colcon.colcon_core.package_identification:_identify(src/install) by extensions ['ignore', 'ignore_ament_install']
[8.060s] Level 1:colcon.colcon_core.package_identification:_identify(src/install) by extension 'ignore'
[8.061s] Level 1:colcon.colcon_core.package_identification:_identify(src/install) ignored
[8.061s] Level 1:colcon.colcon_core.package_identification:_identify(src/log) by extensions ['ignore', 'ignore_ament_install']
[8.062s] Level 1:colcon.colcon_core.package_identification:_identify(src/log) by extension 'ignore'
[8.062s] Level 1:colcon.colcon_core.package_identification:_identify(src/log) ignored
[8.063s] Level 1:colcon.colcon_core.package_identification:_identify(src/udemy_ros2_pkg) by extensions ['ignore', 'ignore_ament_install']
[8.063s] Level 1:colcon.colcon_core.package_identification:_identify(src/udemy_ros2_pkg) by extension 'ignore'
[8.064s] Level 1:colcon.colcon_core.package_identification:_identify(src/udemy_ros2_pkg) by extension 'ignore_ament_install'
[8.064s] Level 1:colcon.colcon_core.package_identification:_identify(src/udemy_ros2_pkg) by extensions ['colcon_pkg']
[8.064s] Level 1:colcon.colcon_core.package_identification:_identify(src/udemy_ros2_pkg) by extension 'colcon_pkg'
[8.065s] Level 1:colcon.colcon_core.package_identification:_identify(src/udemy_ros2_pkg) by extensions ['colcon_meta']
[8.065s] Level 1:colcon.colcon_core.package_identification:_identify(src/udemy_ros2_pkg) by extension 'colcon_meta'
[8.065s] Level 1:colcon.colcon_core.package_identification:_identify(src/udemy_ros2_pkg) by extensions ['ros']
[8.065s] Level 1:colcon.colcon_core.package_identification:_identify(src/udemy_ros2_pkg) by extension 'ros'
[8.084s] DEBUG:colcon.colcon_core.package_identification:Package 'src/udemy_ros2_pkg' with type 'ros.ament_cmake' and name 'udemy_ros2_pkg'
[8.084s] Level 1:colcon.colcon_core.package_discovery:discover_packages(recursive) using defaults
[8.084s] Level 1:colcon.colcon_core.package_discovery:discover_packages(ignore) discover
[8.085s] Level 1:colcon.colcon_core.package_discovery:discover_packages(ignore) using defaults
[8.085s] Level 1:colcon.colcon_core.package_discovery:discover_packages(path) discover
[8.085s] Level 1:colcon.colcon_core.package_discovery:discover_packages(path) using defaults
[8.760s] Level 1:colcon.colcon_core.package_discovery:discover_packages(prefix_path) check parameters
[8.761s] Level 1:colcon.colcon_core.package_discovery:discover_packages(prefix_path) discover
[8.991s] DEBUG:colcon.colcon_installed_package_information.package_discovery:Found 1 installed packages in /home/ingejohan/Workspaces/ros2_cpp_ws/install
[9.104s] DEBUG:colcon.colcon_installed_package_information.package_discovery:Found 3 installed packages in /home/ingejohan/ros2_ws/install
[9.223s] DEBUG:colcon.colcon_installed_package_information.package_discovery:Found 335 installed packages in /opt/ros/humble
[9.234s] Level 1:colcon.colcon_core.package_discovery:discover_packages(prefix_path) using defaults
[9.962s] Level 5:colcon.colcon_core.verb:set package 'udemy_ros2_pkg' build argument 'cmake_args' from command line to 'None'
[9.962s] Level 5:colcon.colcon_core.verb:set package 'udemy_ros2_pkg' build argument 'cmake_target' from command line to 'None'
[9.962s] Level 5:colcon.colcon_core.verb:set package 'udemy_ros2_pkg' build argument 'cmake_target_skip_unavailable' from command line to 'False'
[9.963s] Level 5:colcon.colcon_core.verb:set package 'udemy_ros2_pkg' build argument 'cmake_clean_cache' from command line to 'False'
[9.963s] Level 5:colcon.colcon_core.verb:set package 'udemy_ros2_pkg' build argument 'cmake_clean_first' from command line to 'False'
[9.963s] Level 5:colcon.colcon_core.verb:set package 'udemy_ros2_pkg' build argument 'cmake_force_configure' from command line to 'False'
[9.963s] Level 5:colcon.colcon_core.verb:set package 'udemy_ros2_pkg' build argument 'ament_cmake_args' from command line to 'None'
[9.963s] Level 5:colcon.colcon_core.verb:set package 'udemy_ros2_pkg' build argument 'catkin_cmake_args' from command line to 'None'
[9.964s] Level 5:colcon.colcon_core.verb:set package 'udemy_ros2_pkg' build argument 'catkin_skip_building_tests' from command line to 'False'
[9.964s] DEBUG:colcon.colcon_core.verb:Building package 'udemy_ros2_pkg' with the following arguments: {'ament_cmake_args': None, 'build_base': '/home/ingejohan/Workspaces/ros2_cpp_ws/build/udemy_ros2_pkg', 'catkin_cmake_args': None, 'catkin_skip_building_tests': False, 'cmake_args': None, 'cmake_clean_cache': False, 'cmake_clean_first': False, 'cmake_force_configure': False, 'cmake_target': None, 'cmake_target_skip_unavailable': False, 'install_base': '/home/ingejohan/Workspaces/ros2_cpp_ws/install/udemy_ros2_pkg', 'merge_install': False, 'path': '/home/ingejohan/Workspaces/ros2_cpp_ws/src/udemy_ros2_pkg', 'symlink_install': False, 'test_result_base': None}
[10.073s] INFO:colcon.colcon_core.executor:Executing jobs using 'parallel' executor
[10.187s] DEBUG:colcon.colcon_parallel_executor.executor.parallel:run_until_complete
[10.188s] INFO:colcon.colcon_ros.task.ament_cmake.build:Building ROS package in '/home/ingejohan/Workspaces/ros2_cpp_ws/src/udemy_ros2_pkg' with build type 'ament_cmake'
[10.189s] INFO:colcon.colcon_cmake.task.cmake.build:Building CMake package in '/home/ingejohan/Workspaces/ros2_cpp_ws/src/udemy_ros2_pkg'
[10.314s] INFO:colcon.colcon_core.plugin_system:Skipping extension 'colcon_core.shell.bat': Not used on non-Windows systems
[10.315s] INFO:colcon.colcon_core.shell:Skip shell extension 'powershell' for command environment: Not usable outside of PowerShell
[10.315s] DEBUG:colcon.colcon_core.shell:Skip shell extension 'dsv' for command environment
[10.813s] DEBUG:colcon.colcon_core.event_handler.log_command:Invoking command in '/home/ingejohan/Workspaces/ros2_cpp_ws/build/udemy_ros2_pkg': CMAKE_PREFIX_PATH=${CMAKE_PREFIX_PATH}:/home/ingejohan/ros2_ws/install/rover:/home/ingejohan/ros2_ws/install/my_py_pkg:/opt/ros/humble /usr/bin/cmake --build /home/ingejohan/Workspaces/ros2_cpp_ws/build/udemy_ros2_pkg -- -j16 -l16
[15.897s] DEBUG:colcon.colcon_core.event_handler.log_command:Invoked command in '/home/ingejohan/Workspaces/ros2_cpp_ws/build/udemy_ros2_pkg' returned '0': CMAKE_PREFIX_PATH=${CMAKE_PREFIX_PATH}:/home/ingejohan/ros2_ws/install/rover:/home/ingejohan/ros2_ws/install/my_py_pkg:/opt/ros/humble /usr/bin/cmake --build /home/ingejohan/Workspaces/ros2_cpp_ws/build/udemy_ros2_pkg -- -j16 -l16
[16.490s] DEBUG:colcon.colcon_core.event_handler.log_command:Invoking command in '/home/ingejohan/Workspaces/ros2_cpp_ws/build/udemy_ros2_pkg': CMAKE_PREFIX_PATH=${CMAKE_PREFIX_PATH}:/home/ingejohan/ros2_ws/install/rover:/home/ingejohan/ros2_ws/install/my_py_pkg:/opt/ros/humble /usr/bin/cmake --install /home/ingejohan/Workspaces/ros2_cpp_ws/build/udemy_ros2_pkg
[16.831s] Level 1:colcon.colcon_core.environment:create_environment_scripts_only(udemy_ros2_pkg)
[16.919s] DEBUG:colcon.colcon_core.event_handler.log_command:Invoked command in '/home/ingejohan/Workspaces/ros2_cpp_ws/build/udemy_ros2_pkg' returned '0': CMAKE_PREFIX_PATH=${CMAKE_PREFIX_PATH}:/home/ingejohan/ros2_ws/install/rover:/home/ingejohan/ros2_ws/install/my_py_pkg:/opt/ros/humble /usr/bin/cmake --install /home/ingejohan/Workspaces/ros2_cpp_ws/build/udemy_ros2_pkg
[17.006s] Level 1:colcon.colcon_core.environment:checking '/home/ingejohan/Workspaces/ros2_cpp_ws/install/udemy_ros2_pkg' for CMake module files
[17.011s] Level 1:colcon.colcon_core.environment:checking '/home/ingejohan/Workspaces/ros2_cpp_ws/install/udemy_ros2_pkg' for CMake config files
[17.012s] Level 1:colcon.colcon_core.shell:create_environment_hook('udemy_ros2_pkg', 'cmake_prefix_path')
[17.126s] INFO:colcon.colcon_core.shell:Creating environment hook '/home/ingejohan/Workspaces/ros2_cpp_ws/install/udemy_ros2_pkg/share/udemy_ros2_pkg/hook/cmake_prefix_path.ps1'
[17.129s] INFO:colcon.colcon_core.shell:Creating environment descriptor '/home/ingejohan/Workspaces/ros2_cpp_ws/install/udemy_ros2_pkg/share/udemy_ros2_pkg/hook/cmake_prefix_path.dsv'
[17.132s] INFO:colcon.colcon_core.shell:Creating environment hook '/home/ingejohan/Workspaces/ros2_cpp_ws/install/udemy_ros2_pkg/share/udemy_ros2_pkg/hook/cmake_prefix_path.sh'
[17.137s] Level 1:colcon.colcon_core.environment:checking '/home/ingejohan/Workspaces/ros2_cpp_ws/install/udemy_ros2_pkg/lib'
[17.138s] Level 1:colcon.colcon_core.shell:create_environment_hook('udemy_ros2_pkg', 'ld_library_path_lib')
[17.254s] INFO:colcon.colcon_core.shell:Creating environment hook '/home/ingejohan/Workspaces/ros2_cpp_ws/install/udemy_ros2_pkg/share/udemy_ros2_pkg/hook/ld_library_path_lib.ps1'
[17.256s] INFO:colcon.colcon_core.shell:Creating environment descriptor '/home/ingejohan/Workspaces/ros2_cpp_ws/install/udemy_ros2_pkg/share/udemy_ros2_pkg/hook/ld_library_path_lib.dsv'
[17.258s] INFO:colcon.colcon_core.shell:Creating environment hook '/home/ingejohan/Workspaces/ros2_cpp_ws/install/udemy_ros2_pkg/share/udemy_ros2_pkg/hook/ld_library_path_lib.sh'
[17.259s] Level 1:colcon.colcon_core.environment:checking '/home/ingejohan/Workspaces/ros2_cpp_ws/install/udemy_ros2_pkg/bin'
[17.260s] Level 1:colcon.colcon_core.environment:checking '/home/ingejohan/Workspaces/ros2_cpp_ws/install/udemy_ros2_pkg/lib/pkgconfig/udemy_ros2_pkg.pc'
[17.261s] Level 1:colcon.colcon_core.environment:checking '/home/ingejohan/Workspaces/ros2_cpp_ws/install/udemy_ros2_pkg/lib/python3.10/site-packages'
[17.263s] Level 1:colcon.colcon_core.environment:checking '/home/ingejohan/Workspaces/ros2_cpp_ws/install/udemy_ros2_pkg/bin'
[17.379s] INFO:colcon.colcon_core.shell:Creating package script '/home/ingejohan/Workspaces/ros2_cpp_ws/install/udemy_ros2_pkg/share/udemy_ros2_pkg/package.ps1'
[17.384s] INFO:colcon.colcon_core.shell:Creating package descriptor '/home/ingejohan/Workspaces/ros2_cpp_ws/install/udemy_ros2_pkg/share/udemy_ros2_pkg/package.dsv'
[17.388s] INFO:colcon.colcon_core.shell:Creating package script '/home/ingejohan/Workspaces/ros2_cpp_ws/install/udemy_ros2_pkg/share/udemy_ros2_pkg/package.sh'
[17.392s] INFO:colcon.colcon_core.shell:Creating package script '/home/ingejohan/Workspaces/ros2_cpp_ws/install/udemy_ros2_pkg/share/udemy_ros2_pkg/package.bash'
[17.397s] INFO:colcon.colcon_core.shell:Creating package script '/home/ingejohan/Workspaces/ros2_cpp_ws/install/udemy_ros2_pkg/share/udemy_ros2_pkg/package.zsh'
[17.401s] Level 1:colcon.colcon_core.environment:create_file_with_runtime_dependencies(/home/ingejohan/Workspaces/ros2_cpp_ws/install/udemy_ros2_pkg/share/colcon-core/packages/udemy_ros2_pkg)
[18.091s] Level 1:colcon.colcon_core.environment:create_environment_scripts_only(udemy_ros2_pkg)
[18.207s] Level 1:colcon.colcon_core.environment:checking '/home/ingejohan/Workspaces/ros2_cpp_ws/install/udemy_ros2_pkg' for CMake module files
[18.211s] Level 1:colcon.colcon_core.environment:checking '/home/ingejohan/Workspaces/ros2_cpp_ws/install/udemy_ros2_pkg' for CMake config files
[18.213s] Level 1:colcon.colcon_core.shell:create_environment_hook('udemy_ros2_pkg', 'cmake_prefix_path')
[18.332s] INFO:colcon.colcon_core.shell:Creating environment hook '/home/ingejohan/Workspaces/ros2_cpp_ws/install/udemy_ros2_pkg/share/udemy_ros2_pkg/hook/cmake_prefix_path.ps1'
[18.334s] INFO:colcon.colcon_core.shell:Creating environment descriptor '/home/ingejohan/Workspaces/ros2_cpp_ws/install/udemy_ros2_pkg/share/udemy_ros2_pkg/hook/cmake_prefix_path.dsv'
[18.336s] INFO:colcon.colcon_core.shell:Creating environment hook '/home/ingejohan/Workspaces/ros2_cpp_ws/install/udemy_ros2_pkg/share/udemy_ros2_pkg/hook/cmake_prefix_path.sh'
[18.339s] Level 1:colcon.colcon_core.environment:checking '/home/ingejohan/Workspaces/ros2_cpp_ws/install/udemy_ros2_pkg/lib'
[18.339s] Level 1:colcon.colcon_core.shell:create_environment_hook('udemy_ros2_pkg', 'ld_library_path_lib')
[18.455s] INFO:colcon.colcon_core.shell:Creating environment hook '/home/ingejohan/Workspaces/ros2_cpp_ws/install/udemy_ros2_pkg/share/udemy_ros2_pkg/hook/ld_library_path_lib.ps1'
[18.458s] INFO:colcon.colcon_core.shell:Creating environment descriptor '/home/ingejohan/Workspaces/ros2_cpp_ws/install/udemy_ros2_pkg/share/udemy_ros2_pkg/hook/ld_library_path_lib.dsv'
[18.459s] INFO:colcon.colcon_core.shell:Creating environment hook '/home/ingejohan/Workspaces/ros2_cpp_ws/install/udemy_ros2_pkg/share/udemy_ros2_pkg/hook/ld_library_path_lib.sh'
[18.461s] Level 1:colcon.colcon_core.environment:checking '/home/ingejohan/Workspaces/ros2_cpp_ws/install/udemy_ros2_pkg/bin'
[18.462s] Level 1:colcon.colcon_core.environment:checking '/home/ingejohan/Workspaces/ros2_cpp_ws/install/udemy_ros2_pkg/lib/pkgconfig/udemy_ros2_pkg.pc'
[18.463s] Level 1:colcon.colcon_core.environment:checking '/home/ingejohan/Workspaces/ros2_cpp_ws/install/udemy_ros2_pkg/lib/python3.10/site-packages'
[18.464s] Level 1:colcon.colcon_core.environment:checking '/home/ingejohan/Workspaces/ros2_cpp_ws/install/udemy_ros2_pkg/bin'
[18.580s] INFO:colcon.colcon_core.shell:Creating package script '/home/ingejohan/Workspaces/ros2_cpp_ws/install/udemy_ros2_pkg/share/udemy_ros2_pkg/package.ps1'
[18.583s] INFO:colcon.colcon_core.shell:Creating package descriptor '/home/ingejohan/Workspaces/ros2_cpp_ws/install/udemy_ros2_pkg/share/udemy_ros2_pkg/package.dsv'
[18.586s] INFO:colcon.colcon_core.shell:Creating package script '/home/ingejohan/Workspaces/ros2_cpp_ws/install/udemy_ros2_pkg/share/udemy_ros2_pkg/package.sh'
[18.590s] INFO:colcon.colcon_core.shell:Creating package script '/home/ingejohan/Workspaces/ros2_cpp_ws/install/udemy_ros2_pkg/share/udemy_ros2_pkg/package.bash'
[18.592s] INFO:colcon.colcon_core.shell:Creating package script '/home/ingejohan/Workspaces/ros2_cpp_ws/install/udemy_ros2_pkg/share/udemy_ros2_pkg/package.zsh'
[18.595s] Level 1:colcon.colcon_core.environment:create_file_with_runtime_dependencies(/home/ingejohan/Workspaces/ros2_cpp_ws/install/udemy_ros2_pkg/share/colcon-core/packages/udemy_ros2_pkg)
[18.596s] DEBUG:colcon.colcon_parallel_executor.executor.parallel:closing loop
[18.599s] DEBUG:colcon.colcon_parallel_executor.executor.parallel:loop closed
[18.599s] DEBUG:colcon.colcon_parallel_executor.executor.parallel:run_until_complete finished with '0'
[18.600s] DEBUG:colcon.colcon_core.event_reactor:joining thread
[18.739s] INFO:colcon.colcon_core.plugin_system:Skipping extension 'colcon_notification.desktop_notification.terminal_notifier': Not used on non-Darwin systems
[18.739s] INFO:colcon.colcon_core.plugin_system:Skipping extension 'colcon_notification.desktop_notification.win32': Not used on non-Windows systems
[18.740s] INFO:colcon.colcon_notification.desktop_notification:Sending desktop notification using 'notify2'
[18.799s] DEBUG:colcon.colcon_core.event_reactor:joined thread
[18.915s] INFO:colcon.colcon_core.shell:Creating prefix script '/home/ingejohan/Workspaces/ros2_cpp_ws/install/local_setup.ps1'
[18.920s] INFO:colcon.colcon_core.shell:Creating prefix util module '/home/ingejohan/Workspaces/ros2_cpp_ws/install/_local_setup_util_ps1.py'
[18.929s] INFO:colcon.colcon_core.shell:Creating prefix chain script '/home/ingejohan/Workspaces/ros2_cpp_ws/install/setup.ps1'
[19.048s] INFO:colcon.colcon_core.shell:Creating prefix script '/home/ingejohan/Workspaces/ros2_cpp_ws/install/local_setup.sh'
[19.051s] INFO:colcon.colcon_core.shell:Creating prefix util module '/home/ingejohan/Workspaces/ros2_cpp_ws/install/_local_setup_util_sh.py'
[19.053s] INFO:colcon.colcon_core.shell:Creating prefix chain script '/home/ingejohan/Workspaces/ros2_cpp_ws/install/setup.sh'
[19.171s] INFO:colcon.colcon_core.shell:Creating prefix script '/home/ingejohan/Workspaces/ros2_cpp_ws/install/local_setup.bash'
[19.173s] INFO:colcon.colcon_core.shell:Creating prefix chain script '/home/ingejohan/Workspaces/ros2_cpp_ws/install/setup.bash'
[19.291s] INFO:colcon.colcon_core.shell:Creating prefix script '/home/ingejohan/Workspaces/ros2_cpp_ws/install/local_setup.zsh'
[19.293s] INFO:colcon.colcon_core.shell:Creating prefix chain script '/home/ingejohan/Workspaces/ros2_cpp_ws/install/setup.zsh'
