[0.017s] Invoking command in '/home/ingejohan/Workspaces/build/udemy_ros2_pkg': CMAKE_PREFIX_PATH=${CMAKE_PREFIX_PATH}:/home/ingejohan/ros2_ws/install/rover:/home/ingejohan/ros2_ws/install/my_py_pkg:/opt/ros/humble /usr/bin/cmake --build /home/ingejohan/Workspaces/build/udemy_ros2_pkg -- -j16 -l16
[0.057s] [35m[1mConsolidate compiler generated dependencies of target udemy_ros2_pkg__rosidl_generator_c[0m
[0.058s] [35m[1mConsolidate compiler generated dependencies of target speed_calc[0m
[0.058s] [35m[1mConsolidate compiler generated dependencies of target rpm_pub[0m
[0.059s] [35m[1mConsolidate compiler generated dependencies of target publisher[0m
[0.062s] [35m[1mConsolidate compiler generated dependencies of target subscriber[0m
[0.068s] [  1%] Built target udemy_ros2_pkg__cpp
[0.071s] [  9%] Built target udemy_ros2_pkg__rosidl_generator_c
[0.080s] [  9%] Built target ament_cmake_python_symlink_udemy_ros2_pkg
[0.081s] [35m[1mConsolidate compiler generated dependencies of target udemy_ros2_pkg__rosidl_typesupport_cpp[0m
[0.082s] [ 12%] Built target publisher
[0.083s] [35m[1mConsolidate compiler generated dependencies of target udemy_ros2_pkg__rosidl_typesupport_introspection_c[0m
[0.084s] [ 15%] Built target speed_calc
[0.085s] [35m[1mConsolidate compiler generated dependencies of target udemy_ros2_pkg__rosidl_typesupport_fastrtps_cpp[0m
[0.086s] [35m[1mConsolidate compiler generated dependencies of target udemy_ros2_pkg__rosidl_typesupport_introspection_cpp[0m
[0.086s] [ 19%] Built target rpm_pub
[0.087s] [35m[1mConsolidate compiler generated dependencies of target udemy_ros2_pkg__rosidl_typesupport_c[0m
[0.087s] [35m[1mConsolidate compiler generated dependencies of target udemy_ros2_pkg__rosidl_typesupport_fastrtps_c[0m
[0.090s] [ 22%] Built target subscriber
[0.096s] [ 30%] Built target udemy_ros2_pkg__rosidl_typesupport_introspection_c
[0.097s] [ 38%] Built target udemy_ros2_pkg__rosidl_typesupport_cpp
[0.102s] [ 46%] Built target udemy_ros2_pkg__rosidl_typesupport_c
[0.106s] [ 53%] Built target udemy_ros2_pkg__rosidl_typesupport_fastrtps_cpp
[0.107s] [ 61%] Built target udemy_ros2_pkg__rosidl_typesupport_fastrtps_c
[0.108s] [ 69%] Built target udemy_ros2_pkg__rosidl_typesupport_introspection_cpp
[0.109s] [35m[1mConsolidate compiler generated dependencies of target turn_camera_service[0m
[0.110s] [35m[1mConsolidate compiler generated dependencies of target service_client[0m
[0.111s] [35m[1mConsolidate compiler generated dependencies of target service_server[0m
[0.113s] [35m[1mConsolidate compiler generated dependencies of target turn_camera_client[0m
[0.132s] [ 71%] Built target udemy_ros2_pkg
[0.132s] [ 79%] Built target turn_camera_service
[0.132s] [ 79%] Built target service_server
[0.132s] [ 79%] Built target service_client
[0.133s] [ 82%] Built target turn_camera_client
[0.150s] [ 84%] Built target udemy_ros2_pkg__py
[0.158s] [35m[1mConsolidate compiler generated dependencies of target udemy_ros2_pkg__rosidl_generator_py[0m
[0.171s] [ 90%] Built target udemy_ros2_pkg__rosidl_generator_py
[0.181s] [35m[1mConsolidate compiler generated dependencies of target udemy_ros2_pkg__rosidl_typesupport_c__pyext[0m
[0.182s] [35m[1mConsolidate compiler generated dependencies of target udemy_ros2_pkg__rosidl_typesupport_fastrtps_c__pyext[0m
[0.182s] [35m[1mConsolidate compiler generated dependencies of target udemy_ros2_pkg__rosidl_typesupport_introspection_c__pyext[0m
[0.194s] [ 98%] Built target udemy_ros2_pkg__rosidl_typesupport_fastrtps_c__pyext
[0.194s] [100%] Built target udemy_ros2_pkg__rosidl_typesupport_c__pyext
[0.194s] [100%] Built target udemy_ros2_pkg__rosidl_typesupport_introspection_c__pyext
[0.352s] running egg_info
[0.352s] writing udemy_ros2_pkg.egg-info/PKG-INFO
[0.353s] writing dependency_links to udemy_ros2_pkg.egg-info/dependency_links.txt
[0.353s] writing top-level names to udemy_ros2_pkg.egg-info/top_level.txt
[0.355s] reading manifest file 'udemy_ros2_pkg.egg-info/SOURCES.txt'
[0.355s] writing manifest file 'udemy_ros2_pkg.egg-info/SOURCES.txt'
[0.375s] [100%] Built target ament_cmake_python_build_udemy_ros2_pkg_egg
[0.383s] Invoked command in '/home/ingejohan/Workspaces/build/udemy_ros2_pkg' returned '0': CMAKE_PREFIX_PATH=${CMAKE_PREFIX_PATH}:/home/ingejohan/ros2_ws/install/rover:/home/ingejohan/ros2_ws/install/my_py_pkg:/opt/ros/humble /usr/bin/cmake --build /home/ingejohan/Workspaces/build/udemy_ros2_pkg -- -j16 -l16
[0.488s] Invoking command in '/home/ingejohan/Workspaces/build/udemy_ros2_pkg': CMAKE_PREFIX_PATH=${CMAKE_PREFIX_PATH}:/home/ingejohan/ros2_ws/install/rover:/home/ingejohan/ros2_ws/install/my_py_pkg:/opt/ros/humble /usr/bin/cmake --install /home/ingejohan/Workspaces/build/udemy_ros2_pkg
[0.494s] -- Install configuration: "RelWithDebInfo"
[0.494s] -- Execute custom install script
[0.494s] -- Up-to-date symlink: /home/ingejohan/Workspaces/install/udemy_ros2_pkg/share/ament_index/resource_index/rosidl_interfaces/udemy_ros2_pkg
[0.495s] -- Up-to-date symlink: /home/ingejohan/Workspaces/install/udemy_ros2_pkg/include/udemy_ros2_pkg/udemy_ros2_pkg/action/detail/navigate__functions.h
[0.495s] -- Up-to-date symlink: /home/ingejohan/Workspaces/install/udemy_ros2_pkg/include/udemy_ros2_pkg/udemy_ros2_pkg/action/detail/navigate__struct.h
[0.495s] -- Up-to-date symlink: /home/ingejohan/Workspaces/install/udemy_ros2_pkg/include/udemy_ros2_pkg/udemy_ros2_pkg/action/detail/navigate__type_support.h
[0.495s] -- Up-to-date symlink: /home/ingejohan/Workspaces/install/udemy_ros2_pkg/include/udemy_ros2_pkg/udemy_ros2_pkg/action/navigate.h
[0.495s] -- Up-to-date symlink: /home/ingejohan/Workspaces/install/udemy_ros2_pkg/include/udemy_ros2_pkg/udemy_ros2_pkg/msg/rosidl_generator_c__visibility_control.h
[0.496s] -- Up-to-date symlink: /home/ingejohan/Workspaces/install/udemy_ros2_pkg/include/udemy_ros2_pkg/udemy_ros2_pkg/srv/detail/odd_even_check__functions.h
[0.496s] -- Up-to-date symlink: /home/ingejohan/Workspaces/install/udemy_ros2_pkg/include/udemy_ros2_pkg/udemy_ros2_pkg/srv/detail/odd_even_check__struct.h
[0.496s] -- Up-to-date symlink: /home/ingejohan/Workspaces/install/udemy_ros2_pkg/include/udemy_ros2_pkg/udemy_ros2_pkg/srv/detail/odd_even_check__type_support.h
[0.496s] -- Up-to-date symlink: /home/ingejohan/Workspaces/install/udemy_ros2_pkg/include/udemy_ros2_pkg/udemy_ros2_pkg/srv/detail/turn_camera__functions.h
[0.496s] -- Up-to-date symlink: /home/ingejohan/Workspaces/install/udemy_ros2_pkg/include/udemy_ros2_pkg/udemy_ros2_pkg/srv/detail/turn_camera__struct.h
[0.496s] -- Up-to-date symlink: /home/ingejohan/Workspaces/install/udemy_ros2_pkg/include/udemy_ros2_pkg/udemy_ros2_pkg/srv/detail/turn_camera__type_support.h
[0.496s] -- Up-to-date symlink: /home/ingejohan/Workspaces/install/udemy_ros2_pkg/include/udemy_ros2_pkg/udemy_ros2_pkg/srv/odd_even_check.h
[0.496s] -- Up-to-date symlink: /home/ingejohan/Workspaces/install/udemy_ros2_pkg/include/udemy_ros2_pkg/udemy_ros2_pkg/srv/turn_camera.h
[0.497s] -- Up-to-date symlink: /home/ingejohan/Workspaces/install/udemy_ros2_pkg/share/udemy_ros2_pkg/environment/library_path.sh
[0.497s] -- Up-to-date symlink: /home/ingejohan/Workspaces/install/udemy_ros2_pkg/share/udemy_ros2_pkg/environment/library_path.dsv
[0.498s] -- Up-to-date symlink: /home/ingejohan/Workspaces/install/udemy_ros2_pkg/include/udemy_ros2_pkg/udemy_ros2_pkg/action/detail/navigate__rosidl_typesupport_fastrtps_c.h
[0.498s] -- Up-to-date symlink: /home/ingejohan/Workspaces/install/udemy_ros2_pkg/include/udemy_ros2_pkg/udemy_ros2_pkg/msg/rosidl_typesupport_fastrtps_c__visibility_control.h
[0.498s] -- Up-to-date symlink: /home/ingejohan/Workspaces/install/udemy_ros2_pkg/include/udemy_ros2_pkg/udemy_ros2_pkg/srv/detail/odd_even_check__rosidl_typesupport_fastrtps_c.h
[0.498s] -- Up-to-date symlink: /home/ingejohan/Workspaces/install/udemy_ros2_pkg/include/udemy_ros2_pkg/udemy_ros2_pkg/srv/detail/turn_camera__rosidl_typesupport_fastrtps_c.h
[0.498s] -- Up-to-date symlink: /home/ingejohan/Workspaces/install/udemy_ros2_pkg/include/udemy_ros2_pkg/udemy_ros2_pkg/action/detail/navigate__builder.hpp
[0.498s] -- Up-to-date symlink: /home/ingejohan/Workspaces/install/udemy_ros2_pkg/include/udemy_ros2_pkg/udemy_ros2_pkg/action/detail/navigate__struct.hpp
[0.499s] -- Up-to-date symlink: /home/ingejohan/Workspaces/install/udemy_ros2_pkg/include/udemy_ros2_pkg/udemy_ros2_pkg/action/detail/navigate__traits.hpp
[0.499s] -- Up-to-date symlink: /home/ingejohan/Workspaces/install/udemy_ros2_pkg/include/udemy_ros2_pkg/udemy_ros2_pkg/action/navigate.hpp
[0.499s] -- Up-to-date symlink: /home/ingejohan/Workspaces/install/udemy_ros2_pkg/include/udemy_ros2_pkg/udemy_ros2_pkg/srv/detail/odd_even_check__builder.hpp
[0.499s] -- Up-to-date symlink: /home/ingejohan/Workspaces/install/udemy_ros2_pkg/include/udemy_ros2_pkg/udemy_ros2_pkg/srv/detail/odd_even_check__struct.hpp
[0.499s] -- Up-to-date symlink: /home/ingejohan/Workspaces/install/udemy_ros2_pkg/include/udemy_ros2_pkg/udemy_ros2_pkg/srv/detail/odd_even_check__traits.hpp
[0.500s] -- Up-to-date symlink: /home/ingejohan/Workspaces/install/udemy_ros2_pkg/include/udemy_ros2_pkg/udemy_ros2_pkg/srv/detail/turn_camera__builder.hpp
[0.500s] -- Up-to-date symlink: /home/ingejohan/Workspaces/install/udemy_ros2_pkg/include/udemy_ros2_pkg/udemy_ros2_pkg/srv/detail/turn_camera__struct.hpp
[0.500s] -- Up-to-date symlink: /home/ingejohan/Workspaces/install/udemy_ros2_pkg/include/udemy_ros2_pkg/udemy_ros2_pkg/srv/detail/turn_camera__traits.hpp
[0.500s] -- Up-to-date symlink: /home/ingejohan/Workspaces/install/udemy_ros2_pkg/include/udemy_ros2_pkg/udemy_ros2_pkg/srv/odd_even_check.hpp
[0.500s] -- Up-to-date symlink: /home/ingejohan/Workspaces/install/udemy_ros2_pkg/include/udemy_ros2_pkg/udemy_ros2_pkg/srv/turn_camera.hpp
[0.501s] -- Up-to-date symlink: /home/ingejohan/Workspaces/install/udemy_ros2_pkg/include/udemy_ros2_pkg/udemy_ros2_pkg/action/detail/navigate__rosidl_typesupport_fastrtps_cpp.hpp
[0.501s] -- Up-to-date symlink: /home/ingejohan/Workspaces/install/udemy_ros2_pkg/include/udemy_ros2_pkg/udemy_ros2_pkg/msg/rosidl_typesupport_fastrtps_cpp__visibility_control.h
[0.501s] -- Up-to-date symlink: /home/ingejohan/Workspaces/install/udemy_ros2_pkg/include/udemy_ros2_pkg/udemy_ros2_pkg/srv/detail/odd_even_check__rosidl_typesupport_fastrtps_cpp.hpp
[0.501s] -- Up-to-date symlink: /home/ingejohan/Workspaces/install/udemy_ros2_pkg/include/udemy_ros2_pkg/udemy_ros2_pkg/srv/detail/turn_camera__rosidl_typesupport_fastrtps_cpp.hpp
[0.502s] -- Up-to-date symlink: /home/ingejohan/Workspaces/install/udemy_ros2_pkg/include/udemy_ros2_pkg/udemy_ros2_pkg/action/detail/navigate__rosidl_typesupport_introspection_c.h
[0.502s] -- Up-to-date symlink: /home/ingejohan/Workspaces/install/udemy_ros2_pkg/include/udemy_ros2_pkg/udemy_ros2_pkg/msg/rosidl_typesupport_introspection_c__visibility_control.h
[0.502s] -- Up-to-date symlink: /home/ingejohan/Workspaces/install/udemy_ros2_pkg/include/udemy_ros2_pkg/udemy_ros2_pkg/srv/detail/odd_even_check__rosidl_typesupport_introspection_c.h
[0.502s] -- Up-to-date symlink: /home/ingejohan/Workspaces/install/udemy_ros2_pkg/include/udemy_ros2_pkg/udemy_ros2_pkg/srv/detail/turn_camera__rosidl_typesupport_introspection_c.h
[0.502s] -- Up-to-date symlink: /home/ingejohan/Workspaces/install/udemy_ros2_pkg/include/udemy_ros2_pkg/udemy_ros2_pkg/action/detail/navigate__rosidl_typesupport_introspection_cpp.hpp
[0.503s] -- Up-to-date symlink: /home/ingejohan/Workspaces/install/udemy_ros2_pkg/include/udemy_ros2_pkg/udemy_ros2_pkg/srv/detail/odd_even_check__rosidl_typesupport_introspection_cpp.hpp
[0.503s] -- Up-to-date symlink: /home/ingejohan/Workspaces/install/udemy_ros2_pkg/include/udemy_ros2_pkg/udemy_ros2_pkg/srv/detail/turn_camera__rosidl_typesupport_introspection_cpp.hpp
[0.503s] -- Up-to-date symlink: /home/ingejohan/Workspaces/install/udemy_ros2_pkg/share/udemy_ros2_pkg/environment/pythonpath.sh
[0.503s] -- Up-to-date symlink: /home/ingejohan/Workspaces/install/udemy_ros2_pkg/share/udemy_ros2_pkg/environment/pythonpath.dsv
[0.503s] -- Up-to-date symlink: /home/ingejohan/Workspaces/install/udemy_ros2_pkg/local/lib/python3.10/dist-packages/udemy_ros2_pkg-0.0.0-py3.10.egg-info/PKG-INFO
[0.503s] -- Up-to-date symlink: /home/ingejohan/Workspaces/install/udemy_ros2_pkg/local/lib/python3.10/dist-packages/udemy_ros2_pkg-0.0.0-py3.10.egg-info/SOURCES.txt
[0.504s] -- Up-to-date symlink: /home/ingejohan/Workspaces/install/udemy_ros2_pkg/local/lib/python3.10/dist-packages/udemy_ros2_pkg-0.0.0-py3.10.egg-info/dependency_links.txt
[0.504s] -- Up-to-date symlink: /home/ingejohan/Workspaces/install/udemy_ros2_pkg/local/lib/python3.10/dist-packages/udemy_ros2_pkg-0.0.0-py3.10.egg-info/top_level.txt
[0.505s] -- Up-to-date symlink: /home/ingejohan/Workspaces/install/udemy_ros2_pkg/local/lib/python3.10/dist-packages/udemy_ros2_pkg/__init__.py
[0.505s] -- Up-to-date symlink: /home/ingejohan/Workspaces/install/udemy_ros2_pkg/local/lib/python3.10/dist-packages/udemy_ros2_pkg/_udemy_ros2_pkg_s.ep.rosidl_typesupport_c.c
[0.505s] -- Up-to-date symlink: /home/ingejohan/Workspaces/install/udemy_ros2_pkg/local/lib/python3.10/dist-packages/udemy_ros2_pkg/_udemy_ros2_pkg_s.ep.rosidl_typesupport_fastrtps_c.c
[0.505s] -- Up-to-date symlink: /home/ingejohan/Workspaces/install/udemy_ros2_pkg/local/lib/python3.10/dist-packages/udemy_ros2_pkg/_udemy_ros2_pkg_s.ep.rosidl_typesupport_introspection_c.c
[0.505s] -- Up-to-date symlink: /home/ingejohan/Workspaces/install/udemy_ros2_pkg/local/lib/python3.10/dist-packages/udemy_ros2_pkg/action/__init__.py
[0.505s] -- Up-to-date symlink: /home/ingejohan/Workspaces/install/udemy_ros2_pkg/local/lib/python3.10/dist-packages/udemy_ros2_pkg/action/_navigate.py
[0.505s] -- Up-to-date symlink: /home/ingejohan/Workspaces/install/udemy_ros2_pkg/local/lib/python3.10/dist-packages/udemy_ros2_pkg/action/_navigate_s.c
[0.505s] -- Up-to-date symlink: /home/ingejohan/Workspaces/install/udemy_ros2_pkg/local/lib/python3.10/dist-packages/udemy_ros2_pkg/libudemy_ros2_pkg__rosidl_generator_py.so
[0.505s] -- Up-to-date symlink: /home/ingejohan/Workspaces/install/udemy_ros2_pkg/local/lib/python3.10/dist-packages/udemy_ros2_pkg/srv/__init__.py
[0.506s] -- Up-to-date symlink: /home/ingejohan/Workspaces/install/udemy_ros2_pkg/local/lib/python3.10/dist-packages/udemy_ros2_pkg/srv/_odd_even_check.py
[0.506s] -- Up-to-date symlink: /home/ingejohan/Workspaces/install/udemy_ros2_pkg/local/lib/python3.10/dist-packages/udemy_ros2_pkg/srv/_odd_even_check_s.c
[0.506s] -- Up-to-date symlink: /home/ingejohan/Workspaces/install/udemy_ros2_pkg/local/lib/python3.10/dist-packages/udemy_ros2_pkg/srv/_turn_camera.py
[0.506s] -- Up-to-date symlink: /home/ingejohan/Workspaces/install/udemy_ros2_pkg/local/lib/python3.10/dist-packages/udemy_ros2_pkg/srv/_turn_camera_s.c
[0.506s] -- Up-to-date symlink: /home/ingejohan/Workspaces/install/udemy_ros2_pkg/local/lib/python3.10/dist-packages/udemy_ros2_pkg/udemy_ros2_pkg_s__rosidl_typesupport_c.cpython-310-x86_64-linux-gnu.so
[0.506s] -- Up-to-date symlink: /home/ingejohan/Workspaces/install/udemy_ros2_pkg/local/lib/python3.10/dist-packages/udemy_ros2_pkg/udemy_ros2_pkg_s__rosidl_typesupport_fastrtps_c.cpython-310-x86_64-linux-gnu.so
[0.506s] -- Up-to-date symlink: /home/ingejohan/Workspaces/install/udemy_ros2_pkg/local/lib/python3.10/dist-packages/udemy_ros2_pkg/udemy_ros2_pkg_s__rosidl_typesupport_introspection_c.cpython-310-x86_64-linux-gnu.so
[0.506s] -- Up-to-date symlink: /home/ingejohan/Workspaces/install/udemy_ros2_pkg/local/lib/python3.10/dist-packages/udemy_ros2_pkg/udemy_ros2_pkg_s__rosidl_typesupport_fastrtps_c.cpython-310-x86_64-linux-gnu.so
[0.507s] -- Up-to-date symlink: /home/ingejohan/Workspaces/install/udemy_ros2_pkg/local/lib/python3.10/dist-packages/udemy_ros2_pkg/udemy_ros2_pkg_s__rosidl_typesupport_introspection_c.cpython-310-x86_64-linux-gnu.so
[0.507s] -- Up-to-date symlink: /home/ingejohan/Workspaces/install/udemy_ros2_pkg/local/lib/python3.10/dist-packages/udemy_ros2_pkg/udemy_ros2_pkg_s__rosidl_typesupport_c.cpython-310-x86_64-linux-gnu.so
[0.507s] -- Up-to-date symlink: /home/ingejohan/Workspaces/install/udemy_ros2_pkg/share/udemy_ros2_pkg/srv/OddEvenCheck.idl
[0.507s] -- Up-to-date symlink: /home/ingejohan/Workspaces/install/udemy_ros2_pkg/share/udemy_ros2_pkg/srv/TurnCamera.idl
[0.507s] -- Up-to-date symlink: /home/ingejohan/Workspaces/install/udemy_ros2_pkg/share/udemy_ros2_pkg/action/Navigate.idl
[0.507s] -- Up-to-date symlink: /home/ingejohan/Workspaces/install/udemy_ros2_pkg/share/udemy_ros2_pkg/srv/OddEvenCheck.srv
[0.508s] -- Up-to-date symlink: /home/ingejohan/Workspaces/install/udemy_ros2_pkg/share/udemy_ros2_pkg/srv/OddEvenCheck_Request.msg
[0.508s] -- Up-to-date symlink: /home/ingejohan/Workspaces/install/udemy_ros2_pkg/share/udemy_ros2_pkg/srv/OddEvenCheck_Response.msg
[0.508s] -- Up-to-date symlink: /home/ingejohan/Workspaces/install/udemy_ros2_pkg/share/udemy_ros2_pkg/srv/TurnCamera.srv
[0.508s] -- Up-to-date symlink: /home/ingejohan/Workspaces/install/udemy_ros2_pkg/share/udemy_ros2_pkg/srv/TurnCamera_Request.msg
[0.508s] -- Up-to-date symlink: /home/ingejohan/Workspaces/install/udemy_ros2_pkg/share/udemy_ros2_pkg/srv/TurnCamera_Response.msg
[0.508s] -- Up-to-date symlink: /home/ingejohan/Workspaces/install/udemy_ros2_pkg/share/udemy_ros2_pkg/action/Navigate.action
[0.509s] -- Up-to-date symlink: /home/ingejohan/Workspaces/install/udemy_ros2_pkg/lib/udemy_ros2_pkg/publisher
[0.509s] -- Up-to-date symlink: /home/ingejohan/Workspaces/install/udemy_ros2_pkg/lib/udemy_ros2_pkg/subscriber
[0.509s] -- Up-to-date symlink: /home/ingejohan/Workspaces/install/udemy_ros2_pkg/lib/udemy_ros2_pkg/rpm_pub
[0.509s] -- Up-to-date symlink: /home/ingejohan/Workspaces/install/udemy_ros2_pkg/lib/udemy_ros2_pkg/speed_calc
[0.509s] -- Up-to-date symlink: /home/ingejohan/Workspaces/install/udemy_ros2_pkg/lib/udemy_ros2_pkg/service_server
[0.510s] -- Up-to-date symlink: /home/ingejohan/Workspaces/install/udemy_ros2_pkg/lib/udemy_ros2_pkg/service_client
[0.510s] -- Up-to-date symlink: /home/ingejohan/Workspaces/install/udemy_ros2_pkg/lib/udemy_ros2_pkg/turn_camera_service
[0.510s] -- Up-to-date symlink: /home/ingejohan/Workspaces/install/udemy_ros2_pkg/lib/udemy_ros2_pkg/turn_camera_client
[0.510s] -- Up-to-date symlink: /home/ingejohan/Workspaces/install/udemy_ros2_pkg/share/udemy_ros2_pkg//launch/launch_project.launch.py
[0.510s] -- Up-to-date symlink: /home/ingejohan/Workspaces/install/udemy_ros2_pkg/share/udemy_ros2_pkg//launch/rpm_node.launch.py
[0.510s] -- Up-to-date symlink: /home/ingejohan/Workspaces/install/udemy_ros2_pkg/share/ament_index/resource_index/package_run_dependencies/udemy_ros2_pkg
[0.510s] -- Up-to-date symlink: /home/ingejohan/Workspaces/install/udemy_ros2_pkg/share/ament_index/resource_index/parent_prefix_path/udemy_ros2_pkg
[0.511s] -- Up-to-date symlink: /home/ingejohan/Workspaces/install/udemy_ros2_pkg/share/udemy_ros2_pkg/environment/ament_prefix_path.sh
[0.511s] -- Up-to-date symlink: /home/ingejohan/Workspaces/install/udemy_ros2_pkg/share/udemy_ros2_pkg/environment/ament_prefix_path.dsv
[0.511s] -- Up-to-date symlink: /home/ingejohan/Workspaces/install/udemy_ros2_pkg/share/udemy_ros2_pkg/environment/path.sh
[0.511s] -- Up-to-date symlink: /home/ingejohan/Workspaces/install/udemy_ros2_pkg/share/udemy_ros2_pkg/environment/path.dsv
[0.511s] -- Up-to-date symlink: /home/ingejohan/Workspaces/install/udemy_ros2_pkg/share/udemy_ros2_pkg/local_setup.bash
[0.512s] -- Up-to-date symlink: /home/ingejohan/Workspaces/install/udemy_ros2_pkg/share/udemy_ros2_pkg/local_setup.sh
[0.512s] -- Up-to-date symlink: /home/ingejohan/Workspaces/install/udemy_ros2_pkg/share/udemy_ros2_pkg/local_setup.zsh
[0.512s] -- Up-to-date symlink: /home/ingejohan/Workspaces/install/udemy_ros2_pkg/share/udemy_ros2_pkg/local_setup.dsv
[0.512s] -- Symlinking: /home/ingejohan/Workspaces/install/udemy_ros2_pkg/share/udemy_ros2_pkg/package.dsv
[0.521s] -- Up-to-date symlink: /home/ingejohan/Workspaces/install/udemy_ros2_pkg/share/ament_index/resource_index/packages/udemy_ros2_pkg
[0.521s] -- Up-to-date symlink: /home/ingejohan/Workspaces/install/udemy_ros2_pkg/share/udemy_ros2_pkg/cmake/rosidl_cmake-extras.cmake
[0.521s] -- Up-to-date symlink: /home/ingejohan/Workspaces/install/udemy_ros2_pkg/share/udemy_ros2_pkg/cmake/ament_cmake_export_dependencies-extras.cmake
[0.521s] -- Up-to-date symlink: /home/ingejohan/Workspaces/install/udemy_ros2_pkg/share/udemy_ros2_pkg/cmake/ament_cmake_export_include_directories-extras.cmake
[0.522s] -- Up-to-date symlink: /home/ingejohan/Workspaces/install/udemy_ros2_pkg/share/udemy_ros2_pkg/cmake/ament_cmake_export_libraries-extras.cmake
[0.522s] -- Up-to-date symlink: /home/ingejohan/Workspaces/install/udemy_ros2_pkg/share/udemy_ros2_pkg/cmake/ament_cmake_export_targets-extras.cmake
[0.522s] -- Up-to-date symlink: /home/ingejohan/Workspaces/install/udemy_ros2_pkg/share/udemy_ros2_pkg/cmake/rosidl_cmake_export_typesupport_targets-extras.cmake
[0.522s] -- Up-to-date symlink: /home/ingejohan/Workspaces/install/udemy_ros2_pkg/share/udemy_ros2_pkg/cmake/rosidl_cmake_export_typesupport_libraries-extras.cmake
[0.522s] -- Up-to-date symlink: /home/ingejohan/Workspaces/install/udemy_ros2_pkg/share/udemy_ros2_pkg/cmake/udemy_ros2_pkgConfig.cmake
[0.522s] -- Up-to-date symlink: /home/ingejohan/Workspaces/install/udemy_ros2_pkg/share/udemy_ros2_pkg/cmake/udemy_ros2_pkgConfig-version.cmake
[0.523s] -- Up-to-date symlink: /home/ingejohan/Workspaces/install/udemy_ros2_pkg/share/udemy_ros2_pkg/package.xml
[0.523s] -- Up-to-date: /home/ingejohan/Workspaces/install/udemy_ros2_pkg/lib/libudemy_ros2_pkg__rosidl_generator_c.so
[0.523s] -- Up-to-date: /home/ingejohan/Workspaces/install/udemy_ros2_pkg/lib/libudemy_ros2_pkg__rosidl_typesupport_fastrtps_c.so
[0.523s] -- Up-to-date: /home/ingejohan/Workspaces/install/udemy_ros2_pkg/lib/libudemy_ros2_pkg__rosidl_typesupport_fastrtps_cpp.so
[0.524s] -- Up-to-date: /home/ingejohan/Workspaces/install/udemy_ros2_pkg/lib/libudemy_ros2_pkg__rosidl_typesupport_introspection_c.so
[0.524s] -- Up-to-date: /home/ingejohan/Workspaces/install/udemy_ros2_pkg/lib/libudemy_ros2_pkg__rosidl_typesupport_c.so
[0.524s] -- Up-to-date: /home/ingejohan/Workspaces/install/udemy_ros2_pkg/lib/libudemy_ros2_pkg__rosidl_typesupport_introspection_cpp.so
[0.524s] -- Up-to-date: /home/ingejohan/Workspaces/install/udemy_ros2_pkg/lib/libudemy_ros2_pkg__rosidl_typesupport_cpp.so
[0.556s] Listing '/home/ingejohan/Workspaces/install/udemy_ros2_pkg/local/lib/python3.10/dist-packages/udemy_ros2_pkg'...
[0.556s] Listing '/home/ingejohan/Workspaces/install/udemy_ros2_pkg/local/lib/python3.10/dist-packages/udemy_ros2_pkg/action'...
[0.556s] Listing '/home/ingejohan/Workspaces/install/udemy_ros2_pkg/local/lib/python3.10/dist-packages/udemy_ros2_pkg/srv'...
[0.560s] -- Up-to-date: /home/ingejohan/Workspaces/install/udemy_ros2_pkg/lib/libudemy_ros2_pkg__rosidl_generator_py.so
[0.560s] -- Up-to-date: /home/ingejohan/Workspaces/install/udemy_ros2_pkg/share/udemy_ros2_pkg/cmake/export_udemy_ros2_pkg__rosidl_generator_cExport.cmake
[0.560s] -- Up-to-date: /home/ingejohan/Workspaces/install/udemy_ros2_pkg/share/udemy_ros2_pkg/cmake/export_udemy_ros2_pkg__rosidl_generator_cExport-relwithdebinfo.cmake
[0.560s] -- Up-to-date: /home/ingejohan/Workspaces/install/udemy_ros2_pkg/share/udemy_ros2_pkg/cmake/export_udemy_ros2_pkg__rosidl_typesupport_fastrtps_cExport.cmake
[0.561s] -- Up-to-date: /home/ingejohan/Workspaces/install/udemy_ros2_pkg/share/udemy_ros2_pkg/cmake/export_udemy_ros2_pkg__rosidl_typesupport_fastrtps_cExport-relwithdebinfo.cmake
[0.561s] -- Up-to-date: /home/ingejohan/Workspaces/install/udemy_ros2_pkg/share/udemy_ros2_pkg/cmake/export_udemy_ros2_pkg__rosidl_generator_cppExport.cmake
[0.561s] -- Up-to-date: /home/ingejohan/Workspaces/install/udemy_ros2_pkg/share/udemy_ros2_pkg/cmake/export_udemy_ros2_pkg__rosidl_typesupport_fastrtps_cppExport.cmake
[0.561s] -- Up-to-date: /home/ingejohan/Workspaces/install/udemy_ros2_pkg/share/udemy_ros2_pkg/cmake/export_udemy_ros2_pkg__rosidl_typesupport_fastrtps_cppExport-relwithdebinfo.cmake
[0.561s] -- Up-to-date: /home/ingejohan/Workspaces/install/udemy_ros2_pkg/share/udemy_ros2_pkg/cmake/udemy_ros2_pkg__rosidl_typesupport_introspection_cExport.cmake
[0.561s] -- Up-to-date: /home/ingejohan/Workspaces/install/udemy_ros2_pkg/share/udemy_ros2_pkg/cmake/udemy_ros2_pkg__rosidl_typesupport_introspection_cExport-relwithdebinfo.cmake
[0.561s] -- Up-to-date: /home/ingejohan/Workspaces/install/udemy_ros2_pkg/share/udemy_ros2_pkg/cmake/udemy_ros2_pkg__rosidl_typesupport_cExport.cmake
[0.561s] -- Up-to-date: /home/ingejohan/Workspaces/install/udemy_ros2_pkg/share/udemy_ros2_pkg/cmake/udemy_ros2_pkg__rosidl_typesupport_cExport-relwithdebinfo.cmake
[0.562s] -- Up-to-date: /home/ingejohan/Workspaces/install/udemy_ros2_pkg/share/udemy_ros2_pkg/cmake/udemy_ros2_pkg__rosidl_typesupport_introspection_cppExport.cmake
[0.562s] -- Up-to-date: /home/ingejohan/Workspaces/install/udemy_ros2_pkg/share/udemy_ros2_pkg/cmake/udemy_ros2_pkg__rosidl_typesupport_introspection_cppExport-relwithdebinfo.cmake
[0.562s] -- Up-to-date: /home/ingejohan/Workspaces/install/udemy_ros2_pkg/share/udemy_ros2_pkg/cmake/udemy_ros2_pkg__rosidl_typesupport_cppExport.cmake
[0.562s] -- Up-to-date: /home/ingejohan/Workspaces/install/udemy_ros2_pkg/share/udemy_ros2_pkg/cmake/udemy_ros2_pkg__rosidl_typesupport_cppExport-relwithdebinfo.cmake
[0.562s] -- Up-to-date: /home/ingejohan/Workspaces/install/udemy_ros2_pkg/share/udemy_ros2_pkg/cmake/export_udemy_ros2_pkg__rosidl_generator_pyExport.cmake
[0.562s] -- Up-to-date: /home/ingejohan/Workspaces/install/udemy_ros2_pkg/share/udemy_ros2_pkg/cmake/export_udemy_ros2_pkg__rosidl_generator_pyExport-relwithdebinfo.cmake
[0.564s] Invoked command in '/home/ingejohan/Workspaces/build/udemy_ros2_pkg' returned '0': CMAKE_PREFIX_PATH=${CMAKE_PREFIX_PATH}:/home/ingejohan/ros2_ws/install/rover:/home/ingejohan/ros2_ws/install/my_py_pkg:/opt/ros/humble /usr/bin/cmake --install /home/ingejohan/Workspaces/build/udemy_ros2_pkg
